[2018-09-30T23:09:08.068+0200] [glassfish 5.0] [INFO] [NCLS-LOGGING-00009] [javax.enterprise.logging] [tid: _ThreadID=18 _ThreadName=RunLevelControllerThread-1538341747877] [timeMillis: 1538341748068] [levelValue: 800] [[
  Running GlassFish Version: GlassFish Server Open Source Edition  5.0  (build 25)]]

[2018-09-30T23:09:08.070+0200] [glassfish 5.0] [INFO] [NCLS-LOGGING-00010] [javax.enterprise.logging] [tid: _ThreadID=18 _ThreadName=RunLevelControllerThread-1538341747877] [timeMillis: 1538341748070] [levelValue: 800] [[
  Server log file is using Formatter class: com.sun.enterprise.server.logging.ODLLogFormatter]]

[2018-09-30T23:09:08.167+0200] [glassfish 5.0] [INFO] [NCLS-SECURITY-01115] [javax.enterprise.system.core.security] [tid: _ThreadID=17 _ThreadName=RunLevelControllerThread-1538341747876] [timeMillis: 1538341748167] [levelValue: 800] [[
  Realm [admin-realm] of classtype [com.sun.enterprise.security.auth.realm.file.FileRealm] successfully created.]]

[2018-09-30T23:09:08.174+0200] [glassfish 5.0] [INFO] [NCLS-SECURITY-01115] [javax.enterprise.system.core.security] [tid: _ThreadID=17 _ThreadName=RunLevelControllerThread-1538341747876] [timeMillis: 1538341748174] [levelValue: 800] [[
  Realm [file] of classtype [com.sun.enterprise.security.auth.realm.file.FileRealm] successfully created.]]

[2018-09-30T23:09:08.182+0200] [glassfish 5.0] [INFO] [NCLS-SECURITY-01115] [javax.enterprise.system.core.security] [tid: _ThreadID=17 _ThreadName=RunLevelControllerThread-1538341747876] [timeMillis: 1538341748182] [levelValue: 800] [[
  Realm [certificate] of classtype [com.sun.enterprise.security.auth.realm.certificate.CertificateRealm] successfully created.]]

[2018-09-30T23:09:08.476+0200] [glassfish 5.0] [INFO] [] [org.hibernate.validator.internal.util.Version] [tid: _ThreadID=20 _ThreadName=RunLevelControllerThread-1538341747884] [timeMillis: 1538341748476] [levelValue: 800] [[
  HV000001: Hibernate Validator 6.0.2.Final]]

[2018-09-30T23:09:08.504+0200] [glassfish 5.0] [INFO] [SEC-SVCS-00100] [javax.enterprise.security.services] [tid: _ThreadID=18 _ThreadName=RunLevelControllerThread-1538341747877] [timeMillis: 1538341748504] [levelValue: 800] [[
  Authorization Service has successfully initialized.]]

[2018-09-30T23:09:08.537+0200] [glassfish 5.0] [INFO] [] [org.glassfish.ha.store.spi.BackingStoreFactoryRegistry] [tid: _ThreadID=19 _ThreadName=RunLevelControllerThread-1538341747884] [timeMillis: 1538341748537] [levelValue: 800] [[
  Registered org.glassfish.ha.store.adapter.cache.ShoalBackingStoreProxy for persistence-type = replicated in BackingStoreFactoryRegistry]]

[2018-09-30T23:09:08.707+0200] [glassfish 5.0] [INFO] [NCLS-CORE-00087] [javax.enterprise.system.core] [tid: _ThreadID=17 _ThreadName=RunLevelControllerThread-1538341747876] [timeMillis: 1538341748707] [levelValue: 800] [[
  Grizzly Framework 2.4.1 started in: 81ms - bound to [/0.0.0.0:58938]]]

[2018-09-30T23:09:08.740+0200] [glassfish 5.0] [INFO] [NCLS-CORE-00087] [javax.enterprise.system.core] [tid: _ThreadID=17 _ThreadName=RunLevelControllerThread-1538341747876] [timeMillis: 1538341748740] [levelValue: 800] [[
  Grizzly Framework 2.4.1 started in: 12ms - bound to [/0.0.0.0:8181]]]

[2018-09-30T23:09:08.763+0200] [glassfish 5.0] [INFO] [NCLS-CORE-00087] [javax.enterprise.system.core] [tid: _ThreadID=17 _ThreadName=RunLevelControllerThread-1538341747876] [timeMillis: 1538341748763] [levelValue: 800] [[
  Grizzly Framework 2.4.1 started in: 16ms - bound to [/0.0.0.0:4848]]]

[2018-09-30T23:09:08.823+0200] [glassfish 5.0] [INFO] [NCLS-CORE-00087] [javax.enterprise.system.core] [tid: _ThreadID=19 _ThreadName=RunLevelControllerThread-1538341747884] [timeMillis: 1538341748823] [levelValue: 800] [[
  Grizzly Framework 2.4.1 started in: 4ms - bound to [/0.0.0.0:3700]]]

[2018-09-30T23:09:09.118+0200] [glassfish 5.0] [INFO] [NCLS-CORE-00017] [javax.enterprise.system.core] [tid: _ThreadID=1 _ThreadName=main] [timeMillis: 1538341749118] [levelValue: 800] [[
  GlassFish Server Open Source Edition  5.0  (25) startup time : Felix (24 005ms), startup services(1 247ms), total(25 252ms)]]

[2018-09-30T23:09:09.330+0200] [glassfish 5.0] [INFO] [jts.startup_msg] [javax.enterprise.system.core.transaction.com.sun.jts.CosTransactions] [tid: _ThreadID=19 _ThreadName=RunLevelControllerThread-1538341747884] [timeMillis: 1538341749330] [levelValue: 800] [[
  JTS5014: Recoverable JTS instance, serverId = [100]]]

[2018-09-30T23:09:09.507+0200] [glassfish 5.0] [INFO] [NCLS-JMX-00005] [javax.enterprise.system.jmx] [tid: _ThreadID=60 _ThreadName=Thread-12] [timeMillis: 1538341749507] [levelValue: 800] [[
  JMXStartupService has started JMXConnector on JMXService URL service:jmx:rmi://DESKTOP-23D7RA8:8686/jndi/rmi://DESKTOP-23D7RA8:8686/jmxrmi]]

[2018-09-30T23:09:09.812+0200] [glassfish 5.0] [INFO] [NCLS-CORE-00087] [javax.enterprise.system.core] [tid: _ThreadID=20 _ThreadName=RunLevelControllerThread-1538341747884] [timeMillis: 1538341749812] [levelValue: 800] [[
  Grizzly Framework 2.4.1 started in: 1ms - bound to [/0.0.0.0:7676]]]

[2018-09-30T23:09:09.814+0200] [glassfish 5.0] [INFO] [NCLS-BOOTSTRAP-00027] [javax.enterprise.bootstrap] [tid: _ThreadID=1 _ThreadName=main] [timeMillis: 1538341749814] [levelValue: 800] [[
  Registered com.sun.enterprise.glassfish.bootstrap.osgi.EmbeddedOSGiGlassFishImpl@2c829dbc as OSGi service registration: org.apache.felix.framework.ServiceRegistrationImpl@70d77826.]]

