30-Oct-2018 13:14:00.584 INFO [main] org.apache.catalina.startup.VersionLoggerListener.log Server version:        Apache Tomcat/9.0.8
30-Oct-2018 13:14:00.598 INFO [main] org.apache.catalina.startup.VersionLoggerListener.log Server built:          Apr 27 2018 19:32:00 UTC
30-Oct-2018 13:14:00.598 INFO [main] org.apache.catalina.startup.VersionLoggerListener.log Server number:         9.0.8.0
30-Oct-2018 13:14:00.598 INFO [main] org.apache.catalina.startup.VersionLoggerListener.log OS Name:               Windows 10
30-Oct-2018 13:14:00.598 INFO [main] org.apache.catalina.startup.VersionLoggerListener.log OS Version:            10.0
30-Oct-2018 13:14:00.598 INFO [main] org.apache.catalina.startup.VersionLoggerListener.log Architecture:          amd64
30-Oct-2018 13:14:00.598 INFO [main] org.apache.catalina.startup.VersionLoggerListener.log Java Home:             D:\Program Files\Java\jdk1.8.0_181\jre
30-Oct-2018 13:14:00.599 INFO [main] org.apache.catalina.startup.VersionLoggerListener.log JVM Version:           1.8.0_181-b13
30-Oct-2018 13:14:00.599 INFO [main] org.apache.catalina.startup.VersionLoggerListener.log JVM Vendor:            Oracle Corporation
30-Oct-2018 13:14:00.599 INFO [main] org.apache.catalina.startup.VersionLoggerListener.log CATALINA_BASE:         C:\Users\bzolt\Desktop\ELTE\Progtech2\Beadando\libs\apache-tomcat-9.0.8
30-Oct-2018 13:14:00.600 INFO [main] org.apache.catalina.startup.VersionLoggerListener.log CATALINA_HOME:         C:\Users\bzolt\Desktop\ELTE\Progtech2\Beadando\libs\apache-tomcat-9.0.8
30-Oct-2018 13:14:00.601 INFO [main] org.apache.catalina.startup.VersionLoggerListener.log Command line argument: -Djava.util.logging.config.file=C:\Users\bzolt\Desktop\ELTE\Progtech2\Beadando\libs\apache-tomcat-9.0.8\conf\logging.properties
30-Oct-2018 13:14:00.601 INFO [main] org.apache.catalina.startup.VersionLoggerListener.log Command line argument: -Djava.util.logging.manager=org.apache.juli.ClassLoaderLogManager
30-Oct-2018 13:14:00.601 INFO [main] org.apache.catalina.startup.VersionLoggerListener.log Command line argument: -Dhttp.nonProxyHosts=localhost|127.0.0.1|DESKTOP-23D7RA8
30-Oct-2018 13:14:00.601 INFO [main] org.apache.catalina.startup.VersionLoggerListener.log Command line argument: -Djdk.tls.ephemeralDHKeySize=2048
30-Oct-2018 13:14:00.601 INFO [main] org.apache.catalina.startup.VersionLoggerListener.log Command line argument: -Djava.protocol.handler.pkgs=org.apache.catalina.webresources
30-Oct-2018 13:14:00.601 INFO [main] org.apache.catalina.startup.VersionLoggerListener.log Command line argument: -Dignore.endorsed.dirs=
30-Oct-2018 13:14:00.601 INFO [main] org.apache.catalina.startup.VersionLoggerListener.log Command line argument: -Dcatalina.base=C:\Users\bzolt\Desktop\ELTE\Progtech2\Beadando\libs\apache-tomcat-9.0.8
30-Oct-2018 13:14:00.601 INFO [main] org.apache.catalina.startup.VersionLoggerListener.log Command line argument: -Dcatalina.home=C:\Users\bzolt\Desktop\ELTE\Progtech2\Beadando\libs\apache-tomcat-9.0.8
30-Oct-2018 13:14:00.601 INFO [main] org.apache.catalina.startup.VersionLoggerListener.log Command line argument: -Djava.io.tmpdir=C:\Users\bzolt\Desktop\ELTE\Progtech2\Beadando\libs\apache-tomcat-9.0.8\temp
30-Oct-2018 13:14:00.601 INFO [main] org.apache.catalina.core.AprLifecycleListener.lifecycleEvent Loaded APR based Apache Tomcat Native library [1.2.16] using APR version [1.6.3].
30-Oct-2018 13:14:00.601 INFO [main] org.apache.catalina.core.AprLifecycleListener.lifecycleEvent APR capabilities: IPv6 [true], sendfile [true], accept filters [false], random [true].
30-Oct-2018 13:14:00.602 INFO [main] org.apache.catalina.core.AprLifecycleListener.lifecycleEvent APR/OpenSSL configuration: useAprConnector [false], useOpenSSL [true]
30-Oct-2018 13:14:01.280 INFO [main] org.apache.catalina.core.AprLifecycleListener.initializeSSL OpenSSL successfully initialized [OpenSSL 1.0.2m  2 Nov 2017]
30-Oct-2018 13:14:01.530 INFO [main] org.apache.coyote.AbstractProtocol.init Initializing ProtocolHandler ["http-nio-9000"]
30-Oct-2018 13:14:01.672 INFO [main] org.apache.tomcat.util.net.NioSelectorPool.getSharedSelector Using a shared selector for servlet write/read
30-Oct-2018 13:14:01.683 INFO [main] org.apache.coyote.AbstractProtocol.init Initializing ProtocolHandler ["ajp-nio-8009"]
30-Oct-2018 13:14:01.684 INFO [main] org.apache.tomcat.util.net.NioSelectorPool.getSharedSelector Using a shared selector for servlet write/read
30-Oct-2018 13:14:01.685 INFO [main] org.apache.catalina.startup.Catalina.load Initialization processed in 1955 ms
30-Oct-2018 13:14:01.730 INFO [main] org.apache.catalina.core.StandardService.startInternal Starting service [Catalina]
30-Oct-2018 13:14:01.730 INFO [main] org.apache.catalina.core.StandardEngine.startInternal Starting Servlet Engine: Apache Tomcat/9.0.8
30-Oct-2018 13:14:01.742 INFO [main] org.apache.catalina.startup.HostConfig.deployDescriptor Deploying deployment descriptor [C:\Users\bzolt\Desktop\ELTE\Progtech2\Beadando\libs\apache-tomcat-9.0.8\conf\Catalina\localhost\SpringMvcUser.xml]
30-Oct-2018 13:14:01.768 WARNING [main] org.apache.catalina.startup.HostConfig.deployDescriptor The path attribute with value [/SpringMvcUser] in deployment descriptor [C:\Users\bzolt\Desktop\ELTE\Progtech2\Beadando\libs\apache-tomcat-9.0.8\conf\Catalina\localhost\SpringMvcUser.xml] has been ignored
30-Oct-2018 13:14:03.194 INFO [main] org.apache.jasper.servlet.TldScanner.scanJars At least one JAR was scanned for TLDs yet contained no TLDs. Enable debug logging for this logger for a complete list of JARs that were scanned but no TLDs were found in them. Skipping unneeded JARs during scanning can improve startup time and JSP compilation time.
30-Oct-2018 13:14:03.438 INFO [main] org.springframework.web.servlet.DispatcherServlet.initServletBean FrameworkServlet 'spring-mvc': initialization started
30-Oct-2018 13:14:03.484 INFO [main] org.springframework.web.context.support.XmlWebApplicationContext.prepareRefresh Refreshing WebApplicationContext for namespace 'spring-mvc-servlet': startup date [Tue Oct 30 13:14:03 CET 2018]; root of context hierarchy
30-Oct-2018 13:14:03.545 INFO [main] org.springframework.beans.factory.xml.XmlBeanDefinitionReader.loadBeanDefinitions Loading XML bean definitions from ServletContext resource [/WEB-INF/spring-mvc-servlet.xml]
30-Oct-2018 13:14:03.775 INFO [main] org.springframework.beans.factory.xml.XmlBeanDefinitionReader.loadBeanDefinitions Loading XML bean definitions from class path resource [jbr/config/user-beans.xml]
30-Oct-2018 13:14:04.135 INFO [main] org.springframework.jdbc.datasource.DriverManagerDataSource.setDriverClassName Loaded JDBC driver: com.mysql.jdbc.Driver
30-Oct-2018 13:14:04.284 INFO [main] org.springframework.web.servlet.mvc.annotation.DefaultAnnotationHandlerMapping.registerHandler Mapped URL path [/loginProcess] onto handler 'loginController'
30-Oct-2018 13:14:04.284 INFO [main] org.springframework.web.servlet.mvc.annotation.DefaultAnnotationHandlerMapping.registerHandler Mapped URL path [/loginProcess.*] onto handler 'loginController'
30-Oct-2018 13:14:04.284 INFO [main] org.springframework.web.servlet.mvc.annotation.DefaultAnnotationHandlerMapping.registerHandler Mapped URL path [/loginProcess/] onto handler 'loginController'
30-Oct-2018 13:14:04.284 INFO [main] org.springframework.web.servlet.mvc.annotation.DefaultAnnotationHandlerMapping.registerHandler Mapped URL path [/login] onto handler 'loginController'
30-Oct-2018 13:14:04.285 INFO [main] org.springframework.web.servlet.mvc.annotation.DefaultAnnotationHandlerMapping.registerHandler Mapped URL path [/login.*] onto handler 'loginController'
30-Oct-2018 13:14:04.285 INFO [main] org.springframework.web.servlet.mvc.annotation.DefaultAnnotationHandlerMapping.registerHandler Mapped URL path [/login/] onto handler 'loginController'
30-Oct-2018 13:14:04.286 INFO [main] org.springframework.web.servlet.mvc.annotation.DefaultAnnotationHandlerMapping.registerHandler Mapped URL path [/register] onto handler 'registrationController'
30-Oct-2018 13:14:04.286 INFO [main] org.springframework.web.servlet.mvc.annotation.DefaultAnnotationHandlerMapping.registerHandler Mapped URL path [/register.*] onto handler 'registrationController'
30-Oct-2018 13:14:04.286 INFO [main] org.springframework.web.servlet.mvc.annotation.DefaultAnnotationHandlerMapping.registerHandler Mapped URL path [/register/] onto handler 'registrationController'
30-Oct-2018 13:14:04.287 INFO [main] org.springframework.web.servlet.mvc.annotation.DefaultAnnotationHandlerMapping.registerHandler Mapped URL path [/registerProcess] onto handler 'registrationController'
30-Oct-2018 13:14:04.287 INFO [main] org.springframework.web.servlet.mvc.annotation.DefaultAnnotationHandlerMapping.registerHandler Mapped URL path [/registerProcess.*] onto handler 'registrationController'
30-Oct-2018 13:14:04.287 INFO [main] org.springframework.web.servlet.mvc.annotation.DefaultAnnotationHandlerMapping.registerHandler Mapped URL path [/registerProcess/] onto handler 'registrationController'
30-Oct-2018 13:14:04.446 INFO [main] org.springframework.web.servlet.DispatcherServlet.initServletBean FrameworkServlet 'spring-mvc': initialization completed in 1008 ms
30-Oct-2018 13:14:04.469 INFO [main] org.apache.catalina.startup.HostConfig.deployDescriptor Deployment of deployment descriptor [C:\Users\bzolt\Desktop\ELTE\Progtech2\Beadando\libs\apache-tomcat-9.0.8\conf\Catalina\localhost\SpringMvcUser.xml] has finished in [2,725] ms
30-Oct-2018 13:14:04.469 INFO [main] org.apache.catalina.startup.HostConfig.deployDescriptor Deploying deployment descriptor [C:\Users\bzolt\Desktop\ELTE\Progtech2\Beadando\libs\apache-tomcat-9.0.8\conf\Catalina\localhost\WashingMachine.xml]
30-Oct-2018 13:14:04.475 WARNING [main] org.apache.catalina.startup.HostConfig.deployDescriptor The path attribute with value [/WashingMachine] in deployment descriptor [C:\Users\bzolt\Desktop\ELTE\Progtech2\Beadando\libs\apache-tomcat-9.0.8\conf\Catalina\localhost\WashingMachine.xml] has been ignored
30-Oct-2018 13:14:04.480 SEVERE [main] org.apache.catalina.core.ContainerBase.addChildInternal ContainerBase.addChild: start: 
 org.apache.catalina.LifecycleException: Failed to start component [org.apache.catalina.webresources.StandardRoot@7d25913]
	at org.apache.catalina.util.LifecycleBase.handleSubClassException(LifecycleBase.java:441)
	at org.apache.catalina.util.LifecycleBase.start(LifecycleBase.java:198)
	at org.apache.catalina.core.StandardContext.resourcesStart(StandardContext.java:4742)
	at org.apache.catalina.core.StandardContext.startInternal(StandardContext.java:4877)
	at org.apache.catalina.util.LifecycleBase.start(LifecycleBase.java:183)
	at org.apache.catalina.core.ContainerBase.addChildInternal(ContainerBase.java:742)
	at org.apache.catalina.core.ContainerBase.addChild(ContainerBase.java:718)
	at org.apache.catalina.core.StandardHost.addChild(StandardHost.java:703)
	at org.apache.catalina.startup.HostConfig.deployDescriptor(HostConfig.java:630)
	at org.apache.catalina.startup.HostConfig$DeployDescriptor.run(HostConfig.java:1840)
	at java.util.concurrent.Executors$RunnableAdapter.call(Executors.java:511)
	at java.util.concurrent.FutureTask.run(FutureTask.java:266)
	at org.apache.tomcat.util.threads.InlineExecutorService.execute(InlineExecutorService.java:75)
	at java.util.concurrent.AbstractExecutorService.submit(AbstractExecutorService.java:112)
	at org.apache.catalina.startup.HostConfig.deployDescriptors(HostConfig.java:525)
	at org.apache.catalina.startup.HostConfig.deployApps(HostConfig.java:424)
	at org.apache.catalina.startup.HostConfig.start(HostConfig.java:1585)
	at org.apache.catalina.startup.HostConfig.lifecycleEvent(HostConfig.java:308)
	at org.apache.catalina.util.LifecycleBase.fireLifecycleEvent(LifecycleBase.java:123)
	at org.apache.catalina.util.LifecycleBase.setStateInternal(LifecycleBase.java:424)
	at org.apache.catalina.util.LifecycleBase.setState(LifecycleBase.java:367)
	at org.apache.catalina.core.ContainerBase.startInternal(ContainerBase.java:966)
	at org.apache.catalina.core.StandardHost.startInternal(StandardHost.java:839)
	at org.apache.catalina.util.LifecycleBase.start(LifecycleBase.java:183)
	at org.apache.catalina.core.ContainerBase$StartChild.call(ContainerBase.java:1427)
	at org.apache.catalina.core.ContainerBase$StartChild.call(ContainerBase.java:1417)
	at java.util.concurrent.FutureTask.run(FutureTask.java:266)
	at org.apache.tomcat.util.threads.InlineExecutorService.execute(InlineExecutorService.java:75)
	at java.util.concurrent.AbstractExecutorService.submit(AbstractExecutorService.java:134)
	at org.apache.catalina.core.ContainerBase.startInternal(ContainerBase.java:943)
	at org.apache.catalina.core.StandardEngine.startInternal(StandardEngine.java:258)
	at org.apache.catalina.util.LifecycleBase.start(LifecycleBase.java:183)
	at org.apache.catalina.core.StandardService.startInternal(StandardService.java:422)
	at org.apache.catalina.util.LifecycleBase.start(LifecycleBase.java:183)
	at org.apache.catalina.core.StandardServer.startInternal(StandardServer.java:770)
	at org.apache.catalina.util.LifecycleBase.start(LifecycleBase.java:183)
	at org.apache.catalina.startup.Catalina.start(Catalina.java:682)
	at sun.reflect.NativeMethodAccessorImpl.invoke0(Native Method)
	at sun.reflect.NativeMethodAccessorImpl.invoke(NativeMethodAccessorImpl.java:62)
	at sun.reflect.DelegatingMethodAccessorImpl.invoke(DelegatingMethodAccessorImpl.java:43)
	at java.lang.reflect.Method.invoke(Method.java:498)
	at org.apache.catalina.startup.Bootstrap.start(Bootstrap.java:350)
	at org.apache.catalina.startup.Bootstrap.main(Bootstrap.java:492)
Caused by: java.lang.IllegalArgumentException: The main resource set specified [C:\Users\bzolt\Desktop\Alkfejl\elte\2018-19-1\af-7\rest-api\WashingMachine\target\WashingMachine-0.0.1-SNAPSHOT] is not valid
	at org.apache.catalina.webresources.StandardRoot.createMainResourceSet(StandardRoot.java:749)
	at org.apache.catalina.webresources.StandardRoot.startInternal(StandardRoot.java:706)
	at org.apache.catalina.util.LifecycleBase.start(LifecycleBase.java:183)
	... 41 more

30-Oct-2018 13:14:04.496 SEVERE [main] org.apache.catalina.startup.HostConfig.deployDescriptor Error deploying deployment descriptor [C:\Users\bzolt\Desktop\ELTE\Progtech2\Beadando\libs\apache-tomcat-9.0.8\conf\Catalina\localhost\WashingMachine.xml]
 java.lang.IllegalStateException: ContainerBase.addChild: start: org.apache.catalina.LifecycleException: Failed to start component [org.apache.catalina.webresources.StandardRoot@7d25913]
	at org.apache.catalina.core.ContainerBase.addChildInternal(ContainerBase.java:746)
	at org.apache.catalina.core.ContainerBase.addChild(ContainerBase.java:718)
	at org.apache.catalina.core.StandardHost.addChild(StandardHost.java:703)
	at org.apache.catalina.startup.HostConfig.deployDescriptor(HostConfig.java:630)
	at org.apache.catalina.startup.HostConfig$DeployDescriptor.run(HostConfig.java:1840)
	at java.util.concurrent.Executors$RunnableAdapter.call(Executors.java:511)
	at java.util.concurrent.FutureTask.run(FutureTask.java:266)
	at org.apache.tomcat.util.threads.InlineExecutorService.execute(InlineExecutorService.java:75)
	at java.util.concurrent.AbstractExecutorService.submit(AbstractExecutorService.java:112)
	at org.apache.catalina.startup.HostConfig.deployDescriptors(HostConfig.java:525)
	at org.apache.catalina.startup.HostConfig.deployApps(HostConfig.java:424)
	at org.apache.catalina.startup.HostConfig.start(HostConfig.java:1585)
	at org.apache.catalina.startup.HostConfig.lifecycleEvent(HostConfig.java:308)
	at org.apache.catalina.util.LifecycleBase.fireLifecycleEvent(LifecycleBase.java:123)
	at org.apache.catalina.util.LifecycleBase.setStateInternal(LifecycleBase.java:424)
	at org.apache.catalina.util.LifecycleBase.setState(LifecycleBase.java:367)
	at org.apache.catalina.core.ContainerBase.startInternal(ContainerBase.java:966)
	at org.apache.catalina.core.StandardHost.startInternal(StandardHost.java:839)
	at org.apache.catalina.util.LifecycleBase.start(LifecycleBase.java:183)
	at org.apache.catalina.core.ContainerBase$StartChild.call(ContainerBase.java:1427)
	at org.apache.catalina.core.ContainerBase$StartChild.call(ContainerBase.java:1417)
	at java.util.concurrent.FutureTask.run(FutureTask.java:266)
	at org.apache.tomcat.util.threads.InlineExecutorService.execute(InlineExecutorService.java:75)
	at java.util.concurrent.AbstractExecutorService.submit(AbstractExecutorService.java:134)
	at org.apache.catalina.core.ContainerBase.startInternal(ContainerBase.java:943)
	at org.apache.catalina.core.StandardEngine.startInternal(StandardEngine.java:258)
	at org.apache.catalina.util.LifecycleBase.start(LifecycleBase.java:183)
	at org.apache.catalina.core.StandardService.startInternal(StandardService.java:422)
	at org.apache.catalina.util.LifecycleBase.start(LifecycleBase.java:183)
	at org.apache.catalina.core.StandardServer.startInternal(StandardServer.java:770)
	at org.apache.catalina.util.LifecycleBase.start(LifecycleBase.java:183)
	at org.apache.catalina.startup.Catalina.start(Catalina.java:682)
	at sun.reflect.NativeMethodAccessorImpl.invoke0(Native Method)
	at sun.reflect.NativeMethodAccessorImpl.invoke(NativeMethodAccessorImpl.java:62)
	at sun.reflect.DelegatingMethodAccessorImpl.invoke(DelegatingMethodAccessorImpl.java:43)
	at java.lang.reflect.Method.invoke(Method.java:498)
	at org.apache.catalina.startup.Bootstrap.start(Bootstrap.java:350)
	at org.apache.catalina.startup.Bootstrap.main(Bootstrap.java:492)

30-Oct-2018 13:14:04.509 INFO [main] org.apache.catalina.startup.HostConfig.deployDescriptor Deployment of deployment descriptor [C:\Users\bzolt\Desktop\ELTE\Progtech2\Beadando\libs\apache-tomcat-9.0.8\conf\Catalina\localhost\WashingMachine.xml] has finished in [40] ms
30-Oct-2018 13:14:04.516 INFO [main] org.apache.catalina.startup.HostConfig.deployDirectory Deploying web application directory [C:\Users\bzolt\Desktop\ELTE\Progtech2\Beadando\libs\apache-tomcat-9.0.8\webapps\docs]
30-Oct-2018 13:14:04.540 INFO [main] org.apache.catalina.startup.HostConfig.deployDirectory Deployment of web application directory [C:\Users\bzolt\Desktop\ELTE\Progtech2\Beadando\libs\apache-tomcat-9.0.8\webapps\docs] has finished in [24] ms
30-Oct-2018 13:14:04.720 INFO [main] org.apache.catalina.startup.HostConfig.deployDirectory Deploying web application directory [C:\Users\bzolt\Desktop\ELTE\Progtech2\Beadando\libs\apache-tomcat-9.0.8\webapps\examples]
30-Oct-2018 13:14:05.848 INFO [main] org.apache.catalina.startup.HostConfig.deployDirectory Deployment of web application directory [C:\Users\bzolt\Desktop\ELTE\Progtech2\Beadando\libs\apache-tomcat-9.0.8\webapps\examples] has finished in [1,128] ms
30-Oct-2018 13:14:05.849 INFO [main] org.apache.catalina.startup.HostConfig.deployDirectory Deploying web application directory [C:\Users\bzolt\Desktop\ELTE\Progtech2\Beadando\libs\apache-tomcat-9.0.8\webapps\host-manager]
30-Oct-2018 13:14:05.890 INFO [main] org.apache.catalina.startup.HostConfig.deployDirectory Deployment of web application directory [C:\Users\bzolt\Desktop\ELTE\Progtech2\Beadando\libs\apache-tomcat-9.0.8\webapps\host-manager] has finished in [41] ms
30-Oct-2018 13:14:05.891 INFO [main] org.apache.catalina.startup.HostConfig.deployDirectory Deploying web application directory [C:\Users\bzolt\Desktop\ELTE\Progtech2\Beadando\libs\apache-tomcat-9.0.8\webapps\manager]
30-Oct-2018 13:14:05.934 INFO [main] org.apache.catalina.startup.HostConfig.deployDirectory Deployment of web application directory [C:\Users\bzolt\Desktop\ELTE\Progtech2\Beadando\libs\apache-tomcat-9.0.8\webapps\manager] has finished in [42] ms
30-Oct-2018 13:14:05.938 INFO [main] org.apache.coyote.AbstractProtocol.start Starting ProtocolHandler ["http-nio-9000"]
30-Oct-2018 13:14:05.945 INFO [main] org.apache.coyote.AbstractProtocol.start Starting ProtocolHandler ["ajp-nio-8009"]
30-Oct-2018 13:14:05.947 INFO [main] org.apache.catalina.startup.Catalina.start Server startup in 4261 ms
30-Oct-2018 13:14:07.891 INFO [http-nio-9000-exec-9] org.springframework.web.context.support.XmlWebApplicationContext.doClose Closing WebApplicationContext for namespace 'spring-mvc-servlet': startup date [Tue Oct 30 13:14:03 CET 2018]; root of context hierarchy
30-Oct-2018 13:14:07.903 WARNING [http-nio-9000-exec-9] org.apache.catalina.loader.WebappClassLoaderBase.clearReferencesJdbc The web application [SpringMvcUser] registered the JDBC driver [com.mysql.cj.jdbc.Driver] but failed to unregister it when the web application was stopped. To prevent a memory leak, the JDBC Driver has been forcibly unregistered.
30-Oct-2018 13:14:07.904 WARNING [http-nio-9000-exec-9] org.apache.catalina.loader.WebappClassLoaderBase.clearReferencesThreads The web application [SpringMvcUser] appears to have started a thread named [Abandoned connection cleanup thread] but has failed to stop it. This is very likely to create a memory leak. Stack trace of thread:
 java.lang.Object.wait(Native Method)
 java.lang.ref.ReferenceQueue.remove(ReferenceQueue.java:144)
 com.mysql.cj.jdbc.AbandonedConnectionCleanupThread.run(AbandonedConnectionCleanupThread.java:70)
 java.util.concurrent.ThreadPoolExecutor.runWorker(ThreadPoolExecutor.java:1149)
 java.util.concurrent.ThreadPoolExecutor$Worker.run(ThreadPoolExecutor.java:624)
 java.lang.Thread.run(Thread.java:748)
30-Oct-2018 13:14:08.413 INFO [http-nio-9000-exec-9] org.apache.catalina.startup.HostConfig.undeploy Undeploying context [/SpringMvcUser]
30-Oct-2018 13:14:08.574 INFO [http-nio-9000-exec-3] org.apache.catalina.startup.HostConfig.deployDescriptor Deploying deployment descriptor [C:\Users\bzolt\Desktop\ELTE\Progtech2\Beadando\libs\apache-tomcat-9.0.8\conf\Catalina\localhost\SpringMvcUser.xml]
30-Oct-2018 13:14:08.575 WARNING [http-nio-9000-exec-3] org.apache.catalina.startup.HostConfig.deployDescriptor The path attribute with value [/SpringMvcUser] in deployment descriptor [C:\Users\bzolt\Desktop\ELTE\Progtech2\Beadando\libs\apache-tomcat-9.0.8\conf\Catalina\localhost\SpringMvcUser.xml] has been ignored
30-Oct-2018 13:14:09.170 INFO [Abandoned connection cleanup thread] org.apache.catalina.loader.WebappClassLoaderBase.checkStateForResourceLoading Illegal access: this web application instance has been stopped already. Could not load []. The following stack trace is thrown for debugging purposes as well as to attempt to terminate the thread which caused the illegal access.
 java.lang.IllegalStateException: Illegal access: this web application instance has been stopped already. Could not load []. The following stack trace is thrown for debugging purposes as well as to attempt to terminate the thread which caused the illegal access.
	at org.apache.catalina.loader.WebappClassLoaderBase.checkStateForResourceLoading(WebappClassLoaderBase.java:1312)
	at org.apache.catalina.loader.WebappClassLoaderBase.getResource(WebappClassLoaderBase.java:989)
	at com.mysql.cj.jdbc.AbandonedConnectionCleanupThread.checkContextClassLoaders(AbandonedConnectionCleanupThread.java:96)
	at com.mysql.cj.jdbc.AbandonedConnectionCleanupThread.run(AbandonedConnectionCleanupThread.java:69)
	at java.util.concurrent.ThreadPoolExecutor.runWorker(ThreadPoolExecutor.java:1149)
	at java.util.concurrent.ThreadPoolExecutor$Worker.run(ThreadPoolExecutor.java:624)
	at java.lang.Thread.run(Thread.java:748)

30-Oct-2018 13:14:09.802 INFO [http-nio-9000-exec-3] org.springframework.web.servlet.DispatcherServlet.initServletBean FrameworkServlet 'spring-mvc': initialization started
30-Oct-2018 13:14:09.830 INFO [http-nio-9000-exec-3] org.springframework.web.context.support.XmlWebApplicationContext.prepareRefresh Refreshing WebApplicationContext for namespace 'spring-mvc-servlet': startup date [Tue Oct 30 13:14:09 CET 2018]; root of context hierarchy
30-Oct-2018 13:14:09.890 INFO [http-nio-9000-exec-3] org.springframework.beans.factory.xml.XmlBeanDefinitionReader.loadBeanDefinitions Loading XML bean definitions from ServletContext resource [/WEB-INF/spring-mvc-servlet.xml]
30-Oct-2018 13:14:09.938 INFO [http-nio-9000-exec-3] org.springframework.beans.factory.xml.XmlBeanDefinitionReader.loadBeanDefinitions Loading XML bean definitions from class path resource [jbr/config/user-beans.xml]
30-Oct-2018 13:14:10.226 INFO [http-nio-9000-exec-3] org.springframework.jdbc.datasource.DriverManagerDataSource.setDriverClassName Loaded JDBC driver: com.mysql.jdbc.Driver
30-Oct-2018 13:14:10.361 INFO [http-nio-9000-exec-3] org.springframework.web.servlet.mvc.annotation.DefaultAnnotationHandlerMapping.registerHandler Mapped URL path [/loginProcess] onto handler 'loginController'
30-Oct-2018 13:14:10.362 INFO [http-nio-9000-exec-3] org.springframework.web.servlet.mvc.annotation.DefaultAnnotationHandlerMapping.registerHandler Mapped URL path [/loginProcess.*] onto handler 'loginController'
30-Oct-2018 13:14:10.362 INFO [http-nio-9000-exec-3] org.springframework.web.servlet.mvc.annotation.DefaultAnnotationHandlerMapping.registerHandler Mapped URL path [/loginProcess/] onto handler 'loginController'
30-Oct-2018 13:14:10.362 INFO [http-nio-9000-exec-3] org.springframework.web.servlet.mvc.annotation.DefaultAnnotationHandlerMapping.registerHandler Mapped URL path [/login] onto handler 'loginController'
30-Oct-2018 13:14:10.363 INFO [http-nio-9000-exec-3] org.springframework.web.servlet.mvc.annotation.DefaultAnnotationHandlerMapping.registerHandler Mapped URL path [/login.*] onto handler 'loginController'
30-Oct-2018 13:14:10.363 INFO [http-nio-9000-exec-3] org.springframework.web.servlet.mvc.annotation.DefaultAnnotationHandlerMapping.registerHandler Mapped URL path [/login/] onto handler 'loginController'
30-Oct-2018 13:14:10.363 INFO [http-nio-9000-exec-3] org.springframework.web.servlet.mvc.annotation.DefaultAnnotationHandlerMapping.registerHandler Mapped URL path [/register] onto handler 'registrationController'
30-Oct-2018 13:14:10.363 INFO [http-nio-9000-exec-3] org.springframework.web.servlet.mvc.annotation.DefaultAnnotationHandlerMapping.registerHandler Mapped URL path [/register.*] onto handler 'registrationController'
30-Oct-2018 13:14:10.363 INFO [http-nio-9000-exec-3] org.springframework.web.servlet.mvc.annotation.DefaultAnnotationHandlerMapping.registerHandler Mapped URL path [/register/] onto handler 'registrationController'
30-Oct-2018 13:14:10.364 INFO [http-nio-9000-exec-3] org.springframework.web.servlet.mvc.annotation.DefaultAnnotationHandlerMapping.registerHandler Mapped URL path [/registerProcess] onto handler 'registrationController'
30-Oct-2018 13:14:10.364 INFO [http-nio-9000-exec-3] org.springframework.web.servlet.mvc.annotation.DefaultAnnotationHandlerMapping.registerHandler Mapped URL path [/registerProcess.*] onto handler 'registrationController'
30-Oct-2018 13:14:10.364 INFO [http-nio-9000-exec-3] org.springframework.web.servlet.mvc.annotation.DefaultAnnotationHandlerMapping.registerHandler Mapped URL path [/registerProcess/] onto handler 'registrationController'
30-Oct-2018 13:14:10.470 INFO [http-nio-9000-exec-3] org.springframework.web.servlet.DispatcherServlet.initServletBean FrameworkServlet 'spring-mvc': initialization completed in 668 ms
30-Oct-2018 13:14:10.472 INFO [21] org.apache.catalina.startup.HostConfig.deployDescriptor Deployment of deployment descriptor [C:\Users\bzolt\Desktop\ELTE\Progtech2\Beadando\libs\apache-tomcat-9.0.8\conf\Catalina\localhost\SpringMvcUser.xml] has finished in [1,898] ms
30-Oct-2018 13:14:10.477 INFO [http-nio-9000-exec-7] org.apache.catalina.util.LifecycleBase.start The start() method was called on component [StandardEngine[Catalina].StandardHost[localhost].StandardContext[/SpringMvcUser]] after start() had already been called. The second call will be ignored.
30-Oct-2018 13:32:06.927 INFO [http-nio-9000-exec-18] org.springframework.web.context.support.XmlWebApplicationContext.doClose Closing WebApplicationContext for namespace 'spring-mvc-servlet': startup date [Tue Oct 30 13:14:09 CET 2018]; root of context hierarchy
30-Oct-2018 13:32:06.939 WARNING [http-nio-9000-exec-18] org.apache.catalina.loader.WebappClassLoaderBase.clearReferencesJdbc The web application [SpringMvcUser] registered the JDBC driver [com.mysql.cj.jdbc.Driver] but failed to unregister it when the web application was stopped. To prevent a memory leak, the JDBC Driver has been forcibly unregistered.
30-Oct-2018 13:32:06.939 WARNING [http-nio-9000-exec-18] org.apache.catalina.loader.WebappClassLoaderBase.clearReferencesThreads The web application [SpringMvcUser] appears to have started a thread named [Abandoned connection cleanup thread] but has failed to stop it. This is very likely to create a memory leak. Stack trace of thread:
 java.lang.Object.wait(Native Method)
 java.lang.ref.ReferenceQueue.remove(ReferenceQueue.java:144)
 com.mysql.cj.jdbc.AbandonedConnectionCleanupThread.run(AbandonedConnectionCleanupThread.java:70)
 java.util.concurrent.ThreadPoolExecutor.runWorker(ThreadPoolExecutor.java:1149)
 java.util.concurrent.ThreadPoolExecutor$Worker.run(ThreadPoolExecutor.java:624)
 java.lang.Thread.run(Thread.java:748)
30-Oct-2018 13:32:07.444 INFO [http-nio-9000-exec-18] org.apache.catalina.startup.HostConfig.undeploy Undeploying context [/SpringMvcUser]
30-Oct-2018 13:32:07.469 INFO [http-nio-9000-exec-12] org.apache.catalina.startup.HostConfig.deployDescriptor Deploying deployment descriptor [C:\Users\bzolt\Desktop\ELTE\Progtech2\Beadando\libs\apache-tomcat-9.0.8\conf\Catalina\localhost\SpringMvcUser.xml]
30-Oct-2018 13:32:07.470 WARNING [http-nio-9000-exec-12] org.apache.catalina.startup.HostConfig.deployDescriptor The path attribute with value [/SpringMvcUser] in deployment descriptor [C:\Users\bzolt\Desktop\ELTE\Progtech2\Beadando\libs\apache-tomcat-9.0.8\conf\Catalina\localhost\SpringMvcUser.xml] has been ignored
30-Oct-2018 13:32:09.023 INFO [http-nio-9000-exec-12] org.springframework.web.servlet.DispatcherServlet.initServletBean FrameworkServlet 'spring-mvc': initialization started
30-Oct-2018 13:32:09.054 INFO [http-nio-9000-exec-12] org.springframework.web.context.support.XmlWebApplicationContext.prepareRefresh Refreshing WebApplicationContext for namespace 'spring-mvc-servlet': startup date [Tue Oct 30 13:32:09 CET 2018]; root of context hierarchy
30-Oct-2018 13:32:09.104 INFO [http-nio-9000-exec-12] org.springframework.beans.factory.xml.XmlBeanDefinitionReader.loadBeanDefinitions Loading XML bean definitions from ServletContext resource [/WEB-INF/spring-mvc-servlet.xml]
30-Oct-2018 13:32:09.151 INFO [http-nio-9000-exec-12] org.springframework.beans.factory.xml.XmlBeanDefinitionReader.loadBeanDefinitions Loading XML bean definitions from class path resource [jbr/config/user-beans.xml]
30-Oct-2018 13:32:09.434 INFO [http-nio-9000-exec-12] org.springframework.jdbc.datasource.DriverManagerDataSource.setDriverClassName Loaded JDBC driver: com.mysql.jdbc.Driver
30-Oct-2018 13:32:09.560 INFO [http-nio-9000-exec-12] org.springframework.web.servlet.mvc.annotation.DefaultAnnotationHandlerMapping.registerHandler Mapped URL path [/loginProcess] onto handler 'loginController'
30-Oct-2018 13:32:09.560 INFO [http-nio-9000-exec-12] org.springframework.web.servlet.mvc.annotation.DefaultAnnotationHandlerMapping.registerHandler Mapped URL path [/loginProcess.*] onto handler 'loginController'
30-Oct-2018 13:32:09.560 INFO [http-nio-9000-exec-12] org.springframework.web.servlet.mvc.annotation.DefaultAnnotationHandlerMapping.registerHandler Mapped URL path [/loginProcess/] onto handler 'loginController'
30-Oct-2018 13:32:09.560 INFO [http-nio-9000-exec-12] org.springframework.web.servlet.mvc.annotation.DefaultAnnotationHandlerMapping.registerHandler Mapped URL path [/login] onto handler 'loginController'
30-Oct-2018 13:32:09.560 INFO [http-nio-9000-exec-12] org.springframework.web.servlet.mvc.annotation.DefaultAnnotationHandlerMapping.registerHandler Mapped URL path [/login.*] onto handler 'loginController'
30-Oct-2018 13:32:09.560 INFO [http-nio-9000-exec-12] org.springframework.web.servlet.mvc.annotation.DefaultAnnotationHandlerMapping.registerHandler Mapped URL path [/login/] onto handler 'loginController'
30-Oct-2018 13:32:09.561 INFO [http-nio-9000-exec-12] org.springframework.web.servlet.mvc.annotation.DefaultAnnotationHandlerMapping.registerHandler Mapped URL path [/register] onto handler 'registrationController'
30-Oct-2018 13:32:09.561 INFO [http-nio-9000-exec-12] org.springframework.web.servlet.mvc.annotation.DefaultAnnotationHandlerMapping.registerHandler Mapped URL path [/register.*] onto handler 'registrationController'
30-Oct-2018 13:32:09.561 INFO [http-nio-9000-exec-12] org.springframework.web.servlet.mvc.annotation.DefaultAnnotationHandlerMapping.registerHandler Mapped URL path [/register/] onto handler 'registrationController'
30-Oct-2018 13:32:09.561 INFO [http-nio-9000-exec-12] org.springframework.web.servlet.mvc.annotation.DefaultAnnotationHandlerMapping.registerHandler Mapped URL path [/registerProcess] onto handler 'registrationController'
30-Oct-2018 13:32:09.561 INFO [http-nio-9000-exec-12] org.springframework.web.servlet.mvc.annotation.DefaultAnnotationHandlerMapping.registerHandler Mapped URL path [/registerProcess.*] onto handler 'registrationController'
30-Oct-2018 13:32:09.561 INFO [http-nio-9000-exec-12] org.springframework.web.servlet.mvc.annotation.DefaultAnnotationHandlerMapping.registerHandler Mapped URL path [/registerProcess/] onto handler 'registrationController'
30-Oct-2018 13:32:09.654 INFO [http-nio-9000-exec-12] org.springframework.web.servlet.DispatcherServlet.initServletBean FrameworkServlet 'spring-mvc': initialization completed in 631 ms
30-Oct-2018 13:32:09.659 INFO [http-nio-9000-exec-12] org.apache.catalina.startup.HostConfig.deployDescriptor Deployment of deployment descriptor [C:\Users\bzolt\Desktop\ELTE\Progtech2\Beadando\libs\apache-tomcat-9.0.8\conf\Catalina\localhost\SpringMvcUser.xml] has finished in [2,190] ms
30-Oct-2018 13:32:09.663 INFO [http-nio-9000-exec-20] org.apache.catalina.util.LifecycleBase.start The start() method was called on component [StandardEngine[Catalina].StandardHost[localhost].StandardContext[/SpringMvcUser]] after start() had already been called. The second call will be ignored.
30-Oct-2018 13:32:10.490 INFO [Abandoned connection cleanup thread] org.apache.catalina.loader.WebappClassLoaderBase.checkStateForResourceLoading Illegal access: this web application instance has been stopped already. Could not load []. The following stack trace is thrown for debugging purposes as well as to attempt to terminate the thread which caused the illegal access.
 java.lang.IllegalStateException: Illegal access: this web application instance has been stopped already. Could not load []. The following stack trace is thrown for debugging purposes as well as to attempt to terminate the thread which caused the illegal access.
	at org.apache.catalina.loader.WebappClassLoaderBase.checkStateForResourceLoading(WebappClassLoaderBase.java:1312)
	at org.apache.catalina.loader.WebappClassLoaderBase.getResource(WebappClassLoaderBase.java:989)
	at com.mysql.cj.jdbc.AbandonedConnectionCleanupThread.checkContextClassLoaders(AbandonedConnectionCleanupThread.java:96)
	at com.mysql.cj.jdbc.AbandonedConnectionCleanupThread.run(AbandonedConnectionCleanupThread.java:69)
	at java.util.concurrent.ThreadPoolExecutor.runWorker(ThreadPoolExecutor.java:1149)
	at java.util.concurrent.ThreadPoolExecutor$Worker.run(ThreadPoolExecutor.java:624)
	at java.lang.Thread.run(Thread.java:748)

30-Oct-2018 13:53:57.076 INFO [http-nio-9000-exec-27] org.apache.catalina.core.StandardContext.reload Reloading Context with name [/SpringMvcUser] has started
30-Oct-2018 13:53:57.077 INFO [http-nio-9000-exec-27] org.springframework.web.context.support.XmlWebApplicationContext.doClose Closing WebApplicationContext for namespace 'spring-mvc-servlet': startup date [Tue Oct 30 13:32:09 CET 2018]; root of context hierarchy
30-Oct-2018 13:53:57.096 WARNING [http-nio-9000-exec-27] org.apache.catalina.loader.WebappClassLoaderBase.clearReferencesJdbc The web application [SpringMvcUser] registered the JDBC driver [com.mysql.cj.jdbc.Driver] but failed to unregister it when the web application was stopped. To prevent a memory leak, the JDBC Driver has been forcibly unregistered.
30-Oct-2018 13:53:57.097 WARNING [http-nio-9000-exec-27] org.apache.catalina.loader.WebappClassLoaderBase.clearReferencesThreads The web application [SpringMvcUser] appears to have started a thread named [Abandoned connection cleanup thread] but has failed to stop it. This is very likely to create a memory leak. Stack trace of thread:
 java.lang.Object.wait(Native Method)
 java.lang.ref.ReferenceQueue.remove(ReferenceQueue.java:144)
 com.mysql.cj.jdbc.AbandonedConnectionCleanupThread.run(AbandonedConnectionCleanupThread.java:70)
 java.util.concurrent.ThreadPoolExecutor.runWorker(ThreadPoolExecutor.java:1149)
 java.util.concurrent.ThreadPoolExecutor$Worker.run(ThreadPoolExecutor.java:624)
 java.lang.Thread.run(Thread.java:748)
30-Oct-2018 13:53:58.480 INFO [Abandoned connection cleanup thread] org.apache.catalina.loader.WebappClassLoaderBase.checkStateForResourceLoading Illegal access: this web application instance has been stopped already. Could not load []. The following stack trace is thrown for debugging purposes as well as to attempt to terminate the thread which caused the illegal access.
 java.lang.IllegalStateException: Illegal access: this web application instance has been stopped already. Could not load []. The following stack trace is thrown for debugging purposes as well as to attempt to terminate the thread which caused the illegal access.
	at org.apache.catalina.loader.WebappClassLoaderBase.checkStateForResourceLoading(WebappClassLoaderBase.java:1312)
	at org.apache.catalina.loader.WebappClassLoaderBase.getResource(WebappClassLoaderBase.java:989)
	at com.mysql.cj.jdbc.AbandonedConnectionCleanupThread.checkContextClassLoaders(AbandonedConnectionCleanupThread.java:96)
	at com.mysql.cj.jdbc.AbandonedConnectionCleanupThread.run(AbandonedConnectionCleanupThread.java:69)
	at java.util.concurrent.ThreadPoolExecutor.runWorker(ThreadPoolExecutor.java:1149)
	at java.util.concurrent.ThreadPoolExecutor$Worker.run(ThreadPoolExecutor.java:624)
	at java.lang.Thread.run(Thread.java:748)

30-Oct-2018 13:53:58.610 INFO [http-nio-9000-exec-27] org.springframework.web.servlet.DispatcherServlet.initServletBean FrameworkServlet 'spring-mvc': initialization started
30-Oct-2018 13:53:58.642 INFO [http-nio-9000-exec-27] org.springframework.web.context.support.XmlWebApplicationContext.prepareRefresh Refreshing WebApplicationContext for namespace 'spring-mvc-servlet': startup date [Tue Oct 30 13:53:58 CET 2018]; root of context hierarchy
30-Oct-2018 13:53:58.691 INFO [http-nio-9000-exec-27] org.springframework.beans.factory.xml.XmlBeanDefinitionReader.loadBeanDefinitions Loading XML bean definitions from ServletContext resource [/WEB-INF/spring-mvc-servlet.xml]
30-Oct-2018 13:53:58.722 INFO [http-nio-9000-exec-27] org.springframework.beans.factory.xml.XmlBeanDefinitionReader.loadBeanDefinitions Loading XML bean definitions from class path resource [jbr/config/user-beans.xml]
30-Oct-2018 13:53:59.068 INFO [http-nio-9000-exec-27] org.springframework.jdbc.datasource.DriverManagerDataSource.setDriverClassName Loaded JDBC driver: com.mysql.jdbc.Driver
30-Oct-2018 13:53:59.234 INFO [http-nio-9000-exec-27] org.springframework.web.servlet.mvc.annotation.DefaultAnnotationHandlerMapping.registerHandler Mapped URL path [/loginProcess] onto handler 'loginController'
30-Oct-2018 13:53:59.234 INFO [http-nio-9000-exec-27] org.springframework.web.servlet.mvc.annotation.DefaultAnnotationHandlerMapping.registerHandler Mapped URL path [/loginProcess.*] onto handler 'loginController'
30-Oct-2018 13:53:59.234 INFO [http-nio-9000-exec-27] org.springframework.web.servlet.mvc.annotation.DefaultAnnotationHandlerMapping.registerHandler Mapped URL path [/loginProcess/] onto handler 'loginController'
30-Oct-2018 13:53:59.234 INFO [http-nio-9000-exec-27] org.springframework.web.servlet.mvc.annotation.DefaultAnnotationHandlerMapping.registerHandler Mapped URL path [/login] onto handler 'loginController'
30-Oct-2018 13:53:59.234 INFO [http-nio-9000-exec-27] org.springframework.web.servlet.mvc.annotation.DefaultAnnotationHandlerMapping.registerHandler Mapped URL path [/login.*] onto handler 'loginController'
30-Oct-2018 13:53:59.235 INFO [http-nio-9000-exec-27] org.springframework.web.servlet.mvc.annotation.DefaultAnnotationHandlerMapping.registerHandler Mapped URL path [/login/] onto handler 'loginController'
30-Oct-2018 13:53:59.235 INFO [http-nio-9000-exec-27] org.springframework.web.servlet.mvc.annotation.DefaultAnnotationHandlerMapping.registerHandler Mapped URL path [/register] onto handler 'registrationController'
30-Oct-2018 13:53:59.235 INFO [http-nio-9000-exec-27] org.springframework.web.servlet.mvc.annotation.DefaultAnnotationHandlerMapping.registerHandler Mapped URL path [/register.*] onto handler 'registrationController'
30-Oct-2018 13:53:59.235 INFO [http-nio-9000-exec-27] org.springframework.web.servlet.mvc.annotation.DefaultAnnotationHandlerMapping.registerHandler Mapped URL path [/register/] onto handler 'registrationController'
30-Oct-2018 13:53:59.236 INFO [http-nio-9000-exec-27] org.springframework.web.servlet.mvc.annotation.DefaultAnnotationHandlerMapping.registerHandler Mapped URL path [/registerProcess] onto handler 'registrationController'
30-Oct-2018 13:53:59.236 INFO [http-nio-9000-exec-27] org.springframework.web.servlet.mvc.annotation.DefaultAnnotationHandlerMapping.registerHandler Mapped URL path [/registerProcess.*] onto handler 'registrationController'
30-Oct-2018 13:53:59.236 INFO [http-nio-9000-exec-27] org.springframework.web.servlet.mvc.annotation.DefaultAnnotationHandlerMapping.registerHandler Mapped URL path [/registerProcess/] onto handler 'registrationController'
30-Oct-2018 13:53:59.328 INFO [http-nio-9000-exec-27] org.springframework.web.servlet.DispatcherServlet.initServletBean FrameworkServlet 'spring-mvc': initialization completed in 718 ms
30-Oct-2018 13:53:59.330 INFO [http-nio-9000-exec-27] org.apache.catalina.core.StandardContext.reload Reloading Context with name [/SpringMvcUser] is completed
30-Oct-2018 13:54:25.358 INFO [http-nio-9000-exec-23] org.apache.catalina.core.StandardContext.reload Reloading Context with name [/SpringMvcUser] has started
30-Oct-2018 13:54:25.360 INFO [http-nio-9000-exec-23] org.springframework.web.context.support.XmlWebApplicationContext.doClose Closing WebApplicationContext for namespace 'spring-mvc-servlet': startup date [Tue Oct 30 13:53:58 CET 2018]; root of context hierarchy
30-Oct-2018 13:54:25.365 WARNING [http-nio-9000-exec-23] org.apache.catalina.loader.WebappClassLoaderBase.clearReferencesJdbc The web application [SpringMvcUser] registered the JDBC driver [com.mysql.cj.jdbc.Driver] but failed to unregister it when the web application was stopped. To prevent a memory leak, the JDBC Driver has been forcibly unregistered.
30-Oct-2018 13:54:25.366 WARNING [http-nio-9000-exec-23] org.apache.catalina.loader.WebappClassLoaderBase.clearReferencesThreads The web application [SpringMvcUser] appears to have started a thread named [Abandoned connection cleanup thread] but has failed to stop it. This is very likely to create a memory leak. Stack trace of thread:
 java.lang.Object.wait(Native Method)
 java.lang.ref.ReferenceQueue.remove(ReferenceQueue.java:144)
 com.mysql.cj.jdbc.AbandonedConnectionCleanupThread.run(AbandonedConnectionCleanupThread.java:70)
 java.util.concurrent.ThreadPoolExecutor.runWorker(ThreadPoolExecutor.java:1149)
 java.util.concurrent.ThreadPoolExecutor$Worker.run(ThreadPoolExecutor.java:624)
 java.lang.Thread.run(Thread.java:748)
30-Oct-2018 13:54:26.388 INFO [http-nio-9000-exec-23] org.springframework.web.servlet.DispatcherServlet.initServletBean FrameworkServlet 'spring-mvc': initialization started
30-Oct-2018 13:54:26.448 INFO [http-nio-9000-exec-23] org.springframework.web.context.support.XmlWebApplicationContext.prepareRefresh Refreshing WebApplicationContext for namespace 'spring-mvc-servlet': startup date [Tue Oct 30 13:54:26 CET 2018]; root of context hierarchy
30-Oct-2018 13:54:26.537 INFO [http-nio-9000-exec-23] org.springframework.beans.factory.xml.XmlBeanDefinitionReader.loadBeanDefinitions Loading XML bean definitions from ServletContext resource [/WEB-INF/spring-mvc-servlet.xml]
30-Oct-2018 13:54:26.569 INFO [http-nio-9000-exec-23] org.springframework.beans.factory.xml.XmlBeanDefinitionReader.loadBeanDefinitions Loading XML bean definitions from class path resource [jbr/config/user-beans.xml]
30-Oct-2018 13:54:26.894 INFO [http-nio-9000-exec-23] org.springframework.jdbc.datasource.DriverManagerDataSource.setDriverClassName Loaded JDBC driver: com.mysql.jdbc.Driver
30-Oct-2018 13:54:27.144 INFO [http-nio-9000-exec-23] org.springframework.web.servlet.mvc.annotation.DefaultAnnotationHandlerMapping.registerHandler Mapped URL path [/loginProcess] onto handler 'loginController'
30-Oct-2018 13:54:27.145 INFO [http-nio-9000-exec-23] org.springframework.web.servlet.mvc.annotation.DefaultAnnotationHandlerMapping.registerHandler Mapped URL path [/loginProcess.*] onto handler 'loginController'
30-Oct-2018 13:54:27.145 INFO [http-nio-9000-exec-23] org.springframework.web.servlet.mvc.annotation.DefaultAnnotationHandlerMapping.registerHandler Mapped URL path [/loginProcess/] onto handler 'loginController'
30-Oct-2018 13:54:27.145 INFO [http-nio-9000-exec-23] org.springframework.web.servlet.mvc.annotation.DefaultAnnotationHandlerMapping.registerHandler Mapped URL path [/login] onto handler 'loginController'
30-Oct-2018 13:54:27.145 INFO [http-nio-9000-exec-23] org.springframework.web.servlet.mvc.annotation.DefaultAnnotationHandlerMapping.registerHandler Mapped URL path [/login.*] onto handler 'loginController'
30-Oct-2018 13:54:27.145 INFO [http-nio-9000-exec-23] org.springframework.web.servlet.mvc.annotation.DefaultAnnotationHandlerMapping.registerHandler Mapped URL path [/login/] onto handler 'loginController'
30-Oct-2018 13:54:27.146 INFO [http-nio-9000-exec-23] org.springframework.web.servlet.mvc.annotation.DefaultAnnotationHandlerMapping.registerHandler Mapped URL path [/register] onto handler 'registrationController'
30-Oct-2018 13:54:27.146 INFO [http-nio-9000-exec-23] org.springframework.web.servlet.mvc.annotation.DefaultAnnotationHandlerMapping.registerHandler Mapped URL path [/register.*] onto handler 'registrationController'
30-Oct-2018 13:54:27.146 INFO [http-nio-9000-exec-23] org.springframework.web.servlet.mvc.annotation.DefaultAnnotationHandlerMapping.registerHandler Mapped URL path [/register/] onto handler 'registrationController'
30-Oct-2018 13:54:27.146 INFO [http-nio-9000-exec-23] org.springframework.web.servlet.mvc.annotation.DefaultAnnotationHandlerMapping.registerHandler Mapped URL path [/registerProcess] onto handler 'registrationController'
30-Oct-2018 13:54:27.146 INFO [http-nio-9000-exec-23] org.springframework.web.servlet.mvc.annotation.DefaultAnnotationHandlerMapping.registerHandler Mapped URL path [/registerProcess.*] onto handler 'registrationController'
30-Oct-2018 13:54:27.146 INFO [http-nio-9000-exec-23] org.springframework.web.servlet.mvc.annotation.DefaultAnnotationHandlerMapping.registerHandler Mapped URL path [/registerProcess/] onto handler 'registrationController'
30-Oct-2018 13:54:27.250 INFO [http-nio-9000-exec-23] org.springframework.web.servlet.DispatcherServlet.initServletBean FrameworkServlet 'spring-mvc': initialization completed in 861 ms
30-Oct-2018 13:54:27.252 INFO [http-nio-9000-exec-23] org.apache.catalina.core.StandardContext.reload Reloading Context with name [/SpringMvcUser] is completed
30-Oct-2018 13:54:27.438 INFO [http-nio-9000-exec-33] org.apache.catalina.core.StandardContext.reload Reloading Context with name [/SpringMvcUser] has started
30-Oct-2018 13:54:27.439 INFO [http-nio-9000-exec-33] org.springframework.web.context.support.XmlWebApplicationContext.doClose Closing WebApplicationContext for namespace 'spring-mvc-servlet': startup date [Tue Oct 30 13:54:26 CET 2018]; root of context hierarchy
30-Oct-2018 13:54:27.444 WARNING [http-nio-9000-exec-33] org.apache.catalina.loader.WebappClassLoaderBase.clearReferencesJdbc The web application [SpringMvcUser] registered the JDBC driver [com.mysql.cj.jdbc.Driver] but failed to unregister it when the web application was stopped. To prevent a memory leak, the JDBC Driver has been forcibly unregistered.
30-Oct-2018 13:54:27.444 WARNING [http-nio-9000-exec-33] org.apache.catalina.loader.WebappClassLoaderBase.clearReferencesThreads The web application [SpringMvcUser] appears to have started a thread named [Abandoned connection cleanup thread] but has failed to stop it. This is very likely to create a memory leak. Stack trace of thread:
 java.lang.Object.wait(Native Method)
 java.lang.ref.ReferenceQueue.remove(ReferenceQueue.java:144)
 com.mysql.cj.jdbc.AbandonedConnectionCleanupThread.run(AbandonedConnectionCleanupThread.java:70)
 java.util.concurrent.ThreadPoolExecutor.runWorker(ThreadPoolExecutor.java:1149)
 java.util.concurrent.ThreadPoolExecutor$Worker.run(ThreadPoolExecutor.java:624)
 java.lang.Thread.run(Thread.java:748)
30-Oct-2018 13:54:28.617 INFO [http-nio-9000-exec-33] org.springframework.web.servlet.DispatcherServlet.initServletBean FrameworkServlet 'spring-mvc': initialization started
30-Oct-2018 13:54:28.650 INFO [http-nio-9000-exec-33] org.springframework.web.context.support.XmlWebApplicationContext.prepareRefresh Refreshing WebApplicationContext for namespace 'spring-mvc-servlet': startup date [Tue Oct 30 13:54:28 CET 2018]; root of context hierarchy
30-Oct-2018 13:54:28.706 INFO [http-nio-9000-exec-33] org.springframework.beans.factory.xml.XmlBeanDefinitionReader.loadBeanDefinitions Loading XML bean definitions from ServletContext resource [/WEB-INF/spring-mvc-servlet.xml]
30-Oct-2018 13:54:28.734 INFO [http-nio-9000-exec-33] org.springframework.beans.factory.xml.XmlBeanDefinitionReader.loadBeanDefinitions Loading XML bean definitions from class path resource [jbr/config/user-beans.xml]
30-Oct-2018 13:54:29.013 INFO [http-nio-9000-exec-33] org.springframework.jdbc.datasource.DriverManagerDataSource.setDriverClassName Loaded JDBC driver: com.mysql.jdbc.Driver
30-Oct-2018 13:54:29.102 INFO [Abandoned connection cleanup thread] org.apache.catalina.loader.WebappClassLoaderBase.checkStateForResourceLoading Illegal access: this web application instance has been stopped already. Could not load []. The following stack trace is thrown for debugging purposes as well as to attempt to terminate the thread which caused the illegal access.
 java.lang.IllegalStateException: Illegal access: this web application instance has been stopped already. Could not load []. The following stack trace is thrown for debugging purposes as well as to attempt to terminate the thread which caused the illegal access.
	at org.apache.catalina.loader.WebappClassLoaderBase.checkStateForResourceLoading(WebappClassLoaderBase.java:1312)
	at org.apache.catalina.loader.WebappClassLoaderBase.getResource(WebappClassLoaderBase.java:989)
	at com.mysql.cj.jdbc.AbandonedConnectionCleanupThread.checkContextClassLoaders(AbandonedConnectionCleanupThread.java:96)
	at com.mysql.cj.jdbc.AbandonedConnectionCleanupThread.run(AbandonedConnectionCleanupThread.java:69)
	at java.util.concurrent.ThreadPoolExecutor.runWorker(ThreadPoolExecutor.java:1149)
	at java.util.concurrent.ThreadPoolExecutor$Worker.run(ThreadPoolExecutor.java:624)
	at java.lang.Thread.run(Thread.java:748)

30-Oct-2018 13:54:29.144 INFO [http-nio-9000-exec-33] org.springframework.web.servlet.mvc.annotation.DefaultAnnotationHandlerMapping.registerHandler Mapped URL path [/loginProcess] onto handler 'loginController'
30-Oct-2018 13:54:29.145 INFO [http-nio-9000-exec-33] org.springframework.web.servlet.mvc.annotation.DefaultAnnotationHandlerMapping.registerHandler Mapped URL path [/loginProcess.*] onto handler 'loginController'
30-Oct-2018 13:54:29.145 INFO [http-nio-9000-exec-33] org.springframework.web.servlet.mvc.annotation.DefaultAnnotationHandlerMapping.registerHandler Mapped URL path [/loginProcess/] onto handler 'loginController'
30-Oct-2018 13:54:29.145 INFO [http-nio-9000-exec-33] org.springframework.web.servlet.mvc.annotation.DefaultAnnotationHandlerMapping.registerHandler Mapped URL path [/login] onto handler 'loginController'
30-Oct-2018 13:54:29.145 INFO [http-nio-9000-exec-33] org.springframework.web.servlet.mvc.annotation.DefaultAnnotationHandlerMapping.registerHandler Mapped URL path [/login.*] onto handler 'loginController'
30-Oct-2018 13:54:29.145 INFO [http-nio-9000-exec-33] org.springframework.web.servlet.mvc.annotation.DefaultAnnotationHandlerMapping.registerHandler Mapped URL path [/login/] onto handler 'loginController'
30-Oct-2018 13:54:29.146 INFO [http-nio-9000-exec-33] org.springframework.web.servlet.mvc.annotation.DefaultAnnotationHandlerMapping.registerHandler Mapped URL path [/register] onto handler 'registrationController'
30-Oct-2018 13:54:29.146 INFO [http-nio-9000-exec-33] org.springframework.web.servlet.mvc.annotation.DefaultAnnotationHandlerMapping.registerHandler Mapped URL path [/register.*] onto handler 'registrationController'
30-Oct-2018 13:54:29.146 INFO [http-nio-9000-exec-33] org.springframework.web.servlet.mvc.annotation.DefaultAnnotationHandlerMapping.registerHandler Mapped URL path [/register/] onto handler 'registrationController'
30-Oct-2018 13:54:29.146 INFO [http-nio-9000-exec-33] org.springframework.web.servlet.mvc.annotation.DefaultAnnotationHandlerMapping.registerHandler Mapped URL path [/registerProcess] onto handler 'registrationController'
30-Oct-2018 13:54:29.146 INFO [http-nio-9000-exec-33] org.springframework.web.servlet.mvc.annotation.DefaultAnnotationHandlerMapping.registerHandler Mapped URL path [/registerProcess.*] onto handler 'registrationController'
30-Oct-2018 13:54:29.147 INFO [http-nio-9000-exec-33] org.springframework.web.servlet.mvc.annotation.DefaultAnnotationHandlerMapping.registerHandler Mapped URL path [/registerProcess/] onto handler 'registrationController'
30-Oct-2018 13:54:29.250 INFO [http-nio-9000-exec-33] org.springframework.web.servlet.DispatcherServlet.initServletBean FrameworkServlet 'spring-mvc': initialization completed in 633 ms
30-Oct-2018 13:54:29.251 INFO [http-nio-9000-exec-33] org.apache.catalina.core.StandardContext.reload Reloading Context with name [/SpringMvcUser] is completed
30-Oct-2018 13:54:31.895 INFO [Abandoned connection cleanup thread] org.apache.catalina.loader.WebappClassLoaderBase.checkStateForResourceLoading Illegal access: this web application instance has been stopped already. Could not load []. The following stack trace is thrown for debugging purposes as well as to attempt to terminate the thread which caused the illegal access.
 java.lang.IllegalStateException: Illegal access: this web application instance has been stopped already. Could not load []. The following stack trace is thrown for debugging purposes as well as to attempt to terminate the thread which caused the illegal access.
	at org.apache.catalina.loader.WebappClassLoaderBase.checkStateForResourceLoading(WebappClassLoaderBase.java:1312)
	at org.apache.catalina.loader.WebappClassLoaderBase.getResource(WebappClassLoaderBase.java:989)
	at com.mysql.cj.jdbc.AbandonedConnectionCleanupThread.checkContextClassLoaders(AbandonedConnectionCleanupThread.java:96)
	at com.mysql.cj.jdbc.AbandonedConnectionCleanupThread.run(AbandonedConnectionCleanupThread.java:69)
	at java.util.concurrent.ThreadPoolExecutor.runWorker(ThreadPoolExecutor.java:1149)
	at java.util.concurrent.ThreadPoolExecutor$Worker.run(ThreadPoolExecutor.java:624)
	at java.lang.Thread.run(Thread.java:748)

30-Oct-2018 14:17:22.840 INFO [main] org.apache.catalina.core.StandardServer.await A valid shutdown command was received via the shutdown port. Stopping the Server instance.
30-Oct-2018 14:17:22.841 INFO [main] org.apache.coyote.AbstractProtocol.pause Pausing ProtocolHandler ["http-nio-9000"]
30-Oct-2018 14:17:22.991 INFO [main] org.apache.coyote.AbstractProtocol.pause Pausing ProtocolHandler ["ajp-nio-8009"]
30-Oct-2018 14:17:23.098 INFO [main] org.apache.catalina.core.StandardService.stopInternal Stopping service [Catalina]
30-Oct-2018 14:17:23.108 INFO [main] org.springframework.web.context.support.XmlWebApplicationContext.doClose Closing WebApplicationContext for namespace 'spring-mvc-servlet': startup date [Tue Oct 30 13:54:28 CET 2018]; root of context hierarchy
30-Oct-2018 14:17:23.114 WARNING [main] org.apache.catalina.loader.WebappClassLoaderBase.clearReferencesJdbc The web application [SpringMvcUser] registered the JDBC driver [com.mysql.cj.jdbc.Driver] but failed to unregister it when the web application was stopped. To prevent a memory leak, the JDBC Driver has been forcibly unregistered.
30-Oct-2018 14:17:23.115 WARNING [main] org.apache.catalina.loader.WebappClassLoaderBase.clearReferencesThreads The web application [SpringMvcUser] appears to have started a thread named [Abandoned connection cleanup thread] but has failed to stop it. This is very likely to create a memory leak. Stack trace of thread:
 java.lang.Object.wait(Native Method)
 java.lang.ref.ReferenceQueue.remove(ReferenceQueue.java:144)
 com.mysql.cj.jdbc.AbandonedConnectionCleanupThread.run(AbandonedConnectionCleanupThread.java:70)
 java.util.concurrent.ThreadPoolExecutor.runWorker(ThreadPoolExecutor.java:1149)
 java.util.concurrent.ThreadPoolExecutor$Worker.run(ThreadPoolExecutor.java:624)
 java.lang.Thread.run(Thread.java:748)
30-Oct-2018 14:17:23.131 INFO [main] org.apache.coyote.AbstractProtocol.stop Stopping ProtocolHandler ["http-nio-9000"]
30-Oct-2018 14:17:23.133 INFO [main] org.apache.coyote.AbstractProtocol.stop Stopping ProtocolHandler ["ajp-nio-8009"]
30-Oct-2018 14:17:23.135 INFO [main] org.apache.coyote.AbstractProtocol.destroy Destroying ProtocolHandler ["http-nio-9000"]
30-Oct-2018 14:17:23.135 INFO [main] org.apache.coyote.AbstractProtocol.destroy Destroying ProtocolHandler ["ajp-nio-8009"]
