30-Oct-2018 13:14:03.218 INFO [main] org.apache.catalina.core.ApplicationContext.log No Spring WebApplicationInitializer types detected on classpath
30-Oct-2018 13:14:03.438 INFO [main] org.apache.catalina.core.ApplicationContext.log Initializing Spring FrameworkServlet 'spring-mvc'
30-Oct-2018 13:14:05.842 INFO [main] org.apache.catalina.core.ApplicationContext.log ContextListener: contextInitialized()
30-Oct-2018 13:14:05.842 INFO [main] org.apache.catalina.core.ApplicationContext.log SessionListener: contextInitialized()
30-Oct-2018 13:14:05.843 INFO [main] org.apache.catalina.core.ApplicationContext.log ContextListener: attributeAdded('StockTicker', 'async.Stockticker@3e0a9b1d')
30-Oct-2018 13:14:07.891 INFO [http-nio-9000-exec-9] org.apache.catalina.core.ApplicationContext.log Destroying Spring FrameworkServlet 'spring-mvc'
30-Oct-2018 13:14:09.659 INFO [http-nio-9000-exec-3] org.apache.catalina.core.ApplicationContext.log No Spring WebApplicationInitializer types detected on classpath
30-Oct-2018 13:14:09.802 INFO [http-nio-9000-exec-3] org.apache.catalina.core.ApplicationContext.log Initializing Spring FrameworkServlet 'spring-mvc'
30-Oct-2018 13:15:21.300 SEVERE [http-nio-9000-exec-13] org.apache.catalina.core.StandardWrapperValve.invoke Servlet.service() for servlet [spring-mvc] in context with path [/SpringMvcUser] threw exception [Request processing failed; nested exception is org.springframework.jdbc.CannotGetJdbcConnectionException: Could not get JDBC Connection; nested exception is java.sql.SQLException: The server time zone value 'Közép-európai téli id?' is unrecognized or represents more than one time zone. You must configure either the server or JDBC driver (via the serverTimezone configuration property) to use a more specifc time zone value if you want to utilize time zone support.] with root cause
 com.mysql.cj.exceptions.InvalidConnectionAttributeException: The server time zone value 'Közép-európai téli id?' is unrecognized or represents more than one time zone. You must configure either the server or JDBC driver (via the serverTimezone configuration property) to use a more specifc time zone value if you want to utilize time zone support.
	at sun.reflect.NativeConstructorAccessorImpl.newInstance0(Native Method)
	at sun.reflect.NativeConstructorAccessorImpl.newInstance(NativeConstructorAccessorImpl.java:62)
	at sun.reflect.DelegatingConstructorAccessorImpl.newInstance(DelegatingConstructorAccessorImpl.java:45)
	at java.lang.reflect.Constructor.newInstance(Constructor.java:423)
	at com.mysql.cj.exceptions.ExceptionFactory.createException(ExceptionFactory.java:61)
	at com.mysql.cj.exceptions.ExceptionFactory.createException(ExceptionFactory.java:85)
	at com.mysql.cj.util.TimeUtil.getCanonicalTimezone(TimeUtil.java:128)
	at com.mysql.cj.protocol.a.NativeProtocol.configureTimezone(NativeProtocol.java:2236)
	at com.mysql.cj.protocol.a.NativeProtocol.initServerSession(NativeProtocol.java:2260)
	at com.mysql.cj.jdbc.ConnectionImpl.initializePropsFromServer(ConnectionImpl.java:1314)
	at com.mysql.cj.jdbc.ConnectionImpl.connectOneTryOnly(ConnectionImpl.java:963)
	at com.mysql.cj.jdbc.ConnectionImpl.createNewIO(ConnectionImpl.java:822)
	at com.mysql.cj.jdbc.ConnectionImpl.<init>(ConnectionImpl.java:456)
	at com.mysql.cj.jdbc.ConnectionImpl.getInstance(ConnectionImpl.java:240)
	at com.mysql.cj.jdbc.NonRegisteringDriver.connect(NonRegisteringDriver.java:207)
	at java.sql.DriverManager.getConnection(DriverManager.java:664)
	at java.sql.DriverManager.getConnection(DriverManager.java:208)
	at org.springframework.jdbc.datasource.DriverManagerDataSource.getConnectionFromDriverManager(DriverManagerDataSource.java:153)
	at org.springframework.jdbc.datasource.DriverManagerDataSource.getConnectionFromDriver(DriverManagerDataSource.java:144)
	at org.springframework.jdbc.datasource.AbstractDriverBasedDataSource.getConnectionFromDriver(AbstractDriverBasedDataSource.java:196)
	at org.springframework.jdbc.datasource.AbstractDriverBasedDataSource.getConnection(AbstractDriverBasedDataSource.java:159)
	at org.springframework.jdbc.datasource.DataSourceUtils.doGetConnection(DataSourceUtils.java:111)
	at org.springframework.jdbc.datasource.DataSourceUtils.getConnection(DataSourceUtils.java:77)
	at org.springframework.jdbc.core.JdbcTemplate.execute(JdbcTemplate.java:394)
	at org.springframework.jdbc.core.JdbcTemplate.query(JdbcTemplate.java:474)
	at org.springframework.jdbc.core.JdbcTemplate.query(JdbcTemplate.java:484)
	at jbr.springmvc.dao.UserDaoImpl.validateUser(UserDaoImpl.java:37)
	at jbr.springmvc.service.UserServiceImpl.validateUser(UserServiceImpl.java:19)
	at jbr.springmvc.controller.LoginController.loginProcess(LoginController.java:36)
	at sun.reflect.NativeMethodAccessorImpl.invoke0(Native Method)
	at sun.reflect.NativeMethodAccessorImpl.invoke(NativeMethodAccessorImpl.java:62)
	at sun.reflect.DelegatingMethodAccessorImpl.invoke(DelegatingMethodAccessorImpl.java:43)
	at java.lang.reflect.Method.invoke(Method.java:498)
	at org.springframework.web.bind.annotation.support.HandlerMethodInvoker.invokeHandlerMethod(HandlerMethodInvoker.java:180)
	at org.springframework.web.servlet.mvc.annotation.AnnotationMethodHandlerAdapter.invokeHandlerMethod(AnnotationMethodHandlerAdapter.java:440)
	at org.springframework.web.servlet.mvc.annotation.AnnotationMethodHandlerAdapter.handle(AnnotationMethodHandlerAdapter.java:428)
	at org.springframework.web.servlet.DispatcherServlet.doDispatch(DispatcherServlet.java:963)
	at org.springframework.web.servlet.DispatcherServlet.doService(DispatcherServlet.java:897)
	at org.springframework.web.servlet.FrameworkServlet.processRequest(FrameworkServlet.java:970)
	at org.springframework.web.servlet.FrameworkServlet.doPost(FrameworkServlet.java:872)
	at javax.servlet.http.HttpServlet.service(HttpServlet.java:660)
	at org.springframework.web.servlet.FrameworkServlet.service(FrameworkServlet.java:846)
	at javax.servlet.http.HttpServlet.service(HttpServlet.java:741)
	at org.apache.catalina.core.ApplicationFilterChain.internalDoFilter(ApplicationFilterChain.java:231)
	at org.apache.catalina.core.ApplicationFilterChain.doFilter(ApplicationFilterChain.java:166)
	at org.apache.tomcat.websocket.server.WsFilter.doFilter(WsFilter.java:53)
	at org.apache.catalina.core.ApplicationFilterChain.internalDoFilter(ApplicationFilterChain.java:193)
	at org.apache.catalina.core.ApplicationFilterChain.doFilter(ApplicationFilterChain.java:166)
	at org.apache.catalina.core.StandardWrapperValve.invoke(StandardWrapperValve.java:199)
	at org.apache.catalina.core.StandardContextValve.invoke(StandardContextValve.java:96)
	at org.apache.catalina.authenticator.AuthenticatorBase.invoke(AuthenticatorBase.java:494)
	at org.apache.catalina.core.StandardHostValve.invoke(StandardHostValve.java:139)
	at org.apache.catalina.valves.ErrorReportValve.invoke(ErrorReportValve.java:92)
	at org.apache.catalina.valves.AbstractAccessLogValve.invoke(AbstractAccessLogValve.java:651)
	at org.apache.catalina.core.StandardEngineValve.invoke(StandardEngineValve.java:87)
	at org.apache.catalina.connector.CoyoteAdapter.service(CoyoteAdapter.java:343)
	at org.apache.coyote.http11.Http11Processor.service(Http11Processor.java:412)
	at org.apache.coyote.AbstractProcessorLight.process(AbstractProcessorLight.java:66)
	at org.apache.coyote.AbstractProtocol$ConnectionHandler.process(AbstractProtocol.java:754)
	at org.apache.tomcat.util.net.NioEndpoint$SocketProcessor.doRun(NioEndpoint.java:1385)
	at org.apache.tomcat.util.net.SocketProcessorBase.run(SocketProcessorBase.java:49)
	at java.util.concurrent.ThreadPoolExecutor.runWorker(ThreadPoolExecutor.java:1149)
	at java.util.concurrent.ThreadPoolExecutor$Worker.run(ThreadPoolExecutor.java:624)
	at org.apache.tomcat.util.threads.TaskThread$WrappingRunnable.run(TaskThread.java:61)
	at java.lang.Thread.run(Thread.java:748)

30-Oct-2018 13:32:06.927 INFO [http-nio-9000-exec-18] org.apache.catalina.core.ApplicationContext.log Destroying Spring FrameworkServlet 'spring-mvc'
30-Oct-2018 13:32:08.841 INFO [http-nio-9000-exec-12] org.apache.catalina.core.ApplicationContext.log No Spring WebApplicationInitializer types detected on classpath
30-Oct-2018 13:32:09.023 INFO [http-nio-9000-exec-12] org.apache.catalina.core.ApplicationContext.log Initializing Spring FrameworkServlet 'spring-mvc'
30-Oct-2018 13:32:14.747 SEVERE [http-nio-9000-exec-11] org.apache.catalina.core.StandardWrapperValve.invoke Servlet.service() for servlet [spring-mvc] in context with path [/SpringMvcUser] threw exception [Request processing failed; nested exception is org.springframework.jdbc.CannotGetJdbcConnectionException: Could not get JDBC Connection; nested exception is java.sql.SQLException: The server time zone value 'Közép-európai téli id?' is unrecognized or represents more than one time zone. You must configure either the server or JDBC driver (via the serverTimezone configuration property) to use a more specifc time zone value if you want to utilize time zone support.] with root cause
 com.mysql.cj.exceptions.InvalidConnectionAttributeException: The server time zone value 'Közép-európai téli id?' is unrecognized or represents more than one time zone. You must configure either the server or JDBC driver (via the serverTimezone configuration property) to use a more specifc time zone value if you want to utilize time zone support.
	at sun.reflect.NativeConstructorAccessorImpl.newInstance0(Native Method)
	at sun.reflect.NativeConstructorAccessorImpl.newInstance(NativeConstructorAccessorImpl.java:62)
	at sun.reflect.DelegatingConstructorAccessorImpl.newInstance(DelegatingConstructorAccessorImpl.java:45)
	at java.lang.reflect.Constructor.newInstance(Constructor.java:423)
	at com.mysql.cj.exceptions.ExceptionFactory.createException(ExceptionFactory.java:61)
	at com.mysql.cj.exceptions.ExceptionFactory.createException(ExceptionFactory.java:85)
	at com.mysql.cj.util.TimeUtil.getCanonicalTimezone(TimeUtil.java:128)
	at com.mysql.cj.protocol.a.NativeProtocol.configureTimezone(NativeProtocol.java:2236)
	at com.mysql.cj.protocol.a.NativeProtocol.initServerSession(NativeProtocol.java:2260)
	at com.mysql.cj.jdbc.ConnectionImpl.initializePropsFromServer(ConnectionImpl.java:1314)
	at com.mysql.cj.jdbc.ConnectionImpl.connectOneTryOnly(ConnectionImpl.java:963)
	at com.mysql.cj.jdbc.ConnectionImpl.createNewIO(ConnectionImpl.java:822)
	at com.mysql.cj.jdbc.ConnectionImpl.<init>(ConnectionImpl.java:456)
	at com.mysql.cj.jdbc.ConnectionImpl.getInstance(ConnectionImpl.java:240)
	at com.mysql.cj.jdbc.NonRegisteringDriver.connect(NonRegisteringDriver.java:207)
	at java.sql.DriverManager.getConnection(DriverManager.java:664)
	at java.sql.DriverManager.getConnection(DriverManager.java:208)
	at org.springframework.jdbc.datasource.DriverManagerDataSource.getConnectionFromDriverManager(DriverManagerDataSource.java:153)
	at org.springframework.jdbc.datasource.DriverManagerDataSource.getConnectionFromDriver(DriverManagerDataSource.java:144)
	at org.springframework.jdbc.datasource.AbstractDriverBasedDataSource.getConnectionFromDriver(AbstractDriverBasedDataSource.java:196)
	at org.springframework.jdbc.datasource.AbstractDriverBasedDataSource.getConnection(AbstractDriverBasedDataSource.java:159)
	at org.springframework.jdbc.datasource.DataSourceUtils.doGetConnection(DataSourceUtils.java:111)
	at org.springframework.jdbc.datasource.DataSourceUtils.getConnection(DataSourceUtils.java:77)
	at org.springframework.jdbc.core.JdbcTemplate.execute(JdbcTemplate.java:394)
	at org.springframework.jdbc.core.JdbcTemplate.query(JdbcTemplate.java:474)
	at org.springframework.jdbc.core.JdbcTemplate.query(JdbcTemplate.java:484)
	at jbr.springmvc.dao.UserDaoImpl.validateUser(UserDaoImpl.java:37)
	at jbr.springmvc.service.UserServiceImpl.validateUser(UserServiceImpl.java:19)
	at jbr.springmvc.controller.LoginController.loginProcess(LoginController.java:36)
	at sun.reflect.NativeMethodAccessorImpl.invoke0(Native Method)
	at sun.reflect.NativeMethodAccessorImpl.invoke(NativeMethodAccessorImpl.java:62)
	at sun.reflect.DelegatingMethodAccessorImpl.invoke(DelegatingMethodAccessorImpl.java:43)
	at java.lang.reflect.Method.invoke(Method.java:498)
	at org.springframework.web.bind.annotation.support.HandlerMethodInvoker.invokeHandlerMethod(HandlerMethodInvoker.java:180)
	at org.springframework.web.servlet.mvc.annotation.AnnotationMethodHandlerAdapter.invokeHandlerMethod(AnnotationMethodHandlerAdapter.java:440)
	at org.springframework.web.servlet.mvc.annotation.AnnotationMethodHandlerAdapter.handle(AnnotationMethodHandlerAdapter.java:428)
	at org.springframework.web.servlet.DispatcherServlet.doDispatch(DispatcherServlet.java:963)
	at org.springframework.web.servlet.DispatcherServlet.doService(DispatcherServlet.java:897)
	at org.springframework.web.servlet.FrameworkServlet.processRequest(FrameworkServlet.java:970)
	at org.springframework.web.servlet.FrameworkServlet.doPost(FrameworkServlet.java:872)
	at javax.servlet.http.HttpServlet.service(HttpServlet.java:660)
	at org.springframework.web.servlet.FrameworkServlet.service(FrameworkServlet.java:846)
	at javax.servlet.http.HttpServlet.service(HttpServlet.java:741)
	at org.apache.catalina.core.ApplicationFilterChain.internalDoFilter(ApplicationFilterChain.java:231)
	at org.apache.catalina.core.ApplicationFilterChain.doFilter(ApplicationFilterChain.java:166)
	at org.apache.tomcat.websocket.server.WsFilter.doFilter(WsFilter.java:53)
	at org.apache.catalina.core.ApplicationFilterChain.internalDoFilter(ApplicationFilterChain.java:193)
	at org.apache.catalina.core.ApplicationFilterChain.doFilter(ApplicationFilterChain.java:166)
	at org.apache.catalina.core.StandardWrapperValve.invoke(StandardWrapperValve.java:199)
	at org.apache.catalina.core.StandardContextValve.invoke(StandardContextValve.java:96)
	at org.apache.catalina.authenticator.AuthenticatorBase.invoke(AuthenticatorBase.java:494)
	at org.apache.catalina.core.StandardHostValve.invoke(StandardHostValve.java:139)
	at org.apache.catalina.valves.ErrorReportValve.invoke(ErrorReportValve.java:92)
	at org.apache.catalina.valves.AbstractAccessLogValve.invoke(AbstractAccessLogValve.java:651)
	at org.apache.catalina.core.StandardEngineValve.invoke(StandardEngineValve.java:87)
	at org.apache.catalina.connector.CoyoteAdapter.service(CoyoteAdapter.java:343)
	at org.apache.coyote.http11.Http11Processor.service(Http11Processor.java:412)
	at org.apache.coyote.AbstractProcessorLight.process(AbstractProcessorLight.java:66)
	at org.apache.coyote.AbstractProtocol$ConnectionHandler.process(AbstractProtocol.java:754)
	at org.apache.tomcat.util.net.NioEndpoint$SocketProcessor.doRun(NioEndpoint.java:1385)
	at org.apache.tomcat.util.net.SocketProcessorBase.run(SocketProcessorBase.java:49)
	at java.util.concurrent.ThreadPoolExecutor.runWorker(ThreadPoolExecutor.java:1149)
	at java.util.concurrent.ThreadPoolExecutor$Worker.run(ThreadPoolExecutor.java:624)
	at org.apache.tomcat.util.threads.TaskThread$WrappingRunnable.run(TaskThread.java:61)
	at java.lang.Thread.run(Thread.java:748)

30-Oct-2018 13:53:57.077 INFO [http-nio-9000-exec-27] org.apache.catalina.core.ApplicationContext.log Destroying Spring FrameworkServlet 'spring-mvc'
30-Oct-2018 13:53:58.455 INFO [http-nio-9000-exec-27] org.apache.catalina.core.ApplicationContext.log No Spring WebApplicationInitializer types detected on classpath
30-Oct-2018 13:53:58.610 INFO [http-nio-9000-exec-27] org.apache.catalina.core.ApplicationContext.log Initializing Spring FrameworkServlet 'spring-mvc'
30-Oct-2018 13:54:25.360 INFO [http-nio-9000-exec-23] org.apache.catalina.core.ApplicationContext.log Destroying Spring FrameworkServlet 'spring-mvc'
30-Oct-2018 13:54:26.189 INFO [http-nio-9000-exec-23] org.apache.catalina.core.ApplicationContext.log No Spring WebApplicationInitializer types detected on classpath
30-Oct-2018 13:54:26.387 INFO [http-nio-9000-exec-23] org.apache.catalina.core.ApplicationContext.log Initializing Spring FrameworkServlet 'spring-mvc'
30-Oct-2018 13:54:27.439 INFO [http-nio-9000-exec-33] org.apache.catalina.core.ApplicationContext.log Destroying Spring FrameworkServlet 'spring-mvc'
30-Oct-2018 13:54:28.387 INFO [http-nio-9000-exec-33] org.apache.catalina.core.ApplicationContext.log No Spring WebApplicationInitializer types detected on classpath
30-Oct-2018 13:54:28.617 INFO [http-nio-9000-exec-33] org.apache.catalina.core.ApplicationContext.log Initializing Spring FrameworkServlet 'spring-mvc'
30-Oct-2018 14:17:23.107 INFO [main] org.apache.catalina.core.ApplicationContext.log Destroying Spring FrameworkServlet 'spring-mvc'
30-Oct-2018 14:17:23.120 INFO [main] org.apache.catalina.core.ApplicationContext.log SessionListener: contextDestroyed()
30-Oct-2018 14:17:23.120 INFO [main] org.apache.catalina.core.ApplicationContext.log ContextListener: contextDestroyed()
