20-Oct-2018 15:47:30.069 INFO [http-nio-9000-exec-4] org.apache.catalina.core.ApplicationContext.log Manager: init: Associated with Deployer 'Catalina:type=Deployer,host=localhost'
20-Oct-2018 15:47:30.069 INFO [http-nio-9000-exec-4] org.apache.catalina.core.ApplicationContext.log Manager: init: Global resources are available
20-Oct-2018 15:47:30.160 INFO [http-nio-9000-exec-6] org.apache.catalina.core.ApplicationContext.log Manager: list: Listing contexts for virtual host 'localhost'
20-Oct-2018 15:47:30.172 INFO [http-nio-9000-exec-8] org.apache.catalina.core.ApplicationContext.log Manager: list: Listing contexts for virtual host 'localhost'
20-Oct-2018 15:47:30.208 INFO [http-nio-9000-exec-7] org.apache.catalina.core.ApplicationContext.log Manager: undeploy: Undeploying web application at '/SpringMvcUser'
20-Oct-2018 15:47:30.875 INFO [http-nio-9000-exec-10] org.apache.catalina.core.ApplicationContext.log Manager: install: Installing context configuration at 'file:/C:/Users/bzolt/AppData/Local/Temp/context352014870655425182.xml'
20-Oct-2018 15:47:33.104 INFO [http-nio-9000-exec-2] org.apache.catalina.core.ApplicationContext.log Manager: start: Starting web application '/SpringMvcUser'
20-Oct-2018 15:55:35.867 INFO [http-nio-9000-exec-4] org.apache.catalina.core.ApplicationContext.log Manager: init: Associated with Deployer 'Catalina:type=Deployer,host=localhost'
20-Oct-2018 15:55:35.869 INFO [http-nio-9000-exec-4] org.apache.catalina.core.ApplicationContext.log Manager: init: Global resources are available
20-Oct-2018 16:06:50.328 INFO [http-nio-9000-exec-5] org.apache.catalina.core.ApplicationContext.log Manager: init: Associated with Deployer 'Catalina:type=Deployer,host=localhost'
20-Oct-2018 16:06:50.328 INFO [http-nio-9000-exec-5] org.apache.catalina.core.ApplicationContext.log Manager: init: Global resources are available
20-Oct-2018 16:08:05.107 INFO [http-nio-9000-exec-10] org.apache.catalina.core.ApplicationContext.log Manager: list: Listing contexts for virtual host 'localhost'
20-Oct-2018 16:08:05.119 INFO [http-nio-9000-exec-1] org.apache.catalina.core.ApplicationContext.log Manager: undeploy: Undeploying web application at '/SpringMvcUser'
20-Oct-2018 16:08:05.669 INFO [http-nio-9000-exec-4] org.apache.catalina.core.ApplicationContext.log Manager: install: Installing context configuration at 'file:/C:/Users/bzolt/AppData/Local/Temp/context1329660217227713478.xml'
20-Oct-2018 16:08:07.893 INFO [http-nio-9000-exec-5] org.apache.catalina.core.ApplicationContext.log Manager: start: Starting web application '/SpringMvcUser'
20-Oct-2018 16:09:08.217 INFO [http-nio-9000-exec-14] org.apache.catalina.core.ApplicationContext.log Manager: list: Listing contexts for virtual host 'localhost'
20-Oct-2018 16:09:08.222 INFO [http-nio-9000-exec-6] org.apache.catalina.core.ApplicationContext.log Manager: list: Listing contexts for virtual host 'localhost'
20-Oct-2018 16:09:08.231 INFO [http-nio-9000-exec-8] org.apache.catalina.core.ApplicationContext.log Manager: undeploy: Undeploying web application at '/SpringMvcUser'
20-Oct-2018 16:09:08.759 INFO [http-nio-9000-exec-6] org.apache.catalina.core.ApplicationContext.log Manager: install: Installing context configuration at 'file:/C:/Users/bzolt/AppData/Local/Temp/context6646858228128433061.xml'
20-Oct-2018 16:09:10.717 INFO [http-nio-9000-exec-14] org.apache.catalina.core.ApplicationContext.log Manager: start: Starting web application '/SpringMvcUser'
20-Oct-2018 16:22:15.514 INFO [http-nio-9000-exec-22] org.apache.catalina.core.ApplicationContext.log Manager: list: Listing contexts for virtual host 'localhost'
20-Oct-2018 16:22:15.519 INFO [http-nio-9000-exec-17] org.apache.catalina.core.ApplicationContext.log Manager: list: Listing contexts for virtual host 'localhost'
20-Oct-2018 16:22:15.528 INFO [http-nio-9000-exec-23] org.apache.catalina.core.ApplicationContext.log Manager: undeploy: Undeploying web application at '/SpringMvcUser'
20-Oct-2018 16:22:16.062 INFO [http-nio-9000-exec-21] org.apache.catalina.core.ApplicationContext.log Manager: install: Installing context configuration at 'file:/C:/Users/bzolt/AppData/Local/Temp/context8998101196125457590.xml'
20-Oct-2018 16:22:17.980 INFO [http-nio-9000-exec-18] org.apache.catalina.core.ApplicationContext.log Manager: start: Starting web application '/SpringMvcUser'
