01-Oct-2018 00:01:18.688 INFO [http-nio-8080-exec-2] org.apache.catalina.core.ApplicationContext.log Manager: init: Associated with Deployer 'Catalina:type=Deployer,host=localhost'
01-Oct-2018 00:01:18.688 INFO [http-nio-8080-exec-2] org.apache.catalina.core.ApplicationContext.log Manager: init: Global resources are available
01-Oct-2018 11:33:58.492 INFO [http-nio-9000-exec-5] org.apache.catalina.core.ApplicationContext.log Manager: init: Associated with Deployer 'Catalina:type=Deployer,host=localhost'
01-Oct-2018 11:33:58.493 INFO [http-nio-9000-exec-5] org.apache.catalina.core.ApplicationContext.log Manager: init: Global resources are available
01-Oct-2018 11:33:58.638 INFO [http-nio-9000-exec-7] org.apache.catalina.core.ApplicationContext.log Manager: list: Listing contexts for virtual host 'localhost'
01-Oct-2018 11:33:58.643 INFO [http-nio-9000-exec-8] org.apache.catalina.core.ApplicationContext.log Manager: list: Listing contexts for virtual host 'localhost'
01-Oct-2018 11:34:08.239 INFO [http-nio-9000-exec-9] org.apache.catalina.core.ApplicationContext.log Manager: list: Listing contexts for virtual host 'localhost'
01-Oct-2018 11:34:08.250 INFO [http-nio-9000-exec-4] org.apache.catalina.core.ApplicationContext.log Manager: list: Listing contexts for virtual host 'localhost'
01-Oct-2018 11:34:08.509 INFO [http-nio-9000-exec-5] org.apache.catalina.core.ApplicationContext.log Manager: install: Installing context configuration at 'file:/C:/Users/bzolt/AppData/Local/Temp/context5250137220758491439.xml'
01-Oct-2018 11:39:51.246 INFO [http-nio-9000-exec-9] org.apache.catalina.core.ApplicationContext.log Manager: list: Listing contexts for virtual host 'localhost'
01-Oct-2018 11:39:51.254 INFO [http-nio-9000-exec-3] org.apache.catalina.core.ApplicationContext.log Manager: undeploy: Undeploying web application at '/WashingMachine'
01-Oct-2018 11:39:51.810 INFO [http-nio-9000-exec-4] org.apache.catalina.core.ApplicationContext.log Manager: install: Installing context configuration at 'file:/C:/Users/bzolt/AppData/Local/Temp/context2588054228386317618.xml'
01-Oct-2018 11:40:13.974 INFO [http-nio-9000-exec-5] org.apache.catalina.core.ApplicationContext.log Manager: list: Listing contexts for virtual host 'localhost'
01-Oct-2018 11:40:13.991 INFO [http-nio-9000-exec-11] org.apache.catalina.core.ApplicationContext.log Manager: undeploy: Undeploying web application at '/WashingMachine'
01-Oct-2018 11:40:14.537 INFO [http-nio-9000-exec-12] org.apache.catalina.core.ApplicationContext.log Manager: install: Installing context configuration at 'file:/C:/Users/bzolt/AppData/Local/Temp/context1004144272114850487.xml'
01-Oct-2018 11:46:38.810 INFO [http-nio-9000-exec-22] org.apache.catalina.core.ApplicationContext.log Manager: list: Listing contexts for virtual host 'localhost'
01-Oct-2018 11:46:38.826 INFO [http-nio-9000-exec-17] org.apache.catalina.core.ApplicationContext.log Manager: undeploy: Undeploying web application at '/WashingMachine'
01-Oct-2018 11:46:39.360 INFO [http-nio-9000-exec-19] org.apache.catalina.core.ApplicationContext.log Manager: install: Installing context configuration at 'file:/C:/Users/bzolt/AppData/Local/Temp/context6227868222132761375.xml'
01-Oct-2018 11:46:59.531 INFO [http-nio-9000-exec-18] org.apache.catalina.core.ApplicationContext.log Manager: list: Listing contexts for virtual host 'localhost'
01-Oct-2018 11:46:59.540 INFO [http-nio-9000-exec-20] org.apache.catalina.core.ApplicationContext.log Manager: undeploy: Undeploying web application at '/WashingMachine'
01-Oct-2018 11:47:00.067 INFO [http-nio-9000-exec-18] org.apache.catalina.core.ApplicationContext.log Manager: install: Installing context configuration at 'file:/C:/Users/bzolt/AppData/Local/Temp/context1463944042750084782.xml'
01-Oct-2018 11:48:36.906 INFO [http-nio-9000-exec-28] org.apache.catalina.core.ApplicationContext.log Manager: list: Listing contexts for virtual host 'localhost'
01-Oct-2018 11:48:36.922 INFO [http-nio-9000-exec-26] org.apache.catalina.core.ApplicationContext.log Manager: undeploy: Undeploying web application at '/WashingMachine'
01-Oct-2018 11:48:37.457 INFO [http-nio-9000-exec-29] org.apache.catalina.core.ApplicationContext.log Manager: install: Installing context configuration at 'file:/C:/Users/bzolt/AppData/Local/Temp/context2471453708825534291.xml'
01-Oct-2018 11:48:56.918 INFO [http-nio-9000-exec-34] org.apache.catalina.core.ApplicationContext.log Manager: list: Listing contexts for virtual host 'localhost'
01-Oct-2018 11:48:56.933 INFO [http-nio-9000-exec-24] org.apache.catalina.core.ApplicationContext.log Manager: undeploy: Undeploying web application at '/WashingMachine'
01-Oct-2018 11:48:57.482 INFO [http-nio-9000-exec-32] org.apache.catalina.core.ApplicationContext.log Manager: install: Installing context configuration at 'file:/C:/Users/bzolt/AppData/Local/Temp/context4667184399366523449.xml'
01-Oct-2018 11:51:08.312 INFO [http-nio-8080-exec-4] org.apache.catalina.core.ApplicationContext.log Manager: init: Associated with Deployer 'Catalina:type=Deployer,host=localhost'
01-Oct-2018 11:51:08.312 INFO [http-nio-8080-exec-4] org.apache.catalina.core.ApplicationContext.log Manager: init: Global resources are available
01-Oct-2018 11:51:14.189 INFO [http-nio-8080-exec-1] org.apache.catalina.core.ApplicationContext.log Manager: list: Listing contexts for virtual host 'localhost'
01-Oct-2018 11:51:14.197 INFO [http-nio-8080-exec-7] org.apache.catalina.core.ApplicationContext.log Manager: undeploy: Undeploying web application at '/WashingMachine'
01-Oct-2018 11:51:14.843 INFO [http-nio-8080-exec-6] org.apache.catalina.core.ApplicationContext.log Manager: install: Installing context configuration at 'file:/C:/Users/bzolt/AppData/Local/Temp/context1256454741376871543.xml'
01-Oct-2018 11:51:35.862 INFO [http-nio-8080-exec-10] org.apache.catalina.core.ApplicationContext.log Manager: start: Starting web application '/WashingMachine'
01-Oct-2018 11:52:41.893 INFO [http-nio-8080-exec-11] org.apache.catalina.core.ApplicationContext.log Manager: list: Listing contexts for virtual host 'localhost'
01-Oct-2018 11:52:41.900 INFO [http-nio-8080-exec-12] org.apache.catalina.core.ApplicationContext.log Manager: list: Listing contexts for virtual host 'localhost'
01-Oct-2018 11:52:41.915 INFO [http-nio-8080-exec-16] org.apache.catalina.core.ApplicationContext.log Manager: undeploy: Undeploying web application at '/WashingMachine'
01-Oct-2018 11:52:42.887 INFO [http-nio-8080-exec-12] org.apache.catalina.core.ApplicationContext.log Manager: install: Installing context configuration at 'file:/C:/Users/bzolt/AppData/Local/Temp/context4330092013889005377.xml'
01-Oct-2018 11:53:06.082 INFO [http-nio-8080-exec-21] org.apache.catalina.core.ApplicationContext.log Manager: start: Starting web application '/WashingMachine'
01-Oct-2018 12:24:09.117 INFO [http-nio-8080-exec-6] org.apache.catalina.core.ApplicationContext.log Manager: init: Associated with Deployer 'Catalina:type=Deployer,host=localhost'
01-Oct-2018 12:24:09.117 INFO [http-nio-8080-exec-6] org.apache.catalina.core.ApplicationContext.log Manager: init: Global resources are available
01-Oct-2018 12:24:09.157 INFO [http-nio-8080-exec-8] org.apache.catalina.core.ApplicationContext.log Manager: list: Listing contexts for virtual host 'localhost'
01-Oct-2018 12:24:09.161 INFO [http-nio-8080-exec-9] org.apache.catalina.core.ApplicationContext.log Manager: list: Listing contexts for virtual host 'localhost'
01-Oct-2018 12:24:09.174 INFO [http-nio-8080-exec-4] org.apache.catalina.core.ApplicationContext.log Manager: undeploy: Undeploying web application at '/'
01-Oct-2018 12:24:09.701 INFO [http-nio-8080-exec-6] org.apache.catalina.core.ApplicationContext.log Manager: undeploy: Undeploying web application at '/WashingMachine'
01-Oct-2018 12:24:10.212 INFO [http-nio-8080-exec-9] org.apache.catalina.core.ApplicationContext.log Manager: install: Installing context configuration at 'file:/C:/Users/bzolt/AppData/Local/Temp/context8755629081901724079.xml'
01-Oct-2018 12:24:28.013 INFO [http-nio-8080-exec-1] org.apache.catalina.core.ApplicationContext.log Manager: list: Listing contexts for virtual host 'localhost'
01-Oct-2018 12:24:28.017 INFO [http-nio-8080-exec-7] org.apache.catalina.core.ApplicationContext.log Manager: list: Listing contexts for virtual host 'localhost'
01-Oct-2018 12:24:28.031 INFO [http-nio-8080-exec-8] org.apache.catalina.core.ApplicationContext.log Manager: install: Installing context configuration at 'file:/C:/Users/bzolt/AppData/Local/Temp/context2004481885765319430.xml'
01-Oct-2018 12:25:51.246 INFO [http-nio-8080-exec-13] org.apache.catalina.core.ApplicationContext.log Manager: list: Listing contexts for virtual host 'localhost'
01-Oct-2018 12:26:35.594 INFO [http-nio-8080-exec-12] org.apache.catalina.core.ApplicationContext.log Manager: list: Listing contexts for virtual host 'localhost'
01-Oct-2018 12:26:51.448 INFO [http-nio-8080-exec-12] org.apache.catalina.core.ApplicationContext.log Manager: list: Listing contexts for virtual host 'localhost'
01-Oct-2018 12:26:51.456 INFO [http-nio-8080-exec-20] org.apache.catalina.core.ApplicationContext.log Manager: list: Listing contexts for virtual host 'localhost'
01-Oct-2018 12:26:51.485 INFO [http-nio-8080-exec-16] org.apache.catalina.core.ApplicationContext.log Manager: undeploy: Undeploying web application at '/'
01-Oct-2018 12:26:52.004 INFO [http-nio-8080-exec-18] org.apache.catalina.core.ApplicationContext.log Manager: install: Installing context configuration at 'file:/C:/Users/bzolt/AppData/Local/Temp/context7426463896993498907.xml'
01-Oct-2018 12:27:08.292 INFO [http-nio-8080-exec-20] org.apache.catalina.core.ApplicationContext.log Manager: list: Listing contexts for virtual host 'localhost'
01-Oct-2018 12:27:08.296 INFO [http-nio-8080-exec-13] org.apache.catalina.core.ApplicationContext.log Manager: list: Listing contexts for virtual host 'localhost'
01-Oct-2018 12:27:08.304 INFO [http-nio-8080-exec-17] org.apache.catalina.core.ApplicationContext.log Manager: undeploy: Undeploying web application at '/WashingMachine'
01-Oct-2018 12:27:08.820 INFO [http-nio-8080-exec-18] org.apache.catalina.core.ApplicationContext.log Manager: install: Installing context configuration at 'file:/C:/Users/bzolt/AppData/Local/Temp/context2890125471605070372.xml'
01-Oct-2018 12:28:26.977 INFO [http-nio-8080-exec-20] org.apache.catalina.core.ApplicationContext.log Manager: list: Listing contexts for virtual host 'localhost'
01-Oct-2018 12:28:26.987 INFO [http-nio-8080-exec-16] org.apache.catalina.core.ApplicationContext.log Manager: undeploy: Undeploying web application at '/WashingMachine'
01-Oct-2018 12:28:48.962 INFO [http-nio-8080-exec-18] org.apache.catalina.core.ApplicationContext.log Manager: list: Listing contexts for virtual host 'localhost'
01-Oct-2018 12:28:48.975 INFO [http-nio-9000-exec-64] org.apache.catalina.core.ApplicationContext.log Manager: list: Listing contexts for virtual host 'localhost'
01-Oct-2018 12:28:48.993 INFO [http-nio-9000-exec-66] org.apache.catalina.core.ApplicationContext.log Manager: install: Installing context configuration at 'file:/C:/Users/bzolt/AppData/Local/Temp/context8941828722119106023.xml'
01-Oct-2018 12:29:06.371 INFO [http-nio-9000-exec-58] org.apache.catalina.core.ApplicationContext.log Manager: list: Listing contexts for virtual host 'localhost'
01-Oct-2018 12:29:06.377 INFO [http-nio-9000-exec-66] org.apache.catalina.core.ApplicationContext.log Manager: list: Listing contexts for virtual host 'localhost'
01-Oct-2018 12:29:06.393 INFO [http-nio-9000-exec-68] org.apache.catalina.core.ApplicationContext.log Manager: install: Installing context configuration at 'file:/C:/Users/bzolt/AppData/Local/Temp/context4626620994646684345.xml'
01-Oct-2018 12:31:18.512 INFO [http-nio-9000-exec-66] org.apache.catalina.core.ApplicationContext.log Manager: list: Listing contexts for virtual host 'localhost'
01-Oct-2018 12:31:21.675 INFO [http-nio-9000-exec-74] org.apache.catalina.core.ApplicationContext.log Manager: list: Listing contexts for virtual host 'localhost'
01-Oct-2018 12:31:45.608 INFO [http-nio-9000-exec-68] org.apache.catalina.core.ApplicationContext.log Manager: list: Listing contexts for virtual host 'localhost'
01-Oct-2018 12:31:45.613 INFO [http-nio-9000-exec-72] org.apache.catalina.core.ApplicationContext.log Manager: list: Listing contexts for virtual host 'localhost'
01-Oct-2018 12:31:45.664 INFO [http-nio-9000-exec-71] org.apache.catalina.core.ApplicationContext.log Manager: install: Installing context configuration at 'file:/C:/Users/bzolt/AppData/Local/Temp/context7086498884668221308.xml'
01-Oct-2018 12:31:58.141 INFO [http-nio-9000-exec-75] org.apache.catalina.core.ApplicationContext.log Manager: list: Listing contexts for virtual host 'localhost'
01-Oct-2018 12:31:58.145 INFO [http-nio-9000-exec-72] org.apache.catalina.core.ApplicationContext.log Manager: list: Listing contexts for virtual host 'localhost'
01-Oct-2018 12:31:58.157 INFO [http-nio-9000-exec-71] org.apache.catalina.core.ApplicationContext.log Manager: install: Installing context configuration at 'file:/C:/Users/bzolt/AppData/Local/Temp/context2501305185605657658.xml'
01-Oct-2018 12:33:07.489 INFO [http-nio-9000-exec-69] org.apache.catalina.core.ApplicationContext.log Manager: list: Listing contexts for virtual host 'localhost'
01-Oct-2018 12:33:07.814 INFO [http-nio-9000-exec-75] org.apache.catalina.core.ApplicationContext.log Manager: list: Listing contexts for virtual host 'localhost'
01-Oct-2018 12:33:22.026 INFO [http-nio-9000-exec-75] org.apache.catalina.core.ApplicationContext.log Manager: list: Listing contexts for virtual host 'localhost'
01-Oct-2018 12:33:22.033 INFO [http-nio-9000-exec-74] org.apache.catalina.core.ApplicationContext.log Manager: list: Listing contexts for virtual host 'localhost'
01-Oct-2018 12:33:22.061 INFO [http-nio-9000-exec-66] org.apache.catalina.core.ApplicationContext.log Manager: install: Installing context configuration at 'file:/C:/Users/bzolt/AppData/Local/Temp/context4043891670949221063.xml'
01-Oct-2018 12:33:38.276 INFO [http-nio-9000-exec-71] org.apache.catalina.core.ApplicationContext.log Manager: list: Listing contexts for virtual host 'localhost'
01-Oct-2018 12:33:38.281 INFO [http-nio-9000-exec-74] org.apache.catalina.core.ApplicationContext.log Manager: list: Listing contexts for virtual host 'localhost'
01-Oct-2018 12:33:38.297 INFO [http-nio-9000-exec-73] org.apache.catalina.core.ApplicationContext.log Manager: install: Installing context configuration at 'file:/C:/Users/bzolt/AppData/Local/Temp/context5454754970975716373.xml'
01-Oct-2018 12:36:39.942 INFO [http-nio-9000-exec-67] org.apache.catalina.core.ApplicationContext.log Manager: list: Listing contexts for virtual host 'localhost'
01-Oct-2018 12:36:59.587 INFO [http-nio-9000-exec-71] org.apache.catalina.core.ApplicationContext.log Manager: list: Listing contexts for virtual host 'localhost'
01-Oct-2018 12:37:49.749 INFO [http-nio-9000-exec-67] org.apache.catalina.core.ApplicationContext.log Manager: list: Listing contexts for virtual host 'localhost'
01-Oct-2018 12:37:49.768 INFO [http-nio-9000-exec-69] org.apache.catalina.core.ApplicationContext.log Manager: list: Listing contexts for virtual host 'localhost'
01-Oct-2018 12:37:49.797 INFO [http-nio-9000-exec-68] org.apache.catalina.core.ApplicationContext.log Manager: install: Installing context configuration at 'file:/C:/Users/bzolt/AppData/Local/Temp/context398528428143346077.xml'
01-Oct-2018 12:38:00.666 INFO [http-nio-9000-exec-74] org.apache.catalina.core.ApplicationContext.log Manager: list: Listing contexts for virtual host 'localhost'
01-Oct-2018 12:38:04.119 INFO [http-nio-9000-exec-66] org.apache.catalina.core.ApplicationContext.log Manager: list: Listing contexts for virtual host 'localhost'
01-Oct-2018 12:38:04.134 INFO [http-nio-9000-exec-70] org.apache.catalina.core.ApplicationContext.log Manager: list: Listing contexts for virtual host 'localhost'
01-Oct-2018 12:38:04.164 INFO [http-nio-9000-exec-72] org.apache.catalina.core.ApplicationContext.log Manager: install: Installing context configuration at 'file:/C:/Users/bzolt/AppData/Local/Temp/context7965614961113406509.xml'
01-Oct-2018 12:38:07.532 INFO [http-nio-9000-exec-66] org.apache.catalina.core.ApplicationContext.log Manager: list: Listing contexts for virtual host 'localhost'
01-Oct-2018 12:38:24.155 INFO [http-nio-9000-exec-70] org.apache.catalina.core.ApplicationContext.log Manager: list: Listing contexts for virtual host 'localhost'
01-Oct-2018 12:38:45.644 INFO [http-nio-9000-exec-68] org.apache.catalina.core.ApplicationContext.log Manager: list: Listing contexts for virtual host 'localhost'
01-Oct-2018 12:38:59.973 INFO [http-nio-9000-exec-71] org.apache.catalina.core.ApplicationContext.log Manager: list: Listing contexts for virtual host 'localhost'
01-Oct-2018 12:38:59.981 INFO [http-nio-9000-exec-73] org.apache.catalina.core.ApplicationContext.log Manager: list: Listing contexts for virtual host 'localhost'
01-Oct-2018 12:38:59.996 INFO [http-nio-9000-exec-74] org.apache.catalina.core.ApplicationContext.log Manager: install: Installing context configuration at 'file:/C:/Users/bzolt/AppData/Local/Temp/context8455034937695877279.xml'
01-Oct-2018 12:39:01.652 INFO [http-nio-9000-exec-67] org.apache.catalina.core.ApplicationContext.log Manager: list: Listing contexts for virtual host 'localhost'
01-Oct-2018 12:39:18.078 INFO [http-nio-9000-exec-77] org.apache.catalina.core.ApplicationContext.log Manager: list: Listing contexts for virtual host 'localhost'
01-Oct-2018 12:39:18.082 INFO [http-nio-9000-exec-74] org.apache.catalina.core.ApplicationContext.log Manager: list: Listing contexts for virtual host 'localhost'
01-Oct-2018 12:39:18.098 INFO [http-nio-9000-exec-67] org.apache.catalina.core.ApplicationContext.log Manager: install: Installing context configuration at 'file:/C:/Users/bzolt/AppData/Local/Temp/context2000584775786748314.xml'
01-Oct-2018 13:00:22.948 INFO [http-nio-9000-exec-1] org.apache.catalina.core.ApplicationContext.log Manager: init: Associated with Deployer 'Catalina:type=Deployer,host=localhost'
01-Oct-2018 13:00:22.948 INFO [http-nio-9000-exec-1] org.apache.catalina.core.ApplicationContext.log Manager: init: Global resources are available
01-Oct-2018 13:00:22.995 INFO [http-nio-9000-exec-3] org.apache.catalina.core.ApplicationContext.log Manager: list: Listing contexts for virtual host 'localhost'
01-Oct-2018 13:00:23.011 INFO [http-nio-9000-exec-4] org.apache.catalina.core.ApplicationContext.log Manager: list: Listing contexts for virtual host 'localhost'
01-Oct-2018 13:00:23.063 INFO [http-nio-9000-exec-2] org.apache.catalina.core.ApplicationContext.log Manager: undeploy: Undeploying web application at '/WashingMachin'
01-Oct-2018 13:00:23.629 INFO [http-nio-9000-exec-4] org.apache.catalina.core.ApplicationContext.log Manager: install: Installing context configuration at 'file:/C:/Users/bzolt/AppData/Local/Temp/context2885539671008665300.xml'
01-Oct-2018 13:00:39.103 INFO [http-nio-9000-exec-8] org.apache.catalina.core.ApplicationContext.log Manager: list: Listing contexts for virtual host 'localhost'
01-Oct-2018 13:00:39.106 INFO [http-nio-9000-exec-6] org.apache.catalina.core.ApplicationContext.log Manager: list: Listing contexts for virtual host 'localhost'
01-Oct-2018 13:00:39.114 INFO [http-nio-9000-exec-3] org.apache.catalina.core.ApplicationContext.log Manager: undeploy: Undeploying web application at '/WashingMachin'
01-Oct-2018 13:00:39.644 INFO [http-nio-9000-exec-14] org.apache.catalina.core.ApplicationContext.log Manager: install: Installing context configuration at 'file:/C:/Users/bzolt/AppData/Local/Temp/context2282415028923019216.xml'
01-Oct-2018 13:06:18.571 INFO [http-nio-9000-exec-21] org.apache.catalina.core.ApplicationContext.log Manager: list: Listing contexts for virtual host 'localhost'
01-Oct-2018 20:37:05.919 INFO [http-nio-9000-exec-4] org.apache.catalina.core.ApplicationContext.log Manager: init: Associated with Deployer 'Catalina:type=Deployer,host=localhost'
01-Oct-2018 20:37:05.920 INFO [http-nio-9000-exec-4] org.apache.catalina.core.ApplicationContext.log Manager: init: Global resources are available
01-Oct-2018 20:37:06.003 INFO [http-nio-9000-exec-3] org.apache.catalina.core.ApplicationContext.log Manager: list: Listing contexts for virtual host 'localhost'
01-Oct-2018 20:37:06.008 INFO [http-nio-9000-exec-1] org.apache.catalina.core.ApplicationContext.log Manager: list: Listing contexts for virtual host 'localhost'
01-Oct-2018 20:37:06.034 INFO [http-nio-9000-exec-7] org.apache.catalina.core.ApplicationContext.log Manager: undeploy: Undeploying web application at '/WashingMachin'
