04-Nov-2018 16:20:45.807 INFO [http-nio-9000-exec-7] org.apache.catalina.core.ApplicationContext.log Manager: init: Associated with Deployer 'Catalina:type=Deployer,host=localhost'
04-Nov-2018 16:20:45.808 INFO [http-nio-9000-exec-7] org.apache.catalina.core.ApplicationContext.log Manager: init: Global resources are available
04-Nov-2018 16:20:45.978 INFO [http-nio-9000-exec-9] org.apache.catalina.core.ApplicationContext.log Manager: list: Listing contexts for virtual host 'localhost'
04-Nov-2018 16:20:45.984 INFO [http-nio-9000-exec-10] org.apache.catalina.core.ApplicationContext.log Manager: list: Listing contexts for virtual host 'localhost'
04-Nov-2018 16:20:46.001 INFO [http-nio-9000-exec-1] org.apache.catalina.core.ApplicationContext.log Manager: undeploy: Undeploying web application at '/SpringMvcUser'
04-Nov-2018 16:20:46.542 INFO [http-nio-9000-exec-7] org.apache.catalina.core.ApplicationContext.log Manager: install: Installing context configuration at 'file:/C:/Users/bzolt/AppData/Local/Temp/context4149212890251951434.xml'
04-Nov-2018 16:20:48.229 INFO [http-nio-9000-exec-12] org.apache.catalina.core.ApplicationContext.log Manager: start: Starting web application '/SpringMvcUser'
04-Nov-2018 16:22:10.263 INFO [http-nio-9000-exec-11] org.apache.catalina.core.ApplicationContext.log Manager: list: Listing contexts for virtual host 'localhost'
04-Nov-2018 16:22:10.372 INFO [http-nio-9000-exec-13] org.apache.catalina.core.ApplicationContext.log Manager: restart: Reloading web application '/SpringMvcUser'
04-Nov-2018 16:22:45.815 INFO [http-nio-9000-exec-20] org.apache.catalina.core.ApplicationContext.log Manager: list: Listing contexts for virtual host 'localhost'
04-Nov-2018 16:22:45.827 INFO [http-nio-9000-exec-12] org.apache.catalina.core.ApplicationContext.log Manager: undeploy: Undeploying web application at '/SpringMvcUser'
04-Nov-2018 16:38:23.708 INFO [http-nio-9000-exec-22] org.apache.catalina.core.ApplicationContext.log Manager: list: Listing contexts for virtual host 'localhost'
04-Nov-2018 16:38:23.712 INFO [http-nio-9000-exec-24] org.apache.catalina.core.ApplicationContext.log Manager: list: Listing contexts for virtual host 'localhost'
04-Nov-2018 16:38:23.728 INFO [http-nio-9000-exec-27] org.apache.catalina.core.ApplicationContext.log Manager: install: Installing context configuration at 'file:/C:/Users/bzolt/AppData/Local/Temp/context7852498324924421224.xml'
04-Nov-2018 16:38:25.175 INFO [http-nio-9000-exec-26] org.apache.catalina.core.ApplicationContext.log Manager: start: Starting web application '/SpringMvcUser'
04-Nov-2018 16:38:34.874 INFO [http-nio-9000-exec-30] org.apache.catalina.core.ApplicationContext.log Manager: list: Listing contexts for virtual host 'localhost'
04-Nov-2018 16:38:34.881 INFO [http-nio-9000-exec-29] org.apache.catalina.core.ApplicationContext.log Manager: undeploy: Undeploying web application at '/SpringMvcUser'
04-Nov-2018 16:38:42.204 INFO [http-nio-9000-exec-31] org.apache.catalina.core.ApplicationContext.log Manager: list: Listing contexts for virtual host 'localhost'
04-Nov-2018 16:38:42.207 INFO [http-nio-9000-exec-28] org.apache.catalina.core.ApplicationContext.log Manager: list: Listing contexts for virtual host 'localhost'
04-Nov-2018 16:38:42.220 INFO [http-nio-9000-exec-32] org.apache.catalina.core.ApplicationContext.log Manager: install: Installing context configuration at 'file:/C:/Users/bzolt/AppData/Local/Temp/context237966723127234180.xml'
04-Nov-2018 16:38:43.780 INFO [http-nio-9000-exec-24] org.apache.catalina.core.ApplicationContext.log Manager: start: Starting web application '/SpringMvcUser'
04-Nov-2018 16:41:45.741 INFO [http-nio-9000-exec-41] org.apache.catalina.core.ApplicationContext.log Manager: list: Listing contexts for virtual host 'localhost'
04-Nov-2018 16:41:45.755 INFO [http-nio-9000-exec-32] org.apache.catalina.core.ApplicationContext.log Manager: stop: Stopping web application '/SpringMvcUser'
04-Nov-2018 16:41:45.782 INFO [http-nio-9000-exec-40] org.apache.catalina.core.ApplicationContext.log Manager: start: Starting web application '/SpringMvcUser'
04-Nov-2018 16:41:47.679 INFO [http-nio-9000-exec-39] org.apache.catalina.core.ApplicationContext.log Manager: list: Listing contexts for virtual host 'localhost'
04-Nov-2018 16:41:47.843 INFO [http-nio-9000-exec-36] org.apache.catalina.core.ApplicationContext.log Manager: restart: Reloading web application '/SpringMvcUser'
04-Nov-2018 16:41:48.833 INFO [http-nio-9000-exec-43] org.apache.catalina.core.ApplicationContext.log Manager: list: Listing contexts for virtual host 'localhost'
04-Nov-2018 16:41:49.635 INFO [http-nio-9000-exec-37] org.apache.catalina.core.ApplicationContext.log Manager: undeploy: Undeploying web application at '/SpringMvcUser'
04-Nov-2018 16:41:59.544 INFO [http-nio-9000-exec-47] org.apache.catalina.core.ApplicationContext.log Manager: list: Listing contexts for virtual host 'localhost'
04-Nov-2018 16:41:59.551 INFO [http-nio-9000-exec-34] org.apache.catalina.core.ApplicationContext.log Manager: list: Listing contexts for virtual host 'localhost'
04-Nov-2018 16:41:59.567 INFO [http-nio-9000-exec-38] org.apache.catalina.core.ApplicationContext.log Manager: install: Installing context configuration at 'file:/C:/Users/bzolt/AppData/Local/Temp/context3119287985998562605.xml'
04-Nov-2018 16:42:01.258 INFO [http-nio-9000-exec-44] org.apache.catalina.core.ApplicationContext.log Manager: start: Starting web application '/SpringMvcUser'
04-Nov-2018 16:43:47.753 INFO [http-nio-9000-exec-48] org.apache.catalina.core.ApplicationContext.log Manager: list: Listing contexts for virtual host 'localhost'
04-Nov-2018 16:43:47.757 INFO [http-nio-9000-exec-51] org.apache.catalina.core.ApplicationContext.log Manager: list: Listing contexts for virtual host 'localhost'
04-Nov-2018 16:43:47.766 INFO [http-nio-9000-exec-50] org.apache.catalina.core.ApplicationContext.log Manager: undeploy: Undeploying web application at '/SpringMvcUser'
04-Nov-2018 16:43:48.299 INFO [http-nio-9000-exec-49] org.apache.catalina.core.ApplicationContext.log Manager: install: Installing context configuration at 'file:/C:/Users/bzolt/AppData/Local/Temp/context67205473093553744.xml'
04-Nov-2018 16:43:49.996 INFO [http-nio-9000-exec-45] org.apache.catalina.core.ApplicationContext.log Manager: start: Starting web application '/SpringMvcUser'
04-Nov-2018 16:52:23.423 INFO [http-nio-9000-exec-54] org.apache.catalina.core.ApplicationContext.log Manager: list: Listing contexts for virtual host 'localhost'
04-Nov-2018 16:52:23.630 INFO [http-nio-9000-exec-56] org.apache.catalina.core.ApplicationContext.log Manager: restart: Reloading web application '/SpringMvcUser'
04-Nov-2018 16:52:56.285 INFO [http-nio-9000-exec-63] org.apache.catalina.core.ApplicationContext.log Manager: list: Listing contexts for virtual host 'localhost'
04-Nov-2018 16:52:56.476 INFO [http-nio-9000-exec-65] org.apache.catalina.core.ApplicationContext.log Manager: restart: Reloading web application '/SpringMvcUser'
04-Nov-2018 16:52:57.041 INFO [http-nio-9000-exec-62] org.apache.catalina.core.ApplicationContext.log Manager: list: Listing contexts for virtual host 'localhost'
04-Nov-2018 16:52:58.368 INFO [http-nio-9000-exec-59] org.apache.catalina.core.ApplicationContext.log Manager: undeploy: Undeploying web application at '/SpringMvcUser'
04-Nov-2018 16:52:58.394 INFO [http-nio-9000-exec-63] org.apache.catalina.core.ApplicationContext.log Manager: list: Listing contexts for virtual host 'localhost'
04-Nov-2018 16:52:58.900 INFO [http-nio-9000-exec-58] org.apache.catalina.core.ApplicationContext.log Manager: restart: Reloading web application '/SpringMvcUser'
04-Nov-2018 16:59:06.425 INFO [http-nio-9000-exec-73] org.apache.catalina.core.ApplicationContext.log Manager: list: Listing contexts for virtual host 'localhost'
04-Nov-2018 16:59:13.776 INFO [http-nio-9000-exec-75] org.apache.catalina.core.ApplicationContext.log Manager: list: Listing contexts for virtual host 'localhost'
04-Nov-2018 16:59:13.779 INFO [http-nio-9000-exec-68] org.apache.catalina.core.ApplicationContext.log Manager: list: Listing contexts for virtual host 'localhost'
04-Nov-2018 16:59:13.795 INFO [http-nio-9000-exec-69] org.apache.catalina.core.ApplicationContext.log Manager: install: Installing context configuration at 'file:/C:/Users/bzolt/AppData/Local/Temp/context8322487955377390388.xml'
04-Nov-2018 16:59:15.237 INFO [http-nio-9000-exec-71] org.apache.catalina.core.ApplicationContext.log Manager: start: Starting web application '/SpringMvcUser'
04-Nov-2018 17:00:01.878 INFO [http-nio-9000-exec-70] org.apache.catalina.core.ApplicationContext.log Manager: list: Listing contexts for virtual host 'localhost'
04-Nov-2018 17:00:01.884 INFO [http-nio-9000-exec-72] org.apache.catalina.core.ApplicationContext.log Manager: list: Listing contexts for virtual host 'localhost'
04-Nov-2018 17:00:01.892 INFO [http-nio-9000-exec-75] org.apache.catalina.core.ApplicationContext.log Manager: undeploy: Undeploying web application at '/SpringMvcUser'
04-Nov-2018 17:00:02.444 INFO [http-nio-9000-exec-67] org.apache.catalina.core.ApplicationContext.log Manager: install: Installing context configuration at 'file:/C:/Users/bzolt/AppData/Local/Temp/context3829585891704856682.xml'
04-Nov-2018 17:00:03.938 INFO [http-nio-9000-exec-73] org.apache.catalina.core.ApplicationContext.log Manager: start: Starting web application '/SpringMvcUser'
04-Nov-2018 17:00:15.578 INFO [http-nio-9000-exec-72] org.apache.catalina.core.ApplicationContext.log Manager: list: Listing contexts for virtual host 'localhost'
04-Nov-2018 17:00:15.730 INFO [http-nio-9000-exec-70] org.apache.catalina.core.ApplicationContext.log Manager: restart: Reloading web application '/SpringMvcUser'
04-Nov-2018 17:00:20.440 INFO [http-nio-9000-exec-76] org.apache.catalina.core.ApplicationContext.log Manager: list: Listing contexts for virtual host 'localhost'
04-Nov-2018 17:00:20.466 INFO [http-nio-9000-exec-69] org.apache.catalina.core.ApplicationContext.log Manager: undeploy: Undeploying web application at '/SpringMvcUser'
04-Nov-2018 17:00:27.901 INFO [http-nio-9000-exec-68] org.apache.catalina.core.ApplicationContext.log Manager: list: Listing contexts for virtual host 'localhost'
04-Nov-2018 17:00:27.908 INFO [http-nio-9000-exec-79] org.apache.catalina.core.ApplicationContext.log Manager: list: Listing contexts for virtual host 'localhost'
04-Nov-2018 17:00:27.923 INFO [http-nio-9000-exec-78] org.apache.catalina.core.ApplicationContext.log Manager: install: Installing context configuration at 'file:/C:/Users/bzolt/AppData/Local/Temp/context675902090302091907.xml'
04-Nov-2018 17:00:29.538 INFO [http-nio-9000-exec-80] org.apache.catalina.core.ApplicationContext.log Manager: start: Starting web application '/SpringMvcUser'
04-Nov-2018 17:04:07.782 INFO [http-nio-9000-exec-91] org.apache.catalina.core.ApplicationContext.log Manager: list: Listing contexts for virtual host 'localhost'
04-Nov-2018 17:04:07.934 INFO [http-nio-9000-exec-83] org.apache.catalina.core.ApplicationContext.log Manager: restart: Reloading web application '/SpringMvcUser'
04-Nov-2018 17:04:33.875 INFO [http-nio-9000-exec-93] org.apache.catalina.core.ApplicationContext.log Manager: list: Listing contexts for virtual host 'localhost'
04-Nov-2018 17:04:34.014 INFO [http-nio-9000-exec-89] org.apache.catalina.core.ApplicationContext.log Manager: restart: Reloading web application '/SpringMvcUser'
04-Nov-2018 17:04:36.603 INFO [http-nio-9000-exec-93] org.apache.catalina.core.ApplicationContext.log Manager: list: Listing contexts for virtual host 'localhost'
04-Nov-2018 17:04:36.625 INFO [http-nio-9000-exec-94] org.apache.catalina.core.ApplicationContext.log Manager: undeploy: Undeploying web application at '/SpringMvcUser'
04-Nov-2018 17:48:26.338 INFO [http-nio-9000-exec-3] org.apache.catalina.core.ApplicationContext.log Manager: init: Associated with Deployer 'Catalina:type=Deployer,host=localhost'
04-Nov-2018 17:48:26.338 INFO [http-nio-9000-exec-3] org.apache.catalina.core.ApplicationContext.log Manager: init: Global resources are available
04-Nov-2018 17:48:26.496 INFO [http-nio-9000-exec-6] org.apache.catalina.core.ApplicationContext.log Manager: list: Listing contexts for virtual host 'localhost'
04-Nov-2018 17:48:26.501 INFO [http-nio-9000-exec-7] org.apache.catalina.core.ApplicationContext.log Manager: list: Listing contexts for virtual host 'localhost'
04-Nov-2018 17:48:26.570 INFO [http-nio-9000-exec-9] org.apache.catalina.core.ApplicationContext.log Manager: install: Installing context configuration at 'file:/C:/Users/bzolt/AppData/Local/Temp/context3952289012909572400.xml'
04-Nov-2018 17:48:28.668 INFO [http-nio-9000-exec-8] org.apache.catalina.core.ApplicationContext.log Manager: start: Starting web application '/SpringMvcUser'
04-Nov-2018 18:09:30.514 INFO [http-nio-9000-exec-5] org.apache.catalina.core.ApplicationContext.log Manager: init: Associated with Deployer 'Catalina:type=Deployer,host=localhost'
04-Nov-2018 18:09:30.514 INFO [http-nio-9000-exec-5] org.apache.catalina.core.ApplicationContext.log Manager: init: Global resources are available
04-Nov-2018 18:09:30.744 INFO [http-nio-9000-exec-7] org.apache.catalina.core.ApplicationContext.log Manager: list: Listing contexts for virtual host 'localhost'
04-Nov-2018 18:09:30.761 INFO [http-nio-9000-exec-8] org.apache.catalina.core.ApplicationContext.log Manager: list: Listing contexts for virtual host 'localhost'
04-Nov-2018 18:09:30.796 INFO [http-nio-9000-exec-9] org.apache.catalina.core.ApplicationContext.log Manager: undeploy: Undeploying web application at '/SpringMvcUser'
04-Nov-2018 18:09:39.010 INFO [http-nio-9000-exec-2] org.apache.catalina.core.ApplicationContext.log Manager: list: Listing contexts for virtual host 'localhost'
04-Nov-2018 18:09:39.015 INFO [http-nio-9000-exec-5] org.apache.catalina.core.ApplicationContext.log Manager: list: Listing contexts for virtual host 'localhost'
04-Nov-2018 18:09:39.133 INFO [http-nio-9000-exec-3] org.apache.catalina.core.ApplicationContext.log Manager: install: Installing context configuration at 'file:/C:/Users/bzolt/AppData/Local/Temp/context3017913340898390004.xml'
04-Nov-2018 18:09:41.120 INFO [http-nio-9000-exec-1] org.apache.catalina.core.ApplicationContext.log Manager: start: Starting web application '/SpringMvcUser'
04-Nov-2018 18:10:33.867 INFO [http-nio-9000-exec-11] org.apache.catalina.core.ApplicationContext.log Manager: list: Listing contexts for virtual host 'localhost'
04-Nov-2018 18:10:33.872 INFO [http-nio-9000-exec-20] org.apache.catalina.core.ApplicationContext.log Manager: list: Listing contexts for virtual host 'localhost'
04-Nov-2018 18:41:19.652 INFO [http-nio-9000-exec-5] org.apache.catalina.core.ApplicationContext.log Manager: init: Associated with Deployer 'Catalina:type=Deployer,host=localhost'
04-Nov-2018 18:41:19.653 INFO [http-nio-9000-exec-5] org.apache.catalina.core.ApplicationContext.log Manager: init: Global resources are available
04-Nov-2018 18:41:19.712 INFO [http-nio-9000-exec-6] org.apache.catalina.core.ApplicationContext.log Manager: list: Listing contexts for virtual host 'localhost'
04-Nov-2018 18:41:19.720 INFO [http-nio-9000-exec-8] org.apache.catalina.core.ApplicationContext.log Manager: list: Listing contexts for virtual host 'localhost'
04-Nov-2018 18:41:19.738 INFO [http-nio-9000-exec-10] org.apache.catalina.core.ApplicationContext.log Manager: undeploy: Undeploying web application at '/SpringMvcUser'
04-Nov-2018 18:41:20.432 INFO [http-nio-9000-exec-6] org.apache.catalina.core.ApplicationContext.log Manager: install: Installing context configuration at 'file:/C:/Users/bzolt/AppData/Local/Temp/context5524316624824533836.xml'
04-Nov-2018 18:41:22.326 INFO [http-nio-9000-exec-4] org.apache.catalina.core.ApplicationContext.log Manager: start: Starting web application '/SpringMvcUser'
04-Nov-2018 19:09:26.480 INFO [http-nio-9000-exec-19] org.apache.catalina.core.ApplicationContext.log Manager: list: Listing contexts for virtual host 'localhost'
04-Nov-2018 19:09:26.492 INFO [http-nio-9000-exec-13] org.apache.catalina.core.ApplicationContext.log Manager: list: Listing contexts for virtual host 'localhost'
04-Nov-2018 19:09:26.510 INFO [http-nio-9000-exec-12] org.apache.catalina.core.ApplicationContext.log Manager: undeploy: Undeploying web application at '/SpringMvcUser'
04-Nov-2018 19:09:27.079 INFO [http-nio-9000-exec-16] org.apache.catalina.core.ApplicationContext.log Manager: install: Installing context configuration at 'file:/C:/Users/bzolt/AppData/Local/Temp/context2130909640433721308.xml'
04-Nov-2018 19:09:28.730 INFO [http-nio-9000-exec-18] org.apache.catalina.core.ApplicationContext.log Manager: start: Starting web application '/SpringMvcUser'
04-Nov-2018 19:10:09.444 INFO [http-nio-9000-exec-25] org.apache.catalina.core.ApplicationContext.log Manager: list: Listing contexts for virtual host 'localhost'
04-Nov-2018 19:10:09.451 INFO [http-nio-9000-exec-21] org.apache.catalina.core.ApplicationContext.log Manager: list: Listing contexts for virtual host 'localhost'
04-Nov-2018 19:10:09.462 INFO [http-nio-9000-exec-20] org.apache.catalina.core.ApplicationContext.log Manager: undeploy: Undeploying web application at '/SpringMvcUser'
04-Nov-2018 19:10:09.996 INFO [http-nio-9000-exec-22] org.apache.catalina.core.ApplicationContext.log Manager: install: Installing context configuration at 'file:/C:/Users/bzolt/AppData/Local/Temp/context343851031205687006.xml'
04-Nov-2018 19:10:11.635 INFO [http-nio-9000-exec-22] org.apache.catalina.core.ApplicationContext.log Manager: start: Starting web application '/SpringMvcUser'
04-Nov-2018 19:13:00.755 INFO [http-nio-9000-exec-33] org.apache.catalina.core.ApplicationContext.log Manager: list: Listing contexts for virtual host 'localhost'
04-Nov-2018 19:13:00.762 INFO [http-nio-9000-exec-32] org.apache.catalina.core.ApplicationContext.log Manager: list: Listing contexts for virtual host 'localhost'
04-Nov-2018 19:13:00.774 INFO [http-nio-9000-exec-29] org.apache.catalina.core.ApplicationContext.log Manager: undeploy: Undeploying web application at '/SpringMvcUser'
04-Nov-2018 19:13:01.305 INFO [http-nio-9000-exec-30] org.apache.catalina.core.ApplicationContext.log Manager: install: Installing context configuration at 'file:/C:/Users/bzolt/AppData/Local/Temp/context4610480339646695235.xml'
04-Nov-2018 19:13:02.917 INFO [http-nio-9000-exec-32] org.apache.catalina.core.ApplicationContext.log Manager: start: Starting web application '/SpringMvcUser'
04-Nov-2018 19:21:52.170 INFO [http-nio-9000-exec-38] org.apache.catalina.core.ApplicationContext.log Manager: list: Listing contexts for virtual host 'localhost'
04-Nov-2018 19:21:53.126 INFO [http-nio-9000-exec-39] org.apache.catalina.core.ApplicationContext.log Manager: restart: Reloading web application '/SpringMvcUser'
04-Nov-2018 19:22:21.967 INFO [http-nio-9000-exec-40] org.apache.catalina.core.ApplicationContext.log Manager: list: Listing contexts for virtual host 'localhost'
04-Nov-2018 19:22:22.091 INFO [http-nio-9000-exec-41] org.apache.catalina.core.ApplicationContext.log Manager: restart: Reloading web application '/SpringMvcUser'
04-Nov-2018 19:23:25.483 INFO [http-nio-9000-exec-38] org.apache.catalina.core.ApplicationContext.log Manager: list: Listing contexts for virtual host 'localhost'
04-Nov-2018 19:23:25.536 INFO [http-nio-9000-exec-46] org.apache.catalina.core.ApplicationContext.log Manager: restart: Reloading web application '/SpringMvcUser'
04-Nov-2018 19:23:50.326 INFO [http-nio-9000-exec-49] org.apache.catalina.core.ApplicationContext.log Manager: list: Listing contexts for virtual host 'localhost'
04-Nov-2018 19:23:50.376 INFO [http-nio-9000-exec-38] org.apache.catalina.core.ApplicationContext.log Manager: restart: Reloading web application '/SpringMvcUser'
04-Nov-2018 19:28:44.705 INFO [http-nio-9000-exec-64] org.apache.catalina.core.ApplicationContext.log Manager: list: Listing contexts for virtual host 'localhost'
04-Nov-2018 19:28:45.060 INFO [http-nio-9000-exec-57] org.apache.catalina.core.ApplicationContext.log Manager: restart: Reloading web application '/SpringMvcUser'
04-Nov-2018 19:29:01.501 INFO [http-nio-9000-exec-66] org.apache.catalina.core.ApplicationContext.log Manager: list: Listing contexts for virtual host 'localhost'
04-Nov-2018 19:29:01.505 INFO [http-nio-9000-exec-56] org.apache.catalina.core.ApplicationContext.log Manager: list: Listing contexts for virtual host 'localhost'
04-Nov-2018 19:29:01.515 INFO [http-nio-9000-exec-65] org.apache.catalina.core.ApplicationContext.log Manager: undeploy: Undeploying web application at '/SpringMvcUser'
04-Nov-2018 19:29:02.041 INFO [http-nio-9000-exec-59] org.apache.catalina.core.ApplicationContext.log Manager: install: Installing context configuration at 'file:/C:/Users/bzolt/AppData/Local/Temp/context5786501222110614217.xml'
04-Nov-2018 19:29:03.694 INFO [http-nio-9000-exec-61] org.apache.catalina.core.ApplicationContext.log Manager: start: Starting web application '/SpringMvcUser'
04-Nov-2018 19:30:29.730 INFO [http-nio-9000-exec-70] org.apache.catalina.core.ApplicationContext.log Manager: list: Listing contexts for virtual host 'localhost'
04-Nov-2018 19:30:29.771 INFO [http-nio-9000-exec-69] org.apache.catalina.core.ApplicationContext.log Manager: restart: Reloading web application '/SpringMvcUser'
04-Nov-2018 19:30:36.945 INFO [http-nio-9000-exec-75] org.apache.catalina.core.ApplicationContext.log Manager: list: Listing contexts for virtual host 'localhost'
04-Nov-2018 19:30:36.951 INFO [http-nio-9000-exec-60] org.apache.catalina.core.ApplicationContext.log Manager: list: Listing contexts for virtual host 'localhost'
04-Nov-2018 19:30:36.963 INFO [http-nio-9000-exec-72] org.apache.catalina.core.ApplicationContext.log Manager: undeploy: Undeploying web application at '/SpringMvcUser'
04-Nov-2018 19:30:37.488 INFO [http-nio-9000-exec-77] org.apache.catalina.core.ApplicationContext.log Manager: install: Installing context configuration at 'file:/C:/Users/bzolt/AppData/Local/Temp/context9018385303903834078.xml'
04-Nov-2018 19:30:39.186 INFO [http-nio-9000-exec-76] org.apache.catalina.core.ApplicationContext.log Manager: start: Starting web application '/SpringMvcUser'
04-Nov-2018 19:31:02.316 INFO [http-nio-9000-exec-72] org.apache.catalina.core.ApplicationContext.log Manager: list: Listing contexts for virtual host 'localhost'
04-Nov-2018 19:31:02.352 INFO [http-nio-9000-exec-76] org.apache.catalina.core.ApplicationContext.log Manager: restart: Reloading web application '/SpringMvcUser'
04-Nov-2018 19:35:00.996 INFO [http-nio-9000-exec-90] org.apache.catalina.core.ApplicationContext.log Manager: list: Listing contexts for virtual host 'localhost'
04-Nov-2018 19:35:01.032 INFO [http-nio-9000-exec-84] org.apache.catalina.core.ApplicationContext.log Manager: restart: Reloading web application '/SpringMvcUser'
04-Nov-2018 19:35:16.217 INFO [http-nio-9000-exec-88] org.apache.catalina.core.ApplicationContext.log Manager: list: Listing contexts for virtual host 'localhost'
04-Nov-2018 19:35:16.253 INFO [http-nio-9000-exec-89] org.apache.catalina.core.ApplicationContext.log Manager: restart: Reloading web application '/SpringMvcUser'
04-Nov-2018 19:36:19.809 INFO [http-nio-9000-exec-88] org.apache.catalina.core.ApplicationContext.log Manager: list: Listing contexts for virtual host 'localhost'
04-Nov-2018 19:36:19.848 INFO [http-nio-9000-exec-97] org.apache.catalina.core.ApplicationContext.log Manager: restart: Reloading web application '/SpringMvcUser'
04-Nov-2018 19:38:29.964 INFO [http-nio-9000-exec-99] org.apache.catalina.core.ApplicationContext.log Manager: list: Listing contexts for virtual host 'localhost'
04-Nov-2018 19:38:30.000 INFO [http-nio-9000-exec-100] org.apache.catalina.core.ApplicationContext.log Manager: restart: Reloading web application '/SpringMvcUser'
04-Nov-2018 19:39:57.914 INFO [http-nio-9000-exec-107] org.apache.catalina.core.ApplicationContext.log Manager: list: Listing contexts for virtual host 'localhost'
04-Nov-2018 19:39:57.959 INFO [http-nio-9000-exec-95] org.apache.catalina.core.ApplicationContext.log Manager: restart: Reloading web application '/SpringMvcUser'
04-Nov-2018 19:41:56.344 INFO [http-nio-9000-exec-108] org.apache.catalina.core.ApplicationContext.log Manager: list: Listing contexts for virtual host 'localhost'
04-Nov-2018 19:41:56.392 INFO [http-nio-9000-exec-103] org.apache.catalina.core.ApplicationContext.log Manager: restart: Reloading web application '/SpringMvcUser'
04-Nov-2018 19:45:51.913 INFO [http-nio-9000-exec-113] org.apache.catalina.core.ApplicationContext.log Manager: list: Listing contexts for virtual host 'localhost'
04-Nov-2018 19:45:51.949 INFO [http-nio-9000-exec-115] org.apache.catalina.core.ApplicationContext.log Manager: restart: Reloading web application '/SpringMvcUser'
04-Nov-2018 19:46:29.209 INFO [http-nio-9000-exec-121] org.apache.catalina.core.ApplicationContext.log Manager: list: Listing contexts for virtual host 'localhost'
04-Nov-2018 19:46:29.243 INFO [http-nio-9000-exec-113] org.apache.catalina.core.ApplicationContext.log Manager: restart: Reloading web application '/SpringMvcUser'
04-Nov-2018 19:47:10.668 INFO [http-nio-9000-exec-119] org.apache.catalina.core.ApplicationContext.log Manager: list: Listing contexts for virtual host 'localhost'
04-Nov-2018 19:47:10.703 INFO [http-nio-9000-exec-109] org.apache.catalina.core.ApplicationContext.log Manager: restart: Reloading web application '/SpringMvcUser'
04-Nov-2018 20:39:54.354 INFO [http-nio-9000-exec-127] org.apache.catalina.core.ApplicationContext.log Manager: list: Listing contexts for virtual host 'localhost'
04-Nov-2018 20:41:20.764 INFO [http-nio-9000-exec-131] org.apache.catalina.core.ApplicationContext.log Manager: list: Listing contexts for virtual host 'localhost'
04-Nov-2018 20:42:03.259 INFO [http-nio-9000-exec-125] org.apache.catalina.core.ApplicationContext.log Manager: list: Listing contexts for virtual host 'localhost'
04-Nov-2018 20:42:03.267 INFO [http-nio-9000-exec-128] org.apache.catalina.core.ApplicationContext.log Manager: restart: Reloading web application '/SpringMvcUser'
04-Nov-2018 20:49:13.588 INFO [http-nio-9000-exec-138] org.apache.catalina.core.ApplicationContext.log Manager: list: Listing contexts for virtual host 'localhost'
04-Nov-2018 20:49:13.597 INFO [http-nio-9000-exec-139] org.apache.catalina.core.ApplicationContext.log Manager: stop: Stopping web application '/SpringMvcUser'
04-Nov-2018 20:49:13.612 INFO [http-nio-9000-exec-136] org.apache.catalina.core.ApplicationContext.log Manager: start: Starting web application '/SpringMvcUser'
04-Nov-2018 20:50:52.297 INFO [http-nio-9000-exec-141] org.apache.catalina.core.ApplicationContext.log Manager: list: Listing contexts for virtual host 'localhost'
04-Nov-2018 20:50:52.331 INFO [http-nio-9000-exec-134] org.apache.catalina.core.ApplicationContext.log Manager: restart: Reloading web application '/SpringMvcUser'
04-Nov-2018 20:51:03.557 INFO [http-nio-9000-exec-138] org.apache.catalina.core.ApplicationContext.log Manager: list: Listing contexts for virtual host 'localhost'
04-Nov-2018 20:51:03.567 INFO [http-nio-9000-exec-142] org.apache.catalina.core.ApplicationContext.log Manager: undeploy: Undeploying web application at '/SpringMvcUser'
04-Nov-2018 20:51:03.973 INFO [http-nio-9000-exec-146] org.apache.catalina.core.ApplicationContext.log Manager: list: Listing contexts for virtual host 'localhost'
04-Nov-2018 20:51:04.090 INFO [http-nio-9000-exec-145] org.apache.catalina.core.ApplicationContext.log Manager: restart: Reloading web application '/SpringMvcUser'
04-Nov-2018 20:51:04.433 INFO [http-nio-9000-exec-140] org.apache.catalina.core.ApplicationContext.log Manager: list: Listing contexts for virtual host 'localhost'
04-Nov-2018 20:51:14.865 INFO [http-nio-9000-exec-138] org.apache.catalina.core.ApplicationContext.log Manager: list: Listing contexts for virtual host 'localhost'
04-Nov-2018 20:51:14.869 INFO [http-nio-9000-exec-151] org.apache.catalina.core.ApplicationContext.log Manager: list: Listing contexts for virtual host 'localhost'
04-Nov-2018 20:51:14.890 INFO [http-nio-9000-exec-147] org.apache.catalina.core.ApplicationContext.log Manager: install: Installing context configuration at 'file:/C:/Users/bzolt/AppData/Local/Temp/context7631981119894704954.xml'
04-Nov-2018 20:51:16.481 INFO [http-nio-9000-exec-148] org.apache.catalina.core.ApplicationContext.log Manager: start: Starting web application '/SpringMvcUser'
04-Nov-2018 21:05:55.173 INFO [http-nio-9000-exec-156] org.apache.catalina.core.ApplicationContext.log Manager: list: Listing contexts for virtual host 'localhost'
04-Nov-2018 21:05:55.178 INFO [http-nio-9000-exec-151] org.apache.catalina.core.ApplicationContext.log Manager: list: Listing contexts for virtual host 'localhost'
04-Nov-2018 21:05:55.184 INFO [http-nio-9000-exec-160] org.apache.catalina.core.ApplicationContext.log Manager: undeploy: Undeploying web application at '/SpringMvcUser'
04-Nov-2018 21:05:55.714 INFO [http-nio-9000-exec-153] org.apache.catalina.core.ApplicationContext.log Manager: install: Installing context configuration at 'file:/C:/Users/bzolt/AppData/Local/Temp/context1685200470842082989.xml'
04-Nov-2018 21:05:57.330 INFO [http-nio-9000-exec-158] org.apache.catalina.core.ApplicationContext.log Manager: start: Starting web application '/SpringMvcUser'
04-Nov-2018 21:06:56.745 INFO [http-nio-9000-exec-162] org.apache.catalina.core.ApplicationContext.log Manager: list: Listing contexts for virtual host 'localhost'
04-Nov-2018 21:06:56.749 INFO [http-nio-9000-exec-157] org.apache.catalina.core.ApplicationContext.log Manager: list: Listing contexts for virtual host 'localhost'
04-Nov-2018 21:06:56.759 INFO [http-nio-9000-exec-156] org.apache.catalina.core.ApplicationContext.log Manager: undeploy: Undeploying web application at '/SpringMvcUser'
04-Nov-2018 21:06:57.278 INFO [http-nio-9000-exec-162] org.apache.catalina.core.ApplicationContext.log Manager: install: Installing context configuration at 'file:/C:/Users/bzolt/AppData/Local/Temp/context3940279913540999311.xml'
04-Nov-2018 21:06:59.189 INFO [http-nio-9000-exec-161] org.apache.catalina.core.ApplicationContext.log Manager: start: Starting web application '/SpringMvcUser'
04-Nov-2018 21:09:15.488 INFO [http-nio-9000-exec-165] org.apache.catalina.core.ApplicationContext.log Manager: list: Listing contexts for virtual host 'localhost'
04-Nov-2018 21:14:01.813 INFO [http-nio-9000-exec-170] org.apache.catalina.core.ApplicationContext.log Manager: list: Listing contexts for virtual host 'localhost'
04-Nov-2018 21:14:01.875 INFO [http-nio-9000-exec-171] org.apache.catalina.core.ApplicationContext.log Manager: restart: Reloading web application '/SpringMvcUser'
04-Nov-2018 21:18:09.694 INFO [http-nio-9000-exec-175] org.apache.catalina.core.ApplicationContext.log Manager: list: Listing contexts for virtual host 'localhost'
04-Nov-2018 21:18:17.157 INFO [http-nio-9000-exec-183] org.apache.catalina.core.ApplicationContext.log Manager: list: Listing contexts for virtual host 'localhost'
04-Nov-2018 21:18:17.165 INFO [http-nio-9000-exec-177] org.apache.catalina.core.ApplicationContext.log Manager: list: Listing contexts for virtual host 'localhost'
04-Nov-2018 21:18:17.174 INFO [http-nio-9000-exec-175] org.apache.catalina.core.ApplicationContext.log Manager: undeploy: Undeploying web application at '/SpringMvcUser'
04-Nov-2018 21:18:17.708 INFO [http-nio-9000-exec-179] org.apache.catalina.core.ApplicationContext.log Manager: install: Installing context configuration at 'file:/C:/Users/bzolt/AppData/Local/Temp/context2169156089229958371.xml'
04-Nov-2018 21:18:19.435 INFO [http-nio-9000-exec-184] org.apache.catalina.core.ApplicationContext.log Manager: start: Starting web application '/SpringMvcUser'
04-Nov-2018 21:19:20.627 INFO [http-nio-9000-exec-186] org.apache.catalina.core.ApplicationContext.log Manager: list: Listing contexts for virtual host 'localhost'
04-Nov-2018 21:22:28.726 INFO [http-nio-9000-exec-192] org.apache.catalina.core.ApplicationContext.log Manager: list: Listing contexts for virtual host 'localhost'
04-Nov-2018 21:22:28.785 INFO [http-nio-9000-exec-186] org.apache.catalina.core.ApplicationContext.log Manager: restart: Reloading web application '/SpringMvcUser'
04-Nov-2018 21:22:57.554 INFO [http-nio-9000-exec-194] org.apache.catalina.core.ApplicationContext.log Manager: list: Listing contexts for virtual host 'localhost'
04-Nov-2018 21:22:57.610 INFO [http-nio-9000-exec-191] org.apache.catalina.core.ApplicationContext.log Manager: restart: Reloading web application '/SpringMvcUser'
04-Nov-2018 21:23:05.179 INFO [http-nio-9000-exec-192] org.apache.catalina.core.ApplicationContext.log Manager: list: Listing contexts for virtual host 'localhost'
04-Nov-2018 21:23:05.184 INFO [http-nio-9000-exec-197] org.apache.catalina.core.ApplicationContext.log Manager: list: Listing contexts for virtual host 'localhost'
04-Nov-2018 21:23:05.192 INFO [http-nio-9000-exec-185] org.apache.catalina.core.ApplicationContext.log Manager: undeploy: Undeploying web application at '/SpringMvcUser'
04-Nov-2018 21:23:05.720 INFO [http-nio-9000-exec-190] org.apache.catalina.core.ApplicationContext.log Manager: install: Installing context configuration at 'file:/C:/Users/bzolt/AppData/Local/Temp/context8716002326179119571.xml'
04-Nov-2018 21:23:07.426 INFO [http-nio-9000-exec-197] org.apache.catalina.core.ApplicationContext.log Manager: start: Starting web application '/SpringMvcUser'
04-Nov-2018 21:23:26.535 INFO [http-nio-9000-exec-192] org.apache.catalina.core.ApplicationContext.log Manager: list: Listing contexts for virtual host 'localhost'
04-Nov-2018 21:23:26.585 INFO [http-nio-9000-exec-185] org.apache.catalina.core.ApplicationContext.log Manager: restart: Reloading web application '/SpringMvcUser'
04-Nov-2018 21:23:36.809 INFO [http-nio-9000-exec-196] org.apache.catalina.core.ApplicationContext.log Manager: list: Listing contexts for virtual host 'localhost'
04-Nov-2018 21:23:36.814 INFO [http-nio-9000-exec-187] org.apache.catalina.core.ApplicationContext.log Manager: list: Listing contexts for virtual host 'localhost'
04-Nov-2018 21:23:36.834 INFO [http-nio-9000-exec-202] org.apache.catalina.core.ApplicationContext.log Manager: undeploy: Undeploying web application at '/SpringMvcUser'
04-Nov-2018 21:23:37.364 INFO [http-nio-9000-exec-185] org.apache.catalina.core.ApplicationContext.log Manager: install: Installing context configuration at 'file:/C:/Users/bzolt/AppData/Local/Temp/context8383676876163111166.xml'
04-Nov-2018 21:23:39.026 INFO [http-nio-9000-exec-206] org.apache.catalina.core.ApplicationContext.log Manager: start: Starting web application '/SpringMvcUser'
04-Nov-2018 21:23:48.701 INFO [http-nio-9000-exec-204] org.apache.catalina.core.ApplicationContext.log Manager: list: Listing contexts for virtual host 'localhost'
04-Nov-2018 21:23:48.757 INFO [http-nio-9000-exec-192] org.apache.catalina.core.ApplicationContext.log Manager: restart: Reloading web application '/SpringMvcUser'
04-Nov-2018 21:24:15.644 INFO [http-nio-9000-exec-211] org.apache.catalina.core.ApplicationContext.log Manager: list: Listing contexts for virtual host 'localhost'
04-Nov-2018 21:24:27.185 INFO [http-nio-9000-exec-212] org.apache.catalina.core.ApplicationContext.log Manager: list: Listing contexts for virtual host 'localhost'
04-Nov-2018 21:24:27.189 INFO [http-nio-9000-exec-214] org.apache.catalina.core.ApplicationContext.log Manager: list: Listing contexts for virtual host 'localhost'
04-Nov-2018 21:24:27.199 INFO [http-nio-9000-exec-209] org.apache.catalina.core.ApplicationContext.log Manager: undeploy: Undeploying web application at '/SpringMvcUser'
04-Nov-2018 21:24:27.728 INFO [http-nio-9000-exec-211] org.apache.catalina.core.ApplicationContext.log Manager: install: Installing context configuration at 'file:/C:/Users/bzolt/AppData/Local/Temp/context4040903602115771026.xml'
04-Nov-2018 21:24:29.385 INFO [http-nio-9000-exec-206] org.apache.catalina.core.ApplicationContext.log Manager: start: Starting web application '/SpringMvcUser'
04-Nov-2018 21:27:02.490 INFO [http-nio-9000-exec-221] org.apache.catalina.core.ApplicationContext.log Manager: list: Listing contexts for virtual host 'localhost'
04-Nov-2018 21:27:02.634 INFO [http-nio-9000-exec-222] org.apache.catalina.core.ApplicationContext.log Manager: restart: Reloading web application '/SpringMvcUser'
04-Nov-2018 21:27:20.335 INFO [http-nio-9000-exec-223] org.apache.catalina.core.ApplicationContext.log Manager: list: Listing contexts for virtual host 'localhost'
04-Nov-2018 21:27:20.384 INFO [http-nio-9000-exec-224] org.apache.catalina.core.ApplicationContext.log Manager: restart: Reloading web application '/SpringMvcUser'
04-Nov-2018 21:27:32.478 INFO [http-nio-9000-exec-220] org.apache.catalina.core.ApplicationContext.log Manager: list: Listing contexts for virtual host 'localhost'
04-Nov-2018 21:27:32.488 INFO [http-nio-9000-exec-225] org.apache.catalina.core.ApplicationContext.log Manager: restart: Reloading web application '/SpringMvcUser'
04-Nov-2018 21:27:40.229 INFO [http-nio-9000-exec-220] org.apache.catalina.core.ApplicationContext.log Manager: list: Listing contexts for virtual host 'localhost'
04-Nov-2018 21:28:11.058 INFO [http-nio-9000-exec-219] org.apache.catalina.core.ApplicationContext.log Manager: list: Listing contexts for virtual host 'localhost'
04-Nov-2018 21:28:11.063 INFO [http-nio-9000-exec-231] org.apache.catalina.core.ApplicationContext.log Manager: list: Listing contexts for virtual host 'localhost'
04-Nov-2018 21:28:11.071 INFO [http-nio-9000-exec-220] org.apache.catalina.core.ApplicationContext.log Manager: undeploy: Undeploying web application at '/SpringMvcUser'
04-Nov-2018 21:28:11.604 INFO [http-nio-9000-exec-228] org.apache.catalina.core.ApplicationContext.log Manager: install: Installing context configuration at 'file:/C:/Users/bzolt/AppData/Local/Temp/context4556376894326238980.xml'
04-Nov-2018 21:28:13.241 INFO [http-nio-9000-exec-216] org.apache.catalina.core.ApplicationContext.log Manager: start: Starting web application '/SpringMvcUser'
04-Nov-2018 21:29:03.648 INFO [http-nio-9000-exec-219] org.apache.catalina.core.ApplicationContext.log Manager: list: Listing contexts for virtual host 'localhost'
04-Nov-2018 21:29:19.150 INFO [http-nio-9000-exec-238] org.apache.catalina.core.ApplicationContext.log Manager: list: Listing contexts for virtual host 'localhost'
04-Nov-2018 21:30:01.713 INFO [http-nio-9000-exec-241] org.apache.catalina.core.ApplicationContext.log Manager: list: Listing contexts for virtual host 'localhost'
04-Nov-2018 21:30:01.722 INFO [http-nio-9000-exec-240] org.apache.catalina.core.ApplicationContext.log Manager: restart: Reloading web application '/SpringMvcUser'
04-Nov-2018 21:37:12.700 INFO [http-nio-9000-exec-243] org.apache.catalina.core.ApplicationContext.log Manager: list: Listing contexts for virtual host 'localhost'
04-Nov-2018 21:37:31.937 INFO [http-nio-9000-exec-249] org.apache.catalina.core.ApplicationContext.log Manager: list: Listing contexts for virtual host 'localhost'
04-Nov-2018 21:37:31.948 INFO [http-nio-9000-exec-250] org.apache.catalina.core.ApplicationContext.log Manager: restart: Reloading web application '/SpringMvcUser'
04-Nov-2018 21:37:51.231 INFO [http-nio-9000-exec-245] org.apache.catalina.core.ApplicationContext.log Manager: list: Listing contexts for virtual host 'localhost'
04-Nov-2018 21:37:56.931 INFO [http-nio-9000-exec-244] org.apache.catalina.core.ApplicationContext.log Manager: list: Listing contexts for virtual host 'localhost'
04-Nov-2018 21:37:56.934 INFO [http-nio-9000-exec-245] org.apache.catalina.core.ApplicationContext.log Manager: list: Listing contexts for virtual host 'localhost'
04-Nov-2018 21:37:56.941 INFO [http-nio-9000-exec-248] org.apache.catalina.core.ApplicationContext.log Manager: undeploy: Undeploying web application at '/SpringMvcUser'
04-Nov-2018 21:37:57.473 INFO [http-nio-9000-exec-242] org.apache.catalina.core.ApplicationContext.log Manager: install: Installing context configuration at 'file:/C:/Users/bzolt/AppData/Local/Temp/context665647046784581114.xml'
04-Nov-2018 21:37:59.131 INFO [http-nio-9000-exec-252] org.apache.catalina.core.ApplicationContext.log Manager: start: Starting web application '/SpringMvcUser'
04-Nov-2018 21:38:15.958 INFO [http-nio-9000-exec-254] org.apache.catalina.core.ApplicationContext.log Manager: list: Listing contexts for virtual host 'localhost'
04-Nov-2018 21:38:39.570 INFO [http-nio-9000-exec-256] org.apache.catalina.core.ApplicationContext.log Manager: list: Listing contexts for virtual host 'localhost'
04-Nov-2018 21:39:27.931 INFO [http-nio-9000-exec-255] org.apache.catalina.core.ApplicationContext.log Manager: list: Listing contexts for virtual host 'localhost'
04-Nov-2018 21:39:36.248 INFO [http-nio-9000-exec-259] org.apache.catalina.core.ApplicationContext.log Manager: list: Listing contexts for virtual host 'localhost'
04-Nov-2018 21:39:36.263 INFO [http-nio-9000-exec-260] org.apache.catalina.core.ApplicationContext.log Manager: list: Listing contexts for virtual host 'localhost'
04-Nov-2018 21:39:36.269 INFO [http-nio-9000-exec-243] org.apache.catalina.core.ApplicationContext.log Manager: undeploy: Undeploying web application at '/SpringMvcUser'
04-Nov-2018 21:39:36.797 INFO [http-nio-9000-exec-261] org.apache.catalina.core.ApplicationContext.log Manager: install: Installing context configuration at 'file:/C:/Users/bzolt/AppData/Local/Temp/context5457828141806886610.xml'
04-Nov-2018 21:39:38.426 INFO [http-nio-9000-exec-260] org.apache.catalina.core.ApplicationContext.log Manager: start: Starting web application '/SpringMvcUser'
04-Nov-2018 21:42:34.080 INFO [http-nio-9000-exec-269] org.apache.catalina.core.ApplicationContext.log Manager: list: Listing contexts for virtual host 'localhost'
04-Nov-2018 21:42:34.117 INFO [http-nio-9000-exec-268] org.apache.catalina.core.ApplicationContext.log Manager: restart: Reloading web application '/SpringMvcUser'
04-Nov-2018 21:42:58.316 INFO [http-nio-9000-exec-270] org.apache.catalina.core.ApplicationContext.log Manager: list: Listing contexts for virtual host 'localhost'
04-Nov-2018 21:42:58.319 INFO [http-nio-9000-exec-272] org.apache.catalina.core.ApplicationContext.log Manager: list: Listing contexts for virtual host 'localhost'
04-Nov-2018 21:42:58.326 INFO [http-nio-9000-exec-264] org.apache.catalina.core.ApplicationContext.log Manager: undeploy: Undeploying web application at '/SpringMvcUser'
04-Nov-2018 21:42:58.857 INFO [http-nio-9000-exec-272] org.apache.catalina.core.ApplicationContext.log Manager: install: Installing context configuration at 'file:/C:/Users/bzolt/AppData/Local/Temp/context5071040160975291912.xml'
04-Nov-2018 21:43:00.468 INFO [http-nio-9000-exec-263] org.apache.catalina.core.ApplicationContext.log Manager: start: Starting web application '/SpringMvcUser'
04-Nov-2018 21:47:00.074 INFO [http-nio-9000-exec-276] org.apache.catalina.core.ApplicationContext.log Manager: list: Listing contexts for virtual host 'localhost'
04-Nov-2018 21:47:00.084 INFO [http-nio-9000-exec-277] org.apache.catalina.core.ApplicationContext.log Manager: undeploy: Undeploying web application at '/SpringMvcUser'
04-Nov-2018 21:47:00.620 INFO [http-nio-9000-exec-281] org.apache.catalina.core.ApplicationContext.log Manager: install: Installing context configuration at 'file:/C:/Users/bzolt/AppData/Local/Temp/context8732921218215710127.xml'
04-Nov-2018 21:48:17.663 INFO [http-nio-9000-exec-274] org.apache.catalina.core.ApplicationContext.log Manager: list: Listing contexts for virtual host 'localhost'
04-Nov-2018 21:48:22.792 INFO [http-nio-9000-exec-289] org.apache.catalina.core.ApplicationContext.log Manager: list: Listing contexts for virtual host 'localhost'
04-Nov-2018 21:48:22.796 INFO [http-nio-9000-exec-288] org.apache.catalina.core.ApplicationContext.log Manager: list: Listing contexts for virtual host 'localhost'
04-Nov-2018 21:48:22.805 INFO [http-nio-9000-exec-283] org.apache.catalina.core.ApplicationContext.log Manager: undeploy: Undeploying web application at '/SpringMvcUser'
04-Nov-2018 21:48:23.328 INFO [http-nio-9000-exec-276] org.apache.catalina.core.ApplicationContext.log Manager: install: Installing context configuration at 'file:/C:/Users/bzolt/AppData/Local/Temp/context5724169732299574519.xml'
04-Nov-2018 21:48:24.982 INFO [http-nio-9000-exec-285] org.apache.catalina.core.ApplicationContext.log Manager: start: Starting web application '/SzemleletGym'
04-Nov-2018 21:48:42.608 INFO [http-nio-9000-exec-274] org.apache.catalina.core.ApplicationContext.log Manager: list: Listing contexts for virtual host 'localhost'
04-Nov-2018 21:48:49.544 INFO [http-nio-9000-exec-294] org.apache.catalina.core.ApplicationContext.log Manager: list: Listing contexts for virtual host 'localhost'
04-Nov-2018 21:48:49.549 INFO [http-nio-9000-exec-288] org.apache.catalina.core.ApplicationContext.log Manager: list: Listing contexts for virtual host 'localhost'
04-Nov-2018 21:48:49.556 INFO [http-nio-9000-exec-287] org.apache.catalina.core.ApplicationContext.log Manager: undeploy: Undeploying web application at '/SzemleletGym'
04-Nov-2018 21:48:50.086 INFO [http-nio-9000-exec-290] org.apache.catalina.core.ApplicationContext.log Manager: install: Installing context configuration at 'file:/C:/Users/bzolt/AppData/Local/Temp/context2369362113593161200.xml'
04-Nov-2018 21:48:51.909 INFO [http-nio-9000-exec-288] org.apache.catalina.core.ApplicationContext.log Manager: start: Starting web application '/SzemleletGym'
04-Nov-2018 21:49:45.498 INFO [http-nio-9000-exec-287] org.apache.catalina.core.ApplicationContext.log Manager: list: Listing contexts for virtual host 'localhost'
04-Nov-2018 21:49:50.659 INFO [http-nio-9000-exec-287] org.apache.catalina.core.ApplicationContext.log Manager: list: Listing contexts for virtual host 'localhost'
04-Nov-2018 21:49:50.662 INFO [http-nio-9000-exec-291] org.apache.catalina.core.ApplicationContext.log Manager: list: Listing contexts for virtual host 'localhost'
04-Nov-2018 21:49:50.670 INFO [http-nio-9000-exec-295] org.apache.catalina.core.ApplicationContext.log Manager: undeploy: Undeploying web application at '/SzemleletGym'
04-Nov-2018 21:49:51.202 INFO [http-nio-9000-exec-298] org.apache.catalina.core.ApplicationContext.log Manager: install: Installing context configuration at 'file:/C:/Users/bzolt/AppData/Local/Temp/context3044759624476727874.xml'
04-Nov-2018 21:49:52.878 INFO [http-nio-9000-exec-297] org.apache.catalina.core.ApplicationContext.log Manager: start: Starting web application '/SzemleletGym'
04-Nov-2018 21:52:17.990 INFO [http-nio-9000-exec-303] org.apache.catalina.core.ApplicationContext.log Manager: list: Listing contexts for virtual host 'localhost'
04-Nov-2018 21:52:18.043 INFO [http-nio-9000-exec-304] org.apache.catalina.core.ApplicationContext.log Manager: restart: Reloading web application '/SzemleletGym'
04-Nov-2018 21:53:10.843 INFO [http-nio-9000-exec-294] org.apache.catalina.core.ApplicationContext.log Manager: list: Listing contexts for virtual host 'localhost'
04-Nov-2018 21:53:10.881 INFO [http-nio-9000-exec-301] org.apache.catalina.core.ApplicationContext.log Manager: restart: Reloading web application '/SzemleletGym'
04-Nov-2018 21:53:37.200 INFO [http-nio-9000-exec-309] org.apache.catalina.core.ApplicationContext.log Manager: list: Listing contexts for virtual host 'localhost'
04-Nov-2018 21:53:37.239 INFO [http-nio-9000-exec-306] org.apache.catalina.core.ApplicationContext.log Manager: restart: Reloading web application '/SzemleletGym'
04-Nov-2018 21:55:00.312 INFO [http-nio-9000-exec-312] org.apache.catalina.core.ApplicationContext.log Manager: list: Listing contexts for virtual host 'localhost'
04-Nov-2018 21:55:00.460 INFO [http-nio-9000-exec-316] org.apache.catalina.core.ApplicationContext.log Manager: restart: Reloading web application '/SzemleletGym'
04-Nov-2018 21:55:09.319 INFO [http-nio-9000-exec-313] org.apache.catalina.core.ApplicationContext.log Manager: list: Listing contexts for virtual host 'localhost'
04-Nov-2018 21:55:09.354 INFO [http-nio-9000-exec-312] org.apache.catalina.core.ApplicationContext.log Manager: restart: Reloading web application '/SzemleletGym'
04-Nov-2018 21:57:22.527 INFO [http-nio-9000-exec-321] org.apache.catalina.core.ApplicationContext.log Manager: list: Listing contexts for virtual host 'localhost'
04-Nov-2018 21:57:22.578 INFO [http-nio-9000-exec-324] org.apache.catalina.core.ApplicationContext.log Manager: restart: Reloading web application '/SzemleletGym'
04-Nov-2018 21:57:51.622 INFO [http-nio-9000-exec-303] org.apache.catalina.core.ApplicationContext.log Manager: list: Listing contexts for virtual host 'localhost'
04-Nov-2018 21:57:51.672 INFO [http-nio-9000-exec-323] org.apache.catalina.core.ApplicationContext.log Manager: restart: Reloading web application '/SzemleletGym'
04-Nov-2018 21:58:05.061 INFO [http-nio-9000-exec-302] org.apache.catalina.core.ApplicationContext.log Manager: list: Listing contexts for virtual host 'localhost'
04-Nov-2018 21:58:05.115 INFO [http-nio-9000-exec-320] org.apache.catalina.core.ApplicationContext.log Manager: restart: Reloading web application '/SzemleletGym'
04-Nov-2018 21:58:33.830 INFO [http-nio-9000-exec-322] org.apache.catalina.core.ApplicationContext.log Manager: list: Listing contexts for virtual host 'localhost'
04-Nov-2018 21:58:33.868 INFO [http-nio-9000-exec-319] org.apache.catalina.core.ApplicationContext.log Manager: restart: Reloading web application '/SzemleletGym'
04-Nov-2018 21:58:55.200 INFO [http-nio-9000-exec-332] org.apache.catalina.core.ApplicationContext.log Manager: list: Listing contexts for virtual host 'localhost'
04-Nov-2018 21:58:55.255 INFO [http-nio-9000-exec-303] org.apache.catalina.core.ApplicationContext.log Manager: restart: Reloading web application '/SzemleletGym'
04-Nov-2018 21:58:57.154 INFO [http-nio-9000-exec-321] org.apache.catalina.core.ApplicationContext.log Manager: list: Listing contexts for virtual host 'localhost'
04-Nov-2018 21:58:57.300 INFO [http-nio-9000-exec-315] org.apache.catalina.core.ApplicationContext.log Manager: restart: Reloading web application '/SzemleletGym'
04-Nov-2018 22:00:34.663 INFO [http-nio-9000-exec-327] org.apache.catalina.core.ApplicationContext.log Manager: list: Listing contexts for virtual host 'localhost'
04-Nov-2018 22:00:42.675 INFO [http-nio-9000-exec-326] org.apache.catalina.core.ApplicationContext.log Manager: list: Listing contexts for virtual host 'localhost'
04-Nov-2018 22:02:19.179 INFO [http-nio-9000-exec-338] org.apache.catalina.core.ApplicationContext.log Manager: list: Listing contexts for virtual host 'localhost'
04-Nov-2018 22:02:43.124 INFO [http-nio-9000-exec-341] org.apache.catalina.core.ApplicationContext.log Manager: list: Listing contexts for virtual host 'localhost'
04-Nov-2018 22:03:54.531 INFO [http-nio-9000-exec-339] org.apache.catalina.core.ApplicationContext.log Manager: list: Listing contexts for virtual host 'localhost'
04-Nov-2018 22:06:56.619 INFO [http-nio-9000-exec-337] org.apache.catalina.core.ApplicationContext.log Manager: list: Listing contexts for virtual host 'localhost'
04-Nov-2018 22:09:19.337 INFO [http-nio-9000-exec-335] org.apache.catalina.core.ApplicationContext.log Manager: list: Listing contexts for virtual host 'localhost'
04-Nov-2018 22:10:12.147 INFO [http-nio-9000-exec-336] org.apache.catalina.core.ApplicationContext.log Manager: list: Listing contexts for virtual host 'localhost'
04-Nov-2018 22:10:40.072 INFO [http-nio-9000-exec-338] org.apache.catalina.core.ApplicationContext.log Manager: list: Listing contexts for virtual host 'localhost'
04-Nov-2018 22:15:04.411 INFO [http-nio-9000-exec-340] org.apache.catalina.core.ApplicationContext.log Manager: list: Listing contexts for virtual host 'localhost'
04-Nov-2018 22:15:04.462 INFO [http-nio-9000-exec-335] org.apache.catalina.core.ApplicationContext.log Manager: restart: Reloading web application '/SzemleletGym'
04-Nov-2018 22:16:06.925 INFO [http-nio-9000-exec-339] org.apache.catalina.core.ApplicationContext.log Manager: list: Listing contexts for virtual host 'localhost'
04-Nov-2018 22:16:06.975 INFO [http-nio-9000-exec-336] org.apache.catalina.core.ApplicationContext.log Manager: restart: Reloading web application '/SzemleletGym'
04-Nov-2018 22:17:31.382 INFO [http-nio-9000-exec-346] org.apache.catalina.core.ApplicationContext.log Manager: list: Listing contexts for virtual host 'localhost'
04-Nov-2018 22:17:31.391 INFO [http-nio-9000-exec-339] org.apache.catalina.core.ApplicationContext.log Manager: restart: Reloading web application '/SzemleletGym'
04-Nov-2018 22:20:03.170 INFO [http-nio-9000-exec-352] org.apache.catalina.core.ApplicationContext.log Manager: list: Listing contexts for virtual host 'localhost'
04-Nov-2018 22:20:03.218 INFO [http-nio-9000-exec-353] org.apache.catalina.core.ApplicationContext.log Manager: restart: Reloading web application '/SzemleletGym'
04-Nov-2018 22:27:22.876 INFO [http-nio-9000-exec-359] org.apache.catalina.core.ApplicationContext.log Manager: list: Listing contexts for virtual host 'localhost'
04-Nov-2018 22:27:22.955 INFO [http-nio-9000-exec-360] org.apache.catalina.core.ApplicationContext.log Manager: restart: Reloading web application '/SzemleletGym'
04-Nov-2018 22:28:33.637 INFO [http-nio-9000-exec-366] org.apache.catalina.core.ApplicationContext.log Manager: list: Listing contexts for virtual host 'localhost'
04-Nov-2018 22:28:33.673 INFO [http-nio-9000-exec-359] org.apache.catalina.core.ApplicationContext.log Manager: restart: Reloading web application '/SzemleletGym'
04-Nov-2018 22:29:03.537 INFO [http-nio-9000-exec-357] org.apache.catalina.core.ApplicationContext.log Manager: list: Listing contexts for virtual host 'localhost'
04-Nov-2018 22:29:03.631 INFO [http-nio-9000-exec-358] org.apache.catalina.core.ApplicationContext.log Manager: restart: Reloading web application '/SzemleletGym'
04-Nov-2018 22:32:25.116 INFO [http-nio-9000-exec-374] org.apache.catalina.core.ApplicationContext.log Manager: list: Listing contexts for virtual host 'localhost'
04-Nov-2018 22:34:14.340 INFO [http-nio-9000-exec-374] org.apache.catalina.core.ApplicationContext.log Manager: list: Listing contexts for virtual host 'localhost'
04-Nov-2018 22:35:26.946 INFO [http-nio-9000-exec-378] org.apache.catalina.core.ApplicationContext.log Manager: list: Listing contexts for virtual host 'localhost'
04-Nov-2018 22:36:20.193 INFO [http-nio-9000-exec-382] org.apache.catalina.core.ApplicationContext.log Manager: list: Listing contexts for virtual host 'localhost'
04-Nov-2018 22:37:01.695 INFO [http-nio-9000-exec-373] org.apache.catalina.core.ApplicationContext.log Manager: list: Listing contexts for virtual host 'localhost'
04-Nov-2018 22:41:11.271 INFO [http-nio-9000-exec-380] org.apache.catalina.core.ApplicationContext.log Manager: list: Listing contexts for virtual host 'localhost'
04-Nov-2018 22:41:11.281 INFO [http-nio-9000-exec-378] org.apache.catalina.core.ApplicationContext.log Manager: restart: Reloading web application '/SzemleletGym'
04-Nov-2018 22:42:15.611 INFO [http-nio-9000-exec-386] org.apache.catalina.core.ApplicationContext.log Manager: list: Listing contexts for virtual host 'localhost'
04-Nov-2018 22:42:15.652 INFO [http-nio-9000-exec-381] org.apache.catalina.core.ApplicationContext.log Manager: restart: Reloading web application '/SzemleletGym'
04-Nov-2018 22:42:23.839 INFO [http-nio-9000-exec-384] org.apache.catalina.core.ApplicationContext.log Manager: list: Listing contexts for virtual host 'localhost'
04-Nov-2018 22:42:23.927 INFO [http-nio-9000-exec-373] org.apache.catalina.core.ApplicationContext.log Manager: restart: Reloading web application '/SzemleletGym'
04-Nov-2018 22:42:36.158 INFO [http-nio-9000-exec-382] org.apache.catalina.core.ApplicationContext.log Manager: list: Listing contexts for virtual host 'localhost'
04-Nov-2018 22:42:36.198 INFO [http-nio-9000-exec-384] org.apache.catalina.core.ApplicationContext.log Manager: restart: Reloading web application '/SzemleletGym'
04-Nov-2018 22:42:50.944 INFO [http-nio-9000-exec-389] org.apache.catalina.core.ApplicationContext.log Manager: list: Listing contexts for virtual host 'localhost'
04-Nov-2018 22:42:50.966 INFO [http-nio-9000-exec-386] org.apache.catalina.core.ApplicationContext.log Manager: list: Listing contexts for virtual host 'localhost'
04-Nov-2018 22:42:51.014 INFO [http-nio-9000-exec-385] org.apache.catalina.core.ApplicationContext.log Manager: restart: Reloading web application '/SzemleletGym'
04-Nov-2018 22:43:16.496 INFO [http-nio-9000-exec-388] org.apache.catalina.core.ApplicationContext.log Manager: list: Listing contexts for virtual host 'localhost'
04-Nov-2018 22:43:16.643 INFO [http-nio-9000-exec-386] org.apache.catalina.core.ApplicationContext.log Manager: restart: Reloading web application '/SzemleletGym'
04-Nov-2018 22:43:41.592 INFO [http-nio-9000-exec-382] org.apache.catalina.core.ApplicationContext.log Manager: list: Listing contexts for virtual host 'localhost'
04-Nov-2018 22:43:41.685 INFO [http-nio-9000-exec-392] org.apache.catalina.core.ApplicationContext.log Manager: restart: Reloading web application '/SzemleletGym'
04-Nov-2018 22:43:59.853 INFO [http-nio-9000-exec-389] org.apache.catalina.core.ApplicationContext.log Manager: list: Listing contexts for virtual host 'localhost'
04-Nov-2018 22:43:59.903 INFO [http-nio-9000-exec-395] org.apache.catalina.core.ApplicationContext.log Manager: restart: Reloading web application '/SzemleletGym'
04-Nov-2018 22:44:50.970 INFO [http-nio-9000-exec-382] org.apache.catalina.core.ApplicationContext.log Manager: list: Listing contexts for virtual host 'localhost'
04-Nov-2018 22:44:51.018 INFO [http-nio-9000-exec-397] org.apache.catalina.core.ApplicationContext.log Manager: restart: Reloading web application '/SzemleletGym'
04-Nov-2018 22:45:15.320 INFO [http-nio-9000-exec-382] org.apache.catalina.core.ApplicationContext.log Manager: list: Listing contexts for virtual host 'localhost'
04-Nov-2018 22:45:15.407 INFO [http-nio-9000-exec-400] org.apache.catalina.core.ApplicationContext.log Manager: restart: Reloading web application '/SzemleletGym'
04-Nov-2018 22:46:49.868 INFO [http-nio-9000-exec-401] org.apache.catalina.core.ApplicationContext.log Manager: list: Listing contexts for virtual host 'localhost'
04-Nov-2018 22:46:49.906 INFO [http-nio-9000-exec-402] org.apache.catalina.core.ApplicationContext.log Manager: restart: Reloading web application '/SzemleletGym'
04-Nov-2018 22:50:54.927 INFO [http-nio-9000-exec-409] org.apache.catalina.core.ApplicationContext.log Manager: list: Listing contexts for virtual host 'localhost'
04-Nov-2018 22:50:54.964 INFO [http-nio-9000-exec-410] org.apache.catalina.core.ApplicationContext.log Manager: restart: Reloading web application '/SzemleletGym'
04-Nov-2018 22:51:13.677 INFO [http-nio-9000-exec-416] org.apache.catalina.core.ApplicationContext.log Manager: list: Listing contexts for virtual host 'localhost'
04-Nov-2018 22:51:13.716 INFO [http-nio-9000-exec-409] org.apache.catalina.core.ApplicationContext.log Manager: restart: Reloading web application '/SzemleletGym'
04-Nov-2018 22:52:09.798 INFO [http-nio-9000-exec-418] org.apache.catalina.core.ApplicationContext.log Manager: list: Listing contexts for virtual host 'localhost'
04-Nov-2018 22:52:09.835 INFO [http-nio-9000-exec-414] org.apache.catalina.core.ApplicationContext.log Manager: restart: Reloading web application '/SzemleletGym'
04-Nov-2018 22:52:18.513 INFO [http-nio-9000-exec-418] org.apache.catalina.core.ApplicationContext.log Manager: list: Listing contexts for virtual host 'localhost'
04-Nov-2018 22:52:18.552 INFO [http-nio-9000-exec-417] org.apache.catalina.core.ApplicationContext.log Manager: restart: Reloading web application '/SzemleletGym'
04-Nov-2018 22:53:54.491 INFO [http-nio-9000-exec-412] org.apache.catalina.core.ApplicationContext.log Manager: list: Listing contexts for virtual host 'localhost'
04-Nov-2018 22:54:52.297 INFO [http-nio-9000-exec-428] org.apache.catalina.core.ApplicationContext.log Manager: list: Listing contexts for virtual host 'localhost'
04-Nov-2018 22:56:14.121 INFO [http-nio-9000-exec-428] org.apache.catalina.core.ApplicationContext.log Manager: list: Listing contexts for virtual host 'localhost'
04-Nov-2018 22:57:35.514 INFO [http-nio-9000-exec-424] org.apache.catalina.core.ApplicationContext.log Manager: list: Listing contexts for virtual host 'localhost'
04-Nov-2018 22:57:35.554 INFO [http-nio-9000-exec-428] org.apache.catalina.core.ApplicationContext.log Manager: restart: Reloading web application '/SzemleletGym'
04-Nov-2018 22:57:53.635 INFO [http-nio-9000-exec-432] org.apache.catalina.core.ApplicationContext.log Manager: list: Listing contexts for virtual host 'localhost'
04-Nov-2018 22:57:53.645 INFO [http-nio-9000-exec-426] org.apache.catalina.core.ApplicationContext.log Manager: undeploy: Undeploying web application at '/SzemleletGym'
04-Nov-2018 22:58:00.700 INFO [http-nio-9000-exec-433] org.apache.catalina.core.ApplicationContext.log Manager: list: Listing contexts for virtual host 'localhost'
04-Nov-2018 22:58:00.704 INFO [http-nio-9000-exec-431] org.apache.catalina.core.ApplicationContext.log Manager: list: Listing contexts for virtual host 'localhost'
04-Nov-2018 22:58:00.716 INFO [http-nio-9000-exec-434] org.apache.catalina.core.ApplicationContext.log Manager: install: Installing context configuration at 'file:/C:/Users/bzolt/AppData/Local/Temp/context65754075731784052.xml'
04-Nov-2018 22:58:02.481 INFO [http-nio-9000-exec-426] org.apache.catalina.core.ApplicationContext.log Manager: start: Starting web application '/SzemleletGym'
04-Nov-2018 22:59:38.488 INFO [http-nio-9000-exec-439] org.apache.catalina.core.ApplicationContext.log Manager: list: Listing contexts for virtual host 'localhost'
04-Nov-2018 22:59:54.739 INFO [http-nio-9000-exec-438] org.apache.catalina.core.ApplicationContext.log Manager: list: Listing contexts for virtual host 'localhost'
04-Nov-2018 22:59:54.742 INFO [http-nio-9000-exec-443] org.apache.catalina.core.ApplicationContext.log Manager: list: Listing contexts for virtual host 'localhost'
04-Nov-2018 22:59:54.749 INFO [http-nio-9000-exec-436] org.apache.catalina.core.ApplicationContext.log Manager: undeploy: Undeploying web application at '/SzemleletGym'
04-Nov-2018 22:59:55.283 INFO [http-nio-9000-exec-442] org.apache.catalina.core.ApplicationContext.log Manager: install: Installing context configuration at 'file:/C:/Users/bzolt/AppData/Local/Temp/context9211205850368746396.xml'
04-Nov-2018 22:59:56.981 INFO [http-nio-9000-exec-437] org.apache.catalina.core.ApplicationContext.log Manager: start: Starting web application '/SzemleletGym'
04-Nov-2018 23:00:10.508 INFO [http-nio-9000-exec-437] org.apache.catalina.core.ApplicationContext.log Manager: list: Listing contexts for virtual host 'localhost'
04-Nov-2018 23:00:21.400 INFO [http-nio-9000-exec-451] org.apache.catalina.core.ApplicationContext.log Manager: list: Listing contexts for virtual host 'localhost'
04-Nov-2018 23:00:56.465 INFO [http-nio-9000-exec-449] org.apache.catalina.core.ApplicationContext.log Manager: list: Listing contexts for virtual host 'localhost'
04-Nov-2018 23:00:56.506 INFO [http-nio-9000-exec-448] org.apache.catalina.core.ApplicationContext.log Manager: restart: Reloading web application '/SzemleletGym'
04-Nov-2018 23:01:53.257 INFO [http-nio-9000-exec-445] org.apache.catalina.core.ApplicationContext.log Manager: list: Listing contexts for virtual host 'localhost'
04-Nov-2018 23:05:43.427 INFO [http-nio-9000-exec-457] org.apache.catalina.core.ApplicationContext.log Manager: list: Listing contexts for virtual host 'localhost'
04-Nov-2018 23:05:43.463 INFO [http-nio-9000-exec-456] org.apache.catalina.core.ApplicationContext.log Manager: restart: Reloading web application '/SzemleletGym'
04-Nov-2018 23:06:02.739 INFO [http-nio-9000-exec-460] org.apache.catalina.core.ApplicationContext.log Manager: list: Listing contexts for virtual host 'localhost'
04-Nov-2018 23:06:02.741 INFO [http-nio-9000-exec-445] org.apache.catalina.core.ApplicationContext.log Manager: list: Listing contexts for virtual host 'localhost'
04-Nov-2018 23:06:02.749 INFO [http-nio-9000-exec-455] org.apache.catalina.core.ApplicationContext.log Manager: undeploy: Undeploying web application at '/SzemleletGym'
04-Nov-2018 23:06:03.278 INFO [http-nio-9000-exec-445] org.apache.catalina.core.ApplicationContext.log Manager: install: Installing context configuration at 'file:/C:/Users/bzolt/AppData/Local/Temp/context5874872610483709849.xml'
04-Nov-2018 23:06:05.027 INFO [http-nio-9000-exec-461] org.apache.catalina.core.ApplicationContext.log Manager: start: Starting web application '/SzemleletGym'
04-Nov-2018 23:08:09.198 INFO [http-nio-9000-exec-464] org.apache.catalina.core.ApplicationContext.log Manager: list: Listing contexts for virtual host 'localhost'
04-Nov-2018 23:08:09.236 INFO [http-nio-9000-exec-466] org.apache.catalina.core.ApplicationContext.log Manager: restart: Reloading web application '/SzemleletGym'
04-Nov-2018 23:08:18.443 INFO [http-nio-9000-exec-465] org.apache.catalina.core.ApplicationContext.log Manager: list: Listing contexts for virtual host 'localhost'
04-Nov-2018 23:08:21.448 INFO [http-nio-9000-exec-463] org.apache.catalina.core.ApplicationContext.log Manager: list: Listing contexts for virtual host 'localhost'
04-Nov-2018 23:08:21.455 INFO [http-nio-9000-exec-471] org.apache.catalina.core.ApplicationContext.log Manager: undeploy: Undeploying web application at '/SzemleletGym'
04-Nov-2018 23:08:21.980 INFO [http-nio-9000-exec-462] org.apache.catalina.core.ApplicationContext.log Manager: install: Installing context configuration at 'file:/C:/Users/bzolt/AppData/Local/Temp/context7268308565049934427.xml'
04-Nov-2018 23:08:23.664 INFO [http-nio-9000-exec-473] org.apache.catalina.core.ApplicationContext.log Manager: start: Starting web application '/SzemleletGym'
04-Nov-2018 23:09:22.420 INFO [http-nio-9000-exec-482] org.apache.catalina.core.ApplicationContext.log Manager: list: Listing contexts for virtual host 'localhost'
04-Nov-2018 23:09:31.168 INFO [http-nio-9000-exec-475] org.apache.catalina.core.ApplicationContext.log Manager: list: Listing contexts for virtual host 'localhost'
04-Nov-2018 23:09:31.172 INFO [http-nio-9000-exec-476] org.apache.catalina.core.ApplicationContext.log Manager: list: Listing contexts for virtual host 'localhost'
04-Nov-2018 23:09:31.181 INFO [http-nio-9000-exec-477] org.apache.catalina.core.ApplicationContext.log Manager: undeploy: Undeploying web application at '/SzemleletGym'
04-Nov-2018 23:09:31.711 INFO [http-nio-9000-exec-474] org.apache.catalina.core.ApplicationContext.log Manager: install: Installing context configuration at 'file:/C:/Users/bzolt/AppData/Local/Temp/context3351718571438997814.xml'
04-Nov-2018 23:09:33.402 INFO [http-nio-9000-exec-479] org.apache.catalina.core.ApplicationContext.log Manager: start: Starting web application '/SzemleletGym'
04-Nov-2018 23:09:57.469 INFO [http-nio-9000-exec-485] org.apache.catalina.core.ApplicationContext.log Manager: list: Listing contexts for virtual host 'localhost'
04-Nov-2018 23:18:57.644 INFO [http-nio-9000-exec-486] org.apache.catalina.core.ApplicationContext.log Manager: list: Listing contexts for virtual host 'localhost'
04-Nov-2018 23:18:57.681 INFO [http-nio-9000-exec-485] org.apache.catalina.core.ApplicationContext.log Manager: restart: Reloading web application '/SzemleletGym'
04-Nov-2018 23:19:02.704 INFO [http-nio-9000-exec-493] org.apache.catalina.core.ApplicationContext.log Manager: list: Listing contexts for virtual host 'localhost'
04-Nov-2018 23:19:02.755 INFO [http-nio-9000-exec-491] org.apache.catalina.core.ApplicationContext.log Manager: restart: Reloading web application '/SzemleletGym'
04-Nov-2018 23:19:27.478 INFO [http-nio-9000-exec-494] org.apache.catalina.core.ApplicationContext.log Manager: list: Listing contexts for virtual host 'localhost'
04-Nov-2018 23:19:27.516 INFO [http-nio-9000-exec-495] org.apache.catalina.core.ApplicationContext.log Manager: restart: Reloading web application '/SzemleletGym'
04-Nov-2018 23:20:32.150 INFO [http-nio-9000-exec-497] org.apache.catalina.core.ApplicationContext.log Manager: list: Listing contexts for virtual host 'localhost'
04-Nov-2018 23:20:32.189 INFO [http-nio-9000-exec-501] org.apache.catalina.core.ApplicationContext.log Manager: restart: Reloading web application '/SzemleletGym'
04-Nov-2018 23:21:17.523 INFO [http-nio-9000-exec-494] org.apache.catalina.core.ApplicationContext.log Manager: list: Listing contexts for virtual host 'localhost'
04-Nov-2018 23:21:17.527 INFO [http-nio-9000-exec-502] org.apache.catalina.core.ApplicationContext.log Manager: list: Listing contexts for virtual host 'localhost'
04-Nov-2018 23:21:17.534 INFO [http-nio-9000-exec-497] org.apache.catalina.core.ApplicationContext.log Manager: undeploy: Undeploying web application at '/SzemleletGym'
04-Nov-2018 23:21:18.060 INFO [http-nio-9000-exec-496] org.apache.catalina.core.ApplicationContext.log Manager: install: Installing context configuration at 'file:/C:/Users/bzolt/AppData/Local/Temp/context8116690559493958307.xml'
04-Nov-2018 23:21:20.154 INFO [http-nio-9000-exec-492] org.apache.catalina.core.ApplicationContext.log Manager: start: Starting web application '/SzemleletGym'
04-Nov-2018 23:23:11.745 INFO [http-nio-9000-exec-506] org.apache.catalina.core.ApplicationContext.log Manager: list: Listing contexts for virtual host 'localhost'
04-Nov-2018 23:23:11.783 INFO [http-nio-9000-exec-507] org.apache.catalina.core.ApplicationContext.log Manager: restart: Reloading web application '/SzemleletGym'
04-Nov-2018 23:23:56.724 INFO [http-nio-9000-exec-511] org.apache.catalina.core.ApplicationContext.log Manager: list: Listing contexts for virtual host 'localhost'
04-Nov-2018 23:23:56.729 INFO [http-nio-9000-exec-509] org.apache.catalina.core.ApplicationContext.log Manager: list: Listing contexts for virtual host 'localhost'
04-Nov-2018 23:23:56.737 INFO [http-nio-9000-exec-508] org.apache.catalina.core.ApplicationContext.log Manager: undeploy: Undeploying web application at '/SzemleletGym'
04-Nov-2018 23:23:57.260 INFO [http-nio-9000-exec-510] org.apache.catalina.core.ApplicationContext.log Manager: install: Installing context configuration at 'file:/C:/Users/bzolt/AppData/Local/Temp/context3417343565976196604.xml'
04-Nov-2018 23:23:58.489 INFO [http-nio-9000-exec-505] org.apache.catalina.core.ApplicationContext.log Manager: list: Listing contexts for virtual host 'localhost'
04-Nov-2018 23:23:58.492 INFO [http-nio-9000-exec-508] org.apache.catalina.core.ApplicationContext.log Manager: list: Listing contexts for virtual host 'localhost'
04-Nov-2018 23:23:59.081 INFO [http-nio-9000-exec-515] org.apache.catalina.core.ApplicationContext.log Manager: undeploy: Undeploying web application at '/SzemleletGym'
04-Nov-2018 23:23:59.593 INFO [http-nio-9000-exec-510] org.apache.catalina.core.ApplicationContext.log Manager: start: Starting web application '/SzemleletGym'
04-Nov-2018 23:23:59.601 INFO [http-nio-9000-exec-508] org.apache.catalina.core.ApplicationContext.log Manager: install: Installing context configuration at 'file:/C:/Users/bzolt/AppData/Local/Temp/context7592436159677489726.xml'
04-Nov-2018 23:24:01.508 INFO [http-nio-9000-exec-512] org.apache.catalina.core.ApplicationContext.log Manager: start: Starting web application '/SzemleletGym'
04-Nov-2018 23:52:28.781 INFO [http-nio-9000-exec-520] org.apache.catalina.core.ApplicationContext.log Manager: list: Listing contexts for virtual host 'localhost'
04-Nov-2018 23:52:36.936 INFO [http-nio-9000-exec-517] org.apache.catalina.core.ApplicationContext.log Manager: list: Listing contexts for virtual host 'localhost'
04-Nov-2018 23:52:36.943 INFO [http-nio-9000-exec-525] org.apache.catalina.core.ApplicationContext.log Manager: list: Listing contexts for virtual host 'localhost'
04-Nov-2018 23:52:36.952 INFO [http-nio-9000-exec-516] org.apache.catalina.core.ApplicationContext.log Manager: undeploy: Undeploying web application at '/SzemleletGym'
04-Nov-2018 23:52:37.485 INFO [http-nio-9000-exec-517] org.apache.catalina.core.ApplicationContext.log Manager: install: Installing context configuration at 'file:/C:/Users/bzolt/AppData/Local/Temp/context2815892037714895524.xml'
04-Nov-2018 23:52:39.174 INFO [http-nio-9000-exec-519] org.apache.catalina.core.ApplicationContext.log Manager: start: Starting web application '/SzemleletGym'
