11-Nov-2018 00:00:19.615 INFO [http-nio-9000-exec-114] org.apache.catalina.core.ApplicationContext.log Manager: list: Listing contexts for virtual host 'localhost'
11-Nov-2018 00:00:21.501 INFO [http-nio-9000-exec-114] org.apache.catalina.core.ApplicationContext.log Manager: list: Listing contexts for virtual host 'localhost'
11-Nov-2018 00:00:21.571 INFO [http-nio-9000-exec-135] org.apache.catalina.core.ApplicationContext.log Manager: restart: Reloading web application '/SzemleletGym'
11-Nov-2018 00:00:31.896 INFO [http-nio-9000-exec-133] org.apache.catalina.core.ApplicationContext.log Manager: list: Listing contexts for virtual host 'localhost'
11-Nov-2018 00:00:31.903 INFO [http-nio-9000-exec-136] org.apache.catalina.core.ApplicationContext.log Manager: list: Listing contexts for virtual host 'localhost'
11-Nov-2018 00:00:31.913 INFO [http-nio-9000-exec-114] org.apache.catalina.core.ApplicationContext.log Manager: undeploy: Undeploying web application at '/SzemleletGym'
11-Nov-2018 00:00:32.441 INFO [http-nio-9000-exec-137] org.apache.catalina.core.ApplicationContext.log Manager: install: Installing context configuration at 'file:/C:/Users/bzolt/AppData/Local/Temp/context8949049903973630281.xml'
11-Nov-2018 00:00:35.004 INFO [http-nio-9000-exec-134] org.apache.catalina.core.ApplicationContext.log Manager: start: Starting web application '/SzemleletGym'
11-Nov-2018 00:01:58.915 INFO [http-nio-9000-exec-143] org.apache.catalina.core.ApplicationContext.log Manager: list: Listing contexts for virtual host 'localhost'
11-Nov-2018 00:01:58.956 INFO [http-nio-9000-exec-144] org.apache.catalina.core.ApplicationContext.log Manager: restart: Reloading web application '/SzemleletGym'
11-Nov-2018 00:02:36.985 INFO [http-nio-9000-exec-148] org.apache.catalina.core.ApplicationContext.log Manager: list: Listing contexts for virtual host 'localhost'
11-Nov-2018 00:02:36.988 INFO [http-nio-9000-exec-150] org.apache.catalina.core.ApplicationContext.log Manager: list: Listing contexts for virtual host 'localhost'
11-Nov-2018 00:02:36.998 INFO [http-nio-9000-exec-149] org.apache.catalina.core.ApplicationContext.log Manager: undeploy: Undeploying web application at '/SzemleletGym'
11-Nov-2018 00:02:37.535 INFO [http-nio-9000-exec-132] org.apache.catalina.core.ApplicationContext.log Manager: install: Installing context configuration at 'file:/C:/Users/bzolt/AppData/Local/Temp/context8795778710818525672.xml'
11-Nov-2018 00:02:39.658 INFO [http-nio-9000-exec-152] org.apache.catalina.core.ApplicationContext.log Manager: start: Starting web application '/SzemleletGym'
11-Nov-2018 00:03:38.953 INFO [http-nio-9000-exec-153] org.apache.catalina.core.ApplicationContext.log Manager: list: Listing contexts for virtual host 'localhost'
11-Nov-2018 00:03:38.992 INFO [http-nio-9000-exec-145] org.apache.catalina.core.ApplicationContext.log Manager: restart: Reloading web application '/SzemleletGym'
11-Nov-2018 00:04:19.692 INFO [http-nio-9000-exec-156] org.apache.catalina.core.ApplicationContext.log Manager: list: Listing contexts for virtual host 'localhost'
11-Nov-2018 00:04:19.734 INFO [http-nio-9000-exec-158] org.apache.catalina.core.ApplicationContext.log Manager: restart: Reloading web application '/SzemleletGym'
11-Nov-2018 00:04:45.102 INFO [http-nio-9000-exec-157] org.apache.catalina.core.ApplicationContext.log Manager: list: Listing contexts for virtual host 'localhost'
11-Nov-2018 00:04:45.107 INFO [http-nio-9000-exec-155] org.apache.catalina.core.ApplicationContext.log Manager: list: Listing contexts for virtual host 'localhost'
11-Nov-2018 00:04:45.119 INFO [http-nio-9000-exec-156] org.apache.catalina.core.ApplicationContext.log Manager: undeploy: Undeploying web application at '/SzemleletGym'
11-Nov-2018 00:04:45.664 INFO [http-nio-9000-exec-163] org.apache.catalina.core.ApplicationContext.log Manager: install: Installing context configuration at 'file:/C:/Users/bzolt/AppData/Local/Temp/context6701118506312281383.xml'
11-Nov-2018 00:04:47.957 INFO [http-nio-9000-exec-164] org.apache.catalina.core.ApplicationContext.log Manager: start: Starting web application '/SzemleletGym'
11-Nov-2018 00:07:02.841 INFO [http-nio-9000-exec-160] org.apache.catalina.core.ApplicationContext.log Manager: list: Listing contexts for virtual host 'localhost'
11-Nov-2018 00:07:02.883 INFO [http-nio-9000-exec-165] org.apache.catalina.core.ApplicationContext.log Manager: restart: Reloading web application '/SzemleletGym'
11-Nov-2018 00:08:53.059 INFO [http-nio-9000-exec-176] org.apache.catalina.core.ApplicationContext.log Manager: list: Listing contexts for virtual host 'localhost'
11-Nov-2018 00:08:53.101 INFO [http-nio-9000-exec-170] org.apache.catalina.core.ApplicationContext.log Manager: restart: Reloading web application '/SzemleletGym'
11-Nov-2018 00:09:20.827 INFO [http-nio-9000-exec-180] org.apache.catalina.core.ApplicationContext.log Manager: list: Listing contexts for virtual host 'localhost'
11-Nov-2018 00:09:20.873 INFO [http-nio-9000-exec-175] org.apache.catalina.core.ApplicationContext.log Manager: restart: Reloading web application '/SzemleletGym'
11-Nov-2018 00:09:49.501 INFO [http-nio-9000-exec-176] org.apache.catalina.core.ApplicationContext.log Manager: list: Listing contexts for virtual host 'localhost'
11-Nov-2018 00:09:49.555 INFO [http-nio-9000-exec-166] org.apache.catalina.core.ApplicationContext.log Manager: restart: Reloading web application '/SzemleletGym'
11-Nov-2018 00:10:18.900 INFO [http-nio-9000-exec-184] org.apache.catalina.core.ApplicationContext.log Manager: list: Listing contexts for virtual host 'localhost'
11-Nov-2018 00:10:18.942 INFO [http-nio-9000-exec-174] org.apache.catalina.core.ApplicationContext.log Manager: restart: Reloading web application '/SzemleletGym'
11-Nov-2018 00:10:49.184 INFO [http-nio-9000-exec-186] org.apache.catalina.core.ApplicationContext.log Manager: list: Listing contexts for virtual host 'localhost'
11-Nov-2018 00:10:49.380 INFO [http-nio-9000-exec-177] org.apache.catalina.core.ApplicationContext.log Manager: restart: Reloading web application '/SzemleletGym'
11-Nov-2018 00:10:54.341 INFO [http-nio-9000-exec-185] org.apache.catalina.core.ApplicationContext.log Manager: list: Listing contexts for virtual host 'localhost'
11-Nov-2018 00:10:54.344 INFO [http-nio-9000-exec-176] org.apache.catalina.core.ApplicationContext.log Manager: list: Listing contexts for virtual host 'localhost'
11-Nov-2018 00:10:54.360 INFO [http-nio-9000-exec-184] org.apache.catalina.core.ApplicationContext.log Manager: undeploy: Undeploying web application at '/SzemleletGym'
11-Nov-2018 00:10:54.882 INFO [http-nio-9000-exec-181] org.apache.catalina.core.ApplicationContext.log Manager: install: Installing context configuration at 'file:/C:/Users/bzolt/AppData/Local/Temp/context3831536881721014362.xml'
11-Nov-2018 00:10:58.190 INFO [http-nio-9000-exec-187] org.apache.catalina.core.ApplicationContext.log Manager: start: Starting web application '/SzemleletGym'
11-Nov-2018 00:12:14.698 INFO [http-nio-9000-exec-190] org.apache.catalina.core.ApplicationContext.log Manager: list: Listing contexts for virtual host 'localhost'
11-Nov-2018 00:12:58.900 INFO [http-nio-9000-exec-189] org.apache.catalina.core.ApplicationContext.log Manager: list: Listing contexts for virtual host 'localhost'
11-Nov-2018 00:13:21.452 INFO [http-nio-9000-exec-193] org.apache.catalina.core.ApplicationContext.log Manager: list: Listing contexts for virtual host 'localhost'
11-Nov-2018 00:13:28.134 INFO [http-nio-9000-exec-193] org.apache.catalina.core.ApplicationContext.log Manager: list: Listing contexts for virtual host 'localhost'
11-Nov-2018 00:13:28.137 INFO [http-nio-9000-exec-196] org.apache.catalina.core.ApplicationContext.log Manager: list: Listing contexts for virtual host 'localhost'
11-Nov-2018 00:13:28.149 INFO [http-nio-9000-exec-189] org.apache.catalina.core.ApplicationContext.log Manager: undeploy: Undeploying web application at '/SzemleletGym'
11-Nov-2018 00:13:28.691 INFO [http-nio-9000-exec-193] org.apache.catalina.core.ApplicationContext.log Manager: install: Installing context configuration at 'file:/C:/Users/bzolt/AppData/Local/Temp/context8871785763182119257.xml'
11-Nov-2018 00:13:31.225 INFO [http-nio-9000-exec-191] org.apache.catalina.core.ApplicationContext.log Manager: start: Starting web application '/SzemleletGym'
11-Nov-2018 00:39:03.238 INFO [http-nio-9000-exec-202] org.apache.catalina.core.ApplicationContext.log Manager: list: Listing contexts for virtual host 'localhost'
11-Nov-2018 00:50:33.721 INFO [http-nio-9000-exec-200] org.apache.catalina.core.ApplicationContext.log Manager: list: Listing contexts for virtual host 'localhost'
11-Nov-2018 00:50:55.025 INFO [http-nio-9000-exec-197] org.apache.catalina.core.ApplicationContext.log Manager: list: Listing contexts for virtual host 'localhost'
11-Nov-2018 00:53:24.877 INFO [http-nio-9000-exec-201] org.apache.catalina.core.ApplicationContext.log Manager: list: Listing contexts for virtual host 'localhost'
11-Nov-2018 00:53:54.036 INFO [http-nio-9000-exec-204] org.apache.catalina.core.ApplicationContext.log Manager: list: Listing contexts for virtual host 'localhost'
11-Nov-2018 00:54:56.463 INFO [http-nio-9000-exec-199] org.apache.catalina.core.ApplicationContext.log Manager: list: Listing contexts for virtual host 'localhost'
11-Nov-2018 00:54:56.512 INFO [http-nio-9000-exec-197] org.apache.catalina.core.ApplicationContext.log Manager: restart: Reloading web application '/SzemleletGym'
11-Nov-2018 00:55:12.255 INFO [http-nio-9000-exec-198] org.apache.catalina.core.ApplicationContext.log Manager: list: Listing contexts for virtual host 'localhost'
11-Nov-2018 00:55:54.142 INFO [http-nio-9000-exec-201] org.apache.catalina.core.ApplicationContext.log Manager: list: Listing contexts for virtual host 'localhost'
11-Nov-2018 00:55:54.183 INFO [http-nio-9000-exec-208] org.apache.catalina.core.ApplicationContext.log Manager: restart: Reloading web application '/SzemleletGym'
11-Nov-2018 00:56:11.658 INFO [http-nio-9000-exec-211] org.apache.catalina.core.ApplicationContext.log Manager: list: Listing contexts for virtual host 'localhost'
11-Nov-2018 00:56:38.688 INFO [http-nio-9000-exec-204] org.apache.catalina.core.ApplicationContext.log Manager: list: Listing contexts for virtual host 'localhost'
11-Nov-2018 00:56:55.500 INFO [http-nio-9000-exec-213] org.apache.catalina.core.ApplicationContext.log Manager: list: Listing contexts for virtual host 'localhost'
11-Nov-2018 00:58:35.373 INFO [http-nio-9000-exec-213] org.apache.catalina.core.ApplicationContext.log Manager: list: Listing contexts for virtual host 'localhost'
11-Nov-2018 00:58:35.448 INFO [http-nio-9000-exec-210] org.apache.catalina.core.ApplicationContext.log Manager: restart: Reloading web application '/SzemleletGym'
11-Nov-2018 00:58:49.113 INFO [http-nio-9000-exec-213] org.apache.catalina.core.ApplicationContext.log Manager: list: Listing contexts for virtual host 'localhost'
11-Nov-2018 00:58:49.185 INFO [http-nio-9000-exec-209] org.apache.catalina.core.ApplicationContext.log Manager: restart: Reloading web application '/SzemleletGym'
11-Nov-2018 00:58:49.185 SEVERE [http-nio-9000-exec-209] org.apache.catalina.core.ApplicationContext.log Manager: ManagerServlet.reload[/SzemleletGym]
 java.lang.IllegalStateException: Context with name [/SzemleletGym] has not yet been started
	at org.apache.catalina.core.StandardContext.reload(StandardContext.java:3683)
	at org.apache.catalina.manager.ManagerServlet.reload(ManagerServlet.java:1094)
	at org.apache.catalina.manager.ManagerServlet.doGet(ManagerServlet.java:364)
	at javax.servlet.http.HttpServlet.service(HttpServlet.java:634)
	at javax.servlet.http.HttpServlet.service(HttpServlet.java:741)
	at org.apache.catalina.core.ApplicationFilterChain.internalDoFilter(ApplicationFilterChain.java:231)
	at org.apache.catalina.core.ApplicationFilterChain.doFilter(ApplicationFilterChain.java:166)
	at org.apache.tomcat.websocket.server.WsFilter.doFilter(WsFilter.java:53)
	at org.apache.catalina.core.ApplicationFilterChain.internalDoFilter(ApplicationFilterChain.java:193)
	at org.apache.catalina.core.ApplicationFilterChain.doFilter(ApplicationFilterChain.java:166)
	at org.apache.catalina.core.StandardWrapperValve.invoke(StandardWrapperValve.java:199)
	at org.apache.catalina.core.StandardContextValve.invoke(StandardContextValve.java:96)
	at org.apache.catalina.authenticator.AuthenticatorBase.invoke(AuthenticatorBase.java:611)
	at org.apache.catalina.valves.RequestFilterValve.process(RequestFilterValve.java:348)
	at org.apache.catalina.valves.RemoteAddrValve.invoke(RemoteAddrValve.java:52)
	at org.apache.catalina.core.StandardHostValve.invoke(StandardHostValve.java:139)
	at org.apache.catalina.valves.ErrorReportValve.invoke(ErrorReportValve.java:92)
	at org.apache.catalina.valves.AbstractAccessLogValve.invoke(AbstractAccessLogValve.java:651)
	at org.apache.catalina.core.StandardEngineValve.invoke(StandardEngineValve.java:87)
	at org.apache.catalina.connector.CoyoteAdapter.service(CoyoteAdapter.java:343)
	at org.apache.coyote.http11.Http11Processor.service(Http11Processor.java:412)
	at org.apache.coyote.AbstractProcessorLight.process(AbstractProcessorLight.java:66)
	at org.apache.coyote.AbstractProtocol$ConnectionHandler.process(AbstractProtocol.java:754)
	at org.apache.tomcat.util.net.NioEndpoint$SocketProcessor.doRun(NioEndpoint.java:1385)
	at org.apache.tomcat.util.net.SocketProcessorBase.run(SocketProcessorBase.java:49)
	at java.util.concurrent.ThreadPoolExecutor.runWorker(ThreadPoolExecutor.java:1149)
	at java.util.concurrent.ThreadPoolExecutor$Worker.run(ThreadPoolExecutor.java:624)
	at org.apache.tomcat.util.threads.TaskThread$WrappingRunnable.run(TaskThread.java:61)
	at java.lang.Thread.run(Thread.java:748)

11-Nov-2018 00:59:13.765 INFO [http-nio-9000-exec-214] org.apache.catalina.core.ApplicationContext.log Manager: list: Listing contexts for virtual host 'localhost'
11-Nov-2018 00:59:13.769 INFO [http-nio-9000-exec-215] org.apache.catalina.core.ApplicationContext.log Manager: list: Listing contexts for virtual host 'localhost'
11-Nov-2018 00:59:13.786 INFO [http-nio-9000-exec-217] org.apache.catalina.core.ApplicationContext.log Manager: undeploy: Undeploying web application at '/SzemleletGym'
11-Nov-2018 00:59:14.308 INFO [http-nio-9000-exec-213] org.apache.catalina.core.ApplicationContext.log Manager: install: Installing context configuration at 'file:/C:/Users/bzolt/AppData/Local/Temp/context4392371857475853491.xml'
11-Nov-2018 01:00:49.020 INFO [http-nio-9000-exec-220] org.apache.catalina.core.ApplicationContext.log Manager: list: Listing contexts for virtual host 'localhost'
11-Nov-2018 01:00:49.024 INFO [http-nio-9000-exec-218] org.apache.catalina.core.ApplicationContext.log Manager: list: Listing contexts for virtual host 'localhost'
11-Nov-2018 01:00:49.034 INFO [http-nio-9000-exec-221] org.apache.catalina.core.ApplicationContext.log Manager: undeploy: Undeploying web application at '/SzemleletGym'
11-Nov-2018 01:00:49.551 INFO [http-nio-9000-exec-222] org.apache.catalina.core.ApplicationContext.log Manager: install: Installing context configuration at 'file:/C:/Users/bzolt/AppData/Local/Temp/context3436515949966790736.xml'
11-Nov-2018 01:02:52.871 INFO [http-nio-9000-exec-220] org.apache.catalina.core.ApplicationContext.log Manager: list: Listing contexts for virtual host 'localhost'
11-Nov-2018 01:02:52.874 INFO [http-nio-9000-exec-222] org.apache.catalina.core.ApplicationContext.log Manager: list: Listing contexts for virtual host 'localhost'
11-Nov-2018 01:02:52.884 INFO [http-nio-9000-exec-223] org.apache.catalina.core.ApplicationContext.log Manager: undeploy: Undeploying web application at '/SzemleletGym'
11-Nov-2018 01:02:53.398 INFO [http-nio-9000-exec-224] org.apache.catalina.core.ApplicationContext.log Manager: install: Installing context configuration at 'file:/C:/Users/bzolt/AppData/Local/Temp/context574983615967192265.xml'
11-Nov-2018 01:30:29.426 INFO [http-nio-9000-exec-221] org.apache.catalina.core.ApplicationContext.log Manager: list: Listing contexts for virtual host 'localhost'
11-Nov-2018 01:30:29.429 INFO [http-nio-9000-exec-222] org.apache.catalina.core.ApplicationContext.log Manager: list: Listing contexts for virtual host 'localhost'
11-Nov-2018 01:30:29.439 INFO [http-nio-9000-exec-223] org.apache.catalina.core.ApplicationContext.log Manager: undeploy: Undeploying web application at '/SzemleletGym'
11-Nov-2018 01:30:29.958 INFO [http-nio-9000-exec-224] org.apache.catalina.core.ApplicationContext.log Manager: install: Installing context configuration at 'file:/C:/Users/bzolt/AppData/Local/Temp/context5117576916028559971.xml'
11-Nov-2018 01:31:40.709 INFO [http-nio-9000-exec-218] org.apache.catalina.core.ApplicationContext.log Manager: list: Listing contexts for virtual host 'localhost'
11-Nov-2018 01:31:40.717 INFO [http-nio-9000-exec-223] org.apache.catalina.core.ApplicationContext.log Manager: list: Listing contexts for virtual host 'localhost'
11-Nov-2018 01:31:40.726 INFO [http-nio-9000-exec-222] org.apache.catalina.core.ApplicationContext.log Manager: undeploy: Undeploying web application at '/SzemleletGym'
11-Nov-2018 01:31:41.244 INFO [http-nio-9000-exec-224] org.apache.catalina.core.ApplicationContext.log Manager: install: Installing context configuration at 'file:/C:/Users/bzolt/AppData/Local/Temp/context2217697531516699002.xml'
11-Nov-2018 01:32:15.589 INFO [http-nio-9000-exec-216] org.apache.catalina.core.ApplicationContext.log Manager: list: Listing contexts for virtual host 'localhost'
11-Nov-2018 01:32:15.593 INFO [http-nio-9000-exec-220] org.apache.catalina.core.ApplicationContext.log Manager: list: Listing contexts for virtual host 'localhost'
11-Nov-2018 01:32:15.615 INFO [http-nio-9000-exec-218] org.apache.catalina.core.ApplicationContext.log Manager: undeploy: Undeploying web application at '/SzemleletGym'
11-Nov-2018 01:32:16.131 INFO [http-nio-9000-exec-223] org.apache.catalina.core.ApplicationContext.log Manager: install: Installing context configuration at 'file:/C:/Users/bzolt/AppData/Local/Temp/context8743156989390600874.xml'
11-Nov-2018 01:33:15.137 INFO [http-nio-9000-exec-219] org.apache.catalina.core.ApplicationContext.log Manager: list: Listing contexts for virtual host 'localhost'
11-Nov-2018 01:33:15.142 INFO [http-nio-9000-exec-221] org.apache.catalina.core.ApplicationContext.log Manager: list: Listing contexts for virtual host 'localhost'
11-Nov-2018 01:33:15.153 INFO [http-nio-9000-exec-216] org.apache.catalina.core.ApplicationContext.log Manager: undeploy: Undeploying web application at '/SzemleletGym'
11-Nov-2018 01:33:15.693 INFO [http-nio-9000-exec-220] org.apache.catalina.core.ApplicationContext.log Manager: install: Installing context configuration at 'file:/C:/Users/bzolt/AppData/Local/Temp/context6897338701294509128.xml'
11-Nov-2018 01:33:50.809 INFO [http-nio-9000-exec-222] org.apache.catalina.core.ApplicationContext.log Manager: list: Listing contexts for virtual host 'localhost'
11-Nov-2018 01:33:50.813 INFO [http-nio-9000-exec-219] org.apache.catalina.core.ApplicationContext.log Manager: list: Listing contexts for virtual host 'localhost'
11-Nov-2018 01:33:50.827 INFO [http-nio-9000-exec-221] org.apache.catalina.core.ApplicationContext.log Manager: undeploy: Undeploying web application at '/SzemleletGym'
11-Nov-2018 01:33:51.363 INFO [http-nio-9000-exec-216] org.apache.catalina.core.ApplicationContext.log Manager: install: Installing context configuration at 'file:/C:/Users/bzolt/AppData/Local/Temp/context50308306248294494.xml'
11-Nov-2018 01:35:07.201 INFO [http-nio-9000-exec-217] org.apache.catalina.core.ApplicationContext.log Manager: list: Listing contexts for virtual host 'localhost'
11-Nov-2018 01:35:07.204 INFO [http-nio-9000-exec-225] org.apache.catalina.core.ApplicationContext.log Manager: list: Listing contexts for virtual host 'localhost'
11-Nov-2018 01:35:07.212 INFO [http-nio-9000-exec-219] org.apache.catalina.core.ApplicationContext.log Manager: undeploy: Undeploying web application at '/SzemleletGym'
11-Nov-2018 01:35:07.728 INFO [http-nio-9000-exec-216] org.apache.catalina.core.ApplicationContext.log Manager: install: Installing context configuration at 'file:/C:/Users/bzolt/AppData/Local/Temp/context3880790272561280171.xml'
11-Nov-2018 01:35:50.133 INFO [http-nio-9000-exec-224] org.apache.catalina.core.ApplicationContext.log Manager: list: Listing contexts for virtual host 'localhost'
11-Nov-2018 01:35:50.140 INFO [http-nio-9000-exec-217] org.apache.catalina.core.ApplicationContext.log Manager: list: Listing contexts for virtual host 'localhost'
11-Nov-2018 01:35:50.164 INFO [http-nio-9000-exec-219] org.apache.catalina.core.ApplicationContext.log Manager: undeploy: Undeploying web application at '/SzemleletGym'
11-Nov-2018 01:35:50.694 INFO [http-nio-9000-exec-216] org.apache.catalina.core.ApplicationContext.log Manager: install: Installing context configuration at 'file:/C:/Users/bzolt/AppData/Local/Temp/context8652332237811008162.xml'
11-Nov-2018 01:36:15.564 INFO [http-nio-9000-exec-220] org.apache.catalina.core.ApplicationContext.log Manager: list: Listing contexts for virtual host 'localhost'
11-Nov-2018 01:36:15.569 INFO [http-nio-9000-exec-217] org.apache.catalina.core.ApplicationContext.log Manager: list: Listing contexts for virtual host 'localhost'
11-Nov-2018 01:36:15.585 INFO [http-nio-9000-exec-219] org.apache.catalina.core.ApplicationContext.log Manager: undeploy: Undeploying web application at '/SzemleletGym'
11-Nov-2018 01:36:16.117 INFO [http-nio-9000-exec-216] org.apache.catalina.core.ApplicationContext.log Manager: install: Installing context configuration at 'file:/C:/Users/bzolt/AppData/Local/Temp/context2356191217055496275.xml'
11-Nov-2018 01:36:24.342 INFO [http-nio-9000-exec-217] org.apache.catalina.core.ApplicationContext.log Manager: list: Listing contexts for virtual host 'localhost'
11-Nov-2018 01:36:24.345 INFO [http-nio-9000-exec-219] org.apache.catalina.core.ApplicationContext.log Manager: list: Listing contexts for virtual host 'localhost'
11-Nov-2018 01:36:24.358 INFO [http-nio-9000-exec-216] org.apache.catalina.core.ApplicationContext.log Manager: undeploy: Undeploying web application at '/SzemleletGym'
11-Nov-2018 01:36:24.899 INFO [http-nio-9000-exec-221] org.apache.catalina.core.ApplicationContext.log Manager: install: Installing context configuration at 'file:/C:/Users/bzolt/AppData/Local/Temp/context561839619637056714.xml'
11-Nov-2018 01:36:27.669 INFO [http-nio-9000-exec-224] org.apache.catalina.core.ApplicationContext.log Manager: start: Starting web application '/SzemleletGym'
11-Nov-2018 01:37:25.697 INFO [http-nio-9000-exec-220] org.apache.catalina.core.ApplicationContext.log Manager: list: Listing contexts for virtual host 'localhost'
11-Nov-2018 01:37:25.701 INFO [http-nio-9000-exec-218] org.apache.catalina.core.ApplicationContext.log Manager: list: Listing contexts for virtual host 'localhost'
11-Nov-2018 01:37:25.721 INFO [http-nio-9000-exec-222] org.apache.catalina.core.ApplicationContext.log Manager: undeploy: Undeploying web application at '/SzemleletGym'
11-Nov-2018 01:37:26.345 INFO [http-nio-9000-exec-219] org.apache.catalina.core.ApplicationContext.log Manager: install: Installing context configuration at 'file:/C:/Users/bzolt/AppData/Local/Temp/context8938164248277889933.xml'
11-Nov-2018 01:37:29.135 INFO [http-nio-9000-exec-216] org.apache.catalina.core.ApplicationContext.log Manager: start: Starting web application '/SzemleletGym'
11-Nov-2018 01:37:35.715 INFO [http-nio-9000-exec-226] org.apache.catalina.core.ApplicationContext.log Manager: list: Listing contexts for virtual host 'localhost'
11-Nov-2018 01:37:35.719 INFO [http-nio-9000-exec-217] org.apache.catalina.core.ApplicationContext.log Manager: list: Listing contexts for virtual host 'localhost'
11-Nov-2018 01:37:35.731 INFO [http-nio-9000-exec-223] org.apache.catalina.core.ApplicationContext.log Manager: undeploy: Undeploying web application at '/SzemleletGym'
11-Nov-2018 01:37:36.263 INFO [http-nio-9000-exec-216] org.apache.catalina.core.ApplicationContext.log Manager: install: Installing context configuration at 'file:/C:/Users/bzolt/AppData/Local/Temp/context7000737502555775634.xml'
11-Nov-2018 01:37:38.772 INFO [http-nio-9000-exec-217] org.apache.catalina.core.ApplicationContext.log Manager: start: Starting web application '/SzemleletGym'
11-Nov-2018 01:37:56.426 INFO [http-nio-9000-exec-233] org.apache.catalina.core.ApplicationContext.log Manager: list: Listing contexts for virtual host 'localhost'
11-Nov-2018 01:38:04.286 INFO [http-nio-9000-exec-231] org.apache.catalina.core.ApplicationContext.log Manager: list: Listing contexts for virtual host 'localhost'
11-Nov-2018 01:38:04.288 INFO [http-nio-9000-exec-232] org.apache.catalina.core.ApplicationContext.log Manager: list: Listing contexts for virtual host 'localhost'
11-Nov-2018 01:38:04.301 INFO [http-nio-9000-exec-229] org.apache.catalina.core.ApplicationContext.log Manager: undeploy: Undeploying web application at '/SzemleletGym'
11-Nov-2018 01:38:04.838 INFO [http-nio-9000-exec-235] org.apache.catalina.core.ApplicationContext.log Manager: install: Installing context configuration at 'file:/C:/Users/bzolt/AppData/Local/Temp/context85408380621952321.xml'
11-Nov-2018 01:38:07.044 INFO [http-nio-9000-exec-224] org.apache.catalina.core.ApplicationContext.log Manager: start: Starting web application '/SzemleletGym'
11-Nov-2018 01:38:47.373 INFO [http-nio-9000-exec-230] org.apache.catalina.core.ApplicationContext.log Manager: list: Listing contexts for virtual host 'localhost'
11-Nov-2018 01:39:48.039 INFO [http-nio-9000-exec-236] org.apache.catalina.core.ApplicationContext.log Manager: list: Listing contexts for virtual host 'localhost'
11-Nov-2018 01:39:55.286 INFO [http-nio-9000-exec-242] org.apache.catalina.core.ApplicationContext.log Manager: list: Listing contexts for virtual host 'localhost'
11-Nov-2018 13:38:01.152 INFO [http-nio-9000-exec-238] org.apache.catalina.core.ApplicationContext.log Manager: list: Listing contexts for virtual host 'localhost'
11-Nov-2018 13:38:01.154 INFO [http-nio-9000-exec-242] org.apache.catalina.core.ApplicationContext.log Manager: list: Listing contexts for virtual host 'localhost'
11-Nov-2018 13:38:01.187 INFO [http-nio-9000-exec-239] org.apache.catalina.core.ApplicationContext.log Manager: undeploy: Undeploying web application at '/SzemleletGym'
11-Nov-2018 13:38:01.722 INFO [http-nio-9000-exec-244] org.apache.catalina.core.ApplicationContext.log Manager: install: Installing context configuration at 'file:/C:/Users/bzolt/AppData/Local/Temp/context1948087890908900624.xml'
11-Nov-2018 13:38:04.544 INFO [http-nio-9000-exec-237] org.apache.catalina.core.ApplicationContext.log Manager: start: Starting web application '/SzemleletGym'
11-Nov-2018 13:38:30.472 INFO [http-nio-9000-exec-247] org.apache.catalina.core.ApplicationContext.log Manager: list: Listing contexts for virtual host 'localhost'
11-Nov-2018 13:38:51.907 INFO [http-nio-9000-exec-250] org.apache.catalina.core.ApplicationContext.log Manager: list: Listing contexts for virtual host 'localhost'
11-Nov-2018 13:38:51.911 INFO [http-nio-9000-exec-245] org.apache.catalina.core.ApplicationContext.log Manager: list: Listing contexts for virtual host 'localhost'
11-Nov-2018 13:38:51.922 INFO [http-nio-9000-exec-252] org.apache.catalina.core.ApplicationContext.log Manager: undeploy: Undeploying web application at '/SzemleletGym'
11-Nov-2018 13:38:52.463 INFO [http-nio-9000-exec-253] org.apache.catalina.core.ApplicationContext.log Manager: install: Installing context configuration at 'file:/C:/Users/bzolt/AppData/Local/Temp/context7925844591427658546.xml'
11-Nov-2018 13:38:54.746 INFO [http-nio-9000-exec-248] org.apache.catalina.core.ApplicationContext.log Manager: start: Starting web application '/SzemleletGym'
11-Nov-2018 13:46:25.225 INFO [http-nio-9000-exec-257] org.apache.catalina.core.ApplicationContext.log Manager: list: Listing contexts for virtual host 'localhost'
11-Nov-2018 13:46:25.274 INFO [http-nio-9000-exec-258] org.apache.catalina.core.ApplicationContext.log Manager: restart: Reloading web application '/SzemleletGym'
11-Nov-2018 13:47:56.120 INFO [http-nio-9000-exec-267] org.apache.catalina.core.ApplicationContext.log Manager: list: Listing contexts for virtual host 'localhost'
11-Nov-2018 13:47:56.175 INFO [http-nio-9000-exec-262] org.apache.catalina.core.ApplicationContext.log Manager: restart: Reloading web application '/SzemleletGym'
11-Nov-2018 13:47:58.828 INFO [http-nio-9000-exec-259] org.apache.catalina.core.ApplicationContext.log Manager: list: Listing contexts for virtual host 'localhost'
11-Nov-2018 13:47:59.016 INFO [http-nio-9000-exec-264] org.apache.catalina.core.ApplicationContext.log Manager: restart: Reloading web application '/SzemleletGym'
11-Nov-2018 13:48:03.792 INFO [http-nio-9000-exec-267] org.apache.catalina.core.ApplicationContext.log Manager: list: Listing contexts for virtual host 'localhost'
11-Nov-2018 13:48:03.977 INFO [http-nio-9000-exec-259] org.apache.catalina.core.ApplicationContext.log Manager: restart: Reloading web application '/SzemleletGym'
11-Nov-2018 13:48:13.632 INFO [http-nio-9000-exec-255] org.apache.catalina.core.ApplicationContext.log Manager: list: Listing contexts for virtual host 'localhost'
11-Nov-2018 13:48:13.791 INFO [http-nio-9000-exec-270] org.apache.catalina.core.ApplicationContext.log Manager: restart: Reloading web application '/SzemleletGym'
11-Nov-2018 13:52:10.171 INFO [http-nio-9000-exec-274] org.apache.catalina.core.ApplicationContext.log Manager: list: Listing contexts for virtual host 'localhost'
11-Nov-2018 13:52:10.215 INFO [http-nio-9000-exec-276] org.apache.catalina.core.ApplicationContext.log Manager: restart: Reloading web application '/SzemleletGym'
11-Nov-2018 13:54:49.964 INFO [http-nio-9000-exec-282] org.apache.catalina.core.ApplicationContext.log Manager: list: Listing contexts for virtual host 'localhost'
11-Nov-2018 13:54:50.008 INFO [http-nio-9000-exec-283] org.apache.catalina.core.ApplicationContext.log Manager: restart: Reloading web application '/SzemleletGym'
11-Nov-2018 13:55:51.213 INFO [http-nio-9000-exec-274] org.apache.catalina.core.ApplicationContext.log Manager: list: Listing contexts for virtual host 'localhost'
11-Nov-2018 13:55:51.258 INFO [http-nio-9000-exec-286] org.apache.catalina.core.ApplicationContext.log Manager: restart: Reloading web application '/SzemleletGym'
11-Nov-2018 13:56:08.552 INFO [http-nio-9000-exec-274] org.apache.catalina.core.ApplicationContext.log Manager: list: Listing contexts for virtual host 'localhost'
11-Nov-2018 13:56:08.723 INFO [http-nio-9000-exec-257] org.apache.catalina.core.ApplicationContext.log Manager: restart: Reloading web application '/SzemleletGym'
11-Nov-2018 14:01:38.754 INFO [http-nio-9000-exec-294] org.apache.catalina.core.ApplicationContext.log Manager: list: Listing contexts for virtual host 'localhost'
11-Nov-2018 14:01:38.799 INFO [http-nio-9000-exec-295] org.apache.catalina.core.ApplicationContext.log Manager: restart: Reloading web application '/SzemleletGym'
11-Nov-2018 14:01:43.110 INFO [http-nio-9000-exec-299] org.apache.catalina.core.ApplicationContext.log Manager: list: Listing contexts for virtual host 'localhost'
11-Nov-2018 14:01:43.154 INFO [http-nio-9000-exec-296] org.apache.catalina.core.ApplicationContext.log Manager: restart: Reloading web application '/SzemleletGym'
11-Nov-2018 14:01:52.387 INFO [http-nio-9000-exec-299] org.apache.catalina.core.ApplicationContext.log Manager: list: Listing contexts for virtual host 'localhost'
11-Nov-2018 14:01:52.428 INFO [http-nio-9000-exec-293] org.apache.catalina.core.ApplicationContext.log Manager: restart: Reloading web application '/SzemleletGym'
11-Nov-2018 14:01:59.761 INFO [http-nio-9000-exec-299] org.apache.catalina.core.ApplicationContext.log Manager: list: Listing contexts for virtual host 'localhost'
11-Nov-2018 14:01:59.801 INFO [http-nio-9000-exec-305] org.apache.catalina.core.ApplicationContext.log Manager: restart: Reloading web application '/SzemleletGym'
11-Nov-2018 14:02:08.295 INFO [http-nio-9000-exec-298] org.apache.catalina.core.ApplicationContext.log Manager: list: Listing contexts for virtual host 'localhost'
11-Nov-2018 14:02:08.298 INFO [http-nio-9000-exec-307] org.apache.catalina.core.ApplicationContext.log Manager: list: Listing contexts for virtual host 'localhost'
11-Nov-2018 14:02:08.316 INFO [http-nio-9000-exec-294] org.apache.catalina.core.ApplicationContext.log Manager: undeploy: Undeploying web application at '/SzemleletGym'
11-Nov-2018 14:02:08.851 INFO [http-nio-9000-exec-304] org.apache.catalina.core.ApplicationContext.log Manager: install: Installing context configuration at 'file:/C:/Users/bzolt/AppData/Local/Temp/context8713806545630190340.xml'
11-Nov-2018 14:02:11.130 INFO [http-nio-9000-exec-308] org.apache.catalina.core.ApplicationContext.log Manager: start: Starting web application '/SzemleletGym'
11-Nov-2018 14:03:57.067 INFO [http-nio-9000-exec-312] org.apache.catalina.core.ApplicationContext.log Manager: list: Listing contexts for virtual host 'localhost'
11-Nov-2018 14:03:57.111 INFO [http-nio-9000-exec-313] org.apache.catalina.core.ApplicationContext.log Manager: restart: Reloading web application '/SzemleletGym'
11-Nov-2018 14:04:17.171 INFO [http-nio-9000-exec-306] org.apache.catalina.core.ApplicationContext.log Manager: list: Listing contexts for virtual host 'localhost'
11-Nov-2018 14:04:17.174 INFO [http-nio-9000-exec-312] org.apache.catalina.core.ApplicationContext.log Manager: list: Listing contexts for virtual host 'localhost'
11-Nov-2018 14:04:17.185 INFO [http-nio-9000-exec-310] org.apache.catalina.core.ApplicationContext.log Manager: undeploy: Undeploying web application at '/SzemleletGym'
11-Nov-2018 14:04:17.722 INFO [http-nio-9000-exec-311] org.apache.catalina.core.ApplicationContext.log Manager: install: Installing context configuration at 'file:/C:/Users/bzolt/AppData/Local/Temp/context4899389213296004557.xml'
11-Nov-2018 14:04:20.349 INFO [http-nio-9000-exec-319] org.apache.catalina.core.ApplicationContext.log Manager: start: Starting web application '/SzemleletGym'
11-Nov-2018 14:07:01.654 INFO [http-nio-9000-exec-323] org.apache.catalina.core.ApplicationContext.log Manager: list: Listing contexts for virtual host 'localhost'
11-Nov-2018 14:07:01.699 INFO [http-nio-9000-exec-324] org.apache.catalina.core.ApplicationContext.log Manager: restart: Reloading web application '/SzemleletGym'
11-Nov-2018 14:07:22.205 INFO [http-nio-9000-exec-322] org.apache.catalina.core.ApplicationContext.log Manager: list: Listing contexts for virtual host 'localhost'
11-Nov-2018 14:07:22.209 INFO [http-nio-9000-exec-326] org.apache.catalina.core.ApplicationContext.log Manager: list: Listing contexts for virtual host 'localhost'
11-Nov-2018 14:07:22.221 INFO [http-nio-9000-exec-329] org.apache.catalina.core.ApplicationContext.log Manager: undeploy: Undeploying web application at '/SzemleletGym'
11-Nov-2018 14:07:22.757 INFO [http-nio-9000-exec-325] org.apache.catalina.core.ApplicationContext.log Manager: install: Installing context configuration at 'file:/C:/Users/bzolt/AppData/Local/Temp/context5766023955664508631.xml'
11-Nov-2018 14:07:25.061 INFO [http-nio-9000-exec-328] org.apache.catalina.core.ApplicationContext.log Manager: start: Starting web application '/SzemleletGym'
11-Nov-2018 14:07:36.711 INFO [http-nio-9000-exec-326] org.apache.catalina.core.ApplicationContext.log Manager: list: Listing contexts for virtual host 'localhost'
11-Nov-2018 14:07:36.713 INFO [http-nio-9000-exec-323] org.apache.catalina.core.ApplicationContext.log Manager: list: Listing contexts for virtual host 'localhost'
11-Nov-2018 14:07:36.727 INFO [http-nio-9000-exec-329] org.apache.catalina.core.ApplicationContext.log Manager: undeploy: Undeploying web application at '/SzemleletGym'
11-Nov-2018 14:07:37.262 INFO [http-nio-9000-exec-335] org.apache.catalina.core.ApplicationContext.log Manager: install: Installing context configuration at 'file:/C:/Users/bzolt/AppData/Local/Temp/context1515637088276347971.xml'
11-Nov-2018 14:07:39.500 INFO [http-nio-9000-exec-328] org.apache.catalina.core.ApplicationContext.log Manager: start: Starting web application '/SzemleletGym'
11-Nov-2018 20:33:56.307 INFO [http-nio-9000-exec-337] org.apache.catalina.core.ApplicationContext.log Manager: list: Listing contexts for virtual host 'localhost'
11-Nov-2018 20:33:56.366 INFO [http-nio-9000-exec-340] org.apache.catalina.core.ApplicationContext.log Manager: restart: Reloading web application '/SzemleletGym'
11-Nov-2018 20:34:10.141 INFO [http-nio-9000-exec-347] org.apache.catalina.core.ApplicationContext.log Manager: list: Listing contexts for virtual host 'localhost'
11-Nov-2018 20:34:57.920 INFO [http-nio-9000-exec-348] org.apache.catalina.core.ApplicationContext.log Manager: list: Listing contexts for virtual host 'localhost'
11-Nov-2018 20:35:08.482 INFO [http-nio-9000-exec-337] org.apache.catalina.core.ApplicationContext.log Manager: list: Listing contexts for virtual host 'localhost'
11-Nov-2018 20:37:04.456 INFO [http-nio-9000-exec-346] org.apache.catalina.core.ApplicationContext.log Manager: list: Listing contexts for virtual host 'localhost'
11-Nov-2018 20:37:04.576 INFO [http-nio-9000-exec-349] org.apache.catalina.core.ApplicationContext.log Manager: restart: Reloading web application '/SzemleletGym'
11-Nov-2018 20:38:38.195 INFO [http-nio-9000-exec-350] org.apache.catalina.core.ApplicationContext.log Manager: list: Listing contexts for virtual host 'localhost'
11-Nov-2018 20:38:38.327 INFO [http-nio-9000-exec-357] org.apache.catalina.core.ApplicationContext.log Manager: restart: Reloading web application '/SzemleletGym'
11-Nov-2018 20:38:48.437 INFO [http-nio-9000-exec-354] org.apache.catalina.core.ApplicationContext.log Manager: list: Listing contexts for virtual host 'localhost'
11-Nov-2018 20:38:48.561 INFO [http-nio-9000-exec-347] org.apache.catalina.core.ApplicationContext.log Manager: restart: Reloading web application '/SzemleletGym'
11-Nov-2018 20:39:14.452 INFO [http-nio-9000-exec-361] org.apache.catalina.core.ApplicationContext.log Manager: list: Listing contexts for virtual host 'localhost'
11-Nov-2018 20:39:14.518 INFO [http-nio-9000-exec-352] org.apache.catalina.core.ApplicationContext.log Manager: restart: Reloading web application '/SzemleletGym'
11-Nov-2018 20:39:36.607 INFO [http-nio-9000-exec-361] org.apache.catalina.core.ApplicationContext.log Manager: list: Listing contexts for virtual host 'localhost'
11-Nov-2018 20:39:36.681 INFO [http-nio-9000-exec-358] org.apache.catalina.core.ApplicationContext.log Manager: restart: Reloading web application '/SzemleletGym'
11-Nov-2018 20:39:47.177 INFO [http-nio-9000-exec-365] org.apache.catalina.core.ApplicationContext.log Manager: list: Listing contexts for virtual host 'localhost'
11-Nov-2018 20:39:47.281 INFO [http-nio-9000-exec-363] org.apache.catalina.core.ApplicationContext.log Manager: restart: Reloading web application '/SzemleletGym'
11-Nov-2018 20:41:19.382 INFO [http-nio-9000-exec-369] org.apache.catalina.core.ApplicationContext.log Manager: list: Listing contexts for virtual host 'localhost'
11-Nov-2018 20:41:19.457 INFO [http-nio-9000-exec-354] org.apache.catalina.core.ApplicationContext.log Manager: restart: Reloading web application '/SzemleletGym'
11-Nov-2018 20:41:40.764 INFO [http-nio-9000-exec-369] org.apache.catalina.core.ApplicationContext.log Manager: list: Listing contexts for virtual host 'localhost'
11-Nov-2018 20:41:40.848 INFO [http-nio-9000-exec-343] org.apache.catalina.core.ApplicationContext.log Manager: restart: Reloading web application '/SzemleletGym'
11-Nov-2018 20:42:07.157 INFO [http-nio-9000-exec-368] org.apache.catalina.core.ApplicationContext.log Manager: list: Listing contexts for virtual host 'localhost'
11-Nov-2018 20:42:07.160 INFO [http-nio-9000-exec-371] org.apache.catalina.core.ApplicationContext.log Manager: list: Listing contexts for virtual host 'localhost'
11-Nov-2018 20:42:07.182 INFO [http-nio-9000-exec-372] org.apache.catalina.core.ApplicationContext.log Manager: undeploy: Undeploying web application at '/SzemleletGym'
11-Nov-2018 20:42:07.765 INFO [http-nio-9000-exec-359] org.apache.catalina.core.ApplicationContext.log Manager: install: Installing context configuration at 'file:/C:/Users/bzolt/AppData/Local/Temp/context3154020832987210473.xml'
11-Nov-2018 20:42:10.395 INFO [http-nio-9000-exec-351] org.apache.catalina.core.ApplicationContext.log Manager: start: Starting web application '/SzemleletGym'
11-Nov-2018 20:44:30.964 INFO [http-nio-9000-exec-378] org.apache.catalina.core.ApplicationContext.log Manager: list: Listing contexts for virtual host 'localhost'
11-Nov-2018 20:44:31.037 INFO [http-nio-9000-exec-379] org.apache.catalina.core.ApplicationContext.log Manager: restart: Reloading web application '/SzemleletGym'
11-Nov-2018 20:47:02.409 INFO [http-nio-9000-exec-386] org.apache.catalina.core.ApplicationContext.log Manager: list: Listing contexts for virtual host 'localhost'
11-Nov-2018 20:47:02.589 INFO [http-nio-9000-exec-388] org.apache.catalina.core.ApplicationContext.log Manager: restart: Reloading web application '/SzemleletGym'
11-Nov-2018 20:47:16.509 INFO [http-nio-9000-exec-389] org.apache.catalina.core.ApplicationContext.log Manager: list: Listing contexts for virtual host 'localhost'
11-Nov-2018 20:47:16.512 INFO [http-nio-9000-exec-390] org.apache.catalina.core.ApplicationContext.log Manager: list: Listing contexts for virtual host 'localhost'
11-Nov-2018 20:47:16.527 INFO [http-nio-9000-exec-376] org.apache.catalina.core.ApplicationContext.log Manager: undeploy: Undeploying web application at '/SzemleletGym'
11-Nov-2018 20:47:17.104 INFO [http-nio-9000-exec-394] org.apache.catalina.core.ApplicationContext.log Manager: install: Installing context configuration at 'file:/C:/Users/bzolt/AppData/Local/Temp/context5077667867138706976.xml'
11-Nov-2018 20:47:19.849 INFO [http-nio-9000-exec-393] org.apache.catalina.core.ApplicationContext.log Manager: start: Starting web application '/SzemleletGym'
11-Nov-2018 21:28:35.402 INFO [http-nio-9000-exec-401] org.apache.catalina.core.ApplicationContext.log Manager: list: Listing contexts for virtual host 'localhost'
11-Nov-2018 21:28:45.445 INFO [http-nio-9000-exec-395] org.apache.catalina.core.ApplicationContext.log Manager: list: Listing contexts for virtual host 'localhost'
11-Nov-2018 21:28:45.454 INFO [http-nio-9000-exec-402] org.apache.catalina.core.ApplicationContext.log Manager: list: Listing contexts for virtual host 'localhost'
11-Nov-2018 21:28:45.478 INFO [http-nio-9000-exec-397] org.apache.catalina.core.ApplicationContext.log Manager: undeploy: Undeploying web application at '/SzemleletGym'
11-Nov-2018 21:28:45.631 INFO [http-nio-9000-exec-396] org.apache.catalina.core.ApplicationContext.log Manager: list: Listing contexts for virtual host 'localhost'
11-Nov-2018 21:28:46.008 INFO [http-nio-9000-exec-400] org.apache.catalina.core.ApplicationContext.log Manager: install: Installing context configuration at 'file:/C:/Users/bzolt/AppData/Local/Temp/context5400072036153952113.xml'
11-Nov-2018 21:28:48.340 INFO [http-nio-9000-exec-399] org.apache.catalina.core.ApplicationContext.log Manager: start: Starting web application '/SzemleletGym'
11-Nov-2018 21:29:41.044 INFO [http-nio-9000-exec-406] org.apache.catalina.core.ApplicationContext.log Manager: list: Listing contexts for virtual host 'localhost'
11-Nov-2018 21:29:44.945 INFO [http-nio-9000-exec-413] org.apache.catalina.core.ApplicationContext.log Manager: list: Listing contexts for virtual host 'localhost'
11-Nov-2018 21:31:16.552 INFO [http-nio-9000-exec-411] org.apache.catalina.core.ApplicationContext.log Manager: list: Listing contexts for virtual host 'localhost'
11-Nov-2018 21:31:16.671 INFO [http-nio-9000-exec-412] org.apache.catalina.core.ApplicationContext.log Manager: restart: Reloading web application '/SzemleletGym'
11-Nov-2018 21:48:57.794 INFO [http-nio-9000-exec-416] org.apache.catalina.core.ApplicationContext.log Manager: list: Listing contexts for virtual host 'localhost'
11-Nov-2018 21:48:57.837 INFO [http-nio-9000-exec-418] org.apache.catalina.core.ApplicationContext.log Manager: restart: Reloading web application '/SzemleletGym'
11-Nov-2018 21:49:16.352 INFO [http-nio-9000-exec-421] org.apache.catalina.core.ApplicationContext.log Manager: list: Listing contexts for virtual host 'localhost'
11-Nov-2018 21:49:16.393 INFO [http-nio-9000-exec-416] org.apache.catalina.core.ApplicationContext.log Manager: restart: Reloading web application '/SzemleletGym'
11-Nov-2018 21:49:21.778 INFO [http-nio-9000-exec-419] org.apache.catalina.core.ApplicationContext.log Manager: list: Listing contexts for virtual host 'localhost'
11-Nov-2018 21:49:21.853 INFO [http-nio-9000-exec-425] org.apache.catalina.core.ApplicationContext.log Manager: restart: Reloading web application '/SzemleletGym'
11-Nov-2018 21:49:45.466 INFO [http-nio-9000-exec-421] org.apache.catalina.core.ApplicationContext.log Manager: list: Listing contexts for virtual host 'localhost'
11-Nov-2018 21:49:45.507 INFO [http-nio-9000-exec-423] org.apache.catalina.core.ApplicationContext.log Manager: restart: Reloading web application '/SzemleletGym'
11-Nov-2018 21:50:01.505 INFO [http-nio-9000-exec-415] org.apache.catalina.core.ApplicationContext.log Manager: list: Listing contexts for virtual host 'localhost'
11-Nov-2018 21:50:01.507 INFO [http-nio-9000-exec-426] org.apache.catalina.core.ApplicationContext.log Manager: list: Listing contexts for virtual host 'localhost'
11-Nov-2018 21:50:01.521 INFO [http-nio-9000-exec-431] org.apache.catalina.core.ApplicationContext.log Manager: undeploy: Undeploying web application at '/SzemleletGym'
11-Nov-2018 21:50:02.063 INFO [http-nio-9000-exec-428] org.apache.catalina.core.ApplicationContext.log Manager: install: Installing context configuration at 'file:/C:/Users/bzolt/AppData/Local/Temp/context6456025208773181256.xml'
11-Nov-2018 21:50:04.353 INFO [http-nio-9000-exec-426] org.apache.catalina.core.ApplicationContext.log Manager: start: Starting web application '/SzemleletGym'
11-Nov-2018 21:53:39.687 INFO [http-nio-9000-exec-439] org.apache.catalina.core.ApplicationContext.log Manager: list: Listing contexts for virtual host 'localhost'
11-Nov-2018 21:53:39.734 INFO [http-nio-9000-exec-433] org.apache.catalina.core.ApplicationContext.log Manager: restart: Reloading web application '/SzemleletGym'
11-Nov-2018 21:54:29.928 INFO [http-nio-9000-exec-441] org.apache.catalina.core.ApplicationContext.log Manager: list: Listing contexts for virtual host 'localhost'
11-Nov-2018 21:55:24.535 INFO [http-nio-9000-exec-436] org.apache.catalina.core.ApplicationContext.log Manager: list: Listing contexts for virtual host 'localhost'
11-Nov-2018 21:55:24.539 INFO [http-nio-9000-exec-435] org.apache.catalina.core.ApplicationContext.log Manager: list: Listing contexts for virtual host 'localhost'
11-Nov-2018 21:55:24.552 INFO [http-nio-9000-exec-439] org.apache.catalina.core.ApplicationContext.log Manager: undeploy: Undeploying web application at '/SzemleletGym'
11-Nov-2018 21:55:25.128 INFO [http-nio-9000-exec-434] org.apache.catalina.core.ApplicationContext.log Manager: install: Installing context configuration at 'file:/C:/Users/bzolt/AppData/Local/Temp/context8491345657925875908.xml'
11-Nov-2018 21:55:27.933 INFO [http-nio-9000-exec-443] org.apache.catalina.core.ApplicationContext.log Manager: start: Starting web application '/SzemleletGym'
11-Nov-2018 21:56:19.078 INFO [http-nio-9000-exec-451] org.apache.catalina.core.ApplicationContext.log Manager: list: Listing contexts for virtual host 'localhost'
11-Nov-2018 21:56:19.157 INFO [http-nio-9000-exec-444] org.apache.catalina.core.ApplicationContext.log Manager: restart: Reloading web application '/SzemleletGym'
11-Nov-2018 21:56:21.756 INFO [http-nio-9000-exec-445] org.apache.catalina.core.ApplicationContext.log Manager: list: Listing contexts for virtual host 'localhost'
11-Nov-2018 21:56:21.823 INFO [http-nio-9000-exec-450] org.apache.catalina.core.ApplicationContext.log Manager: restart: Reloading web application '/SzemleletGym'
11-Nov-2018 21:56:28.630 INFO [http-nio-9000-exec-452] org.apache.catalina.core.ApplicationContext.log Manager: list: Listing contexts for virtual host 'localhost'
11-Nov-2018 21:56:28.632 INFO [http-nio-9000-exec-453] org.apache.catalina.core.ApplicationContext.log Manager: list: Listing contexts for virtual host 'localhost'
11-Nov-2018 21:56:28.647 INFO [http-nio-9000-exec-446] org.apache.catalina.core.ApplicationContext.log Manager: undeploy: Undeploying web application at '/SzemleletGym'
11-Nov-2018 21:56:29.595 INFO [http-nio-9000-exec-448] org.apache.catalina.core.ApplicationContext.log Manager: install: Installing context configuration at 'file:/C:/Users/bzolt/AppData/Local/Temp/context6411976438515403394.xml'
11-Nov-2018 21:56:32.325 INFO [http-nio-9000-exec-447] org.apache.catalina.core.ApplicationContext.log Manager: start: Starting web application '/SzemleletGym'
11-Nov-2018 22:36:32.988 INFO [http-nio-9000-exec-460] org.apache.catalina.core.ApplicationContext.log Manager: list: Listing contexts for virtual host 'localhost'
11-Nov-2018 22:38:40.397 INFO [http-nio-9000-exec-459] org.apache.catalina.core.ApplicationContext.log Manager: list: Listing contexts for virtual host 'localhost'
11-Nov-2018 22:38:40.859 INFO [http-nio-9000-exec-463] org.apache.catalina.core.ApplicationContext.log Manager: restart: Reloading web application '/SzemleletGym'
11-Nov-2018 22:38:48.861 INFO [http-nio-9000-exec-455] org.apache.catalina.core.ApplicationContext.log Manager: list: Listing contexts for virtual host 'localhost'
11-Nov-2018 22:38:48.945 INFO [http-nio-9000-exec-458] org.apache.catalina.core.ApplicationContext.log Manager: restart: Reloading web application '/SzemleletGym'
11-Nov-2018 22:39:02.307 INFO [http-nio-9000-exec-460] org.apache.catalina.core.ApplicationContext.log Manager: list: Listing contexts for virtual host 'localhost'
11-Nov-2018 22:39:02.416 INFO [http-nio-9000-exec-461] org.apache.catalina.core.ApplicationContext.log Manager: restart: Reloading web application '/SzemleletGym'
11-Nov-2018 22:39:26.839 INFO [http-nio-9000-exec-470] org.apache.catalina.core.ApplicationContext.log Manager: list: Listing contexts for virtual host 'localhost'
11-Nov-2018 22:39:26.954 INFO [http-nio-9000-exec-468] org.apache.catalina.core.ApplicationContext.log Manager: restart: Reloading web application '/SzemleletGym'
11-Nov-2018 22:43:23.525 INFO [http-nio-9000-exec-474] org.apache.catalina.core.ApplicationContext.log Manager: list: Listing contexts for virtual host 'localhost'
11-Nov-2018 22:43:23.638 INFO [http-nio-9000-exec-473] org.apache.catalina.core.ApplicationContext.log Manager: restart: Reloading web application '/SzemleletGym'
11-Nov-2018 22:43:31.875 INFO [http-nio-9000-exec-475] org.apache.catalina.core.ApplicationContext.log Manager: list: Listing contexts for virtual host 'localhost'
11-Nov-2018 22:43:31.990 INFO [http-nio-9000-exec-471] org.apache.catalina.core.ApplicationContext.log Manager: restart: Reloading web application '/SzemleletGym'
11-Nov-2018 22:45:59.659 INFO [http-nio-9000-exec-483] org.apache.catalina.core.ApplicationContext.log Manager: list: Listing contexts for virtual host 'localhost'
11-Nov-2018 22:45:59.720 INFO [http-nio-9000-exec-486] org.apache.catalina.core.ApplicationContext.log Manager: restart: Reloading web application '/SzemleletGym'
11-Nov-2018 22:52:38.989 INFO [http-nio-9000-exec-490] org.apache.catalina.core.ApplicationContext.log Manager: list: Listing contexts for virtual host 'localhost'
11-Nov-2018 22:52:39.084 INFO [http-nio-9000-exec-489] org.apache.catalina.core.ApplicationContext.log Manager: restart: Reloading web application '/SzemleletGym'
11-Nov-2018 22:54:17.074 INFO [http-nio-9000-exec-500] org.apache.catalina.core.ApplicationContext.log Manager: list: Listing contexts for virtual host 'localhost'
11-Nov-2018 22:54:17.144 INFO [http-nio-9000-exec-494] org.apache.catalina.core.ApplicationContext.log Manager: restart: Reloading web application '/SzemleletGym'
11-Nov-2018 22:56:40.720 INFO [http-nio-9000-exec-503] org.apache.catalina.core.ApplicationContext.log Manager: list: Listing contexts for virtual host 'localhost'
11-Nov-2018 22:56:40.766 INFO [http-nio-9000-exec-506] org.apache.catalina.core.ApplicationContext.log Manager: restart: Reloading web application '/SzemleletGym'
11-Nov-2018 22:56:51.412 INFO [http-nio-9000-exec-501] org.apache.catalina.core.ApplicationContext.log Manager: list: Listing contexts for virtual host 'localhost'
11-Nov-2018 22:56:51.504 INFO [http-nio-9000-exec-495] org.apache.catalina.core.ApplicationContext.log Manager: restart: Reloading web application '/SzemleletGym'
11-Nov-2018 22:58:14.018 INFO [http-nio-9000-exec-512] org.apache.catalina.core.ApplicationContext.log Manager: list: Listing contexts for virtual host 'localhost'
11-Nov-2018 22:58:14.110 INFO [http-nio-9000-exec-498] org.apache.catalina.core.ApplicationContext.log Manager: restart: Reloading web application '/SzemleletGym'
11-Nov-2018 22:58:51.087 INFO [http-nio-9000-exec-512] org.apache.catalina.core.ApplicationContext.log Manager: list: Listing contexts for virtual host 'localhost'
11-Nov-2018 22:58:51.214 INFO [http-nio-9000-exec-502] org.apache.catalina.core.ApplicationContext.log Manager: restart: Reloading web application '/SzemleletGym'
