03-Nov-2018 14:58:48.827 INFO [http-nio-9000-exec-5] org.apache.catalina.core.ApplicationContext.log Manager: init: Associated with Deployer 'Catalina:type=Deployer,host=localhost'
03-Nov-2018 14:58:48.828 INFO [http-nio-9000-exec-5] org.apache.catalina.core.ApplicationContext.log Manager: init: Global resources are available
03-Nov-2018 14:58:48.991 INFO [http-nio-9000-exec-6] org.apache.catalina.core.ApplicationContext.log Manager: list: Listing contexts for virtual host 'localhost'
03-Nov-2018 14:58:48.997 INFO [http-nio-9000-exec-8] org.apache.catalina.core.ApplicationContext.log Manager: list: Listing contexts for virtual host 'localhost'
03-Nov-2018 14:58:49.018 INFO [http-nio-9000-exec-9] org.apache.catalina.core.ApplicationContext.log Manager: undeploy: Undeploying web application at '/SpringMvcUser'
03-Nov-2018 14:58:49.675 INFO [http-nio-9000-exec-4] org.apache.catalina.core.ApplicationContext.log Manager: install: Installing context configuration at 'file:/C:/Users/bzolt/AppData/Local/Temp/context4393644942209461876.xml'
03-Nov-2018 14:58:51.680 INFO [http-nio-9000-exec-2] org.apache.catalina.core.ApplicationContext.log Manager: start: Starting web application '/SpringMvcUser'
03-Nov-2018 15:02:50.476 INFO [http-nio-9000-exec-17] org.apache.catalina.core.ApplicationContext.log Manager: list: Listing contexts for virtual host 'localhost'
03-Nov-2018 15:02:50.489 INFO [http-nio-9000-exec-18] org.apache.catalina.core.ApplicationContext.log Manager: undeploy: Undeploying web application at '/SpringMvcUser'
03-Nov-2018 15:03:20.571 INFO [http-nio-9000-exec-23] org.apache.catalina.core.ApplicationContext.log Manager: list: Listing contexts for virtual host 'localhost'
03-Nov-2018 15:03:21.574 INFO [http-nio-9000-exec-13] org.apache.catalina.core.ApplicationContext.log Manager: list: Listing contexts for virtual host 'localhost'
03-Nov-2018 15:03:54.347 INFO [http-nio-9000-exec-26] org.apache.catalina.core.ApplicationContext.log Manager: list: Listing contexts for virtual host 'localhost'
03-Nov-2018 15:03:54.351 INFO [http-nio-9000-exec-21] org.apache.catalina.core.ApplicationContext.log Manager: list: Listing contexts for virtual host 'localhost'
03-Nov-2018 15:03:54.364 INFO [http-nio-9000-exec-16] org.apache.catalina.core.ApplicationContext.log Manager: install: Installing context configuration at 'file:/C:/Users/bzolt/AppData/Local/Temp/context5262668682668780143.xml'
03-Nov-2018 15:03:55.970 INFO [http-nio-9000-exec-24] org.apache.catalina.core.ApplicationContext.log Manager: start: Starting web application '/SpringMvcUser'
03-Nov-2018 15:05:12.337 INFO [http-nio-9000-exec-23] org.apache.catalina.core.ApplicationContext.log Manager: list: Listing contexts for virtual host 'localhost'
03-Nov-2018 15:05:12.990 INFO [http-nio-9000-exec-21] org.apache.catalina.core.ApplicationContext.log Manager: restart: Reloading web application '/SpringMvcUser'
03-Nov-2018 15:06:11.222 INFO [http-nio-9000-exec-31] org.apache.catalina.core.ApplicationContext.log Manager: list: Listing contexts for virtual host 'localhost'
03-Nov-2018 15:06:11.234 INFO [http-nio-9000-exec-24] org.apache.catalina.core.ApplicationContext.log Manager: undeploy: Undeploying web application at '/SpringMvcUser'
03-Nov-2018 15:06:18.869 INFO [http-nio-9000-exec-33] org.apache.catalina.core.ApplicationContext.log Manager: list: Listing contexts for virtual host 'localhost'
03-Nov-2018 15:06:18.872 INFO [http-nio-9000-exec-29] org.apache.catalina.core.ApplicationContext.log Manager: list: Listing contexts for virtual host 'localhost'
03-Nov-2018 15:06:18.886 INFO [http-nio-9000-exec-31] org.apache.catalina.core.ApplicationContext.log Manager: install: Installing context configuration at 'file:/C:/Users/bzolt/AppData/Local/Temp/context1914530898972262255.xml'
03-Nov-2018 15:06:20.346 INFO [http-nio-9000-exec-28] org.apache.catalina.core.ApplicationContext.log Manager: start: Starting web application '/SpringMvcUser'
03-Nov-2018 15:08:00.463 INFO [http-nio-9000-exec-33] org.apache.catalina.core.ApplicationContext.log Manager: list: Listing contexts for virtual host 'localhost'
03-Nov-2018 15:08:00.627 INFO [http-nio-9000-exec-34] org.apache.catalina.core.ApplicationContext.log Manager: restart: Reloading web application '/SpringMvcUser'
03-Nov-2018 15:08:14.344 INFO [http-nio-9000-exec-36] org.apache.catalina.core.ApplicationContext.log Manager: list: Listing contexts for virtual host 'localhost'
03-Nov-2018 15:08:14.355 INFO [http-nio-9000-exec-35] org.apache.catalina.core.ApplicationContext.log Manager: list: Listing contexts for virtual host 'localhost'
03-Nov-2018 15:08:14.365 INFO [http-nio-9000-exec-33] org.apache.catalina.core.ApplicationContext.log Manager: undeploy: Undeploying web application at '/SpringMvcUser'
03-Nov-2018 15:08:14.890 INFO [http-nio-9000-exec-24] org.apache.catalina.core.ApplicationContext.log Manager: install: Installing context configuration at 'file:/C:/Users/bzolt/AppData/Local/Temp/context6202924257361143328.xml'
03-Nov-2018 15:08:16.258 INFO [http-nio-9000-exec-36] org.apache.catalina.core.ApplicationContext.log Manager: start: Starting web application '/SpringMvcUser'
03-Nov-2018 15:22:39.094 INFO [http-nio-9000-exec-52] org.apache.catalina.core.ApplicationContext.log Manager: list: Listing contexts for virtual host 'localhost'
03-Nov-2018 15:22:39.101 INFO [http-nio-9000-exec-44] org.apache.catalina.core.ApplicationContext.log Manager: list: Listing contexts for virtual host 'localhost'
03-Nov-2018 15:22:39.118 INFO [http-nio-9000-exec-48] org.apache.catalina.core.ApplicationContext.log Manager: undeploy: Undeploying web application at '/SpringMvcUser'
03-Nov-2018 15:22:39.368 INFO [http-nio-9000-exec-43] org.apache.catalina.core.ApplicationContext.log Manager: list: Listing contexts for virtual host 'localhost'
03-Nov-2018 15:22:39.640 INFO [http-nio-9000-exec-46] org.apache.catalina.core.ApplicationContext.log Manager: restart: Reloading web application '/SpringMvcUser'
03-Nov-2018 15:22:39.648 INFO [http-nio-9000-exec-45] org.apache.catalina.core.ApplicationContext.log Manager: install: Installing context configuration at 'file:/C:/Users/bzolt/AppData/Local/Temp/context8146459239357397844.xml'
03-Nov-2018 15:22:40.603 INFO [http-nio-9000-exec-53] org.apache.catalina.core.ApplicationContext.log Manager: start: Starting web application '/SpringMvcUser'
03-Nov-2018 15:24:59.379 INFO [http-nio-9000-exec-60] org.apache.catalina.core.ApplicationContext.log Manager: list: Listing contexts for virtual host 'localhost'
03-Nov-2018 15:24:59.401 INFO [http-nio-9000-exec-61] org.apache.catalina.core.ApplicationContext.log Manager: undeploy: Undeploying web application at '/SpringMvcUser'
03-Nov-2018 15:25:07.338 INFO [http-nio-9000-exec-56] org.apache.catalina.core.ApplicationContext.log Manager: list: Listing contexts for virtual host 'localhost'
03-Nov-2018 15:25:07.345 INFO [http-nio-9000-exec-53] org.apache.catalina.core.ApplicationContext.log Manager: list: Listing contexts for virtual host 'localhost'
03-Nov-2018 15:25:07.362 INFO [http-nio-9000-exec-55] org.apache.catalina.core.ApplicationContext.log Manager: install: Installing context configuration at 'file:/C:/Users/bzolt/AppData/Local/Temp/context1789323534609045909.xml'
03-Nov-2018 15:25:08.284 INFO [http-nio-9000-exec-62] org.apache.catalina.core.ApplicationContext.log Manager: start: Starting web application '/SpringMvcUser'
03-Nov-2018 15:27:28.107 INFO [http-nio-9000-exec-69] org.apache.catalina.core.ApplicationContext.log Manager: list: Listing contexts for virtual host 'localhost'
03-Nov-2018 15:27:28.123 INFO [http-nio-9000-exec-70] org.apache.catalina.core.ApplicationContext.log Manager: undeploy: Undeploying web application at '/SpringMvcUser'
03-Nov-2018 15:27:28.477 INFO [http-nio-9000-exec-69] org.apache.catalina.core.ApplicationContext.log Manager: list: Listing contexts for virtual host 'localhost'
03-Nov-2018 15:27:28.482 INFO [http-nio-9000-exec-63] org.apache.catalina.core.ApplicationContext.log Manager: list: Listing contexts for virtual host 'localhost'
03-Nov-2018 15:27:28.651 INFO [http-nio-9000-exec-62] org.apache.catalina.core.ApplicationContext.log Manager: undeploy: Undeploying web application at '/SpringMvcUser'
03-Nov-2018 15:27:28.668 INFO [http-nio-9000-exec-68] org.apache.catalina.core.ApplicationContext.log Manager: install: Installing context configuration at 'file:/C:/Users/bzolt/AppData/Local/Temp/context4647408472567544369.xml'
03-Nov-2018 15:27:30.356 INFO [http-nio-9000-exec-65] org.apache.catalina.core.ApplicationContext.log Manager: start: Starting web application '/SpringMvcUser'
03-Nov-2018 15:27:36.155 INFO [http-nio-9000-exec-62] org.apache.catalina.core.ApplicationContext.log Manager: list: Listing contexts for virtual host 'localhost'
03-Nov-2018 15:27:36.159 INFO [http-nio-9000-exec-71] org.apache.catalina.core.ApplicationContext.log Manager: list: Listing contexts for virtual host 'localhost'
03-Nov-2018 15:27:36.169 INFO [http-nio-9000-exec-67] org.apache.catalina.core.ApplicationContext.log Manager: undeploy: Undeploying web application at '/SpringMvcUser'
03-Nov-2018 15:27:36.687 INFO [http-nio-9000-exec-65] org.apache.catalina.core.ApplicationContext.log Manager: install: Installing context configuration at 'file:/C:/Users/bzolt/AppData/Local/Temp/context4911528736390573479.xml'
03-Nov-2018 15:27:37.830 INFO [http-nio-9000-exec-70] org.apache.catalina.core.ApplicationContext.log Manager: start: Starting web application '/SpringMvcUser'
03-Nov-2018 15:27:47.383 INFO [http-nio-9000-exec-73] org.apache.catalina.core.ApplicationContext.log Manager: list: Listing contexts for virtual host 'localhost'
03-Nov-2018 15:27:47.390 INFO [http-nio-9000-exec-62] org.apache.catalina.core.ApplicationContext.log Manager: list: Listing contexts for virtual host 'localhost'
03-Nov-2018 15:27:47.397 INFO [http-nio-9000-exec-74] org.apache.catalina.core.ApplicationContext.log Manager: undeploy: Undeploying web application at '/SpringMvcUser'
03-Nov-2018 15:27:47.927 INFO [http-nio-9000-exec-70] org.apache.catalina.core.ApplicationContext.log Manager: install: Installing context configuration at 'file:/C:/Users/bzolt/AppData/Local/Temp/context6932987928692334409.xml'
03-Nov-2018 15:27:49.210 INFO [http-nio-9000-exec-72] org.apache.catalina.core.ApplicationContext.log Manager: start: Starting web application '/SpringMvcUser'
03-Nov-2018 15:28:06.973 INFO [http-nio-9000-exec-81] org.apache.catalina.core.ApplicationContext.log Manager: list: Listing contexts for virtual host 'localhost'
03-Nov-2018 15:28:06.982 INFO [http-nio-9000-exec-62] org.apache.catalina.core.ApplicationContext.log Manager: restart: Reloading web application '/SpringMvcUser'
03-Nov-2018 15:28:13.472 INFO [http-nio-9000-exec-78] org.apache.catalina.core.ApplicationContext.log Manager: list: Listing contexts for virtual host 'localhost'
03-Nov-2018 15:28:13.476 INFO [http-nio-9000-exec-82] org.apache.catalina.core.ApplicationContext.log Manager: list: Listing contexts for virtual host 'localhost'
03-Nov-2018 15:28:13.489 INFO [http-nio-9000-exec-80] org.apache.catalina.core.ApplicationContext.log Manager: undeploy: Undeploying web application at '/SpringMvcUser'
03-Nov-2018 15:28:14.017 INFO [http-nio-9000-exec-81] org.apache.catalina.core.ApplicationContext.log Manager: install: Installing context configuration at 'file:/C:/Users/bzolt/AppData/Local/Temp/context3818465533698097391.xml'
03-Nov-2018 15:28:15.174 INFO [http-nio-9000-exec-83] org.apache.catalina.core.ApplicationContext.log Manager: start: Starting web application '/SpringMvcUser'
03-Nov-2018 15:32:08.505 INFO [http-nio-9000-exec-91] org.apache.catalina.core.ApplicationContext.log Manager: list: Listing contexts for virtual host 'localhost'
03-Nov-2018 15:32:08.522 INFO [http-nio-9000-exec-92] org.apache.catalina.core.ApplicationContext.log Manager: undeploy: Undeploying web application at '/SpringMvcUser'
03-Nov-2018 15:32:08.857 INFO [http-nio-9000-exec-93] org.apache.catalina.core.ApplicationContext.log Manager: list: Listing contexts for virtual host 'localhost'
03-Nov-2018 15:32:09.050 INFO [http-nio-9000-exec-85] org.apache.catalina.core.ApplicationContext.log Manager: restart: Reloading web application '/SpringMvcUser'
03-Nov-2018 15:32:18.759 INFO [http-nio-9000-exec-91] org.apache.catalina.core.ApplicationContext.log Manager: list: Listing contexts for virtual host 'localhost'
03-Nov-2018 15:32:18.763 INFO [http-nio-9000-exec-93] org.apache.catalina.core.ApplicationContext.log Manager: list: Listing contexts for virtual host 'localhost'
03-Nov-2018 15:32:18.777 INFO [http-nio-9000-exec-92] org.apache.catalina.core.ApplicationContext.log Manager: install: Installing context configuration at 'file:/C:/Users/bzolt/AppData/Local/Temp/context3457474125461450172.xml'
03-Nov-2018 15:32:19.913 INFO [http-nio-9000-exec-85] org.apache.catalina.core.ApplicationContext.log Manager: start: Starting web application '/SpringMvcUser'
03-Nov-2018 15:35:45.608 INFO [http-nio-9000-exec-95] org.apache.catalina.core.ApplicationContext.log Manager: list: Listing contexts for virtual host 'localhost'
03-Nov-2018 15:35:45.612 INFO [http-nio-9000-exec-101] org.apache.catalina.core.ApplicationContext.log Manager: list: Listing contexts for virtual host 'localhost'
03-Nov-2018 15:35:45.620 INFO [http-nio-9000-exec-100] org.apache.catalina.core.ApplicationContext.log Manager: undeploy: Undeploying web application at '/SpringMvcUser'
03-Nov-2018 15:35:46.148 INFO [http-nio-9000-exec-103] org.apache.catalina.core.ApplicationContext.log Manager: install: Installing context configuration at 'file:/C:/Users/bzolt/AppData/Local/Temp/context7782648083415494597.xml'
03-Nov-2018 15:35:47.506 INFO [http-nio-9000-exec-104] org.apache.catalina.core.ApplicationContext.log Manager: start: Starting web application '/SpringMvcUser'
03-Nov-2018 15:35:52.039 INFO [http-nio-9000-exec-97] org.apache.catalina.core.ApplicationContext.log Manager: list: Listing contexts for virtual host 'localhost'
03-Nov-2018 15:35:52.045 INFO [http-nio-9000-exec-101] org.apache.catalina.core.ApplicationContext.log Manager: list: Listing contexts for virtual host 'localhost'
03-Nov-2018 15:35:52.052 INFO [http-nio-9000-exec-105] org.apache.catalina.core.ApplicationContext.log Manager: undeploy: Undeploying web application at '/SpringMvcUser'
03-Nov-2018 15:35:52.570 INFO [http-nio-9000-exec-104] org.apache.catalina.core.ApplicationContext.log Manager: install: Installing context configuration at 'file:/C:/Users/bzolt/AppData/Local/Temp/context4192202055748583303.xml'
03-Nov-2018 15:35:53.960 INFO [http-nio-9000-exec-106] org.apache.catalina.core.ApplicationContext.log Manager: start: Starting web application '/SpringMvcUser'
03-Nov-2018 15:37:28.421 INFO [http-nio-9000-exec-111] org.apache.catalina.core.ApplicationContext.log Manager: list: Listing contexts for virtual host 'localhost'
03-Nov-2018 15:37:28.425 INFO [http-nio-9000-exec-114] org.apache.catalina.core.ApplicationContext.log Manager: list: Listing contexts for virtual host 'localhost'
03-Nov-2018 15:37:28.433 INFO [http-nio-9000-exec-113] org.apache.catalina.core.ApplicationContext.log Manager: undeploy: Undeploying web application at '/SpringMvcUser'
03-Nov-2018 15:37:28.963 INFO [http-nio-9000-exec-114] org.apache.catalina.core.ApplicationContext.log Manager: install: Installing context configuration at 'file:/C:/Users/bzolt/AppData/Local/Temp/context4890941227925821791.xml'
03-Nov-2018 15:37:30.343 INFO [http-nio-9000-exec-107] org.apache.catalina.core.ApplicationContext.log Manager: start: Starting web application '/SpringMvcUser'
