06-Oct-2018 13:53:54.012 INFO [http-nio-9000-exec-8] org.apache.catalina.core.ApplicationContext.log Manager: init: Associated with Deployer 'Catalina:type=Deployer,host=localhost'
06-Oct-2018 13:53:54.013 INFO [http-nio-9000-exec-8] org.apache.catalina.core.ApplicationContext.log Manager: init: Global resources are available
06-Oct-2018 13:53:54.066 INFO [http-nio-9000-exec-10] org.apache.catalina.core.ApplicationContext.log Manager: list: Listing contexts for virtual host 'localhost'
06-Oct-2018 13:53:54.077 INFO [http-nio-9000-exec-3] org.apache.catalina.core.ApplicationContext.log Manager: list: Listing contexts for virtual host 'localhost'
06-Oct-2018 13:53:59.098 INFO [http-nio-9000-exec-3] org.apache.catalina.core.ApplicationContext.log Manager: list: Listing contexts for virtual host 'localhost'
06-Oct-2018 13:53:59.107 INFO [http-nio-9000-exec-1] org.apache.catalina.core.ApplicationContext.log Manager: list: Listing contexts for virtual host 'localhost'
06-Oct-2018 13:53:59.127 INFO [http-nio-9000-exec-9] org.apache.catalina.core.ApplicationContext.log Manager: install: Installing context configuration at 'file:/C:/Users/bzolt/AppData/Local/Temp/context5127466684731216150.xml'
06-Oct-2018 13:54:00.562 INFO [http-nio-9000-exec-10] org.apache.catalina.core.ApplicationContext.log Manager: start: Starting web application '/SpringMvcUser'
06-Oct-2018 13:54:45.562 INFO [http-nio-9000-exec-8] org.apache.catalina.core.ApplicationContext.log Manager: list: Listing contexts for virtual host 'localhost'
06-Oct-2018 13:54:45.568 INFO [http-nio-9000-exec-4] org.apache.catalina.core.ApplicationContext.log Manager: list: Listing contexts for virtual host 'localhost'
06-Oct-2018 13:54:45.579 INFO [http-nio-9000-exec-2] org.apache.catalina.core.ApplicationContext.log Manager: undeploy: Undeploying web application at '/SpringMvcUser'
06-Oct-2018 13:54:46.133 INFO [http-nio-9000-exec-5] org.apache.catalina.core.ApplicationContext.log Manager: install: Installing context configuration at 'file:/C:/Users/bzolt/AppData/Local/Temp/context987877260586804056.xml'
06-Oct-2018 13:54:47.326 INFO [http-nio-9000-exec-6] org.apache.catalina.core.ApplicationContext.log Manager: start: Starting web application '/SpringMvcUser'
06-Oct-2018 14:02:48.001 INFO [http-nio-9000-exec-24] org.apache.catalina.core.ApplicationContext.log Manager: list: Listing contexts for virtual host 'localhost'
06-Oct-2018 14:02:48.017 INFO [http-nio-9000-exec-21] org.apache.catalina.core.ApplicationContext.log Manager: undeploy: Undeploying web application at '/SpringMvcUser'
06-Oct-2018 14:02:48.545 INFO [http-nio-9000-exec-18] org.apache.catalina.core.ApplicationContext.log Manager: install: Installing context configuration at 'file:/C:/Users/bzolt/AppData/Local/Temp/context5161581394335295201.xml'
06-Oct-2018 14:02:50.273 INFO [http-nio-9000-exec-22] org.apache.catalina.core.ApplicationContext.log Manager: start: Starting web application '/SpringMvcUser'
06-Oct-2018 15:11:14.364 INFO [http-nio-9000-exec-27] org.apache.catalina.core.ApplicationContext.log Manager: list: Listing contexts for virtual host 'localhost'
06-Oct-2018 15:11:14.368 INFO [http-nio-9000-exec-28] org.apache.catalina.core.ApplicationContext.log Manager: list: Listing contexts for virtual host 'localhost'
06-Oct-2018 15:11:14.397 INFO [http-nio-9000-exec-30] org.apache.catalina.core.ApplicationContext.log Manager: undeploy: Undeploying web application at '/SpringMvcUser'
06-Oct-2018 15:11:14.984 INFO [http-nio-9000-exec-32] org.apache.catalina.core.ApplicationContext.log Manager: install: Installing context configuration at 'file:/C:/Users/bzolt/AppData/Local/Temp/context6617693081824434119.xml'
06-Oct-2018 15:11:16.917 INFO [http-nio-9000-exec-34] org.apache.catalina.core.ApplicationContext.log Manager: start: Starting web application '/SpringMvcUser'
06-Oct-2018 15:58:20.413 INFO [http-nio-9000-exec-38] org.apache.catalina.core.ApplicationContext.log Manager: list: Listing contexts for virtual host 'localhost'
06-Oct-2018 15:58:20.421 INFO [http-nio-9000-exec-39] org.apache.catalina.core.ApplicationContext.log Manager: list: Listing contexts for virtual host 'localhost'
06-Oct-2018 15:58:20.433 INFO [http-nio-9000-exec-35] org.apache.catalina.core.ApplicationContext.log Manager: undeploy: Undeploying web application at '/SpringMvcUser'
06-Oct-2018 15:58:21.005 INFO [http-nio-9000-exec-43] org.apache.catalina.core.ApplicationContext.log Manager: install: Installing context configuration at 'file:/C:/Users/bzolt/AppData/Local/Temp/context2160960686152742011.xml'
06-Oct-2018 15:58:22.851 INFO [http-nio-9000-exec-37] org.apache.catalina.core.ApplicationContext.log Manager: start: Starting web application '/SpringMvcUser'
06-Oct-2018 16:02:43.562 INFO [http-nio-9000-exec-46] org.apache.catalina.core.ApplicationContext.log Manager: list: Listing contexts for virtual host 'localhost'
06-Oct-2018 16:02:43.568 INFO [http-nio-9000-exec-50] org.apache.catalina.core.ApplicationContext.log Manager: list: Listing contexts for virtual host 'localhost'
06-Oct-2018 16:02:43.582 INFO [http-nio-9000-exec-49] org.apache.catalina.core.ApplicationContext.log Manager: undeploy: Undeploying web application at '/SpringMvcUser'
06-Oct-2018 16:02:44.120 INFO [http-nio-9000-exec-45] org.apache.catalina.core.ApplicationContext.log Manager: install: Installing context configuration at 'file:/C:/Users/bzolt/AppData/Local/Temp/context7828580038074708981.xml'
06-Oct-2018 16:02:45.729 INFO [http-nio-9000-exec-50] org.apache.catalina.core.ApplicationContext.log Manager: start: Starting web application '/SpringMvcUser'
06-Oct-2018 16:05:45.517 INFO [http-nio-9000-exec-57] org.apache.catalina.core.ApplicationContext.log Manager: list: Listing contexts for virtual host 'localhost'
06-Oct-2018 16:05:45.524 INFO [http-nio-9000-exec-58] org.apache.catalina.core.ApplicationContext.log Manager: list: Listing contexts for virtual host 'localhost'
06-Oct-2018 16:05:45.533 INFO [http-nio-9000-exec-59] org.apache.catalina.core.ApplicationContext.log Manager: undeploy: Undeploying web application at '/SpringMvcUser'
06-Oct-2018 16:05:46.070 INFO [http-nio-9000-exec-61] org.apache.catalina.core.ApplicationContext.log Manager: install: Installing context configuration at 'file:/C:/Users/bzolt/AppData/Local/Temp/context6723820787198951470.xml'
06-Oct-2018 16:05:47.560 INFO [http-nio-9000-exec-62] org.apache.catalina.core.ApplicationContext.log Manager: start: Starting web application '/SpringMvcUser'
06-Oct-2018 16:14:23.576 INFO [http-nio-9000-exec-66] org.apache.catalina.core.ApplicationContext.log Manager: list: Listing contexts for virtual host 'localhost'
06-Oct-2018 16:14:23.585 INFO [http-nio-9000-exec-71] org.apache.catalina.core.ApplicationContext.log Manager: list: Listing contexts for virtual host 'localhost'
06-Oct-2018 16:14:23.597 INFO [http-nio-9000-exec-70] org.apache.catalina.core.ApplicationContext.log Manager: undeploy: Undeploying web application at '/SpringMvcUser'
06-Oct-2018 16:14:24.129 INFO [http-nio-9000-exec-65] org.apache.catalina.core.ApplicationContext.log Manager: install: Installing context configuration at 'file:/C:/Users/bzolt/AppData/Local/Temp/context5984058498797354538.xml'
06-Oct-2018 16:14:25.695 INFO [http-nio-9000-exec-66] org.apache.catalina.core.ApplicationContext.log Manager: start: Starting web application '/SpringMvcUser'
06-Oct-2018 16:18:56.909 INFO [http-nio-9000-exec-75] org.apache.catalina.core.ApplicationContext.log Manager: list: Listing contexts for virtual host 'localhost'
06-Oct-2018 16:18:56.914 INFO [http-nio-9000-exec-79] org.apache.catalina.core.ApplicationContext.log Manager: list: Listing contexts for virtual host 'localhost'
06-Oct-2018 16:18:56.928 INFO [http-nio-9000-exec-80] org.apache.catalina.core.ApplicationContext.log Manager: undeploy: Undeploying web application at '/SpringMvcUser'
06-Oct-2018 16:18:57.462 INFO [http-nio-9000-exec-76] org.apache.catalina.core.ApplicationContext.log Manager: install: Installing context configuration at 'file:/C:/Users/bzolt/AppData/Local/Temp/context6038604499608704356.xml'
06-Oct-2018 16:18:58.995 INFO [http-nio-9000-exec-77] org.apache.catalina.core.ApplicationContext.log Manager: start: Starting web application '/SpringMvcUser'
06-Oct-2018 16:21:03.502 INFO [http-nio-9000-exec-90] org.apache.catalina.core.ApplicationContext.log Manager: list: Listing contexts for virtual host 'localhost'
06-Oct-2018 16:21:04.003 INFO [http-nio-9000-exec-89] org.apache.catalina.core.ApplicationContext.log Manager: restart: Reloading web application '/SpringMvcUser'
06-Oct-2018 16:21:04.580 INFO [http-nio-9000-exec-87] org.apache.catalina.core.ApplicationContext.log Manager: list: Listing contexts for virtual host 'localhost'
06-Oct-2018 16:21:05.704 INFO [http-nio-9000-exec-89] org.apache.catalina.core.ApplicationContext.log Manager: undeploy: Undeploying web application at '/SpringMvcUser'
06-Oct-2018 16:21:12.990 INFO [http-nio-9000-exec-91] org.apache.catalina.core.ApplicationContext.log Manager: list: Listing contexts for virtual host 'localhost'
06-Oct-2018 16:21:12.997 INFO [http-nio-9000-exec-96] org.apache.catalina.core.ApplicationContext.log Manager: list: Listing contexts for virtual host 'localhost'
06-Oct-2018 16:21:13.010 INFO [http-nio-9000-exec-92] org.apache.catalina.core.ApplicationContext.log Manager: install: Installing context configuration at 'file:/C:/Users/bzolt/AppData/Local/Temp/context4212977673235202058.xml'
06-Oct-2018 16:21:14.592 INFO [http-nio-9000-exec-93] org.apache.catalina.core.ApplicationContext.log Manager: start: Starting web application '/SpringMvcUser'
06-Oct-2018 16:24:30.709 INFO [http-nio-9000-exec-99] org.apache.catalina.core.ApplicationContext.log Manager: list: Listing contexts for virtual host 'localhost'
06-Oct-2018 16:24:30.713 INFO [http-nio-9000-exec-101] org.apache.catalina.core.ApplicationContext.log Manager: list: Listing contexts for virtual host 'localhost'
06-Oct-2018 16:24:30.730 INFO [http-nio-9000-exec-102] org.apache.catalina.core.ApplicationContext.log Manager: undeploy: Undeploying web application at '/SpringMvcUser'
06-Oct-2018 16:24:31.266 INFO [http-nio-9000-exec-103] org.apache.catalina.core.ApplicationContext.log Manager: install: Installing context configuration at 'file:/C:/Users/bzolt/AppData/Local/Temp/context6826493902185443275.xml'
06-Oct-2018 16:24:32.096 INFO [http-nio-9000-exec-97] org.apache.catalina.core.ApplicationContext.log Manager: list: Listing contexts for virtual host 'localhost'
06-Oct-2018 16:24:32.105 INFO [http-nio-9000-exec-98] org.apache.catalina.core.ApplicationContext.log Manager: list: Listing contexts for virtual host 'localhost'
06-Oct-2018 16:24:33.053 INFO [http-nio-9000-exec-99] org.apache.catalina.core.ApplicationContext.log Manager: undeploy: Undeploying web application at '/SpringMvcUser'
06-Oct-2018 16:24:33.573 INFO [http-nio-9000-exec-97] org.apache.catalina.core.ApplicationContext.log Manager: start: Starting web application '/SpringMvcUser'
06-Oct-2018 16:24:33.581 INFO [http-nio-9000-exec-108] org.apache.catalina.core.ApplicationContext.log Manager: install: Installing context configuration at 'file:/C:/Users/bzolt/AppData/Local/Temp/context6055440857473042728.xml'
06-Oct-2018 16:24:35.617 INFO [http-nio-9000-exec-104] org.apache.catalina.core.ApplicationContext.log Manager: start: Starting web application '/SpringMvcUser'
