07-Nov-2018 10:46:10.342 INFO [http-nio-9000-exec-5] org.apache.catalina.core.ApplicationContext.log Manager: init: Associated with Deployer 'Catalina:type=Deployer,host=localhost'
07-Nov-2018 10:46:10.342 INFO [http-nio-9000-exec-5] org.apache.catalina.core.ApplicationContext.log Manager: init: Global resources are available
07-Nov-2018 10:46:10.526 INFO [http-nio-9000-exec-6] org.apache.catalina.core.ApplicationContext.log Manager: list: Listing contexts for virtual host 'localhost'
07-Nov-2018 10:46:10.536 INFO [http-nio-9000-exec-8] org.apache.catalina.core.ApplicationContext.log Manager: list: Listing contexts for virtual host 'localhost'
07-Nov-2018 10:46:10.559 INFO [http-nio-9000-exec-10] org.apache.catalina.core.ApplicationContext.log Manager: undeploy: Undeploying web application at '/SzemleletGym'
07-Nov-2018 10:46:11.298 INFO [http-nio-9000-exec-2] org.apache.catalina.core.ApplicationContext.log Manager: install: Installing context configuration at 'file:/C:/Users/bzolt/AppData/Local/Temp/context7081622801506623081.xml'
07-Nov-2018 10:46:13.852 INFO [http-nio-9000-exec-4] org.apache.catalina.core.ApplicationContext.log Manager: start: Starting web application '/SzemleletGym'
07-Nov-2018 10:49:32.807 INFO [http-nio-9000-exec-11] org.apache.catalina.core.ApplicationContext.log Manager: list: Listing contexts for virtual host 'localhost'
07-Nov-2018 10:49:32.812 INFO [http-nio-9000-exec-16] org.apache.catalina.core.ApplicationContext.log Manager: list: Listing contexts for virtual host 'localhost'
07-Nov-2018 10:49:32.823 INFO [http-nio-9000-exec-15] org.apache.catalina.core.ApplicationContext.log Manager: undeploy: Undeploying web application at '/SzemleletGym'
07-Nov-2018 10:49:33.398 INFO [http-nio-9000-exec-20] org.apache.catalina.core.ApplicationContext.log Manager: install: Installing context configuration at 'file:/C:/Users/bzolt/AppData/Local/Temp/context1621698408084081253.xml'
07-Nov-2018 10:49:35.731 INFO [http-nio-9000-exec-14] org.apache.catalina.core.ApplicationContext.log Manager: start: Starting web application '/SzemleletGym'
07-Nov-2018 10:50:05.711 INFO [http-nio-9000-exec-26] org.apache.catalina.core.ApplicationContext.log Manager: list: Listing contexts for virtual host 'localhost'
07-Nov-2018 10:50:05.718 INFO [http-nio-9000-exec-26] org.apache.catalina.core.ApplicationContext.log Manager: list: Listing contexts for virtual host 'localhost'
07-Nov-2018 10:50:05.728 INFO [http-nio-9000-exec-11] org.apache.catalina.core.ApplicationContext.log Manager: undeploy: Undeploying web application at '/SzemleletGym'
07-Nov-2018 10:50:06.304 INFO [http-nio-9000-exec-23] org.apache.catalina.core.ApplicationContext.log Manager: install: Installing context configuration at 'file:/C:/Users/bzolt/AppData/Local/Temp/context6429484769032712906.xml'
07-Nov-2018 10:50:08.882 INFO [http-nio-9000-exec-14] org.apache.catalina.core.ApplicationContext.log Manager: start: Starting web application '/SzemleletGym'
07-Nov-2018 10:59:29.569 INFO [http-nio-9000-exec-28] org.apache.catalina.core.ApplicationContext.log Manager: list: Listing contexts for virtual host 'localhost'
07-Nov-2018 10:59:29.845 INFO [http-nio-9000-exec-36] org.apache.catalina.core.ApplicationContext.log Manager: restart: Reloading web application '/SzemleletGym'
07-Nov-2018 10:59:42.313 INFO [http-nio-9000-exec-32] org.apache.catalina.core.ApplicationContext.log Manager: list: Listing contexts for virtual host 'localhost'
07-Nov-2018 10:59:42.320 INFO [http-nio-9000-exec-33] org.apache.catalina.core.ApplicationContext.log Manager: list: Listing contexts for virtual host 'localhost'
07-Nov-2018 10:59:42.332 INFO [http-nio-9000-exec-35] org.apache.catalina.core.ApplicationContext.log Manager: undeploy: Undeploying web application at '/SzemleletGym'
07-Nov-2018 10:59:42.885 INFO [http-nio-9000-exec-34] org.apache.catalina.core.ApplicationContext.log Manager: install: Installing context configuration at 'file:/C:/Users/bzolt/AppData/Local/Temp/context8002875349711980227.xml'
07-Nov-2018 10:59:44.866 INFO [http-nio-9000-exec-27] org.apache.catalina.core.ApplicationContext.log Manager: start: Starting web application '/SzemleletGym'
07-Nov-2018 11:00:17.122 INFO [http-nio-9000-exec-44] org.apache.catalina.core.ApplicationContext.log Manager: list: Listing contexts for virtual host 'localhost'
07-Nov-2018 11:00:17.230 INFO [http-nio-9000-exec-39] org.apache.catalina.core.ApplicationContext.log Manager: restart: Reloading web application '/SzemleletGym'
07-Nov-2018 11:00:39.265 INFO [http-nio-9000-exec-30] org.apache.catalina.core.ApplicationContext.log Manager: list: Listing contexts for virtual host 'localhost'
07-Nov-2018 11:01:01.459 INFO [http-nio-9000-exec-43] org.apache.catalina.core.ApplicationContext.log Manager: list: Listing contexts for virtual host 'localhost'
07-Nov-2018 11:01:01.464 INFO [http-nio-9000-exec-40] org.apache.catalina.core.ApplicationContext.log Manager: list: Listing contexts for virtual host 'localhost'
07-Nov-2018 11:01:01.476 INFO [http-nio-9000-exec-46] org.apache.catalina.core.ApplicationContext.log Manager: undeploy: Undeploying web application at '/SzemleletGym'
07-Nov-2018 11:01:02.054 INFO [http-nio-9000-exec-43] org.apache.catalina.core.ApplicationContext.log Manager: install: Installing context configuration at 'file:/C:/Users/bzolt/AppData/Local/Temp/context6820597074230622846.xml'
07-Nov-2018 11:01:04.009 INFO [http-nio-9000-exec-40] org.apache.catalina.core.ApplicationContext.log Manager: start: Starting web application '/SzemleletGym'
07-Nov-2018 11:01:41.120 INFO [http-nio-9000-exec-52] org.apache.catalina.core.ApplicationContext.log Manager: list: Listing contexts for virtual host 'localhost'
07-Nov-2018 11:06:07.379 INFO [http-nio-9000-exec-49] org.apache.catalina.core.ApplicationContext.log Manager: list: Listing contexts for virtual host 'localhost'
07-Nov-2018 11:06:07.503 INFO [http-nio-9000-exec-50] org.apache.catalina.core.ApplicationContext.log Manager: restart: Reloading web application '/SzemleletGym'
07-Nov-2018 11:08:25.104 INFO [http-nio-9000-exec-62] org.apache.catalina.core.ApplicationContext.log Manager: list: Listing contexts for virtual host 'localhost'
07-Nov-2018 11:08:25.186 INFO [http-nio-9000-exec-58] org.apache.catalina.core.ApplicationContext.log Manager: restart: Reloading web application '/SzemleletGym'
07-Nov-2018 11:11:23.070 INFO [http-nio-9000-exec-52] org.apache.catalina.core.ApplicationContext.log Manager: list: Listing contexts for virtual host 'localhost'
07-Nov-2018 11:11:23.151 INFO [http-nio-9000-exec-66] org.apache.catalina.core.ApplicationContext.log Manager: restart: Reloading web application '/SzemleletGym'
07-Nov-2018 11:11:33.114 INFO [http-nio-9000-exec-65] org.apache.catalina.core.ApplicationContext.log Manager: list: Listing contexts for virtual host 'localhost'
07-Nov-2018 11:11:33.118 INFO [http-nio-9000-exec-70] org.apache.catalina.core.ApplicationContext.log Manager: list: Listing contexts for virtual host 'localhost'
07-Nov-2018 11:11:33.129 INFO [http-nio-9000-exec-68] org.apache.catalina.core.ApplicationContext.log Manager: undeploy: Undeploying web application at '/SzemleletGym'
07-Nov-2018 11:11:33.773 INFO [http-nio-9000-exec-67] org.apache.catalina.core.ApplicationContext.log Manager: install: Installing context configuration at 'file:/C:/Users/bzolt/AppData/Local/Temp/context3361955266022204834.xml'
07-Nov-2018 11:11:36.015 INFO [http-nio-9000-exec-69] org.apache.catalina.core.ApplicationContext.log Manager: start: Starting web application '/SzemleletGym'
07-Nov-2018 11:12:16.769 INFO [http-nio-9000-exec-61] org.apache.catalina.core.ApplicationContext.log Manager: list: Listing contexts for virtual host 'localhost'
07-Nov-2018 11:12:16.878 INFO [http-nio-9000-exec-65] org.apache.catalina.core.ApplicationContext.log Manager: restart: Reloading web application '/SzemleletGym'
07-Nov-2018 11:12:25.988 INFO [http-nio-9000-exec-79] org.apache.catalina.core.ApplicationContext.log Manager: list: Listing contexts for virtual host 'localhost'
07-Nov-2018 11:12:26.031 INFO [http-nio-9000-exec-71] org.apache.catalina.core.ApplicationContext.log Manager: restart: Reloading web application '/SzemleletGym'
07-Nov-2018 11:12:26.031 SEVERE [http-nio-9000-exec-71] org.apache.catalina.core.ApplicationContext.log Manager: ManagerServlet.reload[/SzemleletGym]
 java.lang.IllegalStateException: Context with name [/SzemleletGym] has not yet been started
	at org.apache.catalina.core.StandardContext.reload(StandardContext.java:3683)
	at org.apache.catalina.manager.ManagerServlet.reload(ManagerServlet.java:1094)
	at org.apache.catalina.manager.ManagerServlet.doGet(ManagerServlet.java:364)
	at javax.servlet.http.HttpServlet.service(HttpServlet.java:634)
	at javax.servlet.http.HttpServlet.service(HttpServlet.java:741)
	at org.apache.catalina.core.ApplicationFilterChain.internalDoFilter(ApplicationFilterChain.java:231)
	at org.apache.catalina.core.ApplicationFilterChain.doFilter(ApplicationFilterChain.java:166)
	at org.apache.tomcat.websocket.server.WsFilter.doFilter(WsFilter.java:53)
	at org.apache.catalina.core.ApplicationFilterChain.internalDoFilter(ApplicationFilterChain.java:193)
	at org.apache.catalina.core.ApplicationFilterChain.doFilter(ApplicationFilterChain.java:166)
	at org.apache.catalina.core.StandardWrapperValve.invoke(StandardWrapperValve.java:199)
	at org.apache.catalina.core.StandardContextValve.invoke(StandardContextValve.java:96)
	at org.apache.catalina.authenticator.AuthenticatorBase.invoke(AuthenticatorBase.java:611)
	at org.apache.catalina.valves.RequestFilterValve.process(RequestFilterValve.java:348)
	at org.apache.catalina.valves.RemoteAddrValve.invoke(RemoteAddrValve.java:52)
	at org.apache.catalina.core.StandardHostValve.invoke(StandardHostValve.java:139)
	at org.apache.catalina.valves.ErrorReportValve.invoke(ErrorReportValve.java:92)
	at org.apache.catalina.valves.AbstractAccessLogValve.invoke(AbstractAccessLogValve.java:651)
	at org.apache.catalina.core.StandardEngineValve.invoke(StandardEngineValve.java:87)
	at org.apache.catalina.connector.CoyoteAdapter.service(CoyoteAdapter.java:343)
	at org.apache.coyote.http11.Http11Processor.service(Http11Processor.java:412)
	at org.apache.coyote.AbstractProcessorLight.process(AbstractProcessorLight.java:66)
	at org.apache.coyote.AbstractProtocol$ConnectionHandler.process(AbstractProtocol.java:754)
	at org.apache.tomcat.util.net.NioEndpoint$SocketProcessor.doRun(NioEndpoint.java:1385)
	at org.apache.tomcat.util.net.SocketProcessorBase.run(SocketProcessorBase.java:49)
	at java.util.concurrent.ThreadPoolExecutor.runWorker(ThreadPoolExecutor.java:1149)
	at java.util.concurrent.ThreadPoolExecutor$Worker.run(ThreadPoolExecutor.java:624)
	at org.apache.tomcat.util.threads.TaskThread$WrappingRunnable.run(TaskThread.java:61)
	at java.lang.Thread.run(Thread.java:748)

07-Nov-2018 11:12:31.666 INFO [http-nio-9000-exec-68] org.apache.catalina.core.ApplicationContext.log Manager: list: Listing contexts for virtual host 'localhost'
07-Nov-2018 11:12:31.671 INFO [http-nio-9000-exec-75] org.apache.catalina.core.ApplicationContext.log Manager: list: Listing contexts for virtual host 'localhost'
07-Nov-2018 11:12:31.680 INFO [http-nio-9000-exec-61] org.apache.catalina.core.ApplicationContext.log Manager: undeploy: Undeploying web application at '/SzemleletGym'
07-Nov-2018 11:12:32.232 INFO [http-nio-9000-exec-73] org.apache.catalina.core.ApplicationContext.log Manager: install: Installing context configuration at 'file:/C:/Users/bzolt/AppData/Local/Temp/context6418530882309665652.xml'
07-Nov-2018 11:12:34.460 INFO [http-nio-9000-exec-71] org.apache.catalina.core.ApplicationContext.log Manager: start: Starting web application '/SzemleletGym'
07-Nov-2018 11:14:40.511 INFO [http-nio-9000-exec-79] org.apache.catalina.core.ApplicationContext.log Manager: list: Listing contexts for virtual host 'localhost'
07-Nov-2018 11:14:40.527 INFO [http-nio-9000-exec-78] org.apache.catalina.core.ApplicationContext.log Manager: list: Listing contexts for virtual host 'localhost'
07-Nov-2018 11:14:40.541 INFO [http-nio-9000-exec-84] org.apache.catalina.core.ApplicationContext.log Manager: undeploy: Undeploying web application at '/SzemleletGym'
07-Nov-2018 11:14:41.164 INFO [http-nio-9000-exec-83] org.apache.catalina.core.ApplicationContext.log Manager: install: Installing context configuration at 'file:/C:/Users/bzolt/AppData/Local/Temp/context7695817785699766439.xml'
07-Nov-2018 11:14:43.227 INFO [http-nio-9000-exec-86] org.apache.catalina.core.ApplicationContext.log Manager: start: Starting web application '/SzemleletGym'
07-Nov-2018 11:15:05.784 INFO [http-nio-9000-exec-80] org.apache.catalina.core.ApplicationContext.log Manager: list: Listing contexts for virtual host 'localhost'
07-Nov-2018 11:15:05.788 INFO [http-nio-9000-exec-84] org.apache.catalina.core.ApplicationContext.log Manager: list: Listing contexts for virtual host 'localhost'
07-Nov-2018 11:15:05.796 INFO [http-nio-9000-exec-86] org.apache.catalina.core.ApplicationContext.log Manager: undeploy: Undeploying web application at '/SzemleletGym'
07-Nov-2018 11:15:06.348 INFO [http-nio-9000-exec-78] org.apache.catalina.core.ApplicationContext.log Manager: install: Installing context configuration at 'file:/C:/Users/bzolt/AppData/Local/Temp/context3345037361664302760.xml'
07-Nov-2018 11:15:08.494 INFO [http-nio-9000-exec-87] org.apache.catalina.core.ApplicationContext.log Manager: start: Starting web application '/SzemleletGym'
07-Nov-2018 11:15:40.966 INFO [http-nio-9000-exec-90] org.apache.catalina.core.ApplicationContext.log Manager: list: Listing contexts for virtual host 'localhost'
07-Nov-2018 11:15:45.467 INFO [http-nio-9000-exec-92] org.apache.catalina.core.ApplicationContext.log Manager: list: Listing contexts for virtual host 'localhost'
07-Nov-2018 11:15:45.470 INFO [http-nio-9000-exec-94] org.apache.catalina.core.ApplicationContext.log Manager: list: Listing contexts for virtual host 'localhost'
07-Nov-2018 11:15:45.478 INFO [http-nio-9000-exec-90] org.apache.catalina.core.ApplicationContext.log Manager: undeploy: Undeploying web application at '/SzemleletGym'
07-Nov-2018 11:15:46.035 INFO [http-nio-9000-exec-86] org.apache.catalina.core.ApplicationContext.log Manager: install: Installing context configuration at 'file:/C:/Users/bzolt/AppData/Local/Temp/context820657307845603428.xml'
07-Nov-2018 11:15:48.088 INFO [http-nio-9000-exec-89] org.apache.catalina.core.ApplicationContext.log Manager: start: Starting web application '/SzemleletGym'
07-Nov-2018 11:16:09.341 INFO [http-nio-9000-exec-96] org.apache.catalina.core.ApplicationContext.log Manager: list: Listing contexts for virtual host 'localhost'
07-Nov-2018 11:16:19.227 INFO [http-nio-9000-exec-98] org.apache.catalina.core.ApplicationContext.log Manager: list: Listing contexts for virtual host 'localhost'
07-Nov-2018 11:36:34.791 INFO [http-nio-9000-exec-104] org.apache.catalina.core.ApplicationContext.log Manager: list: Listing contexts for virtual host 'localhost'
07-Nov-2018 11:36:57.460 INFO [http-nio-9000-exec-98] org.apache.catalina.core.ApplicationContext.log Manager: list: Listing contexts for virtual host 'localhost'
07-Nov-2018 11:37:33.470 INFO [http-nio-9000-exec-3] org.apache.catalina.core.ApplicationContext.log Manager: init: Associated with Deployer 'Catalina:type=Deployer,host=localhost'
07-Nov-2018 11:37:33.470 INFO [http-nio-9000-exec-3] org.apache.catalina.core.ApplicationContext.log Manager: init: Global resources are available
07-Nov-2018 11:37:35.384 INFO [http-nio-9000-exec-1] org.apache.catalina.core.ApplicationContext.log Manager: list: Listing contexts for virtual host 'localhost'
07-Nov-2018 11:37:35.388 INFO [http-nio-9000-exec-4] org.apache.catalina.core.ApplicationContext.log Manager: list: Listing contexts for virtual host 'localhost'
07-Nov-2018 11:37:35.397 INFO [http-nio-9000-exec-3] org.apache.catalina.core.ApplicationContext.log Manager: undeploy: Undeploying web application at '/SzemleletGym'
07-Nov-2018 11:37:36.003 INFO [http-nio-9000-exec-5] org.apache.catalina.core.ApplicationContext.log Manager: install: Installing context configuration at 'file:/C:/Users/bzolt/AppData/Local/Temp/context3986634649414296738.xml'
07-Nov-2018 11:37:38.267 INFO [http-nio-9000-exec-6] org.apache.catalina.core.ApplicationContext.log Manager: start: Starting web application '/SzemleletGym'
07-Nov-2018 11:40:15.040 INFO [http-nio-9000-exec-17] org.apache.catalina.core.ApplicationContext.log Manager: list: Listing contexts for virtual host 'localhost'
07-Nov-2018 11:40:15.050 INFO [http-nio-9000-exec-18] org.apache.catalina.core.ApplicationContext.log Manager: undeploy: Undeploying web application at '/SzemleletGym'
07-Nov-2018 11:42:49.763 INFO [http-nio-9000-exec-11] org.apache.catalina.core.ApplicationContext.log Manager: list: Listing contexts for virtual host 'localhost'
07-Nov-2018 11:42:50.255 INFO [http-nio-9000-exec-24] org.apache.catalina.core.ApplicationContext.log Manager: list: Listing contexts for virtual host 'localhost'
07-Nov-2018 11:43:46.957 INFO [http-nio-9000-exec-26] org.apache.catalina.core.ApplicationContext.log Manager: list: Listing contexts for virtual host 'localhost'
07-Nov-2018 11:48:20.566 INFO [http-nio-9000-exec-21] org.apache.catalina.core.ApplicationContext.log Manager: list: Listing contexts for virtual host 'localhost'
07-Nov-2018 11:48:20.570 INFO [http-nio-9000-exec-24] org.apache.catalina.core.ApplicationContext.log Manager: list: Listing contexts for virtual host 'localhost'
07-Nov-2018 11:48:20.583 INFO [http-nio-9000-exec-20] org.apache.catalina.core.ApplicationContext.log Manager: install: Installing context configuration at 'file:/C:/Users/bzolt/AppData/Local/Temp/context1255788555138610966.xml'
07-Nov-2018 11:48:22.721 INFO [http-nio-9000-exec-22] org.apache.catalina.core.ApplicationContext.log Manager: start: Starting web application '/SzemleletGym'
07-Nov-2018 11:49:44.211 INFO [http-nio-9000-exec-20] org.apache.catalina.core.ApplicationContext.log Manager: list: Listing contexts for virtual host 'localhost'
07-Nov-2018 11:49:44.214 INFO [http-nio-9000-exec-24] org.apache.catalina.core.ApplicationContext.log Manager: list: Listing contexts for virtual host 'localhost'
07-Nov-2018 11:49:44.222 INFO [http-nio-9000-exec-27] org.apache.catalina.core.ApplicationContext.log Manager: undeploy: Undeploying web application at '/SzemleletGym'
07-Nov-2018 11:49:44.783 INFO [http-nio-9000-exec-25] org.apache.catalina.core.ApplicationContext.log Manager: install: Installing context configuration at 'file:/C:/Users/bzolt/AppData/Local/Temp/context649350016331843401.xml'
07-Nov-2018 11:49:47.039 INFO [http-nio-9000-exec-20] org.apache.catalina.core.ApplicationContext.log Manager: start: Starting web application '/SzemleletGym'
07-Nov-2018 11:50:17.485 INFO [http-nio-9000-exec-30] org.apache.catalina.core.ApplicationContext.log Manager: list: Listing contexts for virtual host 'localhost'
07-Nov-2018 11:50:17.487 INFO [http-nio-9000-exec-31] org.apache.catalina.core.ApplicationContext.log Manager: list: Listing contexts for virtual host 'localhost'
07-Nov-2018 11:50:17.495 INFO [http-nio-9000-exec-36] org.apache.catalina.core.ApplicationContext.log Manager: undeploy: Undeploying web application at '/SzemleletGym'
07-Nov-2018 11:50:18.072 INFO [http-nio-9000-exec-22] org.apache.catalina.core.ApplicationContext.log Manager: install: Installing context configuration at 'file:/C:/Users/bzolt/AppData/Local/Temp/context605687994812852602.xml'
07-Nov-2018 11:50:20.238 INFO [http-nio-9000-exec-34] org.apache.catalina.core.ApplicationContext.log Manager: start: Starting web application '/SzemleletGym'
07-Nov-2018 11:51:56.175 INFO [http-nio-9000-exec-38] org.apache.catalina.core.ApplicationContext.log Manager: list: Listing contexts for virtual host 'localhost'
07-Nov-2018 11:51:56.202 INFO [http-nio-9000-exec-40] org.apache.catalina.core.ApplicationContext.log Manager: undeploy: Undeploying web application at '/SzemleletGym'
07-Nov-2018 11:52:04.018 INFO [http-nio-9000-exec-43] org.apache.catalina.core.ApplicationContext.log Manager: list: Listing contexts for virtual host 'localhost'
07-Nov-2018 11:52:04.020 INFO [http-nio-9000-exec-41] org.apache.catalina.core.ApplicationContext.log Manager: list: Listing contexts for virtual host 'localhost'
07-Nov-2018 11:52:04.035 INFO [http-nio-9000-exec-46] org.apache.catalina.core.ApplicationContext.log Manager: install: Installing context configuration at 'file:/C:/Users/bzolt/AppData/Local/Temp/context7039995948446753030.xml'
07-Nov-2018 11:52:06.042 INFO [http-nio-9000-exec-37] org.apache.catalina.core.ApplicationContext.log Manager: start: Starting web application '/SzemleletGym'
07-Nov-2018 11:53:49.948 INFO [http-nio-9000-exec-50] org.apache.catalina.core.ApplicationContext.log Manager: list: Listing contexts for virtual host 'localhost'
07-Nov-2018 11:53:50.003 INFO [http-nio-9000-exec-52] org.apache.catalina.core.ApplicationContext.log Manager: restart: Reloading web application '/SzemleletGym'
07-Nov-2018 11:54:33.607 INFO [http-nio-9000-exec-55] org.apache.catalina.core.ApplicationContext.log Manager: list: Listing contexts for virtual host 'localhost'
07-Nov-2018 11:54:33.629 INFO [http-nio-9000-exec-48] org.apache.catalina.core.ApplicationContext.log Manager: undeploy: Undeploying web application at '/SzemleletGym'
07-Nov-2018 11:54:33.885 INFO [http-nio-9000-exec-51] org.apache.catalina.core.ApplicationContext.log Manager: list: Listing contexts for virtual host 'localhost'
07-Nov-2018 11:55:59.790 INFO [http-nio-9000-exec-48] org.apache.catalina.core.ApplicationContext.log Manager: list: Listing contexts for virtual host 'localhost'
07-Nov-2018 11:56:01.198 INFO [http-nio-9000-exec-50] org.apache.catalina.core.ApplicationContext.log Manager: list: Listing contexts for virtual host 'localhost'
07-Nov-2018 11:56:33.873 INFO [http-nio-9000-exec-57] org.apache.catalina.core.ApplicationContext.log Manager: list: Listing contexts for virtual host 'localhost'
07-Nov-2018 11:56:33.876 INFO [http-nio-9000-exec-48] org.apache.catalina.core.ApplicationContext.log Manager: list: Listing contexts for virtual host 'localhost'
07-Nov-2018 11:56:33.892 INFO [http-nio-9000-exec-59] org.apache.catalina.core.ApplicationContext.log Manager: install: Installing context configuration at 'file:/C:/Users/bzolt/AppData/Local/Temp/context6199375997465625916.xml'
07-Nov-2018 11:56:36.447 INFO [http-nio-9000-exec-58] org.apache.catalina.core.ApplicationContext.log Manager: start: Starting web application '/SzemleletGym'
07-Nov-2018 12:57:53.244 INFO [http-nio-9000-exec-61] org.apache.catalina.core.ApplicationContext.log Manager: list: Listing contexts for virtual host 'localhost'
07-Nov-2018 12:58:01.565 INFO [http-nio-9000-exec-58] org.apache.catalina.core.ApplicationContext.log Manager: list: Listing contexts for virtual host 'localhost'
07-Nov-2018 12:58:01.570 INFO [http-nio-9000-exec-64] org.apache.catalina.core.ApplicationContext.log Manager: list: Listing contexts for virtual host 'localhost'
07-Nov-2018 12:58:01.584 INFO [http-nio-9000-exec-61] org.apache.catalina.core.ApplicationContext.log Manager: undeploy: Undeploying web application at '/SzemleletGym'
07-Nov-2018 12:58:02.150 INFO [http-nio-9000-exec-60] org.apache.catalina.core.ApplicationContext.log Manager: install: Installing context configuration at 'file:/C:/Users/bzolt/AppData/Local/Temp/context6949658035207335990.xml'
07-Nov-2018 12:58:04.442 INFO [http-nio-9000-exec-65] org.apache.catalina.core.ApplicationContext.log Manager: start: Starting web application '/SzemleletGym'
07-Nov-2018 12:58:29.890 INFO [http-nio-9000-exec-68] org.apache.catalina.core.ApplicationContext.log Manager: list: Listing contexts for virtual host 'localhost'
07-Nov-2018 12:58:30.037 INFO [http-nio-9000-exec-69] org.apache.catalina.core.ApplicationContext.log Manager: restart: Reloading web application '/SzemleletGym'
07-Nov-2018 12:58:37.528 INFO [http-nio-9000-exec-74] org.apache.catalina.core.ApplicationContext.log Manager: list: Listing contexts for virtual host 'localhost'
07-Nov-2018 12:58:37.533 INFO [http-nio-9000-exec-68] org.apache.catalina.core.ApplicationContext.log Manager: list: Listing contexts for virtual host 'localhost'
07-Nov-2018 12:58:37.549 INFO [http-nio-9000-exec-69] org.apache.catalina.core.ApplicationContext.log Manager: undeploy: Undeploying web application at '/SzemleletGym'
07-Nov-2018 12:58:37.996 INFO [http-nio-9000-exec-70] org.apache.catalina.core.ApplicationContext.log Manager: list: Listing contexts for virtual host 'localhost'
07-Nov-2018 12:58:38.093 INFO [http-nio-9000-exec-74] org.apache.catalina.core.ApplicationContext.log Manager: restart: Reloading web application '/SzemleletGym'
07-Nov-2018 12:58:38.112 INFO [http-nio-9000-exec-68] org.apache.catalina.core.ApplicationContext.log Manager: install: Installing context configuration at 'file:/C:/Users/bzolt/AppData/Local/Temp/context7915611817618761034.xml'
07-Nov-2018 12:58:40.325 INFO [http-nio-9000-exec-76] org.apache.catalina.core.ApplicationContext.log Manager: start: Starting web application '/SzemleletGym'
07-Nov-2018 12:59:02.221 INFO [http-nio-9000-exec-77] org.apache.catalina.core.ApplicationContext.log Manager: list: Listing contexts for virtual host 'localhost'
07-Nov-2018 12:59:02.233 INFO [http-nio-9000-exec-78] org.apache.catalina.core.ApplicationContext.log Manager: list: Listing contexts for virtual host 'localhost'
07-Nov-2018 12:59:02.249 INFO [http-nio-9000-exec-79] org.apache.catalina.core.ApplicationContext.log Manager: undeploy: Undeploying web application at '/SzemleletGym'
07-Nov-2018 12:59:02.801 INFO [http-nio-9000-exec-81] org.apache.catalina.core.ApplicationContext.log Manager: install: Installing context configuration at 'file:/C:/Users/bzolt/AppData/Local/Temp/context814933678050557188.xml'
07-Nov-2018 12:59:04.800 INFO [http-nio-9000-exec-80] org.apache.catalina.core.ApplicationContext.log Manager: start: Starting web application '/SzemleletGym'
07-Nov-2018 12:59:14.429 INFO [http-nio-9000-exec-79] org.apache.catalina.core.ApplicationContext.log Manager: list: Listing contexts for virtual host 'localhost'
07-Nov-2018 12:59:21.513 INFO [http-nio-9000-exec-85] org.apache.catalina.core.ApplicationContext.log Manager: list: Listing contexts for virtual host 'localhost'
07-Nov-2018 12:59:21.516 INFO [http-nio-9000-exec-79] org.apache.catalina.core.ApplicationContext.log Manager: list: Listing contexts for virtual host 'localhost'
07-Nov-2018 12:59:21.527 INFO [http-nio-9000-exec-70] org.apache.catalina.core.ApplicationContext.log Manager: undeploy: Undeploying web application at '/SzemleletGym'
07-Nov-2018 12:59:22.082 INFO [http-nio-9000-exec-83] org.apache.catalina.core.ApplicationContext.log Manager: install: Installing context configuration at 'file:/C:/Users/bzolt/AppData/Local/Temp/context3020448768284360953.xml'
07-Nov-2018 12:59:24.168 INFO [http-nio-9000-exec-84] org.apache.catalina.core.ApplicationContext.log Manager: start: Starting web application '/SzemleletGym'
07-Nov-2018 12:59:46.874 INFO [http-nio-9000-exec-93] org.apache.catalina.core.ApplicationContext.log Manager: list: Listing contexts for virtual host 'localhost'
07-Nov-2018 12:59:54.801 INFO [http-nio-9000-exec-91] org.apache.catalina.core.ApplicationContext.log Manager: list: Listing contexts for virtual host 'localhost'
07-Nov-2018 12:59:54.804 INFO [http-nio-9000-exec-87] org.apache.catalina.core.ApplicationContext.log Manager: list: Listing contexts for virtual host 'localhost'
07-Nov-2018 12:59:54.815 INFO [http-nio-9000-exec-94] org.apache.catalina.core.ApplicationContext.log Manager: undeploy: Undeploying web application at '/SzemleletGym'
07-Nov-2018 12:59:55.388 INFO [http-nio-9000-exec-84] org.apache.catalina.core.ApplicationContext.log Manager: install: Installing context configuration at 'file:/C:/Users/bzolt/AppData/Local/Temp/context6577781228885322292.xml'
07-Nov-2018 12:59:57.377 INFO [http-nio-9000-exec-88] org.apache.catalina.core.ApplicationContext.log Manager: start: Starting web application '/SzemleletGym'
07-Nov-2018 13:00:55.627 INFO [http-nio-9000-exec-102] org.apache.catalina.core.ApplicationContext.log Manager: list: Listing contexts for virtual host 'localhost'
07-Nov-2018 13:01:03.084 INFO [http-nio-9000-exec-99] org.apache.catalina.core.ApplicationContext.log Manager: list: Listing contexts for virtual host 'localhost'
07-Nov-2018 13:01:03.087 INFO [http-nio-9000-exec-101] org.apache.catalina.core.ApplicationContext.log Manager: list: Listing contexts for virtual host 'localhost'
07-Nov-2018 13:01:03.099 INFO [http-nio-9000-exec-95] org.apache.catalina.core.ApplicationContext.log Manager: undeploy: Undeploying web application at '/SzemleletGym'
07-Nov-2018 13:01:03.651 INFO [http-nio-9000-exec-102] org.apache.catalina.core.ApplicationContext.log Manager: install: Installing context configuration at 'file:/C:/Users/bzolt/AppData/Local/Temp/context6389602029548284332.xml'
07-Nov-2018 13:01:05.902 INFO [http-nio-9000-exec-98] org.apache.catalina.core.ApplicationContext.log Manager: start: Starting web application '/SzemleletGym'
07-Nov-2018 13:10:44.380 INFO [http-nio-9000-exec-108] org.apache.catalina.core.ApplicationContext.log Manager: list: Listing contexts for virtual host 'localhost'
07-Nov-2018 13:10:44.401 INFO [http-nio-9000-exec-110] org.apache.catalina.core.ApplicationContext.log Manager: list: Listing contexts for virtual host 'localhost'
07-Nov-2018 13:10:44.417 INFO [http-nio-9000-exec-112] org.apache.catalina.core.ApplicationContext.log Manager: undeploy: Undeploying web application at '/SzemleletGym'
07-Nov-2018 13:10:45.007 INFO [http-nio-9000-exec-104] org.apache.catalina.core.ApplicationContext.log Manager: install: Installing context configuration at 'file:/C:/Users/bzolt/AppData/Local/Temp/context8377317001153848998.xml'
07-Nov-2018 13:10:47.302 INFO [http-nio-9000-exec-107] org.apache.catalina.core.ApplicationContext.log Manager: start: Starting web application '/SzemleletGym'
07-Nov-2018 13:23:28.289 INFO [http-nio-9000-exec-119] org.apache.catalina.core.ApplicationContext.log Manager: list: Listing contexts for virtual host 'localhost'
07-Nov-2018 13:23:28.405 INFO [http-nio-9000-exec-114] org.apache.catalina.core.ApplicationContext.log Manager: restart: Reloading web application '/SzemleletGym'
07-Nov-2018 13:23:35.484 INFO [http-nio-9000-exec-124] org.apache.catalina.core.ApplicationContext.log Manager: list: Listing contexts for virtual host 'localhost'
07-Nov-2018 13:23:35.487 INFO [http-nio-9000-exec-123] org.apache.catalina.core.ApplicationContext.log Manager: list: Listing contexts for virtual host 'localhost'
07-Nov-2018 13:23:35.504 INFO [http-nio-9000-exec-119] org.apache.catalina.core.ApplicationContext.log Manager: undeploy: Undeploying web application at '/SzemleletGym'
07-Nov-2018 13:23:36.058 INFO [http-nio-9000-exec-123] org.apache.catalina.core.ApplicationContext.log Manager: install: Installing context configuration at 'file:/C:/Users/bzolt/AppData/Local/Temp/context6842649298384823048.xml'
07-Nov-2018 13:23:38.342 INFO [http-nio-9000-exec-120] org.apache.catalina.core.ApplicationContext.log Manager: start: Starting web application '/SzemleletGym'
07-Nov-2018 13:24:23.039 INFO [http-nio-9000-exec-132] org.apache.catalina.core.ApplicationContext.log Manager: list: Listing contexts for virtual host 'localhost'
07-Nov-2018 13:24:23.185 INFO [http-nio-9000-exec-124] org.apache.catalina.core.ApplicationContext.log Manager: restart: Reloading web application '/SzemleletGym'
07-Nov-2018 13:51:34.592 INFO [http-nio-9000-exec-138] org.apache.catalina.core.ApplicationContext.log Manager: list: Listing contexts for virtual host 'localhost'
07-Nov-2018 13:51:34.649 INFO [http-nio-9000-exec-139] org.apache.catalina.core.ApplicationContext.log Manager: restart: Reloading web application '/SzemleletGym'
07-Nov-2018 14:18:11.951 INFO [http-nio-9000-exec-149] org.apache.catalina.core.ApplicationContext.log Manager: list: Listing contexts for virtual host 'localhost'
07-Nov-2018 14:18:12.060 INFO [http-nio-9000-exec-150] org.apache.catalina.core.ApplicationContext.log Manager: restart: Reloading web application '/SzemleletGym'
07-Nov-2018 14:18:49.221 INFO [http-nio-9000-exec-154] org.apache.catalina.core.ApplicationContext.log Manager: list: Listing contexts for virtual host 'localhost'
07-Nov-2018 14:18:49.263 INFO [http-nio-9000-exec-151] org.apache.catalina.core.ApplicationContext.log Manager: restart: Reloading web application '/SzemleletGym'
07-Nov-2018 14:20:23.085 INFO [http-nio-9000-exec-156] org.apache.catalina.core.ApplicationContext.log Manager: list: Listing contexts for virtual host 'localhost'
07-Nov-2018 14:20:23.142 INFO [http-nio-9000-exec-145] org.apache.catalina.core.ApplicationContext.log Manager: restart: Reloading web application '/SzemleletGym'
07-Nov-2018 22:59:23.372 INFO [http-nio-9000-exec-159] org.apache.catalina.core.ApplicationContext.log Manager: list: Listing contexts for virtual host 'localhost'
07-Nov-2018 22:59:23.439 INFO [http-nio-9000-exec-162] org.apache.catalina.core.ApplicationContext.log Manager: restart: Reloading web application '/SzemleletGym'
07-Nov-2018 22:59:27.684 INFO [http-nio-9000-exec-169] org.apache.catalina.core.ApplicationContext.log Manager: list: Listing contexts for virtual host 'localhost'
07-Nov-2018 22:59:27.764 INFO [http-nio-9000-exec-167] org.apache.catalina.core.ApplicationContext.log Manager: restart: Reloading web application '/SzemleletGym'
07-Nov-2018 22:59:44.755 INFO [http-nio-9000-exec-171] org.apache.catalina.core.ApplicationContext.log Manager: list: Listing contexts for virtual host 'localhost'
07-Nov-2018 22:59:44.862 INFO [http-nio-9000-exec-161] org.apache.catalina.core.ApplicationContext.log Manager: restart: Reloading web application '/SzemleletGym'
07-Nov-2018 22:59:44.863 SEVERE [http-nio-9000-exec-161] org.apache.catalina.core.ApplicationContext.log Manager: ManagerServlet.reload[/SzemleletGym]
 java.lang.IllegalStateException: Context with name [/SzemleletGym] has not yet been started
	at org.apache.catalina.core.StandardContext.reload(StandardContext.java:3683)
	at org.apache.catalina.manager.ManagerServlet.reload(ManagerServlet.java:1094)
	at org.apache.catalina.manager.ManagerServlet.doGet(ManagerServlet.java:364)
	at javax.servlet.http.HttpServlet.service(HttpServlet.java:634)
	at javax.servlet.http.HttpServlet.service(HttpServlet.java:741)
	at org.apache.catalina.core.ApplicationFilterChain.internalDoFilter(ApplicationFilterChain.java:231)
	at org.apache.catalina.core.ApplicationFilterChain.doFilter(ApplicationFilterChain.java:166)
	at org.apache.tomcat.websocket.server.WsFilter.doFilter(WsFilter.java:53)
	at org.apache.catalina.core.ApplicationFilterChain.internalDoFilter(ApplicationFilterChain.java:193)
	at org.apache.catalina.core.ApplicationFilterChain.doFilter(ApplicationFilterChain.java:166)
	at org.apache.catalina.core.StandardWrapperValve.invoke(StandardWrapperValve.java:199)
	at org.apache.catalina.core.StandardContextValve.invoke(StandardContextValve.java:96)
	at org.apache.catalina.authenticator.AuthenticatorBase.invoke(AuthenticatorBase.java:611)
	at org.apache.catalina.valves.RequestFilterValve.process(RequestFilterValve.java:348)
	at org.apache.catalina.valves.RemoteAddrValve.invoke(RemoteAddrValve.java:52)
	at org.apache.catalina.core.StandardHostValve.invoke(StandardHostValve.java:139)
	at org.apache.catalina.valves.ErrorReportValve.invoke(ErrorReportValve.java:92)
	at org.apache.catalina.valves.AbstractAccessLogValve.invoke(AbstractAccessLogValve.java:651)
	at org.apache.catalina.core.StandardEngineValve.invoke(StandardEngineValve.java:87)
	at org.apache.catalina.connector.CoyoteAdapter.service(CoyoteAdapter.java:343)
	at org.apache.coyote.http11.Http11Processor.service(Http11Processor.java:412)
	at org.apache.coyote.AbstractProcessorLight.process(AbstractProcessorLight.java:66)
	at org.apache.coyote.AbstractProtocol$ConnectionHandler.process(AbstractProtocol.java:754)
	at org.apache.tomcat.util.net.NioEndpoint$SocketProcessor.doRun(NioEndpoint.java:1385)
	at org.apache.tomcat.util.net.SocketProcessorBase.run(SocketProcessorBase.java:49)
	at java.util.concurrent.ThreadPoolExecutor.runWorker(ThreadPoolExecutor.java:1149)
	at java.util.concurrent.ThreadPoolExecutor$Worker.run(ThreadPoolExecutor.java:624)
	at org.apache.tomcat.util.threads.TaskThread$WrappingRunnable.run(TaskThread.java:61)
	at java.lang.Thread.run(Thread.java:748)

07-Nov-2018 22:59:45.258 INFO [http-nio-9000-exec-166] org.apache.catalina.core.ApplicationContext.log Manager: list: Listing contexts for virtual host 'localhost'
07-Nov-2018 22:59:45.266 INFO [http-nio-9000-exec-165] org.apache.catalina.core.ApplicationContext.log Manager: list: Listing contexts for virtual host 'localhost'
07-Nov-2018 22:59:45.279 INFO [http-nio-9000-exec-164] org.apache.catalina.core.ApplicationContext.log Manager: undeploy: Undeploying web application at '/SzemleletGym'
07-Nov-2018 22:59:45.830 INFO [http-nio-9000-exec-163] org.apache.catalina.core.ApplicationContext.log Manager: install: Installing context configuration at 'file:/C:/Users/bzolt/AppData/Local/Temp/context4365822025148480807.xml'
07-Nov-2018 22:59:48.007 INFO [http-nio-9000-exec-160] org.apache.catalina.core.ApplicationContext.log Manager: list: Listing contexts for virtual host 'localhost'
07-Nov-2018 22:59:48.016 INFO [http-nio-9000-exec-173] org.apache.catalina.core.ApplicationContext.log Manager: list: Listing contexts for virtual host 'localhost'
07-Nov-2018 22:59:48.031 INFO [http-nio-9000-exec-169] org.apache.catalina.core.ApplicationContext.log Manager: undeploy: Undeploying web application at '/SzemleletGym'
07-Nov-2018 22:59:48.550 INFO [http-nio-9000-exec-170] org.apache.catalina.core.ApplicationContext.log Manager: install: Installing context configuration at 'file:/C:/Users/bzolt/AppData/Local/Temp/context6613689355152543316.xml'
07-Nov-2018 23:03:32.189 INFO [http-nio-9000-exec-171] org.apache.catalina.core.ApplicationContext.log Manager: list: Listing contexts for virtual host 'localhost'
07-Nov-2018 23:03:32.197 INFO [http-nio-9000-exec-174] org.apache.catalina.core.ApplicationContext.log Manager: list: Listing contexts for virtual host 'localhost'
07-Nov-2018 23:03:32.208 INFO [http-nio-9000-exec-175] org.apache.catalina.core.ApplicationContext.log Manager: undeploy: Undeploying web application at '/SzemleletGym'
07-Nov-2018 23:03:32.725 INFO [http-nio-9000-exec-176] org.apache.catalina.core.ApplicationContext.log Manager: install: Installing context configuration at 'file:/C:/Users/bzolt/AppData/Local/Temp/context4969023703800657922.xml'
07-Nov-2018 23:03:49.346 INFO [http-nio-9000-exec-172] org.apache.catalina.core.ApplicationContext.log Manager: list: Listing contexts for virtual host 'localhost'
07-Nov-2018 23:03:49.349 INFO [http-nio-9000-exec-174] org.apache.catalina.core.ApplicationContext.log Manager: list: Listing contexts for virtual host 'localhost'
07-Nov-2018 23:03:49.361 INFO [http-nio-9000-exec-175] org.apache.catalina.core.ApplicationContext.log Manager: undeploy: Undeploying web application at '/SzemleletGym'
07-Nov-2018 23:03:49.881 INFO [http-nio-9000-exec-179] org.apache.catalina.core.ApplicationContext.log Manager: install: Installing context configuration at 'file:/C:/Users/bzolt/AppData/Local/Temp/context4240238970768094344.xml'
07-Nov-2018 23:04:19.859 INFO [http-nio-9000-exec-171] org.apache.catalina.core.ApplicationContext.log Manager: list: Listing contexts for virtual host 'localhost'
07-Nov-2018 23:04:19.862 INFO [http-nio-9000-exec-173] org.apache.catalina.core.ApplicationContext.log Manager: list: Listing contexts for virtual host 'localhost'
07-Nov-2018 23:04:19.870 INFO [http-nio-9000-exec-175] org.apache.catalina.core.ApplicationContext.log Manager: undeploy: Undeploying web application at '/SzemleletGym'
07-Nov-2018 23:04:20.536 INFO [http-nio-9000-exec-176] org.apache.catalina.core.ApplicationContext.log Manager: install: Installing context configuration at 'file:/C:/Users/bzolt/AppData/Local/Temp/context7379942784953445282.xml'
07-Nov-2018 23:04:24.765 INFO [http-nio-9000-exec-177] org.apache.catalina.core.ApplicationContext.log Manager: list: Listing contexts for virtual host 'localhost'
07-Nov-2018 23:04:24.769 INFO [http-nio-9000-exec-170] org.apache.catalina.core.ApplicationContext.log Manager: list: Listing contexts for virtual host 'localhost'
07-Nov-2018 23:04:24.779 INFO [http-nio-9000-exec-174] org.apache.catalina.core.ApplicationContext.log Manager: undeploy: Undeploying web application at '/SzemleletGym'
07-Nov-2018 23:04:25.298 INFO [http-nio-9000-exec-173] org.apache.catalina.core.ApplicationContext.log Manager: install: Installing context configuration at 'file:/C:/Users/bzolt/AppData/Local/Temp/context7730822503717178094.xml'
07-Nov-2018 23:04:54.787 INFO [http-nio-9000-exec-177] org.apache.catalina.core.ApplicationContext.log Manager: list: Listing contexts for virtual host 'localhost'
07-Nov-2018 23:04:54.791 INFO [http-nio-9000-exec-170] org.apache.catalina.core.ApplicationContext.log Manager: list: Listing contexts for virtual host 'localhost'
07-Nov-2018 23:04:54.799 INFO [http-nio-9000-exec-172] org.apache.catalina.core.ApplicationContext.log Manager: undeploy: Undeploying web application at '/SzemleletGym'
07-Nov-2018 23:04:55.317 INFO [http-nio-9000-exec-174] org.apache.catalina.core.ApplicationContext.log Manager: install: Installing context configuration at 'file:/C:/Users/bzolt/AppData/Local/Temp/context96623360852351509.xml'
07-Nov-2018 23:05:15.823 INFO [http-nio-9000-exec-179] org.apache.catalina.core.ApplicationContext.log Manager: list: Listing contexts for virtual host 'localhost'
07-Nov-2018 23:05:15.826 INFO [http-nio-9000-exec-172] org.apache.catalina.core.ApplicationContext.log Manager: list: Listing contexts for virtual host 'localhost'
07-Nov-2018 23:05:15.834 INFO [http-nio-9000-exec-178] org.apache.catalina.core.ApplicationContext.log Manager: undeploy: Undeploying web application at '/SzemleletGym'
07-Nov-2018 23:05:16.349 INFO [http-nio-9000-exec-170] org.apache.catalina.core.ApplicationContext.log Manager: install: Installing context configuration at 'file:/C:/Users/bzolt/AppData/Local/Temp/context6715961528549027659.xml'
07-Nov-2018 23:05:19.792 INFO [http-nio-9000-exec-175] org.apache.catalina.core.ApplicationContext.log Manager: list: Listing contexts for virtual host 'localhost'
07-Nov-2018 23:05:19.795 INFO [http-nio-9000-exec-171] org.apache.catalina.core.ApplicationContext.log Manager: list: Listing contexts for virtual host 'localhost'
07-Nov-2018 23:05:19.805 INFO [http-nio-9000-exec-179] org.apache.catalina.core.ApplicationContext.log Manager: undeploy: Undeploying web application at '/SzemleletGym'
07-Nov-2018 23:05:20.321 INFO [http-nio-9000-exec-177] org.apache.catalina.core.ApplicationContext.log Manager: install: Installing context configuration at 'file:/C:/Users/bzolt/AppData/Local/Temp/context4653105363821723978.xml'
07-Nov-2018 23:06:17.227 INFO [http-nio-9000-exec-174] org.apache.catalina.core.ApplicationContext.log Manager: list: Listing contexts for virtual host 'localhost'
07-Nov-2018 23:06:17.231 INFO [http-nio-9000-exec-179] org.apache.catalina.core.ApplicationContext.log Manager: list: Listing contexts for virtual host 'localhost'
07-Nov-2018 23:06:17.240 INFO [http-nio-9000-exec-171] org.apache.catalina.core.ApplicationContext.log Manager: undeploy: Undeploying web application at '/SzemleletGym'
07-Nov-2018 23:06:17.756 INFO [http-nio-9000-exec-177] org.apache.catalina.core.ApplicationContext.log Manager: install: Installing context configuration at 'file:/C:/Users/bzolt/AppData/Local/Temp/context3708402750210569309.xml'
07-Nov-2018 23:06:40.684 INFO [http-nio-9000-exec-178] org.apache.catalina.core.ApplicationContext.log Manager: list: Listing contexts for virtual host 'localhost'
07-Nov-2018 23:06:40.690 INFO [http-nio-9000-exec-173] org.apache.catalina.core.ApplicationContext.log Manager: list: Listing contexts for virtual host 'localhost'
07-Nov-2018 23:06:40.702 INFO [http-nio-9000-exec-176] org.apache.catalina.core.ApplicationContext.log Manager: undeploy: Undeploying web application at '/SzemleletGym'
07-Nov-2018 23:06:41.219 INFO [http-nio-9000-exec-179] org.apache.catalina.core.ApplicationContext.log Manager: install: Installing context configuration at 'file:/C:/Users/bzolt/AppData/Local/Temp/context4170344082593142290.xml'
07-Nov-2018 23:07:16.071 INFO [http-nio-9000-exec-175] org.apache.catalina.core.ApplicationContext.log Manager: list: Listing contexts for virtual host 'localhost'
07-Nov-2018 23:07:16.074 INFO [http-nio-9000-exec-173] org.apache.catalina.core.ApplicationContext.log Manager: list: Listing contexts for virtual host 'localhost'
07-Nov-2018 23:07:16.086 INFO [http-nio-9000-exec-174] org.apache.catalina.core.ApplicationContext.log Manager: undeploy: Undeploying web application at '/SzemleletGym'
07-Nov-2018 23:07:16.603 INFO [http-nio-9000-exec-176] org.apache.catalina.core.ApplicationContext.log Manager: install: Installing context configuration at 'file:/C:/Users/bzolt/AppData/Local/Temp/context5676038441355385770.xml'
07-Nov-2018 23:07:49.345 INFO [http-nio-9000-exec-172] org.apache.catalina.core.ApplicationContext.log Manager: list: Listing contexts for virtual host 'localhost'
07-Nov-2018 23:07:49.348 INFO [http-nio-9000-exec-173] org.apache.catalina.core.ApplicationContext.log Manager: list: Listing contexts for virtual host 'localhost'
07-Nov-2018 23:07:49.357 INFO [http-nio-9000-exec-174] org.apache.catalina.core.ApplicationContext.log Manager: undeploy: Undeploying web application at '/SzemleletGym'
07-Nov-2018 23:07:49.873 INFO [http-nio-9000-exec-176] org.apache.catalina.core.ApplicationContext.log Manager: install: Installing context configuration at 'file:/C:/Users/bzolt/AppData/Local/Temp/context1445933967059076425.xml'
07-Nov-2018 23:08:11.454 INFO [http-nio-9000-exec-178] org.apache.catalina.core.ApplicationContext.log Manager: list: Listing contexts for virtual host 'localhost'
07-Nov-2018 23:08:11.458 INFO [http-nio-9000-exec-173] org.apache.catalina.core.ApplicationContext.log Manager: list: Listing contexts for virtual host 'localhost'
07-Nov-2018 23:08:11.466 INFO [http-nio-9000-exec-176] org.apache.catalina.core.ApplicationContext.log Manager: undeploy: Undeploying web application at '/SzemleletGym'
07-Nov-2018 23:08:11.981 INFO [http-nio-9000-exec-179] org.apache.catalina.core.ApplicationContext.log Manager: install: Installing context configuration at 'file:/C:/Users/bzolt/AppData/Local/Temp/context3817695838096694117.xml'
07-Nov-2018 23:08:51.341 INFO [http-nio-9000-exec-172] org.apache.catalina.core.ApplicationContext.log Manager: list: Listing contexts for virtual host 'localhost'
07-Nov-2018 23:08:51.723 INFO [http-nio-9000-exec-173] org.apache.catalina.core.ApplicationContext.log Manager: list: Listing contexts for virtual host 'localhost'
07-Nov-2018 23:08:51.737 INFO [http-nio-9000-exec-179] org.apache.catalina.core.ApplicationContext.log Manager: undeploy: Undeploying web application at '/SzemleletGym'
07-Nov-2018 23:08:52.253 INFO [http-nio-9000-exec-177] org.apache.catalina.core.ApplicationContext.log Manager: install: Installing context configuration at 'file:/C:/Users/bzolt/AppData/Local/Temp/context7711337362310451547.xml'
07-Nov-2018 23:09:12.507 INFO [http-nio-9000-exec-170] org.apache.catalina.core.ApplicationContext.log Manager: list: Listing contexts for virtual host 'localhost'
07-Nov-2018 23:09:12.512 INFO [http-nio-9000-exec-179] org.apache.catalina.core.ApplicationContext.log Manager: list: Listing contexts for virtual host 'localhost'
07-Nov-2018 23:09:12.524 INFO [http-nio-9000-exec-173] org.apache.catalina.core.ApplicationContext.log Manager: undeploy: Undeploying web application at '/SzemleletGym'
07-Nov-2018 23:09:13.042 INFO [http-nio-9000-exec-177] org.apache.catalina.core.ApplicationContext.log Manager: install: Installing context configuration at 'file:/C:/Users/bzolt/AppData/Local/Temp/context5222864754611106788.xml'
07-Nov-2018 23:09:15.125 INFO [http-nio-9000-exec-175] org.apache.catalina.core.ApplicationContext.log Manager: start: Starting web application '/SzemleletGym'
07-Nov-2018 23:10:06.858 INFO [http-nio-9000-exec-177] org.apache.catalina.core.ApplicationContext.log Manager: list: Listing contexts for virtual host 'localhost'
07-Nov-2018 23:10:06.862 INFO [http-nio-9000-exec-176] org.apache.catalina.core.ApplicationContext.log Manager: list: Listing contexts for virtual host 'localhost'
07-Nov-2018 23:10:06.869 INFO [http-nio-9000-exec-172] org.apache.catalina.core.ApplicationContext.log Manager: undeploy: Undeploying web application at '/SzemleletGym'
07-Nov-2018 23:10:07.411 INFO [http-nio-9000-exec-170] org.apache.catalina.core.ApplicationContext.log Manager: install: Installing context configuration at 'file:/C:/Users/bzolt/AppData/Local/Temp/context6350406850875756438.xml'
07-Nov-2018 23:10:10.090 INFO [http-nio-9000-exec-176] org.apache.catalina.core.ApplicationContext.log Manager: start: Starting web application '/SzemleletGym'
07-Nov-2018 23:10:10.183 INFO [http-nio-9000-exec-175] org.apache.catalina.core.ApplicationContext.log Manager: list: Listing contexts for virtual host 'localhost'
07-Nov-2018 23:10:15.304 INFO [http-nio-9000-exec-177] org.apache.catalina.core.ApplicationContext.log Manager: list: Listing contexts for virtual host 'localhost'
07-Nov-2018 23:10:15.311 INFO [http-nio-9000-exec-175] org.apache.catalina.core.ApplicationContext.log Manager: list: Listing contexts for virtual host 'localhost'
07-Nov-2018 23:10:15.323 INFO [http-nio-9000-exec-179] org.apache.catalina.core.ApplicationContext.log Manager: undeploy: Undeploying web application at '/SzemleletGym'
07-Nov-2018 23:10:15.852 INFO [http-nio-9000-exec-175] org.apache.catalina.core.ApplicationContext.log Manager: install: Installing context configuration at 'file:/C:/Users/bzolt/AppData/Local/Temp/context2646773638557717742.xml'
07-Nov-2018 23:10:18.099 INFO [http-nio-9000-exec-173] org.apache.catalina.core.ApplicationContext.log Manager: start: Starting web application '/SzemleletGym'
07-Nov-2018 23:11:09.760 INFO [http-nio-9000-exec-185] org.apache.catalina.core.ApplicationContext.log Manager: list: Listing contexts for virtual host 'localhost'
07-Nov-2018 23:12:50.515 INFO [http-nio-9000-exec-184] org.apache.catalina.core.ApplicationContext.log Manager: list: Listing contexts for virtual host 'localhost'
07-Nov-2018 23:36:17.416 INFO [http-nio-9000-exec-192] org.apache.catalina.core.ApplicationContext.log Manager: list: Listing contexts for virtual host 'localhost'
07-Nov-2018 23:36:54.934 INFO [http-nio-9000-exec-186] org.apache.catalina.core.ApplicationContext.log Manager: list: Listing contexts for virtual host 'localhost'
07-Nov-2018 23:37:45.862 INFO [http-nio-9000-exec-192] org.apache.catalina.core.ApplicationContext.log Manager: list: Listing contexts for virtual host 'localhost'
07-Nov-2018 23:37:46.435 INFO [http-nio-9000-exec-190] org.apache.catalina.core.ApplicationContext.log Manager: restart: Reloading web application '/SzemleletGym'
07-Nov-2018 23:39:24.864 INFO [http-nio-9000-exec-196] org.apache.catalina.core.ApplicationContext.log Manager: list: Listing contexts for virtual host 'localhost'
07-Nov-2018 23:39:24.909 INFO [http-nio-9000-exec-191] org.apache.catalina.core.ApplicationContext.log Manager: restart: Reloading web application '/SzemleletGym'
07-Nov-2018 23:39:42.552 INFO [http-nio-9000-exec-198] org.apache.catalina.core.ApplicationContext.log Manager: list: Listing contexts for virtual host 'localhost'
07-Nov-2018 23:39:42.598 INFO [http-nio-9000-exec-195] org.apache.catalina.core.ApplicationContext.log Manager: restart: Reloading web application '/SzemleletGym'
07-Nov-2018 23:39:53.260 INFO [http-nio-9000-exec-192] org.apache.catalina.core.ApplicationContext.log Manager: list: Listing contexts for virtual host 'localhost'
07-Nov-2018 23:40:27.603 INFO [http-nio-9000-exec-198] org.apache.catalina.core.ApplicationContext.log Manager: list: Listing contexts for virtual host 'localhost'
07-Nov-2018 23:41:29.687 INFO [http-nio-9000-exec-202] org.apache.catalina.core.ApplicationContext.log Manager: list: Listing contexts for virtual host 'localhost'
07-Nov-2018 23:41:55.850 INFO [http-nio-9000-exec-202] org.apache.catalina.core.ApplicationContext.log Manager: list: Listing contexts for virtual host 'localhost'
07-Nov-2018 23:41:55.853 INFO [http-nio-9000-exec-200] org.apache.catalina.core.ApplicationContext.log Manager: list: Listing contexts for virtual host 'localhost'
07-Nov-2018 23:41:55.865 INFO [http-nio-9000-exec-203] org.apache.catalina.core.ApplicationContext.log Manager: undeploy: Undeploying web application at '/SzemleletGym'
07-Nov-2018 23:41:56.770 INFO [http-nio-9000-exec-202] org.apache.catalina.core.ApplicationContext.log Manager: install: Installing context configuration at 'file:/C:/Users/bzolt/AppData/Local/Temp/context1424084237463909150.xml'
07-Nov-2018 23:41:59.854 INFO [http-nio-9000-exec-201] org.apache.catalina.core.ApplicationContext.log Manager: start: Starting web application '/SzemleletGym'
07-Nov-2018 23:43:24.055 INFO [http-nio-9000-exec-206] org.apache.catalina.core.ApplicationContext.log Manager: list: Listing contexts for virtual host 'localhost'
07-Nov-2018 23:43:33.618 INFO [http-nio-9000-exec-214] org.apache.catalina.core.ApplicationContext.log Manager: list: Listing contexts for virtual host 'localhost'
07-Nov-2018 23:43:33.620 INFO [http-nio-9000-exec-207] org.apache.catalina.core.ApplicationContext.log Manager: list: Listing contexts for virtual host 'localhost'
07-Nov-2018 23:43:33.981 INFO [http-nio-9000-exec-209] org.apache.catalina.core.ApplicationContext.log Manager: undeploy: Undeploying web application at '/SzemleletGym'
07-Nov-2018 23:43:34.525 INFO [http-nio-9000-exec-208] org.apache.catalina.core.ApplicationContext.log Manager: install: Installing context configuration at 'file:/C:/Users/bzolt/AppData/Local/Temp/context1848693226629355830.xml'
07-Nov-2018 23:43:36.883 INFO [http-nio-9000-exec-206] org.apache.catalina.core.ApplicationContext.log Manager: start: Starting web application '/SzemleletGym'
07-Nov-2018 23:44:32.824 INFO [http-nio-9000-exec-214] org.apache.catalina.core.ApplicationContext.log Manager: list: Listing contexts for virtual host 'localhost'
07-Nov-2018 23:44:32.828 INFO [http-nio-9000-exec-217] org.apache.catalina.core.ApplicationContext.log Manager: list: Listing contexts for virtual host 'localhost'
07-Nov-2018 23:44:32.837 INFO [http-nio-9000-exec-218] org.apache.catalina.core.ApplicationContext.log Manager: undeploy: Undeploying web application at '/SzemleletGym'
07-Nov-2018 23:44:33.377 INFO [http-nio-9000-exec-216] org.apache.catalina.core.ApplicationContext.log Manager: install: Installing context configuration at 'file:/C:/Users/bzolt/AppData/Local/Temp/context7284260148249388625.xml'
07-Nov-2018 23:44:35.595 INFO [http-nio-9000-exec-211] org.apache.catalina.core.ApplicationContext.log Manager: start: Starting web application '/SzemleletGym'
07-Nov-2018 23:44:59.405 INFO [http-nio-9000-exec-215] org.apache.catalina.core.ApplicationContext.log Manager: list: Listing contexts for virtual host 'localhost'
07-Nov-2018 23:45:06.275 INFO [http-nio-9000-exec-215] org.apache.catalina.core.ApplicationContext.log Manager: list: Listing contexts for virtual host 'localhost'
07-Nov-2018 23:45:06.281 INFO [http-nio-9000-exec-214] org.apache.catalina.core.ApplicationContext.log Manager: list: Listing contexts for virtual host 'localhost'
07-Nov-2018 23:45:06.289 INFO [http-nio-9000-exec-211] org.apache.catalina.core.ApplicationContext.log Manager: undeploy: Undeploying web application at '/SzemleletGym'
07-Nov-2018 23:45:06.830 INFO [http-nio-9000-exec-223] org.apache.catalina.core.ApplicationContext.log Manager: install: Installing context configuration at 'file:/C:/Users/bzolt/AppData/Local/Temp/context5684984401154549350.xml'
07-Nov-2018 23:45:09.136 INFO [http-nio-9000-exec-215] org.apache.catalina.core.ApplicationContext.log Manager: start: Starting web application '/SzemleletGym'
07-Nov-2018 23:45:35.278 INFO [http-nio-9000-exec-224] org.apache.catalina.core.ApplicationContext.log Manager: list: Listing contexts for virtual host 'localhost'
07-Nov-2018 23:45:44.833 INFO [http-nio-9000-exec-226] org.apache.catalina.core.ApplicationContext.log Manager: list: Listing contexts for virtual host 'localhost'
07-Nov-2018 23:45:44.835 INFO [http-nio-9000-exec-232] org.apache.catalina.core.ApplicationContext.log Manager: list: Listing contexts for virtual host 'localhost'
07-Nov-2018 23:45:44.846 INFO [http-nio-9000-exec-230] org.apache.catalina.core.ApplicationContext.log Manager: undeploy: Undeploying web application at '/SzemleletGym'
07-Nov-2018 23:45:45.389 INFO [http-nio-9000-exec-234] org.apache.catalina.core.ApplicationContext.log Manager: install: Installing context configuration at 'file:/C:/Users/bzolt/AppData/Local/Temp/context2736797908857756573.xml'
07-Nov-2018 23:45:47.745 INFO [http-nio-9000-exec-236] org.apache.catalina.core.ApplicationContext.log Manager: start: Starting web application '/SzemleletGym'
07-Nov-2018 23:47:23.764 INFO [http-nio-9000-exec-238] org.apache.catalina.core.ApplicationContext.log Manager: list: Listing contexts for virtual host 'localhost'
07-Nov-2018 23:47:23.766 INFO [http-nio-9000-exec-243] org.apache.catalina.core.ApplicationContext.log Manager: list: Listing contexts for virtual host 'localhost'
07-Nov-2018 23:47:23.775 INFO [http-nio-9000-exec-244] org.apache.catalina.core.ApplicationContext.log Manager: undeploy: Undeploying web application at '/SzemleletGym'
07-Nov-2018 23:47:24.318 INFO [http-nio-9000-exec-240] org.apache.catalina.core.ApplicationContext.log Manager: install: Installing context configuration at 'file:/C:/Users/bzolt/AppData/Local/Temp/context8130596467951662835.xml'
07-Nov-2018 23:47:26.699 INFO [http-nio-9000-exec-245] org.apache.catalina.core.ApplicationContext.log Manager: start: Starting web application '/SzemleletGym'
07-Nov-2018 23:47:41.473 INFO [http-nio-9000-exec-245] org.apache.catalina.core.ApplicationContext.log Manager: list: Listing contexts for virtual host 'localhost'
07-Nov-2018 23:47:51.948 INFO [http-nio-9000-exec-245] org.apache.catalina.core.ApplicationContext.log Manager: list: Listing contexts for virtual host 'localhost'
07-Nov-2018 23:47:51.952 INFO [http-nio-9000-exec-248] org.apache.catalina.core.ApplicationContext.log Manager: list: Listing contexts for virtual host 'localhost'
07-Nov-2018 23:47:51.961 INFO [http-nio-9000-exec-247] org.apache.catalina.core.ApplicationContext.log Manager: undeploy: Undeploying web application at '/SzemleletGym'
07-Nov-2018 23:47:52.499 INFO [http-nio-9000-exec-251] org.apache.catalina.core.ApplicationContext.log Manager: install: Installing context configuration at 'file:/C:/Users/bzolt/AppData/Local/Temp/context4730735221703465407.xml'
07-Nov-2018 23:47:54.879 INFO [http-nio-9000-exec-250] org.apache.catalina.core.ApplicationContext.log Manager: start: Starting web application '/SzemleletGym'
07-Nov-2018 23:49:29.821 INFO [http-nio-9000-exec-258] org.apache.catalina.core.ApplicationContext.log Manager: list: Listing contexts for virtual host 'localhost'
07-Nov-2018 23:49:41.392 INFO [http-nio-9000-exec-256] org.apache.catalina.core.ApplicationContext.log Manager: list: Listing contexts for virtual host 'localhost'
07-Nov-2018 23:49:41.395 INFO [http-nio-9000-exec-254] org.apache.catalina.core.ApplicationContext.log Manager: list: Listing contexts for virtual host 'localhost'
07-Nov-2018 23:49:41.406 INFO [http-nio-9000-exec-260] org.apache.catalina.core.ApplicationContext.log Manager: undeploy: Undeploying web application at '/SzemleletGym'
07-Nov-2018 23:49:41.947 INFO [http-nio-9000-exec-263] org.apache.catalina.core.ApplicationContext.log Manager: install: Installing context configuration at 'file:/C:/Users/bzolt/AppData/Local/Temp/context5040040844115683176.xml'
07-Nov-2018 23:49:44.212 INFO [http-nio-9000-exec-255] org.apache.catalina.core.ApplicationContext.log Manager: start: Starting web application '/SzemleletGym'
07-Nov-2018 23:50:48.487 INFO [http-nio-9000-exec-266] org.apache.catalina.core.ApplicationContext.log Manager: list: Listing contexts for virtual host 'localhost'
07-Nov-2018 23:50:55.923 INFO [http-nio-9000-exec-266] org.apache.catalina.core.ApplicationContext.log Manager: list: Listing contexts for virtual host 'localhost'
07-Nov-2018 23:50:55.926 INFO [http-nio-9000-exec-267] org.apache.catalina.core.ApplicationContext.log Manager: list: Listing contexts for virtual host 'localhost'
07-Nov-2018 23:50:55.935 INFO [http-nio-9000-exec-271] org.apache.catalina.core.ApplicationContext.log Manager: undeploy: Undeploying web application at '/SzemleletGym'
07-Nov-2018 23:50:56.480 INFO [http-nio-9000-exec-259] org.apache.catalina.core.ApplicationContext.log Manager: install: Installing context configuration at 'file:/C:/Users/bzolt/AppData/Local/Temp/context3582945618511656301.xml'
07-Nov-2018 23:50:58.776 INFO [http-nio-9000-exec-272] org.apache.catalina.core.ApplicationContext.log Manager: start: Starting web application '/SzemleletGym'
07-Nov-2018 23:51:16.422 INFO [http-nio-9000-exec-273] org.apache.catalina.core.ApplicationContext.log Manager: list: Listing contexts for virtual host 'localhost'
07-Nov-2018 23:54:52.331 INFO [http-nio-9000-exec-275] org.apache.catalina.core.ApplicationContext.log Manager: list: Listing contexts for virtual host 'localhost'
07-Nov-2018 23:55:07.700 INFO [http-nio-9000-exec-281] org.apache.catalina.core.ApplicationContext.log Manager: list: Listing contexts for virtual host 'localhost'
07-Nov-2018 23:55:07.703 INFO [http-nio-9000-exec-273] org.apache.catalina.core.ApplicationContext.log Manager: list: Listing contexts for virtual host 'localhost'
07-Nov-2018 23:55:07.713 INFO [http-nio-9000-exec-275] org.apache.catalina.core.ApplicationContext.log Manager: undeploy: Undeploying web application at '/SzemleletGym'
07-Nov-2018 23:55:08.256 INFO [http-nio-9000-exec-276] org.apache.catalina.core.ApplicationContext.log Manager: install: Installing context configuration at 'file:/C:/Users/bzolt/AppData/Local/Temp/context6015472186556722102.xml'
07-Nov-2018 23:55:10.607 INFO [http-nio-9000-exec-279] org.apache.catalina.core.ApplicationContext.log Manager: start: Starting web application '/SzemleletGym'
