08-Nov-2018 00:00:54.351 INFO [http-nio-9000-exec-283] org.apache.catalina.core.ApplicationContext.log Manager: list: Listing contexts for virtual host 'localhost'
08-Nov-2018 00:01:00.856 INFO [http-nio-9000-exec-290] org.apache.catalina.core.ApplicationContext.log Manager: list: Listing contexts for virtual host 'localhost'
08-Nov-2018 00:01:00.858 INFO [http-nio-9000-exec-285] org.apache.catalina.core.ApplicationContext.log Manager: list: Listing contexts for virtual host 'localhost'
08-Nov-2018 00:01:00.871 INFO [http-nio-9000-exec-283] org.apache.catalina.core.ApplicationContext.log Manager: undeploy: Undeploying web application at '/SzemleletGym'
08-Nov-2018 00:01:01.417 INFO [http-nio-9000-exec-289] org.apache.catalina.core.ApplicationContext.log Manager: install: Installing context configuration at 'file:/C:/Users/bzolt/AppData/Local/Temp/context4020577723670473873.xml'
08-Nov-2018 00:01:03.720 INFO [http-nio-9000-exec-284] org.apache.catalina.core.ApplicationContext.log Manager: start: Starting web application '/SzemleletGym'
08-Nov-2018 00:01:22.929 INFO [http-nio-9000-exec-294] org.apache.catalina.core.ApplicationContext.log Manager: list: Listing contexts for virtual host 'localhost'
08-Nov-2018 00:02:10.228 INFO [http-nio-9000-exec-293] org.apache.catalina.core.ApplicationContext.log Manager: list: Listing contexts for virtual host 'localhost'
08-Nov-2018 00:02:10.230 INFO [http-nio-9000-exec-291] org.apache.catalina.core.ApplicationContext.log Manager: list: Listing contexts for virtual host 'localhost'
08-Nov-2018 00:02:10.237 INFO [http-nio-9000-exec-286] org.apache.catalina.core.ApplicationContext.log Manager: undeploy: Undeploying web application at '/SzemleletGym'
08-Nov-2018 00:02:10.772 INFO [http-nio-9000-exec-291] org.apache.catalina.core.ApplicationContext.log Manager: install: Installing context configuration at 'file:/C:/Users/bzolt/AppData/Local/Temp/context4284509590728125913.xml'
08-Nov-2018 00:02:12.960 INFO [http-nio-9000-exec-299] org.apache.catalina.core.ApplicationContext.log Manager: start: Starting web application '/SzemleletGym'
08-Nov-2018 00:10:21.597 INFO [http-nio-9000-exec-310] org.apache.catalina.core.ApplicationContext.log Manager: list: Listing contexts for virtual host 'localhost'
08-Nov-2018 00:10:27.855 INFO [http-nio-9000-exec-306] org.apache.catalina.core.ApplicationContext.log Manager: list: Listing contexts for virtual host 'localhost'
08-Nov-2018 00:10:27.868 INFO [http-nio-9000-exec-309] org.apache.catalina.core.ApplicationContext.log Manager: list: Listing contexts for virtual host 'localhost'
08-Nov-2018 00:10:27.876 INFO [http-nio-9000-exec-310] org.apache.catalina.core.ApplicationContext.log Manager: undeploy: Undeploying web application at '/SzemleletGym'
08-Nov-2018 00:10:28.411 INFO [http-nio-9000-exec-302] org.apache.catalina.core.ApplicationContext.log Manager: install: Installing context configuration at 'file:/C:/Users/bzolt/AppData/Local/Temp/context2458626616803471718.xml'
08-Nov-2018 00:10:30.740 INFO [http-nio-9000-exec-305] org.apache.catalina.core.ApplicationContext.log Manager: start: Starting web application '/SzemleletGym'
08-Nov-2018 00:11:31.005 INFO [http-nio-9000-exec-303] org.apache.catalina.core.ApplicationContext.log Manager: list: Listing contexts for virtual host 'localhost'
08-Nov-2018 00:12:02.989 INFO [http-nio-9000-exec-312] org.apache.catalina.core.ApplicationContext.log Manager: list: Listing contexts for virtual host 'localhost'
08-Nov-2018 00:12:11.182 INFO [http-nio-9000-exec-318] org.apache.catalina.core.ApplicationContext.log Manager: list: Listing contexts for virtual host 'localhost'
08-Nov-2018 00:12:11.186 INFO [http-nio-9000-exec-312] org.apache.catalina.core.ApplicationContext.log Manager: list: Listing contexts for virtual host 'localhost'
08-Nov-2018 00:12:11.201 INFO [http-nio-9000-exec-311] org.apache.catalina.core.ApplicationContext.log Manager: undeploy: Undeploying web application at '/SzemleletGym'
08-Nov-2018 00:12:11.738 INFO [http-nio-9000-exec-309] org.apache.catalina.core.ApplicationContext.log Manager: install: Installing context configuration at 'file:/C:/Users/bzolt/AppData/Local/Temp/context3351825978643670700.xml'
08-Nov-2018 00:12:13.843 INFO [http-nio-9000-exec-312] org.apache.catalina.core.ApplicationContext.log Manager: start: Starting web application '/SzemleletGym'
08-Nov-2018 00:13:27.965 INFO [http-nio-9000-exec-322] org.apache.catalina.core.ApplicationContext.log Manager: list: Listing contexts for virtual host 'localhost'
08-Nov-2018 00:13:35.299 INFO [http-nio-9000-exec-328] org.apache.catalina.core.ApplicationContext.log Manager: list: Listing contexts for virtual host 'localhost'
08-Nov-2018 00:13:35.302 INFO [http-nio-9000-exec-322] org.apache.catalina.core.ApplicationContext.log Manager: list: Listing contexts for virtual host 'localhost'
08-Nov-2018 00:13:35.312 INFO [http-nio-9000-exec-323] org.apache.catalina.core.ApplicationContext.log Manager: undeploy: Undeploying web application at '/SzemleletGym'
08-Nov-2018 00:13:35.853 INFO [http-nio-9000-exec-328] org.apache.catalina.core.ApplicationContext.log Manager: install: Installing context configuration at 'file:/C:/Users/bzolt/AppData/Local/Temp/context3130936707573810899.xml'
08-Nov-2018 00:13:38.031 INFO [http-nio-9000-exec-325] org.apache.catalina.core.ApplicationContext.log Manager: start: Starting web application '/SzemleletGym'
08-Nov-2018 00:14:19.470 INFO [http-nio-9000-exec-322] org.apache.catalina.core.ApplicationContext.log Manager: list: Listing contexts for virtual host 'localhost'
08-Nov-2018 11:04:36.424 INFO [http-nio-9000-exec-331] org.apache.catalina.core.ApplicationContext.log Manager: list: Listing contexts for virtual host 'localhost'
08-Nov-2018 11:05:41.304 INFO [http-nio-9000-exec-330] org.apache.catalina.core.ApplicationContext.log Manager: list: Listing contexts for virtual host 'localhost'
08-Nov-2018 11:05:56.304 INFO [http-nio-9000-exec-336] org.apache.catalina.core.ApplicationContext.log Manager: list: Listing contexts for virtual host 'localhost'
08-Nov-2018 11:05:56.311 INFO [http-nio-9000-exec-334] org.apache.catalina.core.ApplicationContext.log Manager: list: Listing contexts for virtual host 'localhost'
08-Nov-2018 11:05:56.327 INFO [http-nio-9000-exec-335] org.apache.catalina.core.ApplicationContext.log Manager: undeploy: Undeploying web application at '/SzemleletGym'
08-Nov-2018 11:05:56.962 INFO [http-nio-9000-exec-330] org.apache.catalina.core.ApplicationContext.log Manager: install: Installing context configuration at 'file:/C:/Users/bzolt/AppData/Local/Temp/context1613085001392997290.xml'
08-Nov-2018 11:06:00.438 INFO [http-nio-9000-exec-338] org.apache.catalina.core.ApplicationContext.log Manager: start: Starting web application '/SzemleletGym'
08-Nov-2018 11:12:27.092 INFO [http-nio-9000-exec-341] org.apache.catalina.core.ApplicationContext.log Manager: list: Listing contexts for virtual host 'localhost'
08-Nov-2018 11:13:37.914 INFO [http-nio-9000-exec-340] org.apache.catalina.core.ApplicationContext.log Manager: list: Listing contexts for virtual host 'localhost'
08-Nov-2018 11:13:48.228 INFO [http-nio-9000-exec-344] org.apache.catalina.core.ApplicationContext.log Manager: list: Listing contexts for virtual host 'localhost'
08-Nov-2018 11:13:56.424 INFO [http-nio-9000-exec-345] org.apache.catalina.core.ApplicationContext.log Manager: list: Listing contexts for virtual host 'localhost'
08-Nov-2018 11:13:56.430 INFO [http-nio-9000-exec-343] org.apache.catalina.core.ApplicationContext.log Manager: list: Listing contexts for virtual host 'localhost'
08-Nov-2018 11:13:56.438 INFO [http-nio-9000-exec-347] org.apache.catalina.core.ApplicationContext.log Manager: undeploy: Undeploying web application at '/SzemleletGym'
08-Nov-2018 11:13:57.013 INFO [http-nio-9000-exec-344] org.apache.catalina.core.ApplicationContext.log Manager: install: Installing context configuration at 'file:/C:/Users/bzolt/AppData/Local/Temp/context9066665499200001608.xml'
08-Nov-2018 11:13:59.617 INFO [http-nio-9000-exec-341] org.apache.catalina.core.ApplicationContext.log Manager: start: Starting web application '/SzemleletGym'
08-Nov-2018 11:14:52.733 INFO [http-nio-9000-exec-348] org.apache.catalina.core.ApplicationContext.log Manager: list: Listing contexts for virtual host 'localhost'
08-Nov-2018 11:14:59.041 INFO [http-nio-9000-exec-350] org.apache.catalina.core.ApplicationContext.log Manager: list: Listing contexts for virtual host 'localhost'
08-Nov-2018 11:14:59.043 INFO [http-nio-9000-exec-348] org.apache.catalina.core.ApplicationContext.log Manager: list: Listing contexts for virtual host 'localhost'
08-Nov-2018 11:14:59.055 INFO [http-nio-9000-exec-346] org.apache.catalina.core.ApplicationContext.log Manager: undeploy: Undeploying web application at '/SzemleletGym'
08-Nov-2018 11:14:59.628 INFO [http-nio-9000-exec-350] org.apache.catalina.core.ApplicationContext.log Manager: install: Installing context configuration at 'file:/C:/Users/bzolt/AppData/Local/Temp/context6625906114548823275.xml'
08-Nov-2018 11:15:01.849 INFO [http-nio-9000-exec-352] org.apache.catalina.core.ApplicationContext.log Manager: start: Starting web application '/SzemleletGym'
08-Nov-2018 11:29:40.738 INFO [http-nio-9000-exec-358] org.apache.catalina.core.ApplicationContext.log Manager: list: Listing contexts for virtual host 'localhost'
08-Nov-2018 11:29:57.446 INFO [http-nio-9000-exec-366] org.apache.catalina.core.ApplicationContext.log Manager: list: Listing contexts for virtual host 'localhost'
08-Nov-2018 11:31:07.085 INFO [http-nio-9000-exec-362] org.apache.catalina.core.ApplicationContext.log Manager: list: Listing contexts for virtual host 'localhost'
08-Nov-2018 11:32:09.817 INFO [http-nio-9000-exec-359] org.apache.catalina.core.ApplicationContext.log Manager: list: Listing contexts for virtual host 'localhost'
08-Nov-2018 11:32:51.946 INFO [http-nio-9000-exec-367] org.apache.catalina.core.ApplicationContext.log Manager: list: Listing contexts for virtual host 'localhost'
08-Nov-2018 11:35:35.501 INFO [http-nio-9000-exec-361] org.apache.catalina.core.ApplicationContext.log Manager: list: Listing contexts for virtual host 'localhost'
08-Nov-2018 11:36:21.300 INFO [http-nio-9000-exec-358] org.apache.catalina.core.ApplicationContext.log Manager: list: Listing contexts for virtual host 'localhost'
08-Nov-2018 11:36:27.563 INFO [http-nio-9000-exec-359] org.apache.catalina.core.ApplicationContext.log Manager: list: Listing contexts for virtual host 'localhost'
08-Nov-2018 11:36:27.568 INFO [http-nio-9000-exec-358] org.apache.catalina.core.ApplicationContext.log Manager: list: Listing contexts for virtual host 'localhost'
08-Nov-2018 11:36:27.582 INFO [http-nio-9000-exec-360] org.apache.catalina.core.ApplicationContext.log Manager: undeploy: Undeploying web application at '/SzemleletGym'
08-Nov-2018 11:36:27.697 INFO [http-nio-9000-exec-366] org.apache.catalina.core.ApplicationContext.log Manager: list: Listing contexts for virtual host 'localhost'
08-Nov-2018 11:36:28.389 INFO [http-nio-9000-exec-362] org.apache.catalina.core.ApplicationContext.log Manager: install: Installing context configuration at 'file:/C:/Users/bzolt/AppData/Local/Temp/context9162965700835640084.xml'
08-Nov-2018 11:36:31.825 INFO [http-nio-9000-exec-358] org.apache.catalina.core.ApplicationContext.log Manager: start: Starting web application '/SzemleletGym'
08-Nov-2018 11:38:41.398 INFO [http-nio-9000-exec-368] org.apache.catalina.core.ApplicationContext.log Manager: list: Listing contexts for virtual host 'localhost'
08-Nov-2018 11:39:31.776 INFO [http-nio-9000-exec-374] org.apache.catalina.core.ApplicationContext.log Manager: list: Listing contexts for virtual host 'localhost'
08-Nov-2018 11:39:40.860 INFO [http-nio-9000-exec-374] org.apache.catalina.core.ApplicationContext.log Manager: list: Listing contexts for virtual host 'localhost'
08-Nov-2018 11:39:40.863 INFO [http-nio-9000-exec-376] org.apache.catalina.core.ApplicationContext.log Manager: list: Listing contexts for virtual host 'localhost'
08-Nov-2018 11:39:40.881 INFO [http-nio-9000-exec-375] org.apache.catalina.core.ApplicationContext.log Manager: undeploy: Undeploying web application at '/SzemleletGym'
08-Nov-2018 11:39:41.441 INFO [http-nio-9000-exec-370] org.apache.catalina.core.ApplicationContext.log Manager: install: Installing context configuration at 'file:/C:/Users/bzolt/AppData/Local/Temp/context7057330988928892796.xml'
08-Nov-2018 11:39:44.039 INFO [http-nio-9000-exec-377] org.apache.catalina.core.ApplicationContext.log Manager: start: Starting web application '/SzemleletGym'
08-Nov-2018 11:40:24.976 INFO [http-nio-9000-exec-379] org.apache.catalina.core.ApplicationContext.log Manager: list: Listing contexts for virtual host 'localhost'
08-Nov-2018 11:41:37.451 INFO [http-nio-9000-exec-382] org.apache.catalina.core.ApplicationContext.log Manager: list: Listing contexts for virtual host 'localhost'
08-Nov-2018 11:41:44.908 INFO [http-nio-9000-exec-386] org.apache.catalina.core.ApplicationContext.log Manager: list: Listing contexts for virtual host 'localhost'
08-Nov-2018 11:41:44.913 INFO [http-nio-9000-exec-382] org.apache.catalina.core.ApplicationContext.log Manager: list: Listing contexts for virtual host 'localhost'
08-Nov-2018 11:41:44.926 INFO [http-nio-9000-exec-378] org.apache.catalina.core.ApplicationContext.log Manager: undeploy: Undeploying web application at '/SzemleletGym'
08-Nov-2018 11:41:45.480 INFO [http-nio-9000-exec-386] org.apache.catalina.core.ApplicationContext.log Manager: install: Installing context configuration at 'file:/C:/Users/bzolt/AppData/Local/Temp/context2290346758957591085.xml'
08-Nov-2018 11:41:47.796 INFO [http-nio-9000-exec-382] org.apache.catalina.core.ApplicationContext.log Manager: start: Starting web application '/SzemleletGym'
08-Nov-2018 11:49:06.700 INFO [http-nio-9000-exec-388] org.apache.catalina.core.ApplicationContext.log Manager: list: Listing contexts for virtual host 'localhost'
08-Nov-2018 11:49:13.981 INFO [http-nio-9000-exec-397] org.apache.catalina.core.ApplicationContext.log Manager: list: Listing contexts for virtual host 'localhost'
08-Nov-2018 11:49:13.984 INFO [http-nio-9000-exec-388] org.apache.catalina.core.ApplicationContext.log Manager: list: Listing contexts for virtual host 'localhost'
08-Nov-2018 11:49:13.995 INFO [http-nio-9000-exec-389] org.apache.catalina.core.ApplicationContext.log Manager: undeploy: Undeploying web application at '/SzemleletGym'
08-Nov-2018 11:49:14.551 INFO [http-nio-9000-exec-394] org.apache.catalina.core.ApplicationContext.log Manager: install: Installing context configuration at 'file:/C:/Users/bzolt/AppData/Local/Temp/context8904775660602975025.xml'
08-Nov-2018 11:49:16.964 INFO [http-nio-9000-exec-395] org.apache.catalina.core.ApplicationContext.log Manager: start: Starting web application '/SzemleletGym'
08-Nov-2018 11:50:05.624 INFO [http-nio-9000-exec-397] org.apache.catalina.core.ApplicationContext.log Manager: list: Listing contexts for virtual host 'localhost'
08-Nov-2018 11:51:02.443 INFO [http-nio-9000-exec-403] org.apache.catalina.core.ApplicationContext.log Manager: list: Listing contexts for virtual host 'localhost'
08-Nov-2018 11:51:11.960 INFO [http-nio-9000-exec-400] org.apache.catalina.core.ApplicationContext.log Manager: list: Listing contexts for virtual host 'localhost'
08-Nov-2018 11:51:11.967 INFO [http-nio-9000-exec-403] org.apache.catalina.core.ApplicationContext.log Manager: list: Listing contexts for virtual host 'localhost'
08-Nov-2018 11:51:11.977 INFO [http-nio-9000-exec-398] org.apache.catalina.core.ApplicationContext.log Manager: undeploy: Undeploying web application at '/SzemleletGym'
08-Nov-2018 11:51:12.520 INFO [http-nio-9000-exec-392] org.apache.catalina.core.ApplicationContext.log Manager: install: Installing context configuration at 'file:/C:/Users/bzolt/AppData/Local/Temp/context8626531910257699827.xml'
08-Nov-2018 11:51:14.644 INFO [http-nio-9000-exec-399] org.apache.catalina.core.ApplicationContext.log Manager: start: Starting web application '/SzemleletGym'
08-Nov-2018 11:51:36.530 INFO [http-nio-9000-exec-412] org.apache.catalina.core.ApplicationContext.log Manager: list: Listing contexts for virtual host 'localhost'
08-Nov-2018 11:51:41.713 INFO [http-nio-9000-exec-411] org.apache.catalina.core.ApplicationContext.log Manager: list: Listing contexts for virtual host 'localhost'
08-Nov-2018 11:51:53.393 INFO [http-nio-9000-exec-410] org.apache.catalina.core.ApplicationContext.log Manager: list: Listing contexts for virtual host 'localhost'
08-Nov-2018 11:51:53.398 INFO [http-nio-9000-exec-413] org.apache.catalina.core.ApplicationContext.log Manager: list: Listing contexts for virtual host 'localhost'
08-Nov-2018 11:51:53.409 INFO [http-nio-9000-exec-412] org.apache.catalina.core.ApplicationContext.log Manager: undeploy: Undeploying web application at '/SzemleletGym'
08-Nov-2018 11:51:53.984 INFO [http-nio-9000-exec-413] org.apache.catalina.core.ApplicationContext.log Manager: install: Installing context configuration at 'file:/C:/Users/bzolt/AppData/Local/Temp/context5143026369739483542.xml'
08-Nov-2018 11:51:56.366 INFO [http-nio-9000-exec-404] org.apache.catalina.core.ApplicationContext.log Manager: start: Starting web application '/SzemleletGym'
08-Nov-2018 11:52:30.840 INFO [http-nio-9000-exec-401] org.apache.catalina.core.ApplicationContext.log Manager: list: Listing contexts for virtual host 'localhost'
08-Nov-2018 11:52:39.767 INFO [http-nio-9000-exec-419] org.apache.catalina.core.ApplicationContext.log Manager: list: Listing contexts for virtual host 'localhost'
08-Nov-2018 11:52:39.770 INFO [http-nio-9000-exec-415] org.apache.catalina.core.ApplicationContext.log Manager: list: Listing contexts for virtual host 'localhost'
08-Nov-2018 11:52:39.779 INFO [http-nio-9000-exec-422] org.apache.catalina.core.ApplicationContext.log Manager: undeploy: Undeploying web application at '/SzemleletGym'
08-Nov-2018 11:52:40.351 INFO [http-nio-9000-exec-423] org.apache.catalina.core.ApplicationContext.log Manager: install: Installing context configuration at 'file:/C:/Users/bzolt/AppData/Local/Temp/context4080903567838410935.xml'
08-Nov-2018 11:52:43.471 INFO [http-nio-9000-exec-401] org.apache.catalina.core.ApplicationContext.log Manager: start: Starting web application '/SzemleletGym'
08-Nov-2018 11:53:34.130 INFO [http-nio-9000-exec-426] org.apache.catalina.core.ApplicationContext.log Manager: list: Listing contexts for virtual host 'localhost'
08-Nov-2018 11:54:04.344 INFO [http-nio-9000-exec-431] org.apache.catalina.core.ApplicationContext.log Manager: list: Listing contexts for virtual host 'localhost'
08-Nov-2018 11:54:26.225 INFO [http-nio-9000-exec-430] org.apache.catalina.core.ApplicationContext.log Manager: list: Listing contexts for virtual host 'localhost'
08-Nov-2018 11:54:26.232 INFO [http-nio-9000-exec-433] org.apache.catalina.core.ApplicationContext.log Manager: list: Listing contexts for virtual host 'localhost'
08-Nov-2018 11:54:26.243 INFO [http-nio-9000-exec-426] org.apache.catalina.core.ApplicationContext.log Manager: undeploy: Undeploying web application at '/SzemleletGym'
08-Nov-2018 11:54:26.833 INFO [http-nio-9000-exec-424] org.apache.catalina.core.ApplicationContext.log Manager: install: Installing context configuration at 'file:/C:/Users/bzolt/AppData/Local/Temp/context4003033564580642767.xml'
08-Nov-2018 11:54:29.037 INFO [http-nio-9000-exec-427] org.apache.catalina.core.ApplicationContext.log Manager: start: Starting web application '/SzemleletGym'
08-Nov-2018 11:57:10.291 INFO [http-nio-9000-exec-438] org.apache.catalina.core.ApplicationContext.log Manager: list: Listing contexts for virtual host 'localhost'
08-Nov-2018 11:57:10.411 INFO [http-nio-9000-exec-439] org.apache.catalina.core.ApplicationContext.log Manager: restart: Reloading web application '/SzemleletGym'
08-Nov-2018 12:00:54.707 INFO [http-nio-9000-exec-449] org.apache.catalina.core.ApplicationContext.log Manager: list: Listing contexts for virtual host 'localhost'
08-Nov-2018 12:00:54.713 INFO [http-nio-9000-exec-450] org.apache.catalina.core.ApplicationContext.log Manager: list: Listing contexts for virtual host 'localhost'
08-Nov-2018 12:00:54.731 INFO [http-nio-9000-exec-452] org.apache.catalina.core.ApplicationContext.log Manager: undeploy: Undeploying web application at '/SzemleletGym'
08-Nov-2018 12:00:55.303 INFO [http-nio-9000-exec-450] org.apache.catalina.core.ApplicationContext.log Manager: install: Installing context configuration at 'file:/C:/Users/bzolt/AppData/Local/Temp/context7978938437439584697.xml'
08-Nov-2018 12:00:57.819 INFO [http-nio-9000-exec-447] org.apache.catalina.core.ApplicationContext.log Manager: start: Starting web application '/SzemleletGym'
08-Nov-2018 12:01:35.351 INFO [http-nio-9000-exec-449] org.apache.catalina.core.ApplicationContext.log Manager: list: Listing contexts for virtual host 'localhost'
08-Nov-2018 12:01:42.418 INFO [http-nio-9000-exec-449] org.apache.catalina.core.ApplicationContext.log Manager: list: Listing contexts for virtual host 'localhost'
08-Nov-2018 12:01:42.421 INFO [http-nio-9000-exec-454] org.apache.catalina.core.ApplicationContext.log Manager: list: Listing contexts for virtual host 'localhost'
08-Nov-2018 12:01:42.431 INFO [http-nio-9000-exec-456] org.apache.catalina.core.ApplicationContext.log Manager: undeploy: Undeploying web application at '/SzemleletGym'
08-Nov-2018 12:01:43.016 INFO [http-nio-9000-exec-459] org.apache.catalina.core.ApplicationContext.log Manager: install: Installing context configuration at 'file:/C:/Users/bzolt/AppData/Local/Temp/context2037510883827428678.xml'
08-Nov-2018 12:01:47.469 INFO [http-nio-9000-exec-449] org.apache.catalina.core.ApplicationContext.log Manager: start: Starting web application '/SzemleletGym'
08-Nov-2018 12:03:47.877 INFO [http-nio-9000-exec-465] org.apache.catalina.core.ApplicationContext.log Manager: list: Listing contexts for virtual host 'localhost'
08-Nov-2018 12:04:24.585 INFO [http-nio-9000-exec-470] org.apache.catalina.core.ApplicationContext.log Manager: list: Listing contexts for virtual host 'localhost'
08-Nov-2018 12:04:40.349 INFO [http-nio-9000-exec-469] org.apache.catalina.core.ApplicationContext.log Manager: list: Listing contexts for virtual host 'localhost'
08-Nov-2018 12:04:40.353 INFO [http-nio-9000-exec-471] org.apache.catalina.core.ApplicationContext.log Manager: list: Listing contexts for virtual host 'localhost'
08-Nov-2018 12:04:40.367 INFO [http-nio-9000-exec-470] org.apache.catalina.core.ApplicationContext.log Manager: undeploy: Undeploying web application at '/SzemleletGym'
08-Nov-2018 12:04:40.949 INFO [http-nio-9000-exec-471] org.apache.catalina.core.ApplicationContext.log Manager: install: Installing context configuration at 'file:/C:/Users/bzolt/AppData/Local/Temp/context2033529233446398072.xml'
08-Nov-2018 12:04:43.169 INFO [http-nio-9000-exec-466] org.apache.catalina.core.ApplicationContext.log Manager: start: Starting web application '/SzemleletGym'
08-Nov-2018 12:08:13.757 INFO [http-nio-9000-exec-475] org.apache.catalina.core.ApplicationContext.log Manager: list: Listing contexts for virtual host 'localhost'
08-Nov-2018 12:08:13.823 INFO [http-nio-9000-exec-476] org.apache.catalina.core.ApplicationContext.log Manager: restart: Reloading web application '/SzemleletGym'
08-Nov-2018 12:08:33.308 INFO [http-nio-9000-exec-483] org.apache.catalina.core.ApplicationContext.log Manager: list: Listing contexts for virtual host 'localhost'
08-Nov-2018 12:08:33.365 INFO [http-nio-9000-exec-478] org.apache.catalina.core.ApplicationContext.log Manager: restart: Reloading web application '/SzemleletGym'
08-Nov-2018 12:08:41.092 INFO [http-nio-9000-exec-483] org.apache.catalina.core.ApplicationContext.log Manager: list: Listing contexts for virtual host 'localhost'
08-Nov-2018 12:08:41.097 INFO [http-nio-9000-exec-479] org.apache.catalina.core.ApplicationContext.log Manager: list: Listing contexts for virtual host 'localhost'
08-Nov-2018 12:08:41.109 INFO [http-nio-9000-exec-484] org.apache.catalina.core.ApplicationContext.log Manager: undeploy: Undeploying web application at '/SzemleletGym'
08-Nov-2018 12:08:41.682 INFO [http-nio-9000-exec-473] org.apache.catalina.core.ApplicationContext.log Manager: install: Installing context configuration at 'file:/C:/Users/bzolt/AppData/Local/Temp/context5287936548815185204.xml'
08-Nov-2018 12:08:44.180 INFO [http-nio-9000-exec-474] org.apache.catalina.core.ApplicationContext.log Manager: start: Starting web application '/SzemleletGym'
08-Nov-2018 12:10:14.196 INFO [http-nio-9000-exec-488] org.apache.catalina.core.ApplicationContext.log Manager: list: Listing contexts for virtual host 'localhost'
08-Nov-2018 12:10:14.259 INFO [http-nio-9000-exec-489] org.apache.catalina.core.ApplicationContext.log Manager: restart: Reloading web application '/SzemleletGym'
08-Nov-2018 12:11:03.496 INFO [http-nio-9000-exec-491] org.apache.catalina.core.ApplicationContext.log Manager: list: Listing contexts for virtual host 'localhost'
08-Nov-2018 12:11:03.628 INFO [http-nio-9000-exec-490] org.apache.catalina.core.ApplicationContext.log Manager: restart: Reloading web application '/SzemleletGym'
08-Nov-2018 12:11:42.997 INFO [http-nio-9000-exec-492] org.apache.catalina.core.ApplicationContext.log Manager: list: Listing contexts for virtual host 'localhost'
08-Nov-2018 12:11:43.063 INFO [http-nio-9000-exec-494] org.apache.catalina.core.ApplicationContext.log Manager: restart: Reloading web application '/SzemleletGym'
08-Nov-2018 12:11:45.688 INFO [http-nio-9000-exec-488] org.apache.catalina.core.ApplicationContext.log Manager: list: Listing contexts for virtual host 'localhost'
08-Nov-2018 12:11:45.808 INFO [http-nio-9000-exec-491] org.apache.catalina.core.ApplicationContext.log Manager: restart: Reloading web application '/SzemleletGym'
08-Nov-2018 12:13:35.518 INFO [http-nio-9000-exec-501] org.apache.catalina.core.ApplicationContext.log Manager: list: Listing contexts for virtual host 'localhost'
08-Nov-2018 12:13:35.644 INFO [http-nio-9000-exec-498] org.apache.catalina.core.ApplicationContext.log Manager: restart: Reloading web application '/SzemleletGym'
08-Nov-2018 12:13:43.193 INFO [http-nio-9000-exec-503] org.apache.catalina.core.ApplicationContext.log Manager: list: Listing contexts for virtual host 'localhost'
08-Nov-2018 12:13:43.195 INFO [http-nio-9000-exec-499] org.apache.catalina.core.ApplicationContext.log Manager: list: Listing contexts for virtual host 'localhost'
08-Nov-2018 12:13:43.204 INFO [http-nio-9000-exec-504] org.apache.catalina.core.ApplicationContext.log Manager: undeploy: Undeploying web application at '/SzemleletGym'
08-Nov-2018 12:13:43.741 INFO [http-nio-9000-exec-488] org.apache.catalina.core.ApplicationContext.log Manager: install: Installing context configuration at 'file:/C:/Users/bzolt/AppData/Local/Temp/context1392263300240547656.xml'
08-Nov-2018 12:13:46.102 INFO [http-nio-9000-exec-495] org.apache.catalina.core.ApplicationContext.log Manager: start: Starting web application '/SzemleletGym'
08-Nov-2018 12:15:25.946 INFO [http-nio-9000-exec-509] org.apache.catalina.core.ApplicationContext.log Manager: list: Listing contexts for virtual host 'localhost'
08-Nov-2018 12:15:25.950 INFO [http-nio-9000-exec-511] org.apache.catalina.core.ApplicationContext.log Manager: list: Listing contexts for virtual host 'localhost'
08-Nov-2018 12:15:25.959 INFO [http-nio-9000-exec-506] org.apache.catalina.core.ApplicationContext.log Manager: undeploy: Undeploying web application at '/SzemleletGym'
08-Nov-2018 12:15:26.538 INFO [http-nio-9000-exec-510] org.apache.catalina.core.ApplicationContext.log Manager: install: Installing context configuration at 'file:/C:/Users/bzolt/AppData/Local/Temp/context8864290828536175978.xml'
08-Nov-2018 12:15:28.795 INFO [http-nio-9000-exec-515] org.apache.catalina.core.ApplicationContext.log Manager: start: Starting web application '/SzemleletGym'
08-Nov-2018 12:17:02.219 INFO [http-nio-9000-exec-521] org.apache.catalina.core.ApplicationContext.log Manager: list: Listing contexts for virtual host 'localhost'
08-Nov-2018 12:17:02.222 INFO [http-nio-9000-exec-524] org.apache.catalina.core.ApplicationContext.log Manager: list: Listing contexts for virtual host 'localhost'
08-Nov-2018 12:17:02.233 INFO [http-nio-9000-exec-516] org.apache.catalina.core.ApplicationContext.log Manager: undeploy: Undeploying web application at '/SzemleletGym'
08-Nov-2018 12:17:02.778 INFO [http-nio-9000-exec-520] org.apache.catalina.core.ApplicationContext.log Manager: install: Installing context configuration at 'file:/C:/Users/bzolt/AppData/Local/Temp/context3890621046419771661.xml'
08-Nov-2018 12:17:05.121 INFO [http-nio-9000-exec-519] org.apache.catalina.core.ApplicationContext.log Manager: start: Starting web application '/SzemleletGym'
08-Nov-2018 12:17:09.295 INFO [http-nio-9000-exec-522] org.apache.catalina.core.ApplicationContext.log Manager: list: Listing contexts for virtual host 'localhost'
08-Nov-2018 12:17:09.298 INFO [http-nio-9000-exec-517] org.apache.catalina.core.ApplicationContext.log Manager: list: Listing contexts for virtual host 'localhost'
08-Nov-2018 12:17:09.309 INFO [http-nio-9000-exec-521] org.apache.catalina.core.ApplicationContext.log Manager: undeploy: Undeploying web application at '/SzemleletGym'
08-Nov-2018 12:17:09.856 INFO [http-nio-9000-exec-519] org.apache.catalina.core.ApplicationContext.log Manager: install: Installing context configuration at 'file:/C:/Users/bzolt/AppData/Local/Temp/context4949041067587604573.xml'
08-Nov-2018 12:17:12.630 INFO [http-nio-9000-exec-525] org.apache.catalina.core.ApplicationContext.log Manager: start: Starting web application '/SzemleletGym'
08-Nov-2018 12:18:47.132 INFO [http-nio-9000-exec-531] org.apache.catalina.core.ApplicationContext.log Manager: list: Listing contexts for virtual host 'localhost'
08-Nov-2018 12:18:47.135 INFO [http-nio-9000-exec-532] org.apache.catalina.core.ApplicationContext.log Manager: list: Listing contexts for virtual host 'localhost'
08-Nov-2018 12:18:47.146 INFO [http-nio-9000-exec-533] org.apache.catalina.core.ApplicationContext.log Manager: undeploy: Undeploying web application at '/SzemleletGym'
08-Nov-2018 12:18:47.719 INFO [http-nio-9000-exec-535] org.apache.catalina.core.ApplicationContext.log Manager: install: Installing context configuration at 'file:/C:/Users/bzolt/AppData/Local/Temp/context1713486251674848407.xml'
08-Nov-2018 12:18:51.075 INFO [http-nio-9000-exec-537] org.apache.catalina.core.ApplicationContext.log Manager: start: Starting web application '/SzemleletGym'
08-Nov-2018 12:18:59.537 INFO [http-nio-9000-exec-531] org.apache.catalina.core.ApplicationContext.log Manager: list: Listing contexts for virtual host 'localhost'
08-Nov-2018 12:18:59.542 INFO [http-nio-9000-exec-534] org.apache.catalina.core.ApplicationContext.log Manager: list: Listing contexts for virtual host 'localhost'
08-Nov-2018 12:18:59.554 INFO [http-nio-9000-exec-539] org.apache.catalina.core.ApplicationContext.log Manager: undeploy: Undeploying web application at '/SzemleletGym'
08-Nov-2018 12:19:00.080 INFO [http-nio-9000-exec-540] org.apache.catalina.core.ApplicationContext.log Manager: install: Installing context configuration at 'file:/C:/Users/bzolt/AppData/Local/Temp/context2110665471129683445.xml'
08-Nov-2018 12:19:02.772 INFO [http-nio-9000-exec-538] org.apache.catalina.core.ApplicationContext.log Manager: start: Starting web application '/SzemleletGym'
08-Nov-2018 12:19:04.627 INFO [http-nio-9000-exec-534] org.apache.catalina.core.ApplicationContext.log Manager: list: Listing contexts for virtual host 'localhost'
08-Nov-2018 12:19:04.629 INFO [http-nio-9000-exec-536] org.apache.catalina.core.ApplicationContext.log Manager: list: Listing contexts for virtual host 'localhost'
08-Nov-2018 12:19:04.638 INFO [http-nio-9000-exec-518] org.apache.catalina.core.ApplicationContext.log Manager: undeploy: Undeploying web application at '/SzemleletGym'
08-Nov-2018 12:19:05.179 INFO [http-nio-9000-exec-542] org.apache.catalina.core.ApplicationContext.log Manager: install: Installing context configuration at 'file:/C:/Users/bzolt/AppData/Local/Temp/context6084493734047720808.xml'
08-Nov-2018 12:19:07.678 INFO [http-nio-9000-exec-539] org.apache.catalina.core.ApplicationContext.log Manager: start: Starting web application '/SzemleletGym'
08-Nov-2018 12:29:12.672 INFO [http-nio-9000-exec-545] org.apache.catalina.core.ApplicationContext.log Manager: list: Listing contexts for virtual host 'localhost'
08-Nov-2018 12:29:12.678 INFO [http-nio-9000-exec-552] org.apache.catalina.core.ApplicationContext.log Manager: list: Listing contexts for virtual host 'localhost'
08-Nov-2018 12:29:12.706 INFO [http-nio-9000-exec-547] org.apache.catalina.core.ApplicationContext.log Manager: undeploy: Undeploying web application at '/SzemleletGym'
08-Nov-2018 12:29:13.308 INFO [http-nio-9000-exec-544] org.apache.catalina.core.ApplicationContext.log Manager: install: Installing context configuration at 'file:/C:/Users/bzolt/AppData/Local/Temp/context292925255673348392.xml'
08-Nov-2018 12:29:15.639 INFO [http-nio-9000-exec-549] org.apache.catalina.core.ApplicationContext.log Manager: start: Starting web application '/SzemleletGym'
08-Nov-2018 12:30:26.033 INFO [http-nio-9000-exec-555] org.apache.catalina.core.ApplicationContext.log Manager: list: Listing contexts for virtual host 'localhost'
08-Nov-2018 12:30:26.042 INFO [http-nio-9000-exec-558] org.apache.catalina.core.ApplicationContext.log Manager: list: Listing contexts for virtual host 'localhost'
08-Nov-2018 12:30:26.064 INFO [http-nio-9000-exec-553] org.apache.catalina.core.ApplicationContext.log Manager: undeploy: Undeploying web application at '/SzemleletGym'
08-Nov-2018 12:30:26.667 INFO [http-nio-9000-exec-562] org.apache.catalina.core.ApplicationContext.log Manager: install: Installing context configuration at 'file:/C:/Users/bzolt/AppData/Local/Temp/context647653130137719121.xml'
08-Nov-2018 12:30:30.343 INFO [http-nio-9000-exec-555] org.apache.catalina.core.ApplicationContext.log Manager: start: Starting web application '/SzemleletGym'
08-Nov-2018 12:31:33.116 INFO [http-nio-9000-exec-565] org.apache.catalina.core.ApplicationContext.log Manager: list: Listing contexts for virtual host 'localhost'
08-Nov-2018 12:31:42.795 INFO [http-nio-9000-exec-566] org.apache.catalina.core.ApplicationContext.log Manager: list: Listing contexts for virtual host 'localhost'
08-Nov-2018 12:31:42.797 INFO [http-nio-9000-exec-567] org.apache.catalina.core.ApplicationContext.log Manager: list: Listing contexts for virtual host 'localhost'
08-Nov-2018 12:31:42.812 INFO [http-nio-9000-exec-571] org.apache.catalina.core.ApplicationContext.log Manager: undeploy: Undeploying web application at '/SzemleletGym'
08-Nov-2018 12:31:43.380 INFO [http-nio-9000-exec-567] org.apache.catalina.core.ApplicationContext.log Manager: install: Installing context configuration at 'file:/C:/Users/bzolt/AppData/Local/Temp/context8248302665738169876.xml'
08-Nov-2018 12:31:45.957 INFO [http-nio-9000-exec-568] org.apache.catalina.core.ApplicationContext.log Manager: start: Starting web application '/SzemleletGym'
08-Nov-2018 12:36:09.075 INFO [http-nio-9000-exec-574] org.apache.catalina.core.ApplicationContext.log Manager: list: Listing contexts for virtual host 'localhost'
08-Nov-2018 12:36:17.098 INFO [http-nio-9000-exec-575] org.apache.catalina.core.ApplicationContext.log Manager: list: Listing contexts for virtual host 'localhost'
08-Nov-2018 12:36:17.101 INFO [http-nio-9000-exec-574] org.apache.catalina.core.ApplicationContext.log Manager: list: Listing contexts for virtual host 'localhost'
08-Nov-2018 12:36:17.117 INFO [http-nio-9000-exec-576] org.apache.catalina.core.ApplicationContext.log Manager: undeploy: Undeploying web application at '/SzemleletGym'
08-Nov-2018 12:36:17.698 INFO [http-nio-9000-exec-580] org.apache.catalina.core.ApplicationContext.log Manager: install: Installing context configuration at 'file:/C:/Users/bzolt/AppData/Local/Temp/context6266547629281852324.xml'
08-Nov-2018 12:36:20.062 INFO [http-nio-9000-exec-575] org.apache.catalina.core.ApplicationContext.log Manager: start: Starting web application '/SzemleletGym'
08-Nov-2018 12:36:59.111 INFO [http-nio-9000-exec-590] org.apache.catalina.core.ApplicationContext.log Manager: list: Listing contexts for virtual host 'localhost'
08-Nov-2018 12:37:06.283 INFO [http-nio-9000-exec-586] org.apache.catalina.core.ApplicationContext.log Manager: list: Listing contexts for virtual host 'localhost'
08-Nov-2018 12:38:11.675 INFO [http-nio-9000-exec-589] org.apache.catalina.core.ApplicationContext.log Manager: list: Listing contexts for virtual host 'localhost'
08-Nov-2018 12:38:19.828 INFO [http-nio-9000-exec-592] org.apache.catalina.core.ApplicationContext.log Manager: list: Listing contexts for virtual host 'localhost'
08-Nov-2018 12:38:19.830 INFO [http-nio-9000-exec-584] org.apache.catalina.core.ApplicationContext.log Manager: list: Listing contexts for virtual host 'localhost'
08-Nov-2018 12:38:19.847 INFO [http-nio-9000-exec-587] org.apache.catalina.core.ApplicationContext.log Manager: undeploy: Undeploying web application at '/SzemleletGym'
08-Nov-2018 12:38:20.428 INFO [http-nio-9000-exec-590] org.apache.catalina.core.ApplicationContext.log Manager: install: Installing context configuration at 'file:/C:/Users/bzolt/AppData/Local/Temp/context6069765323453602747.xml'
08-Nov-2018 12:38:22.877 INFO [http-nio-9000-exec-583] org.apache.catalina.core.ApplicationContext.log Manager: start: Starting web application '/SzemleletGym'
08-Nov-2018 12:39:57.020 INFO [http-nio-9000-exec-597] org.apache.catalina.core.ApplicationContext.log Manager: list: Listing contexts for virtual host 'localhost'
08-Nov-2018 12:40:03.759 INFO [http-nio-9000-exec-597] org.apache.catalina.core.ApplicationContext.log Manager: list: Listing contexts for virtual host 'localhost'
08-Nov-2018 12:40:03.762 INFO [http-nio-9000-exec-595] org.apache.catalina.core.ApplicationContext.log Manager: list: Listing contexts for virtual host 'localhost'
08-Nov-2018 12:40:03.778 INFO [http-nio-9000-exec-598] org.apache.catalina.core.ApplicationContext.log Manager: undeploy: Undeploying web application at '/SzemleletGym'
08-Nov-2018 12:40:04.352 INFO [http-nio-9000-exec-597] org.apache.catalina.core.ApplicationContext.log Manager: install: Installing context configuration at 'file:/C:/Users/bzolt/AppData/Local/Temp/context5759321399397040907.xml'
08-Nov-2018 12:40:07.972 INFO [http-nio-9000-exec-599] org.apache.catalina.core.ApplicationContext.log Manager: start: Starting web application '/SzemleletGym'
08-Nov-2018 12:41:10.311 INFO [http-nio-9000-exec-604] org.apache.catalina.core.ApplicationContext.log Manager: list: Listing contexts for virtual host 'localhost'
08-Nov-2018 12:41:52.245 INFO [http-nio-9000-exec-605] org.apache.catalina.core.ApplicationContext.log Manager: list: Listing contexts for virtual host 'localhost'
08-Nov-2018 12:42:09.707 INFO [http-nio-9000-exec-606] org.apache.catalina.core.ApplicationContext.log Manager: list: Listing contexts for virtual host 'localhost'
08-Nov-2018 12:42:33.544 INFO [http-nio-9000-exec-610] org.apache.catalina.core.ApplicationContext.log Manager: list: Listing contexts for virtual host 'localhost'
08-Nov-2018 12:42:48.818 INFO [http-nio-9000-exec-606] org.apache.catalina.core.ApplicationContext.log Manager: list: Listing contexts for virtual host 'localhost'
08-Nov-2018 12:43:28.001 INFO [http-nio-9000-exec-604] org.apache.catalina.core.ApplicationContext.log Manager: list: Listing contexts for virtual host 'localhost'
08-Nov-2018 12:44:14.429 INFO [http-nio-9000-exec-610] org.apache.catalina.core.ApplicationContext.log Manager: list: Listing contexts for virtual host 'localhost'
08-Nov-2018 12:44:49.776 INFO [http-nio-9000-exec-606] org.apache.catalina.core.ApplicationContext.log Manager: list: Listing contexts for virtual host 'localhost'
08-Nov-2018 12:47:24.516 INFO [http-nio-9000-exec-609] org.apache.catalina.core.ApplicationContext.log Manager: list: Listing contexts for virtual host 'localhost'
